running egg_info
creating ../../build/arduinoboot_py_examples/arduinoboot_py_examples.egg-info
writing ../../build/arduinoboot_py_examples/arduinoboot_py_examples.egg-info/PKG-INFO
writing dependency_links to ../../build/arduinoboot_py_examples/arduinoboot_py_examples.egg-info/dependency_links.txt
writing requirements to ../../build/arduinoboot_py_examples/arduinoboot_py_examples.egg-info/requires.txt
writing top-level names to ../../build/arduinoboot_py_examples/arduinoboot_py_examples.egg-info/top_level.txt
writing manifest file '../../build/arduinoboot_py_examples/arduinoboot_py_examples.egg-info/SOURCES.txt'
reading manifest file '../../build/arduinoboot_py_examples/arduinoboot_py_examples.egg-info/SOURCES.txt'
writing manifest file '../../build/arduinoboot_py_examples/arduinoboot_py_examples.egg-info/SOURCES.txt'
running build
running build_py
creating /home/anjali/arduinoboot_ws/build/arduinoboot_py_examples/build
creating /home/anjali/arduinoboot_ws/build/arduinoboot_py_examples/build/lib
creating /home/anjali/arduinoboot_ws/build/arduinoboot_py_examples/build/lib/arduinoboot_py_examples
copying arduinoboot_py_examples/__init__.py -> /home/anjali/arduinoboot_ws/build/arduinoboot_py_examples/build/lib/arduinoboot_py_examples
running install
running install_lib
creating /home/anjali/arduinoboot_ws/install/arduinoboot_py_examples/lib/python3.10/site-packages/arduinoboot_py_examples
copying /home/anjali/arduinoboot_ws/build/arduinoboot_py_examples/build/lib/arduinoboot_py_examples/__init__.py -> /home/anjali/arduinoboot_ws/install/arduinoboot_py_examples/lib/python3.10/site-packages/arduinoboot_py_examples
byte-compiling /home/anjali/arduinoboot_ws/install/arduinoboot_py_examples/lib/python3.10/site-packages/arduinoboot_py_examples/__init__.py to __init__.cpython-310.pyc
running install_data
creating /home/anjali/arduinoboot_ws/install/arduinoboot_py_examples/share/ament_index
creating /home/anjali/arduinoboot_ws/install/arduinoboot_py_examples/share/ament_index/resource_index
creating /home/anjali/arduinoboot_ws/install/arduinoboot_py_examples/share/ament_index/resource_index/packages
copying resource/arduinoboot_py_examples -> /home/anjali/arduinoboot_ws/install/arduinoboot_py_examples/share/ament_index/resource_index/packages
copying package.xml -> /home/anjali/arduinoboot_ws/install/arduinoboot_py_examples/share/arduinoboot_py_examples
running install_egg_info
Copying ../../build/arduinoboot_py_examples/arduinoboot_py_examples.egg-info to /home/anjali/arduinoboot_ws/install/arduinoboot_py_examples/lib/python3.10/site-packages/arduinoboot_py_examples-0.0.0-py3.10.egg-info
running install_scripts
writing list of installed files to '/home/anjali/arduinoboot_ws/build/arduinoboot_py_examples/install.log'
