[0.242s] Invoking command in '/home/anjali/arduinoboot_ws/build/arduniobot_bringup': CMAKE_PREFIX_PATH=${CMAKE_PREFIX_PATH}:/home/anjali/arduinoboot_ws/install/arduinoboot_py_examples:/opt/ros/humble /usr/bin/cmake /home/anjali/arduinoboot_ws/src/arduniobot_bringup -DCMAKE_INSTALL_PREFIX=/home/anjali/arduinoboot_ws/install/arduniobot_bringup
[0.292s] -- The C compiler identification is GNU 11.4.0
[0.365s] -- The CXX compiler identification is GNU 11.4.0
[0.374s] -- Detecting C compiler ABI info
[0.443s] -- Detecting C compiler ABI info - done
[0.452s] -- Check for working C compiler: /usr/bin/cc - skipped
[0.452s] -- Detecting C compile features
[0.452s] -- Detecting C compile features - done
[0.457s] -- Detecting CXX compiler ABI info
[0.562s] -- Detecting CXX compiler ABI info - done
[0.570s] -- Check for working CXX compiler: /usr/bin/c++ - skipped
[0.570s] -- Detecting CXX compile features
[0.571s] -- Detecting CXX compile features - done
[0.573s] -- Found ament_cmake: 1.3.9 (/opt/ros/humble/share/ament_cmake/cmake)
[1.471s] -- Found Python3: /usr/bin/python3 (found version "3.10.12") found components: Interpreter 
[1.632s] -- Configuring done
[1.635s] -- Generating done
[1.636s] -- Build files have been written to: /home/anjali/arduinoboot_ws/build/arduniobot_bringup
[1.641s] Invoked command in '/home/anjali/arduinoboot_ws/build/arduniobot_bringup' returned '0': CMAKE_PREFIX_PATH=${CMAKE_PREFIX_PATH}:/home/anjali/arduinoboot_ws/install/arduinoboot_py_examples:/opt/ros/humble /usr/bin/cmake /home/anjali/arduinoboot_ws/src/arduniobot_bringup -DCMAKE_INSTALL_PREFIX=/home/anjali/arduinoboot_ws/install/arduniobot_bringup
[1.644s] Invoking command in '/home/anjali/arduinoboot_ws/build/arduniobot_bringup': CMAKE_PREFIX_PATH=${CMAKE_PREFIX_PATH}:/home/anjali/arduinoboot_ws/install/arduinoboot_py_examples:/opt/ros/humble /usr/bin/cmake --build /home/anjali/arduinoboot_ws/build/arduniobot_bringup -- -j16 -l16
[1.679s] Invoked command in '/home/anjali/arduinoboot_ws/build/arduniobot_bringup' returned '0': CMAKE_PREFIX_PATH=${CMAKE_PREFIX_PATH}:/home/anjali/arduinoboot_ws/install/arduinoboot_py_examples:/opt/ros/humble /usr/bin/cmake --build /home/anjali/arduinoboot_ws/build/arduniobot_bringup -- -j16 -l16
[1.696s] Invoking command in '/home/anjali/arduinoboot_ws/build/arduniobot_bringup': CMAKE_PREFIX_PATH=${CMAKE_PREFIX_PATH}:/home/anjali/arduinoboot_ws/install/arduinoboot_py_examples:/opt/ros/humble /usr/bin/cmake --install /home/anjali/arduinoboot_ws/build/arduniobot_bringup
[1.701s] -- Install configuration: ""
[1.702s] -- Installing: /home/anjali/arduinoboot_ws/install/arduniobot_bringup/share/arduniobot_bringup/launch
[1.702s] -- Installing: /home/anjali/arduinoboot_ws/install/arduniobot_bringup/share/arduniobot_bringup/launch/simulated_robot.launch.py
[1.702s] -- Installing: /home/anjali/arduinoboot_ws/install/arduniobot_bringup/share/ament_index/resource_index/package_run_dependencies/arduniobot_bringup
[1.702s] -- Installing: /home/anjali/arduinoboot_ws/install/arduniobot_bringup/share/ament_index/resource_index/parent_prefix_path/arduniobot_bringup
[1.702s] -- Installing: /home/anjali/arduinoboot_ws/install/arduniobot_bringup/share/arduniobot_bringup/environment/ament_prefix_path.sh
[1.702s] -- Installing: /home/anjali/arduinoboot_ws/install/arduniobot_bringup/share/arduniobot_bringup/environment/ament_prefix_path.dsv
[1.702s] -- Installing: /home/anjali/arduinoboot_ws/install/arduniobot_bringup/share/arduniobot_bringup/environment/path.sh
[1.703s] -- Installing: /home/anjali/arduinoboot_ws/install/arduniobot_bringup/share/arduniobot_bringup/environment/path.dsv
[1.703s] -- Installing: /home/anjali/arduinoboot_ws/install/arduniobot_bringup/share/arduniobot_bringup/local_setup.bash
[1.703s] -- Installing: /home/anjali/arduinoboot_ws/install/arduniobot_bringup/share/arduniobot_bringup/local_setup.sh
[1.703s] -- Installing: /home/anjali/arduinoboot_ws/install/arduniobot_bringup/share/arduniobot_bringup/local_setup.zsh
[1.703s] -- Installing: /home/anjali/arduinoboot_ws/install/arduniobot_bringup/share/arduniobot_bringup/local_setup.dsv
[1.703s] -- Installing: /home/anjali/arduinoboot_ws/install/arduniobot_bringup/share/arduniobot_bringup/package.dsv
[1.703s] -- Installing: /home/anjali/arduinoboot_ws/install/arduniobot_bringup/share/ament_index/resource_index/packages/arduniobot_bringup
[1.703s] -- Installing: /home/anjali/arduinoboot_ws/install/arduniobot_bringup/share/arduniobot_bringup/cmake/arduniobot_bringupConfig.cmake
[1.703s] -- Installing: /home/anjali/arduinoboot_ws/install/arduniobot_bringup/share/arduniobot_bringup/cmake/arduniobot_bringupConfig-version.cmake
[1.703s] -- Installing: /home/anjali/arduinoboot_ws/install/arduniobot_bringup/share/arduniobot_bringup/package.xml
[1.705s] Invoked command in '/home/anjali/arduinoboot_ws/build/arduniobot_bringup' returned '0': CMAKE_PREFIX_PATH=${CMAKE_PREFIX_PATH}:/home/anjali/arduinoboot_ws/install/arduinoboot_py_examples:/opt/ros/humble /usr/bin/cmake --install /home/anjali/arduinoboot_ws/build/arduniobot_bringup
