[0.206s] Invoking command in '/home/nextup/ros2_ws2/src/build/executors_cpp': CMAKE_PREFIX_PATH=${CMAKE_PREFIX_PATH}:/home/nextup/ros2_ws2/install/actions_py:/home/nextup/ros2_ws2/install/lifecycle_py:/home/nextup/ros2_ws2/install/executors_py:/home/nextup/ros2_ws2/src/install/actions_py:/home/nextup/ros2_ws2/src/install/lifecycle_py:/home/nextup/ros2_ws2/src/install/executors_py:/opt/ros/humble /usr/bin/cmake --build /home/nextup/ros2_ws2/src/build/executors_cpp -- -j16 -l16
[0.248s] [35m[1mConsolidate compiler generated dependencies of target single_threaded_executor[0m
[0.252s] [35m[1mConsolidate compiler generated dependencies of target multi_threaded_executor[0m
[0.262s] [ 50%] Built target single_threaded_executor
[0.269s] [100%] Built target multi_threaded_executor
[0.391s] Invoked command in '/home/nextup/ros2_ws2/src/build/executors_cpp' returned '0': CMAKE_PREFIX_PATH=${CMAKE_PREFIX_PATH}:/home/nextup/ros2_ws2/install/actions_py:/home/nextup/ros2_ws2/install/lifecycle_py:/home/nextup/ros2_ws2/install/executors_py:/home/nextup/ros2_ws2/src/install/actions_py:/home/nextup/ros2_ws2/src/install/lifecycle_py:/home/nextup/ros2_ws2/src/install/executors_py:/opt/ros/humble /usr/bin/cmake --build /home/nextup/ros2_ws2/src/build/executors_cpp -- -j16 -l16
[0.423s] Invoking command in '/home/nextup/ros2_ws2/src/build/executors_cpp': CMAKE_PREFIX_PATH=${CMAKE_PREFIX_PATH}:/home/nextup/ros2_ws2/install/actions_py:/home/nextup/ros2_ws2/install/lifecycle_py:/home/nextup/ros2_ws2/install/executors_py:/home/nextup/ros2_ws2/src/install/actions_py:/home/nextup/ros2_ws2/src/install/lifecycle_py:/home/nextup/ros2_ws2/src/install/executors_py:/opt/ros/humble /usr/bin/cmake --install /home/nextup/ros2_ws2/src/build/executors_cpp
[0.434s] -- Install configuration: ""
[0.434s] -- Up-to-date: /home/nextup/ros2_ws2/src/install/executors_cpp/lib/executors_cpp/single_threaded_executor
[0.435s] -- Up-to-date: /home/nextup/ros2_ws2/src/install/executors_cpp/lib/executors_cpp/multi_threaded_executor
[0.435s] -- Up-to-date: /home/nextup/ros2_ws2/src/install/executors_cpp/share/ament_index/resource_index/package_run_dependencies/executors_cpp
[0.435s] -- Up-to-date: /home/nextup/ros2_ws2/src/install/executors_cpp/share/ament_index/resource_index/parent_prefix_path/executors_cpp
[0.436s] -- Up-to-date: /home/nextup/ros2_ws2/src/install/executors_cpp/share/executors_cpp/environment/ament_prefix_path.sh
[0.436s] -- Up-to-date: /home/nextup/ros2_ws2/src/install/executors_cpp/share/executors_cpp/environment/ament_prefix_path.dsv
[0.436s] -- Up-to-date: /home/nextup/ros2_ws2/src/install/executors_cpp/share/executors_cpp/environment/path.sh
[0.436s] -- Up-to-date: /home/nextup/ros2_ws2/src/install/executors_cpp/share/executors_cpp/environment/path.dsv
[0.437s] -- Up-to-date: /home/nextup/ros2_ws2/src/install/executors_cpp/share/executors_cpp/local_setup.bash
[0.437s] -- Up-to-date: /home/nextup/ros2_ws2/src/install/executors_cpp/share/executors_cpp/local_setup.sh
[0.437s] -- Up-to-date: /home/nextup/ros2_ws2/src/install/executors_cpp/share/executors_cpp/local_setup.zsh
[0.437s] -- Up-to-date: /home/nextup/ros2_ws2/src/install/executors_cpp/share/executors_cpp/local_setup.dsv
[0.437s] -- Installing: /home/nextup/ros2_ws2/src/install/executors_cpp/share/executors_cpp/package.dsv
[0.437s] -- Up-to-date: /home/nextup/ros2_ws2/src/install/executors_cpp/share/ament_index/resource_index/packages/executors_cpp
[0.437s] -- Up-to-date: /home/nextup/ros2_ws2/src/install/executors_cpp/share/executors_cpp/cmake/executors_cppConfig.cmake
[0.438s] -- Up-to-date: /home/nextup/ros2_ws2/src/install/executors_cpp/share/executors_cpp/cmake/executors_cppConfig-version.cmake
[0.438s] -- Up-to-date: /home/nextup/ros2_ws2/src/install/executors_cpp/share/executors_cpp/package.xml
[0.467s] Invoked command in '/home/nextup/ros2_ws2/src/build/executors_cpp' returned '0': CMAKE_PREFIX_PATH=${CMAKE_PREFIX_PATH}:/home/nextup/ros2_ws2/install/actions_py:/home/nextup/ros2_ws2/install/lifecycle_py:/home/nextup/ros2_ws2/install/executors_py:/home/nextup/ros2_ws2/src/install/actions_py:/home/nextup/ros2_ws2/src/install/lifecycle_py:/home/nextup/ros2_ws2/src/install/executors_py:/opt/ros/humble /usr/bin/cmake --install /home/nextup/ros2_ws2/src/build/executors_cpp
