[0.401s] Invoking command in '/home/nextup/ros2_ws/src/my_py_pkg': PYTHONPATH=/home/nextup/ros2_ws/build/my_py_pkg/prefix_override:/home/nextup/ros2_ws/install/my_py_pkg/lib/python3.10/site-packages:${PYTHONPATH} /usr/bin/python3 -W ignore:setup.py install is deprecated setup.py egg_info --egg-base ../../build/my_py_pkg build --build-base /home/nextup/ros2_ws/build/my_py_pkg/build install --record /home/nextup/ros2_ws/build/my_py_pkg/install.log --single-version-externally-managed install_data
[0.557s] running egg_info
[0.557s] creating ../../build/my_py_pkg/my_py_pkg.egg-info
[0.558s] writing ../../build/my_py_pkg/my_py_pkg.egg-info/PKG-INFO
[0.558s] writing dependency_links to ../../build/my_py_pkg/my_py_pkg.egg-info/dependency_links.txt
[0.558s] writing entry points to ../../build/my_py_pkg/my_py_pkg.egg-info/entry_points.txt
[0.558s] writing requirements to ../../build/my_py_pkg/my_py_pkg.egg-info/requires.txt
[0.558s] writing top-level names to ../../build/my_py_pkg/my_py_pkg.egg-info/top_level.txt
[0.558s] writing manifest file '../../build/my_py_pkg/my_py_pkg.egg-info/SOURCES.txt'
[0.560s] reading manifest file '../../build/my_py_pkg/my_py_pkg.egg-info/SOURCES.txt'
[0.560s] writing manifest file '../../build/my_py_pkg/my_py_pkg.egg-info/SOURCES.txt'
[0.560s] running build
[0.560s] running build_py
[0.560s] creating /home/nextup/ros2_ws/build/my_py_pkg/build
[0.560s] creating /home/nextup/ros2_ws/build/my_py_pkg/build/lib
[0.561s] creating /home/nextup/ros2_ws/build/my_py_pkg/build/lib/my_py_pkg
[0.561s] copying my_py_pkg/ledpanel.py -> /home/nextup/ros2_ws/build/my_py_pkg/build/lib/my_py_pkg
[0.562s] copying my_py_pkg/turtle_controller.py -> /home/nextup/ros2_ws/build/my_py_pkg/build/lib/my_py_pkg
[0.562s] copying my_py_pkg/robot_news_station.py -> /home/nextup/ros2_ws/build/my_py_pkg/build/lib/my_py_pkg
[0.562s] copying my_py_pkg/add_two_ints_client.py -> /home/nextup/ros2_ws/build/my_py_pkg/build/lib/my_py_pkg
[0.563s] copying my_py_pkg/smartphone.py -> /home/nextup/ros2_ws/build/my_py_pkg/build/lib/my_py_pkg
[0.563s] copying my_py_pkg/__init__.py -> /home/nextup/ros2_ws/build/my_py_pkg/build/lib/my_py_pkg
[0.563s] copying my_py_pkg/number_publisher.py -> /home/nextup/ros2_ws/build/my_py_pkg/build/lib/my_py_pkg
[0.563s] copying my_py_pkg/add_two_ints_server.py -> /home/nextup/ros2_ws/build/my_py_pkg/build/lib/my_py_pkg
[0.563s] copying my_py_pkg/my_first_node.py -> /home/nextup/ros2_ws/build/my_py_pkg/build/lib/my_py_pkg
[0.564s] copying my_py_pkg/add_two_ints_client_no_oop.py -> /home/nextup/ros2_ws/build/my_py_pkg/build/lib/my_py_pkg
[0.564s] copying my_py_pkg/turtle_spawner.py -> /home/nextup/ros2_ws/build/my_py_pkg/build/lib/my_py_pkg
[0.564s] running install
[0.565s] running install_lib
[0.565s] creating /home/nextup/ros2_ws/install/my_py_pkg/lib/python3.10/site-packages/my_py_pkg
[0.565s] copying /home/nextup/ros2_ws/build/my_py_pkg/build/lib/my_py_pkg/ledpanel.py -> /home/nextup/ros2_ws/install/my_py_pkg/lib/python3.10/site-packages/my_py_pkg
[0.566s] copying /home/nextup/ros2_ws/build/my_py_pkg/build/lib/my_py_pkg/turtle_controller.py -> /home/nextup/ros2_ws/install/my_py_pkg/lib/python3.10/site-packages/my_py_pkg
[0.566s] copying /home/nextup/ros2_ws/build/my_py_pkg/build/lib/my_py_pkg/robot_news_station.py -> /home/nextup/ros2_ws/install/my_py_pkg/lib/python3.10/site-packages/my_py_pkg
[0.566s] copying /home/nextup/ros2_ws/build/my_py_pkg/build/lib/my_py_pkg/add_two_ints_client.py -> /home/nextup/ros2_ws/install/my_py_pkg/lib/python3.10/site-packages/my_py_pkg
[0.566s] copying /home/nextup/ros2_ws/build/my_py_pkg/build/lib/my_py_pkg/smartphone.py -> /home/nextup/ros2_ws/install/my_py_pkg/lib/python3.10/site-packages/my_py_pkg
[0.566s] copying /home/nextup/ros2_ws/build/my_py_pkg/build/lib/my_py_pkg/__init__.py -> /home/nextup/ros2_ws/install/my_py_pkg/lib/python3.10/site-packages/my_py_pkg
[0.566s] copying /home/nextup/ros2_ws/build/my_py_pkg/build/lib/my_py_pkg/number_publisher.py -> /home/nextup/ros2_ws/install/my_py_pkg/lib/python3.10/site-packages/my_py_pkg
[0.566s] copying /home/nextup/ros2_ws/build/my_py_pkg/build/lib/my_py_pkg/add_two_ints_server.py -> /home/nextup/ros2_ws/install/my_py_pkg/lib/python3.10/site-packages/my_py_pkg
[0.566s] copying /home/nextup/ros2_ws/build/my_py_pkg/build/lib/my_py_pkg/my_first_node.py -> /home/nextup/ros2_ws/install/my_py_pkg/lib/python3.10/site-packages/my_py_pkg
[0.566s] copying /home/nextup/ros2_ws/build/my_py_pkg/build/lib/my_py_pkg/add_two_ints_client_no_oop.py -> /home/nextup/ros2_ws/install/my_py_pkg/lib/python3.10/site-packages/my_py_pkg
[0.566s] copying /home/nextup/ros2_ws/build/my_py_pkg/build/lib/my_py_pkg/turtle_spawner.py -> /home/nextup/ros2_ws/install/my_py_pkg/lib/python3.10/site-packages/my_py_pkg
[0.566s] byte-compiling /home/nextup/ros2_ws/install/my_py_pkg/lib/python3.10/site-packages/my_py_pkg/ledpanel.py to ledpanel.cpython-310.pyc
[0.567s] byte-compiling /home/nextup/ros2_ws/install/my_py_pkg/lib/python3.10/site-packages/my_py_pkg/turtle_controller.py to turtle_controller.cpython-310.pyc
[0.570s] byte-compiling /home/nextup/ros2_ws/install/my_py_pkg/lib/python3.10/site-packages/my_py_pkg/robot_news_station.py to robot_news_station.cpython-310.pyc
[0.570s] byte-compiling /home/nextup/ros2_ws/install/my_py_pkg/lib/python3.10/site-packages/my_py_pkg/add_two_ints_client.py to add_two_ints_client.cpython-310.pyc
[0.570s] byte-compiling /home/nextup/ros2_ws/install/my_py_pkg/lib/python3.10/site-packages/my_py_pkg/smartphone.py to smartphone.cpython-310.pyc
[0.570s] byte-compiling /home/nextup/ros2_ws/install/my_py_pkg/lib/python3.10/site-packages/my_py_pkg/__init__.py to __init__.cpython-310.pyc
[0.570s] byte-compiling /home/nextup/ros2_ws/install/my_py_pkg/lib/python3.10/site-packages/my_py_pkg/number_publisher.py to number_publisher.cpython-310.pyc
[0.570s] byte-compiling /home/nextup/ros2_ws/install/my_py_pkg/lib/python3.10/site-packages/my_py_pkg/add_two_ints_server.py to add_two_ints_server.cpython-310.pyc
[0.570s] byte-compiling /home/nextup/ros2_ws/install/my_py_pkg/lib/python3.10/site-packages/my_py_pkg/my_first_node.py to my_first_node.cpython-310.pyc
[0.570s] byte-compiling /home/nextup/ros2_ws/install/my_py_pkg/lib/python3.10/site-packages/my_py_pkg/add_two_ints_client_no_oop.py to add_two_ints_client_no_oop.cpython-310.pyc
[0.571s] byte-compiling /home/nextup/ros2_ws/install/my_py_pkg/lib/python3.10/site-packages/my_py_pkg/turtle_spawner.py to turtle_spawner.cpython-310.pyc
[0.571s] running install_data
[0.571s] creating /home/nextup/ros2_ws/install/my_py_pkg/share/ament_index
[0.571s] creating /home/nextup/ros2_ws/install/my_py_pkg/share/ament_index/resource_index
[0.571s] creating /home/nextup/ros2_ws/install/my_py_pkg/share/ament_index/resource_index/packages
[0.571s] copying resource/my_py_pkg -> /home/nextup/ros2_ws/install/my_py_pkg/share/ament_index/resource_index/packages
[0.571s] copying package.xml -> /home/nextup/ros2_ws/install/my_py_pkg/share/my_py_pkg
[0.571s] running install_egg_info
[0.571s] Copying ../../build/my_py_pkg/my_py_pkg.egg-info to /home/nextup/ros2_ws/install/my_py_pkg/lib/python3.10/site-packages/my_py_pkg-0.0.0-py3.10.egg-info
[0.571s] running install_scripts
[0.586s] Installing add_two_ints_client_no_oop script to /home/nextup/ros2_ws/install/my_py_pkg/lib/my_py_pkg
[0.586s] Installing add_two_ints_server script to /home/nextup/ros2_ws/install/my_py_pkg/lib/my_py_pkg
[0.586s] Installing ledpanel script to /home/nextup/ros2_ws/install/my_py_pkg/lib/my_py_pkg
[0.587s] Installing number_app= my_robot_bringup.number_app:mainturtle_controller= my_py_pkg.turtle_controller:mainturtle_spawner script to /home/nextup/ros2_ws/install/my_py_pkg/lib/my_py_pkg
[0.587s] Installing py_node script to /home/nextup/ros2_ws/install/my_py_pkg/lib/my_py_pkg
[0.587s] Installing robot_news_station script to /home/nextup/ros2_ws/install/my_py_pkg/lib/my_py_pkg
[0.587s] Installing smartphone script to /home/nextup/ros2_ws/install/my_py_pkg/lib/my_py_pkg
[0.587s] writing list of installed files to '/home/nextup/ros2_ws/build/my_py_pkg/install.log'
