[0.247s] Invoking command in '/home/anjali/arduinoboot_ws/src/build/arduniobot_movelt': CMAKE_PREFIX_PATH=${CMAKE_PREFIX_PATH}:/home/anjali/arduinoboot_ws/install/arduinoboot_py_examples:/opt/ros/humble /usr/bin/cmake /home/anjali/arduinoboot_ws/src/arduniobot_movelt -DCMAKE_INSTALL_PREFIX=/home/anjali/arduinoboot_ws/src/install/arduniobot_movelt
[0.299s] -- The C compiler identification is GNU 11.4.0
[0.347s] -- The CXX compiler identification is GNU 11.4.0
[0.354s] -- Detecting C compiler ABI info
[0.408s] -- Detecting C compiler ABI info - done
[0.416s] -- Check for working C compiler: /usr/bin/cc - skipped
[0.416s] -- Detecting C compile features
[0.417s] -- Detecting C compile features - done
[0.420s] -- Detecting CXX compiler ABI info
[0.489s] -- Detecting CXX compiler ABI info - done
[0.497s] -- Check for working CXX compiler: /usr/bin/c++ - skipped
[0.497s] -- Detecting CXX compile features
[0.498s] -- Detecting CXX compile features - done
[0.501s] -- Found ament_cmake: 1.3.9 (/opt/ros/humble/share/ament_cmake/cmake)
[1.076s] -- Found Python3: /usr/bin/python3 (found version "3.10.12") found components: Interpreter 
[1.240s] -- Configuring done
[1.242s] -- Generating done
[1.243s] -- Build files have been written to: /home/anjali/arduinoboot_ws/src/build/arduniobot_movelt
[1.253s] Invoked command in '/home/anjali/arduinoboot_ws/src/build/arduniobot_movelt' returned '0': CMAKE_PREFIX_PATH=${CMAKE_PREFIX_PATH}:/home/anjali/arduinoboot_ws/install/arduinoboot_py_examples:/opt/ros/humble /usr/bin/cmake /home/anjali/arduinoboot_ws/src/arduniobot_movelt -DCMAKE_INSTALL_PREFIX=/home/anjali/arduinoboot_ws/src/install/arduniobot_movelt
[1.254s] Invoking command in '/home/anjali/arduinoboot_ws/src/build/arduniobot_movelt': CMAKE_PREFIX_PATH=${CMAKE_PREFIX_PATH}:/home/anjali/arduinoboot_ws/install/arduinoboot_py_examples:/opt/ros/humble /usr/bin/cmake --build /home/anjali/arduinoboot_ws/src/build/arduniobot_movelt -- -j16 -l16
[1.288s] Invoked command in '/home/anjali/arduinoboot_ws/src/build/arduniobot_movelt' returned '0': CMAKE_PREFIX_PATH=${CMAKE_PREFIX_PATH}:/home/anjali/arduinoboot_ws/install/arduinoboot_py_examples:/opt/ros/humble /usr/bin/cmake --build /home/anjali/arduinoboot_ws/src/build/arduniobot_movelt -- -j16 -l16
[1.313s] Invoking command in '/home/anjali/arduinoboot_ws/src/build/arduniobot_movelt': CMAKE_PREFIX_PATH=${CMAKE_PREFIX_PATH}:/home/anjali/arduinoboot_ws/install/arduinoboot_py_examples:/opt/ros/humble /usr/bin/cmake --install /home/anjali/arduinoboot_ws/src/build/arduniobot_movelt
[1.320s] -- Install configuration: ""
[1.320s] -- Installing: /home/anjali/arduinoboot_ws/src/install/arduniobot_movelt/share/arduniobot_movelt/launch
[1.320s] -- Installing: /home/anjali/arduinoboot_ws/src/install/arduniobot_movelt/share/arduniobot_movelt/launch/moveit.launch.py
[1.320s] -- Installing: /home/anjali/arduinoboot_ws/src/install/arduniobot_movelt/share/arduniobot_movelt/config
[1.320s] -- Installing: /home/anjali/arduinoboot_ws/src/install/arduniobot_movelt/share/arduniobot_movelt/config/kinematic.yaml
[1.320s] -- Installing: /home/anjali/arduinoboot_ws/src/install/arduniobot_movelt/share/arduniobot_movelt/config/initial_positions.yaml
[1.320s] -- Installing: /home/anjali/arduinoboot_ws/src/install/arduniobot_movelt/share/arduniobot_movelt/config/joint_limits.yaml
[1.320s] -- Installing: /home/anjali/arduinoboot_ws/src/install/arduniobot_movelt/share/arduniobot_movelt/config/moveit_controller.yaml
[1.320s] -- Installing: /home/anjali/arduinoboot_ws/src/install/arduniobot_movelt/share/arduniobot_movelt/config/arduniobot_movelt
[1.321s] -- Installing: /home/anjali/arduinoboot_ws/src/install/arduniobot_movelt/share/arduniobot_movelt/config/pliz_cartesian_limits.yaml
[1.321s] -- Installing: /home/anjali/arduinoboot_ws/src/install/arduniobot_movelt/share/arduniobot_movelt/config/arduniobot.srdf
[1.321s] -- Installing: /home/anjali/arduinoboot_ws/src/install/arduniobot_movelt/share/ament_index/resource_index/package_run_dependencies/arduniobot_movelt
[1.321s] -- Installing: /home/anjali/arduinoboot_ws/src/install/arduniobot_movelt/share/ament_index/resource_index/parent_prefix_path/arduniobot_movelt
[1.321s] -- Installing: /home/anjali/arduinoboot_ws/src/install/arduniobot_movelt/share/arduniobot_movelt/environment/ament_prefix_path.sh
[1.321s] -- Installing: /home/anjali/arduinoboot_ws/src/install/arduniobot_movelt/share/arduniobot_movelt/environment/ament_prefix_path.dsv
[1.321s] -- Installing: /home/anjali/arduinoboot_ws/src/install/arduniobot_movelt/share/arduniobot_movelt/environment/path.sh
[1.321s] -- Installing: /home/anjali/arduinoboot_ws/src/install/arduniobot_movelt/share/arduniobot_movelt/environment/path.dsv
[1.321s] -- Installing: /home/anjali/arduinoboot_ws/src/install/arduniobot_movelt/share/arduniobot_movelt/local_setup.bash
[1.321s] -- Installing: /home/anjali/arduinoboot_ws/src/install/arduniobot_movelt/share/arduniobot_movelt/local_setup.sh
[1.322s] -- Installing: /home/anjali/arduinoboot_ws/src/install/arduniobot_movelt/share/arduniobot_movelt/local_setup.zsh
[1.322s] -- Installing: /home/anjali/arduinoboot_ws/src/install/arduniobot_movelt/share/arduniobot_movelt/local_setup.dsv
[1.322s] -- Installing: /home/anjali/arduinoboot_ws/src/install/arduniobot_movelt/share/arduniobot_movelt/package.dsv
[1.322s] -- Installing: /home/anjali/arduinoboot_ws/src/install/arduniobot_movelt/share/ament_index/resource_index/packages/arduniobot_movelt
[1.322s] -- Installing: /home/anjali/arduinoboot_ws/src/install/arduniobot_movelt/share/arduniobot_movelt/cmake/ament_cmake_export_dependencies-extras.cmake
[1.322s] -- Installing: /home/anjali/arduinoboot_ws/src/install/arduniobot_movelt/share/arduniobot_movelt/cmake/arduniobot_moveltConfig.cmake
[1.322s] -- Installing: /home/anjali/arduinoboot_ws/src/install/arduniobot_movelt/share/arduniobot_movelt/cmake/arduniobot_moveltConfig-version.cmake
[1.322s] -- Installing: /home/anjali/arduinoboot_ws/src/install/arduniobot_movelt/share/arduniobot_movelt/package.xml
[1.324s] Invoked command in '/home/anjali/arduinoboot_ws/src/build/arduniobot_movelt' returned '0': CMAKE_PREFIX_PATH=${CMAKE_PREFIX_PATH}:/home/anjali/arduinoboot_ws/install/arduinoboot_py_examples:/opt/ros/humble /usr/bin/cmake --install /home/anjali/arduinoboot_ws/src/build/arduniobot_movelt
