[0.058s] DEBUG:colcon:Command line arguments: ['/usr/bin/colcon', 'build']
[0.058s] DEBUG:colcon:Parsed command line arguments: Namespace(log_base=None, log_level=None, verb_name='build', build_base='build', install_base='install', merge_install=False, symlink_install=False, test_result_base=None, continue_on_error=False, executor='parallel', parallel_workers=16, event_handlers=None, ignore_user_meta=False, metas=['./colcon.meta'], base_paths=['.'], packages_ignore=None, packages_ignore_regex=None, paths=None, packages_up_to=None, packages_up_to_regex=None, packages_above=None, packages_above_and_dependencies=None, packages_above_depth=None, packages_select_by_dep=None, packages_skip_by_dep=None, packages_skip_up_to=None, packages_select_build_failed=False, packages_skip_build_finished=False, packages_select_test_failures=False, packages_skip_test_passed=False, packages_select=None, packages_skip=None, packages_select_regex=None, packages_skip_regex=None, packages_start=None, packages_end=None, allow_overriding=[], cmake_args=None, cmake_target=None, cmake_target_skip_unavailable=False, cmake_clean_cache=False, cmake_clean_first=False, cmake_force_configure=False, ament_cmake_args=None, catkin_cmake_args=None, catkin_skip_building_tests=False, verb_parser=<colcon_defaults.argument_parser.defaults.DefaultArgumentsDecorator object at 0x774b0d91bb50>, verb_extension=<colcon_core.verb.build.BuildVerb object at 0x774b0d91b580>, main=<bound method BuildVerb.main of <colcon_core.verb.build.BuildVerb object at 0x774b0d91b580>>)
[0.150s] Level 1:colcon.colcon_core.package_discovery:discover_packages(colcon_meta) check parameters
[0.150s] Level 1:colcon.colcon_core.package_discovery:discover_packages(recursive) check parameters
[0.150s] Level 1:colcon.colcon_core.package_discovery:discover_packages(ignore) check parameters
[0.150s] Level 1:colcon.colcon_core.package_discovery:discover_packages(path) check parameters
[0.150s] Level 1:colcon.colcon_core.package_discovery:discover_packages(colcon_meta) discover
[0.150s] Level 1:colcon.colcon_core.package_discovery:discover_packages(recursive) discover
[0.150s] INFO:colcon.colcon_core.package_discovery:Crawling recursively for packages in '/home/nextup/ros2_ws1/src'
[0.150s] Level 1:colcon.colcon_core.package_identification:_identify(.) by extensions ['ignore', 'ignore_ament_install']
[0.150s] Level 1:colcon.colcon_core.package_identification:_identify(.) by extension 'ignore'
[0.150s] Level 1:colcon.colcon_core.package_identification:_identify(.) by extension 'ignore_ament_install'
[0.150s] Level 1:colcon.colcon_core.package_identification:_identify(.) by extensions ['colcon_pkg']
[0.150s] Level 1:colcon.colcon_core.package_identification:_identify(.) by extension 'colcon_pkg'
[0.150s] Level 1:colcon.colcon_core.package_identification:_identify(.) by extensions ['colcon_meta']
[0.150s] Level 1:colcon.colcon_core.package_identification:_identify(.) by extension 'colcon_meta'
[0.150s] Level 1:colcon.colcon_core.package_identification:_identify(.) by extensions ['ros']
[0.150s] Level 1:colcon.colcon_core.package_identification:_identify(.) by extension 'ros'
[0.157s] Level 1:colcon.colcon_core.package_identification:_identify(.) by extensions ['cmake', 'python']
[0.157s] Level 1:colcon.colcon_core.package_identification:_identify(.) by extension 'cmake'
[0.157s] Level 1:colcon.colcon_core.package_identification:_identify(.) by extension 'python'
[0.157s] Level 1:colcon.colcon_core.package_identification:_identify(.) by extensions ['python_setup_py']
[0.157s] Level 1:colcon.colcon_core.package_identification:_identify(.) by extension 'python_setup_py'
[0.157s] Level 1:colcon.colcon_core.package_identification:_identify(build) by extensions ['ignore', 'ignore_ament_install']
[0.157s] Level 1:colcon.colcon_core.package_identification:_identify(build) by extension 'ignore'
[0.157s] Level 1:colcon.colcon_core.package_identification:_identify(build) ignored
[0.157s] Level 1:colcon.colcon_core.package_identification:_identify(install) by extensions ['ignore', 'ignore_ament_install']
[0.157s] Level 1:colcon.colcon_core.package_identification:_identify(install) by extension 'ignore'
[0.157s] Level 1:colcon.colcon_core.package_identification:_identify(install) ignored
[0.157s] Level 1:colcon.colcon_core.package_identification:_identify(log) by extensions ['ignore', 'ignore_ament_install']
[0.157s] Level 1:colcon.colcon_core.package_identification:_identify(log) by extension 'ignore'
[0.157s] Level 1:colcon.colcon_core.package_identification:_identify(log) ignored
[0.157s] Level 1:colcon.colcon_core.package_identification:_identify(my_robot_bringup) by extensions ['ignore', 'ignore_ament_install']
[0.157s] Level 1:colcon.colcon_core.package_identification:_identify(my_robot_bringup) by extension 'ignore'
[0.157s] Level 1:colcon.colcon_core.package_identification:_identify(my_robot_bringup) by extension 'ignore_ament_install'
[0.157s] Level 1:colcon.colcon_core.package_identification:_identify(my_robot_bringup) by extensions ['colcon_pkg']
[0.157s] Level 1:colcon.colcon_core.package_identification:_identify(my_robot_bringup) by extension 'colcon_pkg'
[0.157s] Level 1:colcon.colcon_core.package_identification:_identify(my_robot_bringup) by extensions ['colcon_meta']
[0.157s] Level 1:colcon.colcon_core.package_identification:_identify(my_robot_bringup) by extension 'colcon_meta'
[0.157s] Level 1:colcon.colcon_core.package_identification:_identify(my_robot_bringup) by extensions ['ros']
[0.157s] Level 1:colcon.colcon_core.package_identification:_identify(my_robot_bringup) by extension 'ros'
[0.159s] DEBUG:colcon.colcon_core.package_identification:Package 'my_robot_bringup' with type 'ros.ament_cmake' and name 'my_robot_bringup'
[0.159s] Level 1:colcon.colcon_core.package_identification:_identify(my_robot_description) by extensions ['ignore', 'ignore_ament_install']
[0.159s] Level 1:colcon.colcon_core.package_identification:_identify(my_robot_description) by extension 'ignore'
[0.159s] Level 1:colcon.colcon_core.package_identification:_identify(my_robot_description) by extension 'ignore_ament_install'
[0.159s] Level 1:colcon.colcon_core.package_identification:_identify(my_robot_description) by extensions ['colcon_pkg']
[0.159s] Level 1:colcon.colcon_core.package_identification:_identify(my_robot_description) by extension 'colcon_pkg'
[0.159s] Level 1:colcon.colcon_core.package_identification:_identify(my_robot_description) by extensions ['colcon_meta']
[0.159s] Level 1:colcon.colcon_core.package_identification:_identify(my_robot_description) by extension 'colcon_meta'
[0.159s] Level 1:colcon.colcon_core.package_identification:_identify(my_robot_description) by extensions ['ros']
[0.159s] Level 1:colcon.colcon_core.package_identification:_identify(my_robot_description) by extension 'ros'
[0.159s] DEBUG:colcon.colcon_core.package_identification:Package 'my_robot_description' with type 'ros.ament_cmake' and name 'my_robot_description'
[0.159s] Level 1:colcon.colcon_core.package_discovery:discover_packages(recursive) using defaults
[0.160s] Level 1:colcon.colcon_core.package_discovery:discover_packages(ignore) discover
[0.160s] Level 1:colcon.colcon_core.package_discovery:discover_packages(ignore) using defaults
[0.160s] Level 1:colcon.colcon_core.package_discovery:discover_packages(path) discover
[0.160s] Level 1:colcon.colcon_core.package_discovery:discover_packages(path) using defaults
[0.180s] Level 1:colcon.colcon_core.package_discovery:discover_packages(prefix_path) check parameters
[0.180s] Level 1:colcon.colcon_core.package_discovery:discover_packages(prefix_path) discover
[0.181s] DEBUG:colcon.colcon_installed_package_information.package_discovery:Found 2 installed packages in /home/nextup/ros2_ws/install
[0.181s] DEBUG:colcon.colcon_installed_package_information.package_discovery:Found 2 installed packages in /home/nextup/ros2_ws1/install
[0.182s] DEBUG:colcon.colcon_installed_package_information.package_discovery:Found 278 installed packages in /opt/ros/humble
[0.182s] Level 1:colcon.colcon_core.package_discovery:discover_packages(prefix_path) using defaults
[0.202s] Level 5:colcon.colcon_core.verb:set package 'my_robot_description' build argument 'cmake_args' from command line to 'None'
[0.202s] Level 5:colcon.colcon_core.verb:set package 'my_robot_description' build argument 'cmake_target' from command line to 'None'
[0.202s] Level 5:colcon.colcon_core.verb:set package 'my_robot_description' build argument 'cmake_target_skip_unavailable' from command line to 'False'
[0.202s] Level 5:colcon.colcon_core.verb:set package 'my_robot_description' build argument 'cmake_clean_cache' from command line to 'False'
[0.202s] Level 5:colcon.colcon_core.verb:set package 'my_robot_description' build argument 'cmake_clean_first' from command line to 'False'
[0.202s] Level 5:colcon.colcon_core.verb:set package 'my_robot_description' build argument 'cmake_force_configure' from command line to 'False'
[0.202s] Level 5:colcon.colcon_core.verb:set package 'my_robot_description' build argument 'ament_cmake_args' from command line to 'None'
[0.202s] Level 5:colcon.colcon_core.verb:set package 'my_robot_description' build argument 'catkin_cmake_args' from command line to 'None'
[0.202s] Level 5:colcon.colcon_core.verb:set package 'my_robot_description' build argument 'catkin_skip_building_tests' from command line to 'False'
[0.202s] DEBUG:colcon.colcon_core.verb:Building package 'my_robot_description' with the following arguments: {'ament_cmake_args': None, 'build_base': '/home/nextup/ros2_ws1/src/build/my_robot_description', 'catkin_cmake_args': None, 'catkin_skip_building_tests': False, 'cmake_args': None, 'cmake_clean_cache': False, 'cmake_clean_first': False, 'cmake_force_configure': False, 'cmake_target': None, 'cmake_target_skip_unavailable': False, 'install_base': '/home/nextup/ros2_ws1/src/install/my_robot_description', 'merge_install': False, 'path': '/home/nextup/ros2_ws1/src/my_robot_description', 'symlink_install': False, 'test_result_base': None}
[0.202s] Level 5:colcon.colcon_core.verb:set package 'my_robot_bringup' build argument 'cmake_args' from command line to 'None'
[0.202s] Level 5:colcon.colcon_core.verb:set package 'my_robot_bringup' build argument 'cmake_target' from command line to 'None'
[0.202s] Level 5:colcon.colcon_core.verb:set package 'my_robot_bringup' build argument 'cmake_target_skip_unavailable' from command line to 'False'
[0.202s] Level 5:colcon.colcon_core.verb:set package 'my_robot_bringup' build argument 'cmake_clean_cache' from command line to 'False'
[0.202s] Level 5:colcon.colcon_core.verb:set package 'my_robot_bringup' build argument 'cmake_clean_first' from command line to 'False'
[0.202s] Level 5:colcon.colcon_core.verb:set package 'my_robot_bringup' build argument 'cmake_force_configure' from command line to 'False'
[0.202s] Level 5:colcon.colcon_core.verb:set package 'my_robot_bringup' build argument 'ament_cmake_args' from command line to 'None'
[0.202s] Level 5:colcon.colcon_core.verb:set package 'my_robot_bringup' build argument 'catkin_cmake_args' from command line to 'None'
[0.202s] Level 5:colcon.colcon_core.verb:set package 'my_robot_bringup' build argument 'catkin_skip_building_tests' from command line to 'False'
[0.202s] DEBUG:colcon.colcon_core.verb:Building package 'my_robot_bringup' with the following arguments: {'ament_cmake_args': None, 'build_base': '/home/nextup/ros2_ws1/src/build/my_robot_bringup', 'catkin_cmake_args': None, 'catkin_skip_building_tests': False, 'cmake_args': None, 'cmake_clean_cache': False, 'cmake_clean_first': False, 'cmake_force_configure': False, 'cmake_target': None, 'cmake_target_skip_unavailable': False, 'install_base': '/home/nextup/ros2_ws1/src/install/my_robot_bringup', 'merge_install': False, 'path': '/home/nextup/ros2_ws1/src/my_robot_bringup', 'symlink_install': False, 'test_result_base': None}
[0.202s] INFO:colcon.colcon_core.executor:Executing jobs using 'parallel' executor
[0.203s] DEBUG:colcon.colcon_parallel_executor.executor.parallel:run_until_complete
[0.203s] INFO:colcon.colcon_ros.task.ament_cmake.build:Building ROS package in '/home/nextup/ros2_ws1/src/my_robot_description' with build type 'ament_cmake'
[0.203s] INFO:colcon.colcon_cmake.task.cmake.build:Building CMake package in '/home/nextup/ros2_ws1/src/my_robot_description'
[0.204s] INFO:colcon.colcon_core.plugin_system:Skipping extension 'colcon_core.shell.bat': Not used on non-Windows systems
[0.205s] INFO:colcon.colcon_core.shell:Skip shell extension 'powershell' for command environment: Not usable outside of PowerShell
[0.205s] DEBUG:colcon.colcon_core.shell:Skip shell extension 'dsv' for command environment
[0.210s] DEBUG:colcon.colcon_core.event_handler.log_command:Invoking command in '/home/nextup/ros2_ws1/src/build/my_robot_description': CMAKE_PREFIX_PATH=${CMAKE_PREFIX_PATH}:/opt/ros/humble /usr/bin/cmake --build /home/nextup/ros2_ws1/src/build/my_robot_description -- -j16 -l16
[0.236s] DEBUG:colcon.colcon_core.event_handler.log_command:Invoked command in '/home/nextup/ros2_ws1/src/build/my_robot_description' returned '0': CMAKE_PREFIX_PATH=${CMAKE_PREFIX_PATH}:/opt/ros/humble /usr/bin/cmake --build /home/nextup/ros2_ws1/src/build/my_robot_description -- -j16 -l16
[0.256s] DEBUG:colcon.colcon_core.event_handler.log_command:Invoking command in '/home/nextup/ros2_ws1/src/build/my_robot_description': CMAKE_PREFIX_PATH=${CMAKE_PREFIX_PATH}:/opt/ros/humble /usr/bin/cmake --install /home/nextup/ros2_ws1/src/build/my_robot_description
[0.262s] Level 1:colcon.colcon_core.environment:create_environment_scripts_only(my_robot_description)
[0.263s] DEBUG:colcon.colcon_core.event_handler.log_command:Invoked command in '/home/nextup/ros2_ws1/src/build/my_robot_description' returned '0': CMAKE_PREFIX_PATH=${CMAKE_PREFIX_PATH}:/opt/ros/humble /usr/bin/cmake --install /home/nextup/ros2_ws1/src/build/my_robot_description
[0.264s] Level 1:colcon.colcon_core.environment:checking '/home/nextup/ros2_ws1/src/install/my_robot_description' for CMake module files
[0.265s] Level 1:colcon.colcon_core.environment:checking '/home/nextup/ros2_ws1/src/install/my_robot_description' for CMake config files
[0.265s] Level 1:colcon.colcon_core.shell:create_environment_hook('my_robot_description', 'cmake_prefix_path')
[0.265s] INFO:colcon.colcon_core.shell:Creating environment hook '/home/nextup/ros2_ws1/src/install/my_robot_description/share/my_robot_description/hook/cmake_prefix_path.ps1'
[0.265s] INFO:colcon.colcon_core.shell:Creating environment descriptor '/home/nextup/ros2_ws1/src/install/my_robot_description/share/my_robot_description/hook/cmake_prefix_path.dsv'
[0.266s] INFO:colcon.colcon_core.shell:Creating environment hook '/home/nextup/ros2_ws1/src/install/my_robot_description/share/my_robot_description/hook/cmake_prefix_path.sh'
[0.266s] Level 1:colcon.colcon_core.environment:checking '/home/nextup/ros2_ws1/src/install/my_robot_description/bin'
[0.266s] Level 1:colcon.colcon_core.environment:checking '/home/nextup/ros2_ws1/src/install/my_robot_description/lib/pkgconfig/my_robot_description.pc'
[0.266s] Level 1:colcon.colcon_core.environment:checking '/home/nextup/ros2_ws1/src/install/my_robot_description/lib/python3.10/site-packages'
[0.266s] Level 1:colcon.colcon_core.environment:checking '/home/nextup/ros2_ws1/src/install/my_robot_description/bin'
[0.267s] INFO:colcon.colcon_core.shell:Creating package script '/home/nextup/ros2_ws1/src/install/my_robot_description/share/my_robot_description/package.ps1'
[0.267s] INFO:colcon.colcon_core.shell:Creating package descriptor '/home/nextup/ros2_ws1/src/install/my_robot_description/share/my_robot_description/package.dsv'
[0.267s] INFO:colcon.colcon_core.shell:Creating package script '/home/nextup/ros2_ws1/src/install/my_robot_description/share/my_robot_description/package.sh'
[0.268s] INFO:colcon.colcon_core.shell:Creating package script '/home/nextup/ros2_ws1/src/install/my_robot_description/share/my_robot_description/package.bash'
[0.268s] INFO:colcon.colcon_core.shell:Creating package script '/home/nextup/ros2_ws1/src/install/my_robot_description/share/my_robot_description/package.zsh'
[0.269s] Level 1:colcon.colcon_core.environment:create_file_with_runtime_dependencies(/home/nextup/ros2_ws1/src/install/my_robot_description/share/colcon-core/packages/my_robot_description)
[0.286s] Level 1:colcon.colcon_core.environment:create_environment_scripts_only(my_robot_description)
[0.286s] Level 1:colcon.colcon_core.environment:checking '/home/nextup/ros2_ws1/src/install/my_robot_description' for CMake module files
[0.287s] Level 1:colcon.colcon_core.environment:checking '/home/nextup/ros2_ws1/src/install/my_robot_description' for CMake config files
[0.287s] Level 1:colcon.colcon_core.shell:create_environment_hook('my_robot_description', 'cmake_prefix_path')
[0.287s] INFO:colcon.colcon_core.shell:Creating environment hook '/home/nextup/ros2_ws1/src/install/my_robot_description/share/my_robot_description/hook/cmake_prefix_path.ps1'
[0.287s] INFO:colcon.colcon_core.shell:Creating environment descriptor '/home/nextup/ros2_ws1/src/install/my_robot_description/share/my_robot_description/hook/cmake_prefix_path.dsv'
[0.287s] INFO:colcon.colcon_core.shell:Creating environment hook '/home/nextup/ros2_ws1/src/install/my_robot_description/share/my_robot_description/hook/cmake_prefix_path.sh'
[0.288s] Level 1:colcon.colcon_core.environment:checking '/home/nextup/ros2_ws1/src/install/my_robot_description/bin'
[0.288s] Level 1:colcon.colcon_core.environment:checking '/home/nextup/ros2_ws1/src/install/my_robot_description/lib/pkgconfig/my_robot_description.pc'
[0.288s] Level 1:colcon.colcon_core.environment:checking '/home/nextup/ros2_ws1/src/install/my_robot_description/lib/python3.10/site-packages'
[0.288s] Level 1:colcon.colcon_core.environment:checking '/home/nextup/ros2_ws1/src/install/my_robot_description/bin'
[0.289s] INFO:colcon.colcon_core.shell:Creating package script '/home/nextup/ros2_ws1/src/install/my_robot_description/share/my_robot_description/package.ps1'
[0.289s] INFO:colcon.colcon_core.shell:Creating package descriptor '/home/nextup/ros2_ws1/src/install/my_robot_description/share/my_robot_description/package.dsv'
[0.289s] INFO:colcon.colcon_core.shell:Creating package script '/home/nextup/ros2_ws1/src/install/my_robot_description/share/my_robot_description/package.sh'
[0.290s] INFO:colcon.colcon_core.shell:Creating package script '/home/nextup/ros2_ws1/src/install/my_robot_description/share/my_robot_description/package.bash'
[0.290s] INFO:colcon.colcon_core.shell:Creating package script '/home/nextup/ros2_ws1/src/install/my_robot_description/share/my_robot_description/package.zsh'
[0.290s] Level 1:colcon.colcon_core.environment:create_file_with_runtime_dependencies(/home/nextup/ros2_ws1/src/install/my_robot_description/share/colcon-core/packages/my_robot_description)
[0.290s] INFO:colcon.colcon_ros.task.ament_cmake.build:Building ROS package in '/home/nextup/ros2_ws1/src/my_robot_bringup' with build type 'ament_cmake'
[0.291s] INFO:colcon.colcon_cmake.task.cmake.build:Building CMake package in '/home/nextup/ros2_ws1/src/my_robot_bringup'
[0.291s] INFO:colcon.colcon_core.shell:Skip shell extension 'powershell' for command environment: Not usable outside of PowerShell
[0.291s] DEBUG:colcon.colcon_core.shell:Skip shell extension 'dsv' for command environment
[0.298s] DEBUG:colcon.colcon_core.event_handler.log_command:Invoking command in '/home/nextup/ros2_ws1/src/build/my_robot_bringup': AMENT_PREFIX_PATH=/home/nextup/ros2_ws1/src/install/my_robot_description:${AMENT_PREFIX_PATH} CMAKE_PREFIX_PATH=/home/nextup/ros2_ws1/src/install/my_robot_description:/home/nextup/ros2_ws1/install/my_robot_bringup:/home/nextup/ros2_ws1/install/my_robot_description:/opt/ros/humble /usr/bin/cmake --build /home/nextup/ros2_ws1/src/build/my_robot_bringup -- -j16 -l16
[0.321s] DEBUG:colcon.colcon_core.event_handler.log_command:Invoked command in '/home/nextup/ros2_ws1/src/build/my_robot_bringup' returned '0': AMENT_PREFIX_PATH=/home/nextup/ros2_ws1/src/install/my_robot_description:${AMENT_PREFIX_PATH} CMAKE_PREFIX_PATH=/home/nextup/ros2_ws1/src/install/my_robot_description:/home/nextup/ros2_ws1/install/my_robot_bringup:/home/nextup/ros2_ws1/install/my_robot_description:/opt/ros/humble /usr/bin/cmake --build /home/nextup/ros2_ws1/src/build/my_robot_bringup -- -j16 -l16
[0.335s] DEBUG:colcon.colcon_core.event_handler.log_command:Invoking command in '/home/nextup/ros2_ws1/src/build/my_robot_bringup': AMENT_PREFIX_PATH=/home/nextup/ros2_ws1/src/install/my_robot_description:${AMENT_PREFIX_PATH} CMAKE_PREFIX_PATH=/home/nextup/ros2_ws1/src/install/my_robot_description:/home/nextup/ros2_ws1/install/my_robot_bringup:/home/nextup/ros2_ws1/install/my_robot_description:/opt/ros/humble /usr/bin/cmake --install /home/nextup/ros2_ws1/src/build/my_robot_bringup
[0.341s] Level 1:colcon.colcon_core.environment:create_environment_scripts_only(my_robot_bringup)
[0.342s] Level 1:colcon.colcon_core.environment:checking '/home/nextup/ros2_ws1/src/install/my_robot_bringup' for CMake module files
[0.342s] DEBUG:colcon.colcon_core.event_handler.log_command:Invoked command in '/home/nextup/ros2_ws1/src/build/my_robot_bringup' returned '0': AMENT_PREFIX_PATH=/home/nextup/ros2_ws1/src/install/my_robot_description:${AMENT_PREFIX_PATH} CMAKE_PREFIX_PATH=/home/nextup/ros2_ws1/src/install/my_robot_description:/home/nextup/ros2_ws1/install/my_robot_bringup:/home/nextup/ros2_ws1/install/my_robot_description:/opt/ros/humble /usr/bin/cmake --install /home/nextup/ros2_ws1/src/build/my_robot_bringup
[0.342s] Level 1:colcon.colcon_core.environment:checking '/home/nextup/ros2_ws1/src/install/my_robot_bringup' for CMake config files
[0.342s] Level 1:colcon.colcon_core.shell:create_environment_hook('my_robot_bringup', 'cmake_prefix_path')
[0.342s] INFO:colcon.colcon_core.shell:Creating environment hook '/home/nextup/ros2_ws1/src/install/my_robot_bringup/share/my_robot_bringup/hook/cmake_prefix_path.ps1'
[0.343s] INFO:colcon.colcon_core.shell:Creating environment descriptor '/home/nextup/ros2_ws1/src/install/my_robot_bringup/share/my_robot_bringup/hook/cmake_prefix_path.dsv'
[0.343s] INFO:colcon.colcon_core.shell:Creating environment hook '/home/nextup/ros2_ws1/src/install/my_robot_bringup/share/my_robot_bringup/hook/cmake_prefix_path.sh'
[0.343s] Level 1:colcon.colcon_core.environment:checking '/home/nextup/ros2_ws1/src/install/my_robot_bringup/bin'
[0.344s] Level 1:colcon.colcon_core.environment:checking '/home/nextup/ros2_ws1/src/install/my_robot_bringup/lib/pkgconfig/my_robot_bringup.pc'
[0.344s] Level 1:colcon.colcon_core.environment:checking '/home/nextup/ros2_ws1/src/install/my_robot_bringup/lib/python3.10/site-packages'
[0.344s] Level 1:colcon.colcon_core.environment:checking '/home/nextup/ros2_ws1/src/install/my_robot_bringup/bin'
[0.344s] INFO:colcon.colcon_core.shell:Creating package script '/home/nextup/ros2_ws1/src/install/my_robot_bringup/share/my_robot_bringup/package.ps1'
[0.344s] INFO:colcon.colcon_core.shell:Creating package descriptor '/home/nextup/ros2_ws1/src/install/my_robot_bringup/share/my_robot_bringup/package.dsv'
[0.345s] INFO:colcon.colcon_core.shell:Creating package script '/home/nextup/ros2_ws1/src/install/my_robot_bringup/share/my_robot_bringup/package.sh'
[0.345s] INFO:colcon.colcon_core.shell:Creating package script '/home/nextup/ros2_ws1/src/install/my_robot_bringup/share/my_robot_bringup/package.bash'
[0.345s] INFO:colcon.colcon_core.shell:Creating package script '/home/nextup/ros2_ws1/src/install/my_robot_bringup/share/my_robot_bringup/package.zsh'
[0.345s] Level 1:colcon.colcon_core.environment:create_file_with_runtime_dependencies(/home/nextup/ros2_ws1/src/install/my_robot_bringup/share/colcon-core/packages/my_robot_bringup)
[0.358s] Level 1:colcon.colcon_core.environment:create_environment_scripts_only(my_robot_bringup)
[0.358s] Level 1:colcon.colcon_core.environment:checking '/home/nextup/ros2_ws1/src/install/my_robot_bringup' for CMake module files
[0.359s] Level 1:colcon.colcon_core.environment:checking '/home/nextup/ros2_ws1/src/install/my_robot_bringup' for CMake config files
[0.359s] Level 1:colcon.colcon_core.shell:create_environment_hook('my_robot_bringup', 'cmake_prefix_path')
[0.359s] INFO:colcon.colcon_core.shell:Creating environment hook '/home/nextup/ros2_ws1/src/install/my_robot_bringup/share/my_robot_bringup/hook/cmake_prefix_path.ps1'
[0.359s] INFO:colcon.colcon_core.shell:Creating environment descriptor '/home/nextup/ros2_ws1/src/install/my_robot_bringup/share/my_robot_bringup/hook/cmake_prefix_path.dsv'
[0.359s] INFO:colcon.colcon_core.shell:Creating environment hook '/home/nextup/ros2_ws1/src/install/my_robot_bringup/share/my_robot_bringup/hook/cmake_prefix_path.sh'
[0.360s] Level 1:colcon.colcon_core.environment:checking '/home/nextup/ros2_ws1/src/install/my_robot_bringup/bin'
[0.360s] Level 1:colcon.colcon_core.environment:checking '/home/nextup/ros2_ws1/src/install/my_robot_bringup/lib/pkgconfig/my_robot_bringup.pc'
[0.360s] Level 1:colcon.colcon_core.environment:checking '/home/nextup/ros2_ws1/src/install/my_robot_bringup/lib/python3.10/site-packages'
[0.360s] Level 1:colcon.colcon_core.environment:checking '/home/nextup/ros2_ws1/src/install/my_robot_bringup/bin'
[0.360s] INFO:colcon.colcon_core.shell:Creating package script '/home/nextup/ros2_ws1/src/install/my_robot_bringup/share/my_robot_bringup/package.ps1'
[0.361s] INFO:colcon.colcon_core.shell:Creating package descriptor '/home/nextup/ros2_ws1/src/install/my_robot_bringup/share/my_robot_bringup/package.dsv'
[0.361s] INFO:colcon.colcon_core.shell:Creating package script '/home/nextup/ros2_ws1/src/install/my_robot_bringup/share/my_robot_bringup/package.sh'
[0.361s] INFO:colcon.colcon_core.shell:Creating package script '/home/nextup/ros2_ws1/src/install/my_robot_bringup/share/my_robot_bringup/package.bash'
[0.361s] INFO:colcon.colcon_core.shell:Creating package script '/home/nextup/ros2_ws1/src/install/my_robot_bringup/share/my_robot_bringup/package.zsh'
[0.361s] Level 1:colcon.colcon_core.environment:create_file_with_runtime_dependencies(/home/nextup/ros2_ws1/src/install/my_robot_bringup/share/colcon-core/packages/my_robot_bringup)
[0.362s] DEBUG:colcon.colcon_parallel_executor.executor.parallel:closing loop
[0.362s] DEBUG:colcon.colcon_parallel_executor.executor.parallel:loop closed
[0.362s] DEBUG:colcon.colcon_parallel_executor.executor.parallel:run_until_complete finished with '0'
[0.362s] DEBUG:colcon.colcon_core.event_reactor:joining thread
[0.366s] INFO:colcon.colcon_core.plugin_system:Skipping extension 'colcon_notification.desktop_notification.terminal_notifier': Not used on non-Darwin systems
[0.366s] INFO:colcon.colcon_core.plugin_system:Skipping extension 'colcon_notification.desktop_notification.win32': Not used on non-Windows systems
[0.366s] INFO:colcon.colcon_notification.desktop_notification:Sending desktop notification using 'notify2'
[0.376s] DEBUG:colcon.colcon_core.event_reactor:joined thread
[0.376s] INFO:colcon.colcon_core.shell:Creating prefix script '/home/nextup/ros2_ws1/src/install/local_setup.ps1'
[0.377s] INFO:colcon.colcon_core.shell:Creating prefix util module '/home/nextup/ros2_ws1/src/install/_local_setup_util_ps1.py'
[0.378s] INFO:colcon.colcon_core.shell:Creating prefix chain script '/home/nextup/ros2_ws1/src/install/setup.ps1'
[0.379s] INFO:colcon.colcon_core.shell:Creating prefix script '/home/nextup/ros2_ws1/src/install/local_setup.sh'
[0.380s] INFO:colcon.colcon_core.shell:Creating prefix util module '/home/nextup/ros2_ws1/src/install/_local_setup_util_sh.py'
[0.380s] INFO:colcon.colcon_core.shell:Creating prefix chain script '/home/nextup/ros2_ws1/src/install/setup.sh'
[0.381s] INFO:colcon.colcon_core.shell:Creating prefix script '/home/nextup/ros2_ws1/src/install/local_setup.bash'
[0.381s] INFO:colcon.colcon_core.shell:Creating prefix chain script '/home/nextup/ros2_ws1/src/install/setup.bash'
[0.381s] INFO:colcon.colcon_core.shell:Creating prefix script '/home/nextup/ros2_ws1/src/install/local_setup.zsh'
[0.382s] INFO:colcon.colcon_core.shell:Creating prefix chain script '/home/nextup/ros2_ws1/src/install/setup.zsh'
