[0.010s] Invoking command in '/home/nextup/ros2_ws/build/turtle_catch': CMAKE_PREFIX_PATH=${CMAKE_PREFIX_PATH}:/opt/ros/humble /usr/bin/cmake /home/nextup/ros2_ws/src/turtle_catch -DCMAKE_INSTALL_PREFIX=/home/nextup/ros2_ws/install/turtle_catch
[0.069s] -- The C compiler identification is GNU 11.4.0
[0.117s] -- The CXX compiler identification is GNU 11.4.0
[0.123s] -- Detecting C compiler ABI info
[0.177s] -- Detecting C compiler ABI info - done
[0.182s] -- Check for working C compiler: /usr/bin/cc - skipped
[0.182s] -- Detecting C compile features
[0.182s] -- Detecting C compile features - done
[0.184s] -- Detecting CXX compiler ABI info
[0.250s] -- Detecting CXX compiler ABI info - done
[0.256s] -- Check for working CXX compiler: /usr/bin/c++ - skipped
[0.256s] -- Detecting CXX compile features
[0.256s] -- Detecting CXX compile features - done
[0.258s] -- Found ament_cmake: 1.3.9 (/opt/ros/humble/share/ament_cmake/cmake)
[0.373s] -- Found Python3: /usr/bin/python3 (found version "3.10.12") found components: Interpreter 
[0.437s] -- Found rclcpp: 16.0.9 (/opt/ros/humble/share/rclcpp/cmake)
[0.479s] -- Found rosidl_generator_c: 3.1.5 (/opt/ros/humble/share/rosidl_generator_c/cmake)
[0.481s] -- Found rosidl_adapter: 3.1.5 (/opt/ros/humble/share/rosidl_adapter/cmake)
[0.489s] -- Found rosidl_generator_cpp: 3.1.5 (/opt/ros/humble/share/rosidl_generator_cpp/cmake)
[0.499s] -- Using all available rosidl_typesupport_c: rosidl_typesupport_fastrtps_c;rosidl_typesupport_introspection_c
[0.515s] -- Using all available rosidl_typesupport_cpp: rosidl_typesupport_fastrtps_cpp;rosidl_typesupport_introspection_cpp
[0.598s] -- Found rmw_implementation_cmake: 6.1.2 (/opt/ros/humble/share/rmw_implementation_cmake/cmake)
[0.608s] -- Found rmw_fastrtps_cpp: 6.2.6 (/opt/ros/humble/share/rmw_fastrtps_cpp/cmake)
[0.715s] -- Found OpenSSL: /usr/lib/x86_64-linux-gnu/libcrypto.so (found version "3.0.2")  
[0.731s] -- Found FastRTPS: /opt/ros/humble/include  
[0.768s] -- Using RMW implementation 'rmw_fastrtps_cpp' as default
[0.778s] -- Looking for pthread.h
[0.850s] -- Looking for pthread.h - found
[0.850s] -- Performing Test CMAKE_HAVE_LIBC_PTHREAD
[0.914s] -- Performing Test CMAKE_HAVE_LIBC_PTHREAD - Success
[0.915s] -- Found Threads: TRUE  
[1.058s] [31mCMake Error at CMakeLists.txt:16 (find_package):
[1.058s]   By not providing "Findmy_robot_interfaces.cmake" in CMAKE_MODULE_PATH this
[1.058s]   project has asked CMake to find a package configuration file provided by
[1.058s]   "my_robot_interfaces", but CMake did not find one.
[1.058s] 
[1.058s]   Could not find a package configuration file provided by
[1.058s]   "my_robot_interfaces" with any of the following names:
[1.058s] 
[1.058s]     my_robot_interfacesConfig.cmake
[1.058s]     my_robot_interfaces-config.cmake
[1.058s] 
[1.058s]   Add the installation prefix of "my_robot_interfaces" to CMAKE_PREFIX_PATH
[1.058s]   or set "my_robot_interfaces_DIR" to a directory containing one of the above
[1.058s]   files.  If "my_robot_interfaces" provides a separate development package or
[1.058s]   SDK, be sure it has been installed.
[1.058s] 
[1.059s] [0m
[1.059s] -- Configuring incomplete, errors occurred!
[1.059s] See also "/home/nextup/ros2_ws/build/turtle_catch/CMakeFiles/CMakeOutput.log".
[1.067s] Invoked command in '/home/nextup/ros2_ws/build/turtle_catch' returned '1': CMAKE_PREFIX_PATH=${CMAKE_PREFIX_PATH}:/opt/ros/humble /usr/bin/cmake /home/nextup/ros2_ws/src/turtle_catch -DCMAKE_INSTALL_PREFIX=/home/nextup/ros2_ws/install/turtle_catch
