[0.061s] DEBUG:colcon:Command line arguments: ['/usr/bin/colcon', 'build', '--packages-select', 'arduniobot_description/']
[0.061s] DEBUG:colcon:Parsed command line arguments: Namespace(log_base=None, log_level=None, verb_name='build', build_base='build', install_base='install', merge_install=False, symlink_install=False, test_result_base=None, continue_on_error=False, executor='parallel', parallel_workers=16, event_handlers=None, ignore_user_meta=False, metas=['./colcon.meta'], base_paths=['.'], packages_ignore=None, packages_ignore_regex=None, paths=None, packages_up_to=None, packages_up_to_regex=None, packages_above=None, packages_above_and_dependencies=None, packages_above_depth=None, packages_select_by_dep=None, packages_skip_by_dep=None, packages_skip_up_to=None, packages_select_build_failed=False, packages_skip_build_finished=False, packages_select_test_failures=False, packages_skip_test_passed=False, packages_select=['arduniobot_description/'], packages_skip=None, packages_select_regex=None, packages_skip_regex=None, packages_start=None, packages_end=None, allow_overriding=[], cmake_args=None, cmake_target=None, cmake_target_skip_unavailable=False, cmake_clean_cache=False, cmake_clean_first=False, cmake_force_configure=False, ament_cmake_args=None, catkin_cmake_args=None, catkin_skip_building_tests=False, mixin_files=None, mixin=None, verb_parser=<colcon_mixin.mixin.mixin_argument.MixinArgumentDecorator object at 0x7ede1e9ce140>, verb_extension=<colcon_core.verb.build.BuildVerb object at 0x7ede1e9cdb40>, main=<bound method BuildVerb.main of <colcon_core.verb.build.BuildVerb object at 0x7ede1e9cdb40>>, mixin_verb=('build',))
[0.179s] Level 1:colcon.colcon_core.package_discovery:discover_packages(colcon_meta) check parameters
[0.180s] Level 1:colcon.colcon_core.package_discovery:discover_packages(recursive) check parameters
[0.180s] Level 1:colcon.colcon_core.package_discovery:discover_packages(ignore) check parameters
[0.180s] Level 1:colcon.colcon_core.package_discovery:discover_packages(path) check parameters
[0.180s] Level 1:colcon.colcon_core.package_discovery:discover_packages(colcon_meta) discover
[0.180s] Level 1:colcon.colcon_core.package_discovery:discover_packages(recursive) discover
[0.180s] INFO:colcon.colcon_core.package_discovery:Crawling recursively for packages in '/home/anjali/arduinoboot_ws/src'
[0.180s] Level 1:colcon.colcon_core.package_identification:_identify(.) by extensions ['ignore', 'ignore_ament_install']
[0.180s] Level 1:colcon.colcon_core.package_identification:_identify(.) by extension 'ignore'
[0.180s] Level 1:colcon.colcon_core.package_identification:_identify(.) by extension 'ignore_ament_install'
[0.180s] Level 1:colcon.colcon_core.package_identification:_identify(.) by extensions ['colcon_pkg']
[0.180s] Level 1:colcon.colcon_core.package_identification:_identify(.) by extension 'colcon_pkg'
[0.180s] Level 1:colcon.colcon_core.package_identification:_identify(.) by extensions ['colcon_meta']
[0.180s] Level 1:colcon.colcon_core.package_identification:_identify(.) by extension 'colcon_meta'
[0.180s] Level 1:colcon.colcon_core.package_identification:_identify(.) by extensions ['ros']
[0.180s] Level 1:colcon.colcon_core.package_identification:_identify(.) by extension 'ros'
[0.188s] Level 1:colcon.colcon_core.package_identification:_identify(.) by extensions ['cmake', 'python']
[0.188s] Level 1:colcon.colcon_core.package_identification:_identify(.) by extension 'cmake'
[0.188s] Level 1:colcon.colcon_core.package_identification:_identify(.) by extension 'python'
[0.188s] Level 1:colcon.colcon_core.package_identification:_identify(.) by extensions ['python_setup_py']
[0.188s] Level 1:colcon.colcon_core.package_identification:_identify(.) by extension 'python_setup_py'
[0.188s] Level 1:colcon.colcon_core.package_identification:_identify(ardniobot_remote) by extensions ['ignore', 'ignore_ament_install']
[0.188s] Level 1:colcon.colcon_core.package_identification:_identify(ardniobot_remote) by extension 'ignore'
[0.188s] Level 1:colcon.colcon_core.package_identification:_identify(ardniobot_remote) by extension 'ignore_ament_install'
[0.188s] Level 1:colcon.colcon_core.package_identification:_identify(ardniobot_remote) by extensions ['colcon_pkg']
[0.188s] Level 1:colcon.colcon_core.package_identification:_identify(ardniobot_remote) by extension 'colcon_pkg'
[0.188s] Level 1:colcon.colcon_core.package_identification:_identify(ardniobot_remote) by extensions ['colcon_meta']
[0.188s] Level 1:colcon.colcon_core.package_identification:_identify(ardniobot_remote) by extension 'colcon_meta'
[0.188s] Level 1:colcon.colcon_core.package_identification:_identify(ardniobot_remote) by extensions ['ros']
[0.188s] Level 1:colcon.colcon_core.package_identification:_identify(ardniobot_remote) by extension 'ros'
[0.190s] DEBUG:colcon.colcon_core.package_identification:Package 'ardniobot_remote' with type 'ros.ament_cmake' and name 'ardniobot_remote'
[0.190s] Level 1:colcon.colcon_core.package_identification:_identify(arduinoboot_py_examples) by extensions ['ignore', 'ignore_ament_install']
[0.190s] Level 1:colcon.colcon_core.package_identification:_identify(arduinoboot_py_examples) by extension 'ignore'
[0.190s] Level 1:colcon.colcon_core.package_identification:_identify(arduinoboot_py_examples) by extension 'ignore_ament_install'
[0.190s] Level 1:colcon.colcon_core.package_identification:_identify(arduinoboot_py_examples) by extensions ['colcon_pkg']
[0.190s] Level 1:colcon.colcon_core.package_identification:_identify(arduinoboot_py_examples) by extension 'colcon_pkg'
[0.190s] Level 1:colcon.colcon_core.package_identification:_identify(arduinoboot_py_examples) by extensions ['colcon_meta']
[0.190s] Level 1:colcon.colcon_core.package_identification:_identify(arduinoboot_py_examples) by extension 'colcon_meta'
[0.190s] Level 1:colcon.colcon_core.package_identification:_identify(arduinoboot_py_examples) by extensions ['ros']
[0.190s] Level 1:colcon.colcon_core.package_identification:_identify(arduinoboot_py_examples) by extension 'ros'
[0.191s] DEBUG:colcon.colcon_core.package_identification:Package 'arduinoboot_py_examples' with type 'ros.ament_python' and name 'arduinoboot_py_examples'
[0.191s] Level 1:colcon.colcon_core.package_identification:_identify(ardunio_cpp_examples) by extensions ['ignore', 'ignore_ament_install']
[0.191s] Level 1:colcon.colcon_core.package_identification:_identify(ardunio_cpp_examples) by extension 'ignore'
[0.191s] Level 1:colcon.colcon_core.package_identification:_identify(ardunio_cpp_examples) by extension 'ignore_ament_install'
[0.191s] Level 1:colcon.colcon_core.package_identification:_identify(ardunio_cpp_examples) by extensions ['colcon_pkg']
[0.191s] Level 1:colcon.colcon_core.package_identification:_identify(ardunio_cpp_examples) by extension 'colcon_pkg'
[0.191s] Level 1:colcon.colcon_core.package_identification:_identify(ardunio_cpp_examples) by extensions ['colcon_meta']
[0.191s] Level 1:colcon.colcon_core.package_identification:_identify(ardunio_cpp_examples) by extension 'colcon_meta'
[0.191s] Level 1:colcon.colcon_core.package_identification:_identify(ardunio_cpp_examples) by extensions ['ros']
[0.191s] Level 1:colcon.colcon_core.package_identification:_identify(ardunio_cpp_examples) by extension 'ros'
[0.192s] DEBUG:colcon.colcon_core.package_identification:Package 'ardunio_cpp_examples' with type 'ros.ament_cmake' and name 'ardunio_cpp_examples'
[0.192s] Level 1:colcon.colcon_core.package_identification:_identify(arduniobot_bringup) by extensions ['ignore', 'ignore_ament_install']
[0.192s] Level 1:colcon.colcon_core.package_identification:_identify(arduniobot_bringup) by extension 'ignore'
[0.192s] Level 1:colcon.colcon_core.package_identification:_identify(arduniobot_bringup) by extension 'ignore_ament_install'
[0.192s] Level 1:colcon.colcon_core.package_identification:_identify(arduniobot_bringup) by extensions ['colcon_pkg']
[0.192s] Level 1:colcon.colcon_core.package_identification:_identify(arduniobot_bringup) by extension 'colcon_pkg'
[0.192s] Level 1:colcon.colcon_core.package_identification:_identify(arduniobot_bringup) by extensions ['colcon_meta']
[0.192s] Level 1:colcon.colcon_core.package_identification:_identify(arduniobot_bringup) by extension 'colcon_meta'
[0.192s] Level 1:colcon.colcon_core.package_identification:_identify(arduniobot_bringup) by extensions ['ros']
[0.192s] Level 1:colcon.colcon_core.package_identification:_identify(arduniobot_bringup) by extension 'ros'
[0.192s] DEBUG:colcon.colcon_core.package_identification:Package 'arduniobot_bringup' with type 'ros.ament_cmake' and name 'arduniobot_bringup'
[0.192s] Level 1:colcon.colcon_core.package_identification:_identify(arduniobot_controller) by extensions ['ignore', 'ignore_ament_install']
[0.192s] Level 1:colcon.colcon_core.package_identification:_identify(arduniobot_controller) by extension 'ignore'
[0.192s] Level 1:colcon.colcon_core.package_identification:_identify(arduniobot_controller) by extension 'ignore_ament_install'
[0.192s] Level 1:colcon.colcon_core.package_identification:_identify(arduniobot_controller) by extensions ['colcon_pkg']
[0.192s] Level 1:colcon.colcon_core.package_identification:_identify(arduniobot_controller) by extension 'colcon_pkg'
[0.192s] Level 1:colcon.colcon_core.package_identification:_identify(arduniobot_controller) by extensions ['colcon_meta']
[0.192s] Level 1:colcon.colcon_core.package_identification:_identify(arduniobot_controller) by extension 'colcon_meta'
[0.192s] Level 1:colcon.colcon_core.package_identification:_identify(arduniobot_controller) by extensions ['ros']
[0.192s] Level 1:colcon.colcon_core.package_identification:_identify(arduniobot_controller) by extension 'ros'
[0.193s] DEBUG:colcon.colcon_core.package_identification:Package 'arduniobot_controller' with type 'ros.ament_cmake' and name 'arduniobot_controller'
[0.193s] Level 1:colcon.colcon_core.package_identification:_identify(arduniobot_description) by extensions ['ignore', 'ignore_ament_install']
[0.193s] Level 1:colcon.colcon_core.package_identification:_identify(arduniobot_description) by extension 'ignore'
[0.193s] Level 1:colcon.colcon_core.package_identification:_identify(arduniobot_description) by extension 'ignore_ament_install'
[0.193s] Level 1:colcon.colcon_core.package_identification:_identify(arduniobot_description) by extensions ['colcon_pkg']
[0.193s] Level 1:colcon.colcon_core.package_identification:_identify(arduniobot_description) by extension 'colcon_pkg'
[0.193s] Level 1:colcon.colcon_core.package_identification:_identify(arduniobot_description) by extensions ['colcon_meta']
[0.193s] Level 1:colcon.colcon_core.package_identification:_identify(arduniobot_description) by extension 'colcon_meta'
[0.193s] Level 1:colcon.colcon_core.package_identification:_identify(arduniobot_description) by extensions ['ros']
[0.193s] Level 1:colcon.colcon_core.package_identification:_identify(arduniobot_description) by extension 'ros'
[0.194s] DEBUG:colcon.colcon_core.package_identification:Package 'arduniobot_description' with type 'ros.ament_cmake' and name 'arduniobot_description'
[0.194s] Level 1:colcon.colcon_core.package_identification:_identify(arduniobot_firmware) by extensions ['ignore', 'ignore_ament_install']
[0.194s] Level 1:colcon.colcon_core.package_identification:_identify(arduniobot_firmware) by extension 'ignore'
[0.194s] Level 1:colcon.colcon_core.package_identification:_identify(arduniobot_firmware) by extension 'ignore_ament_install'
[0.194s] Level 1:colcon.colcon_core.package_identification:_identify(arduniobot_firmware) by extensions ['colcon_pkg']
[0.194s] Level 1:colcon.colcon_core.package_identification:_identify(arduniobot_firmware) by extension 'colcon_pkg'
[0.194s] Level 1:colcon.colcon_core.package_identification:_identify(arduniobot_firmware) by extensions ['colcon_meta']
[0.194s] Level 1:colcon.colcon_core.package_identification:_identify(arduniobot_firmware) by extension 'colcon_meta'
[0.194s] Level 1:colcon.colcon_core.package_identification:_identify(arduniobot_firmware) by extensions ['ros']
[0.194s] Level 1:colcon.colcon_core.package_identification:_identify(arduniobot_firmware) by extension 'ros'
[0.195s] DEBUG:colcon.colcon_core.package_identification:Package 'arduniobot_firmware' with type 'ros.ament_cmake' and name 'arduniobot_firmware'
[0.195s] Level 1:colcon.colcon_core.package_identification:_identify(arduniobot_movelt) by extensions ['ignore', 'ignore_ament_install']
[0.195s] Level 1:colcon.colcon_core.package_identification:_identify(arduniobot_movelt) by extension 'ignore'
[0.195s] Level 1:colcon.colcon_core.package_identification:_identify(arduniobot_movelt) by extension 'ignore_ament_install'
[0.195s] Level 1:colcon.colcon_core.package_identification:_identify(arduniobot_movelt) by extensions ['colcon_pkg']
[0.195s] Level 1:colcon.colcon_core.package_identification:_identify(arduniobot_movelt) by extension 'colcon_pkg'
[0.195s] Level 1:colcon.colcon_core.package_identification:_identify(arduniobot_movelt) by extensions ['colcon_meta']
[0.195s] Level 1:colcon.colcon_core.package_identification:_identify(arduniobot_movelt) by extension 'colcon_meta'
[0.195s] Level 1:colcon.colcon_core.package_identification:_identify(arduniobot_movelt) by extensions ['ros']
[0.195s] Level 1:colcon.colcon_core.package_identification:_identify(arduniobot_movelt) by extension 'ros'
[0.195s] DEBUG:colcon.colcon_core.package_identification:Package 'arduniobot_movelt' with type 'ros.ament_cmake' and name 'arduniobot_movelt'
[0.195s] Level 1:colcon.colcon_core.package_identification:_identify(arduniobot_msgs) by extensions ['ignore', 'ignore_ament_install']
[0.195s] Level 1:colcon.colcon_core.package_identification:_identify(arduniobot_msgs) by extension 'ignore'
[0.195s] Level 1:colcon.colcon_core.package_identification:_identify(arduniobot_msgs) by extension 'ignore_ament_install'
[0.196s] Level 1:colcon.colcon_core.package_identification:_identify(arduniobot_msgs) by extensions ['colcon_pkg']
[0.196s] Level 1:colcon.colcon_core.package_identification:_identify(arduniobot_msgs) by extension 'colcon_pkg'
[0.196s] Level 1:colcon.colcon_core.package_identification:_identify(arduniobot_msgs) by extensions ['colcon_meta']
[0.196s] Level 1:colcon.colcon_core.package_identification:_identify(arduniobot_msgs) by extension 'colcon_meta'
[0.196s] Level 1:colcon.colcon_core.package_identification:_identify(arduniobot_msgs) by extensions ['ros']
[0.196s] Level 1:colcon.colcon_core.package_identification:_identify(arduniobot_msgs) by extension 'ros'
[0.196s] DEBUG:colcon.colcon_core.package_identification:Package 'arduniobot_msgs' with type 'ros.ament_cmake' and name 'arduniobot_msgs'
[0.196s] Level 1:colcon.colcon_core.package_identification:_identify(ardunioboty_utils) by extensions ['ignore', 'ignore_ament_install']
[0.196s] Level 1:colcon.colcon_core.package_identification:_identify(ardunioboty_utils) by extension 'ignore'
[0.196s] Level 1:colcon.colcon_core.package_identification:_identify(ardunioboty_utils) by extension 'ignore_ament_install'
[0.196s] Level 1:colcon.colcon_core.package_identification:_identify(ardunioboty_utils) by extensions ['colcon_pkg']
[0.196s] Level 1:colcon.colcon_core.package_identification:_identify(ardunioboty_utils) by extension 'colcon_pkg'
[0.196s] Level 1:colcon.colcon_core.package_identification:_identify(ardunioboty_utils) by extensions ['colcon_meta']
[0.196s] Level 1:colcon.colcon_core.package_identification:_identify(ardunioboty_utils) by extension 'colcon_meta'
[0.196s] Level 1:colcon.colcon_core.package_identification:_identify(ardunioboty_utils) by extensions ['ros']
[0.196s] Level 1:colcon.colcon_core.package_identification:_identify(ardunioboty_utils) by extension 'ros'
[0.197s] DEBUG:colcon.colcon_core.package_identification:Package 'ardunioboty_utils' with type 'ros.ament_cmake' and name 'ardunioboty_utils'
[0.197s] Level 1:colcon.colcon_core.package_identification:_identify(build) by extensions ['ignore', 'ignore_ament_install']
[0.197s] Level 1:colcon.colcon_core.package_identification:_identify(build) by extension 'ignore'
[0.197s] Level 1:colcon.colcon_core.package_identification:_identify(build) ignored
[0.197s] Level 1:colcon.colcon_core.package_identification:_identify(install) by extensions ['ignore', 'ignore_ament_install']
[0.197s] Level 1:colcon.colcon_core.package_identification:_identify(install) by extension 'ignore'
[0.197s] Level 1:colcon.colcon_core.package_identification:_identify(install) ignored
[0.197s] Level 1:colcon.colcon_core.package_identification:_identify(log) by extensions ['ignore', 'ignore_ament_install']
[0.197s] Level 1:colcon.colcon_core.package_identification:_identify(log) by extension 'ignore'
[0.197s] Level 1:colcon.colcon_core.package_identification:_identify(log) ignored
[0.197s] Level 1:colcon.colcon_core.package_discovery:discover_packages(recursive) using defaults
[0.197s] Level 1:colcon.colcon_core.package_discovery:discover_packages(ignore) discover
[0.197s] Level 1:colcon.colcon_core.package_discovery:discover_packages(ignore) using defaults
[0.197s] Level 1:colcon.colcon_core.package_discovery:discover_packages(path) discover
[0.197s] Level 1:colcon.colcon_core.package_discovery:discover_packages(path) using defaults
[0.197s] WARNING:colcon.colcon_core.package_selection:ignoring unknown package 'arduniobot_description/' in --packages-select
[0.209s] INFO:colcon.colcon_core.package_selection:Skipping not selected package 'arduinoboot_py_examples' in 'arduinoboot_py_examples'
[0.210s] INFO:colcon.colcon_core.package_selection:Skipping not selected package 'ardunio_cpp_examples' in 'ardunio_cpp_examples'
[0.210s] INFO:colcon.colcon_core.package_selection:Skipping not selected package 'arduniobot_bringup' in 'arduniobot_bringup'
[0.210s] INFO:colcon.colcon_core.package_selection:Skipping not selected package 'arduniobot_controller' in 'arduniobot_controller'
[0.210s] INFO:colcon.colcon_core.package_selection:Skipping not selected package 'arduniobot_description' in 'arduniobot_description'
[0.210s] INFO:colcon.colcon_core.package_selection:Skipping not selected package 'arduniobot_firmware' in 'arduniobot_firmware'
[0.210s] INFO:colcon.colcon_core.package_selection:Skipping not selected package 'arduniobot_movelt' in 'arduniobot_movelt'
[0.210s] INFO:colcon.colcon_core.package_selection:Skipping not selected package 'arduniobot_msgs' in 'arduniobot_msgs'
[0.210s] INFO:colcon.colcon_core.package_selection:Skipping not selected package 'ardniobot_remote' in 'ardniobot_remote'
[0.210s] INFO:colcon.colcon_core.package_selection:Skipping not selected package 'ardunioboty_utils' in 'ardunioboty_utils'
[0.210s] Level 1:colcon.colcon_core.package_discovery:discover_packages(prefix_path) check parameters
[0.210s] Level 1:colcon.colcon_core.package_discovery:discover_packages(prefix_path) discover
[0.212s] DEBUG:colcon.colcon_installed_package_information.package_discovery:Found 347 installed packages in /opt/ros/humble
[0.213s] Level 1:colcon.colcon_core.package_discovery:discover_packages(prefix_path) using defaults
[0.235s] INFO:colcon.colcon_core.executor:Executing jobs using 'parallel' executor
[0.236s] DEBUG:colcon.colcon_parallel_executor.executor.parallel:run_until_complete
[0.236s] DEBUG:colcon.colcon_parallel_executor.executor.parallel:closing loop
[0.237s] DEBUG:colcon.colcon_parallel_executor.executor.parallel:loop closed
[0.237s] DEBUG:colcon.colcon_parallel_executor.executor.parallel:run_until_complete finished with '0'
[0.237s] DEBUG:colcon.colcon_core.event_reactor:joining thread
[0.240s] INFO:colcon.colcon_core.plugin_system:Skipping extension 'colcon_notification.desktop_notification.terminal_notifier': Not used on non-Darwin systems
[0.240s] INFO:colcon.colcon_core.plugin_system:Skipping extension 'colcon_notification.desktop_notification.win32': Not used on non-Windows systems
[0.240s] INFO:colcon.colcon_notification.desktop_notification:Sending desktop notification using 'notify2'
[0.249s] DEBUG:colcon.colcon_core.event_reactor:joined thread
[0.251s] INFO:colcon.colcon_core.plugin_system:Skipping extension 'colcon_core.shell.bat': Not used on non-Windows systems
[0.251s] INFO:colcon.colcon_core.shell:Creating prefix script '/home/anjali/arduinoboot_ws/src/install/local_setup.ps1'
[0.251s] INFO:colcon.colcon_core.shell:Creating prefix util module '/home/anjali/arduinoboot_ws/src/install/_local_setup_util_ps1.py'
[0.252s] INFO:colcon.colcon_core.shell:Creating prefix chain script '/home/anjali/arduinoboot_ws/src/install/setup.ps1'
[0.253s] INFO:colcon.colcon_core.shell:Creating prefix script '/home/anjali/arduinoboot_ws/src/install/local_setup.sh'
[0.253s] INFO:colcon.colcon_core.shell:Creating prefix util module '/home/anjali/arduinoboot_ws/src/install/_local_setup_util_sh.py'
[0.253s] INFO:colcon.colcon_core.shell:Creating prefix chain script '/home/anjali/arduinoboot_ws/src/install/setup.sh'
[0.254s] INFO:colcon.colcon_core.shell:Creating prefix script '/home/anjali/arduinoboot_ws/src/install/local_setup.bash'
[0.254s] INFO:colcon.colcon_core.shell:Creating prefix chain script '/home/anjali/arduinoboot_ws/src/install/setup.bash'
[0.254s] INFO:colcon.colcon_core.shell:Creating prefix script '/home/anjali/arduinoboot_ws/src/install/local_setup.zsh'
[0.254s] INFO:colcon.colcon_core.shell:Creating prefix chain script '/home/anjali/arduinoboot_ws/src/install/setup.zsh'
