[0.058s] DEBUG:colcon:Command line arguments: ['/usr/bin/colcon', 'build', '--packages-select', 'my_cpp_pkg', 'turtle_catch']
[0.058s] DEBUG:colcon:Parsed command line arguments: Namespace(log_base=None, log_level=None, verb_name='build', build_base='build', install_base='install', merge_install=False, symlink_install=False, test_result_base=None, continue_on_error=False, executor='parallel', parallel_workers=16, event_handlers=None, ignore_user_meta=False, metas=['./colcon.meta'], base_paths=['.'], packages_ignore=None, packages_ignore_regex=None, paths=None, packages_up_to=None, packages_up_to_regex=None, packages_above=None, packages_above_and_dependencies=None, packages_above_depth=None, packages_select_by_dep=None, packages_skip_by_dep=None, packages_skip_up_to=None, packages_select_build_failed=False, packages_skip_build_finished=False, packages_select_test_failures=False, packages_skip_test_passed=False, packages_select=['my_cpp_pkg', 'turtle_catch'], packages_skip=None, packages_select_regex=None, packages_skip_regex=None, packages_start=None, packages_end=None, allow_overriding=[], cmake_args=None, cmake_target=None, cmake_target_skip_unavailable=False, cmake_clean_cache=False, cmake_clean_first=False, cmake_force_configure=False, ament_cmake_args=None, catkin_cmake_args=None, catkin_skip_building_tests=False, verb_parser=<colcon_defaults.argument_parser.defaults.DefaultArgumentsDecorator object at 0x719b766c0100>, verb_extension=<colcon_core.verb.build.BuildVerb object at 0x719b76687af0>, main=<bound method BuildVerb.main of <colcon_core.verb.build.BuildVerb object at 0x719b76687af0>>)
[0.150s] Level 1:colcon.colcon_core.package_discovery:discover_packages(colcon_meta) check parameters
[0.150s] Level 1:colcon.colcon_core.package_discovery:discover_packages(recursive) check parameters
[0.150s] Level 1:colcon.colcon_core.package_discovery:discover_packages(ignore) check parameters
[0.150s] Level 1:colcon.colcon_core.package_discovery:discover_packages(path) check parameters
[0.150s] Level 1:colcon.colcon_core.package_discovery:discover_packages(colcon_meta) discover
[0.150s] Level 1:colcon.colcon_core.package_discovery:discover_packages(recursive) discover
[0.150s] INFO:colcon.colcon_core.package_discovery:Crawling recursively for packages in '/home/nextup/ros2_ws/src'
[0.151s] Level 1:colcon.colcon_core.package_identification:_identify(.) by extensions ['ignore', 'ignore_ament_install']
[0.151s] Level 1:colcon.colcon_core.package_identification:_identify(.) by extension 'ignore'
[0.151s] Level 1:colcon.colcon_core.package_identification:_identify(.) by extension 'ignore_ament_install'
[0.151s] Level 1:colcon.colcon_core.package_identification:_identify(.) by extensions ['colcon_pkg']
[0.151s] Level 1:colcon.colcon_core.package_identification:_identify(.) by extension 'colcon_pkg'
[0.151s] Level 1:colcon.colcon_core.package_identification:_identify(.) by extensions ['colcon_meta']
[0.151s] Level 1:colcon.colcon_core.package_identification:_identify(.) by extension 'colcon_meta'
[0.151s] Level 1:colcon.colcon_core.package_identification:_identify(.) by extensions ['ros']
[0.151s] Level 1:colcon.colcon_core.package_identification:_identify(.) by extension 'ros'
[0.157s] Level 1:colcon.colcon_core.package_identification:_identify(.) by extensions ['cmake', 'python']
[0.158s] Level 1:colcon.colcon_core.package_identification:_identify(.) by extension 'cmake'
[0.158s] Level 1:colcon.colcon_core.package_identification:_identify(.) by extension 'python'
[0.158s] Level 1:colcon.colcon_core.package_identification:_identify(.) by extensions ['python_setup_py']
[0.158s] Level 1:colcon.colcon_core.package_identification:_identify(.) by extension 'python_setup_py'
[0.158s] Level 1:colcon.colcon_core.package_identification:_identify(build) by extensions ['ignore', 'ignore_ament_install']
[0.158s] Level 1:colcon.colcon_core.package_identification:_identify(build) by extension 'ignore'
[0.158s] Level 1:colcon.colcon_core.package_identification:_identify(build) ignored
[0.158s] Level 1:colcon.colcon_core.package_identification:_identify(install) by extensions ['ignore', 'ignore_ament_install']
[0.158s] Level 1:colcon.colcon_core.package_identification:_identify(install) by extension 'ignore'
[0.158s] Level 1:colcon.colcon_core.package_identification:_identify(install) ignored
[0.158s] Level 1:colcon.colcon_core.package_identification:_identify(log) by extensions ['ignore', 'ignore_ament_install']
[0.158s] Level 1:colcon.colcon_core.package_identification:_identify(log) by extension 'ignore'
[0.158s] Level 1:colcon.colcon_core.package_identification:_identify(log) ignored
[0.158s] Level 1:colcon.colcon_core.package_identification:_identify(my_cpp_pkg) by extensions ['ignore', 'ignore_ament_install']
[0.158s] Level 1:colcon.colcon_core.package_identification:_identify(my_cpp_pkg) by extension 'ignore'
[0.158s] Level 1:colcon.colcon_core.package_identification:_identify(my_cpp_pkg) by extension 'ignore_ament_install'
[0.158s] Level 1:colcon.colcon_core.package_identification:_identify(my_cpp_pkg) by extensions ['colcon_pkg']
[0.158s] Level 1:colcon.colcon_core.package_identification:_identify(my_cpp_pkg) by extension 'colcon_pkg'
[0.158s] Level 1:colcon.colcon_core.package_identification:_identify(my_cpp_pkg) by extensions ['colcon_meta']
[0.158s] Level 1:colcon.colcon_core.package_identification:_identify(my_cpp_pkg) by extension 'colcon_meta'
[0.158s] Level 1:colcon.colcon_core.package_identification:_identify(my_cpp_pkg) by extensions ['ros']
[0.158s] Level 1:colcon.colcon_core.package_identification:_identify(my_cpp_pkg) by extension 'ros'
[0.160s] DEBUG:colcon.colcon_core.package_identification:Package 'my_cpp_pkg' with type 'ros.ament_cmake' and name 'my_cpp_pkg'
[0.160s] Level 1:colcon.colcon_core.package_identification:_identify(my_py_pkg) by extensions ['ignore', 'ignore_ament_install']
[0.160s] Level 1:colcon.colcon_core.package_identification:_identify(my_py_pkg) by extension 'ignore'
[0.160s] Level 1:colcon.colcon_core.package_identification:_identify(my_py_pkg) by extension 'ignore_ament_install'
[0.160s] Level 1:colcon.colcon_core.package_identification:_identify(my_py_pkg) by extensions ['colcon_pkg']
[0.160s] Level 1:colcon.colcon_core.package_identification:_identify(my_py_pkg) by extension 'colcon_pkg'
[0.160s] Level 1:colcon.colcon_core.package_identification:_identify(my_py_pkg) by extensions ['colcon_meta']
[0.160s] Level 1:colcon.colcon_core.package_identification:_identify(my_py_pkg) by extension 'colcon_meta'
[0.160s] Level 1:colcon.colcon_core.package_identification:_identify(my_py_pkg) by extensions ['ros']
[0.160s] Level 1:colcon.colcon_core.package_identification:_identify(my_py_pkg) by extension 'ros'
[0.160s] DEBUG:colcon.colcon_core.package_identification:Package 'my_py_pkg' with type 'ros.ament_python' and name 'my_py_pkg'
[0.161s] Level 1:colcon.colcon_core.package_identification:_identify(my_robot_bringup) by extensions ['ignore', 'ignore_ament_install']
[0.161s] Level 1:colcon.colcon_core.package_identification:_identify(my_robot_bringup) by extension 'ignore'
[0.161s] Level 1:colcon.colcon_core.package_identification:_identify(my_robot_bringup) by extension 'ignore_ament_install'
[0.161s] Level 1:colcon.colcon_core.package_identification:_identify(my_robot_bringup) by extensions ['colcon_pkg']
[0.161s] Level 1:colcon.colcon_core.package_identification:_identify(my_robot_bringup) by extension 'colcon_pkg'
[0.161s] Level 1:colcon.colcon_core.package_identification:_identify(my_robot_bringup) by extensions ['colcon_meta']
[0.161s] Level 1:colcon.colcon_core.package_identification:_identify(my_robot_bringup) by extension 'colcon_meta'
[0.161s] Level 1:colcon.colcon_core.package_identification:_identify(my_robot_bringup) by extensions ['ros']
[0.161s] Level 1:colcon.colcon_core.package_identification:_identify(my_robot_bringup) by extension 'ros'
[0.161s] DEBUG:colcon.colcon_core.package_identification:Failed to parse potential ROS package manifest in'my_robot_bringup': Error(s) in package 'my_robot_bringup/package.xml':
Error(s):
- The generic dependency on 'rclpy' is redundant with: exec_depend
- The generic dependency on 'turtlesim' is redundant with: exec_depend
- The generic dependency on 'geometry_msgs' is redundant with: exec_depend
[0.161s] Level 1:colcon.colcon_core.package_identification:_identify(my_robot_bringup) by extensions ['cmake', 'python']
[0.161s] Level 1:colcon.colcon_core.package_identification:_identify(my_robot_bringup) by extension 'cmake'
[0.162s] Level 1:colcon.colcon_core.package_identification:_identify(my_robot_bringup) by extension 'python'
[0.162s] DEBUG:colcon.colcon_core.package_identification:Package 'my_robot_bringup' with type 'cmake' and name 'my_robot_bringup'
[0.162s] Level 1:colcon.colcon_core.package_identification:_identify(my_robot_interfaces) by extensions ['ignore', 'ignore_ament_install']
[0.162s] Level 1:colcon.colcon_core.package_identification:_identify(my_robot_interfaces) by extension 'ignore'
[0.162s] Level 1:colcon.colcon_core.package_identification:_identify(my_robot_interfaces) by extension 'ignore_ament_install'
[0.162s] Level 1:colcon.colcon_core.package_identification:_identify(my_robot_interfaces) by extensions ['colcon_pkg']
[0.162s] Level 1:colcon.colcon_core.package_identification:_identify(my_robot_interfaces) by extension 'colcon_pkg'
[0.162s] Level 1:colcon.colcon_core.package_identification:_identify(my_robot_interfaces) by extensions ['colcon_meta']
[0.162s] Level 1:colcon.colcon_core.package_identification:_identify(my_robot_interfaces) by extension 'colcon_meta'
[0.162s] Level 1:colcon.colcon_core.package_identification:_identify(my_robot_interfaces) by extensions ['ros']
[0.162s] Level 1:colcon.colcon_core.package_identification:_identify(my_robot_interfaces) by extension 'ros'
[0.162s] DEBUG:colcon.colcon_core.package_identification:Package 'my_robot_interfaces' with type 'ros.ament_cmake' and name 'my_robot_interfaces'
[0.163s] Level 1:colcon.colcon_core.package_identification:_identify(turtle_catch) by extensions ['ignore', 'ignore_ament_install']
[0.163s] Level 1:colcon.colcon_core.package_identification:_identify(turtle_catch) by extension 'ignore'
[0.163s] Level 1:colcon.colcon_core.package_identification:_identify(turtle_catch) by extension 'ignore_ament_install'
[0.163s] Level 1:colcon.colcon_core.package_identification:_identify(turtle_catch) by extensions ['colcon_pkg']
[0.163s] Level 1:colcon.colcon_core.package_identification:_identify(turtle_catch) by extension 'colcon_pkg'
[0.163s] Level 1:colcon.colcon_core.package_identification:_identify(turtle_catch) by extensions ['colcon_meta']
[0.163s] Level 1:colcon.colcon_core.package_identification:_identify(turtle_catch) by extension 'colcon_meta'
[0.163s] Level 1:colcon.colcon_core.package_identification:_identify(turtle_catch) by extensions ['ros']
[0.163s] Level 1:colcon.colcon_core.package_identification:_identify(turtle_catch) by extension 'ros'
[0.163s] DEBUG:colcon.colcon_core.package_identification:Package 'turtle_catch' with type 'ros.ament_cmake' and name 'turtle_catch'
[0.163s] Level 1:colcon.colcon_core.package_discovery:discover_packages(recursive) using defaults
[0.163s] Level 1:colcon.colcon_core.package_discovery:discover_packages(ignore) discover
[0.163s] Level 1:colcon.colcon_core.package_discovery:discover_packages(ignore) using defaults
[0.163s] Level 1:colcon.colcon_core.package_discovery:discover_packages(path) discover
[0.163s] Level 1:colcon.colcon_core.package_discovery:discover_packages(path) using defaults
[0.182s] INFO:colcon.colcon_core.package_selection:Skipping not selected package 'my_py_pkg' in 'my_py_pkg'
[0.182s] INFO:colcon.colcon_core.package_selection:Skipping not selected package 'my_robot_bringup' in 'my_robot_bringup'
[0.182s] INFO:colcon.colcon_core.package_selection:Skipping not selected package 'my_robot_interfaces' in 'my_robot_interfaces'
[0.183s] Level 1:colcon.colcon_core.package_discovery:discover_packages(prefix_path) check parameters
[0.183s] Level 1:colcon.colcon_core.package_discovery:discover_packages(prefix_path) discover
[0.189s] DEBUG:colcon.colcon_installed_package_information.package_discovery:Found 5 installed packages in /home/nextup/ros2_ws/install
[0.190s] DEBUG:colcon.colcon_installed_package_information.package_discovery:Found 270 installed packages in /opt/ros/humble
[0.190s] Level 1:colcon.colcon_core.package_discovery:discover_packages(prefix_path) using defaults
[0.210s] Level 5:colcon.colcon_core.verb:set package 'turtle_catch' build argument 'cmake_args' from command line to 'None'
[0.210s] Level 5:colcon.colcon_core.verb:set package 'turtle_catch' build argument 'cmake_target' from command line to 'None'
[0.210s] Level 5:colcon.colcon_core.verb:set package 'turtle_catch' build argument 'cmake_target_skip_unavailable' from command line to 'False'
[0.210s] Level 5:colcon.colcon_core.verb:set package 'turtle_catch' build argument 'cmake_clean_cache' from command line to 'False'
[0.210s] Level 5:colcon.colcon_core.verb:set package 'turtle_catch' build argument 'cmake_clean_first' from command line to 'False'
[0.210s] Level 5:colcon.colcon_core.verb:set package 'turtle_catch' build argument 'cmake_force_configure' from command line to 'False'
[0.210s] Level 5:colcon.colcon_core.verb:set package 'turtle_catch' build argument 'ament_cmake_args' from command line to 'None'
[0.210s] Level 5:colcon.colcon_core.verb:set package 'turtle_catch' build argument 'catkin_cmake_args' from command line to 'None'
[0.210s] Level 5:colcon.colcon_core.verb:set package 'turtle_catch' build argument 'catkin_skip_building_tests' from command line to 'False'
[0.210s] DEBUG:colcon.colcon_core.verb:Building package 'turtle_catch' with the following arguments: {'ament_cmake_args': None, 'build_base': '/home/nextup/ros2_ws/src/build/turtle_catch', 'catkin_cmake_args': None, 'catkin_skip_building_tests': False, 'cmake_args': None, 'cmake_clean_cache': False, 'cmake_clean_first': False, 'cmake_force_configure': False, 'cmake_target': None, 'cmake_target_skip_unavailable': False, 'install_base': '/home/nextup/ros2_ws/src/install/turtle_catch', 'merge_install': False, 'path': '/home/nextup/ros2_ws/src/turtle_catch', 'symlink_install': False, 'test_result_base': None}
[0.211s] Level 5:colcon.colcon_core.verb:set package 'my_cpp_pkg' build argument 'cmake_args' from command line to 'None'
[0.211s] Level 5:colcon.colcon_core.verb:set package 'my_cpp_pkg' build argument 'cmake_target' from command line to 'None'
[0.211s] Level 5:colcon.colcon_core.verb:set package 'my_cpp_pkg' build argument 'cmake_target_skip_unavailable' from command line to 'False'
[0.211s] Level 5:colcon.colcon_core.verb:set package 'my_cpp_pkg' build argument 'cmake_clean_cache' from command line to 'False'
[0.211s] Level 5:colcon.colcon_core.verb:set package 'my_cpp_pkg' build argument 'cmake_clean_first' from command line to 'False'
[0.211s] Level 5:colcon.colcon_core.verb:set package 'my_cpp_pkg' build argument 'cmake_force_configure' from command line to 'False'
[0.211s] Level 5:colcon.colcon_core.verb:set package 'my_cpp_pkg' build argument 'ament_cmake_args' from command line to 'None'
[0.211s] Level 5:colcon.colcon_core.verb:set package 'my_cpp_pkg' build argument 'catkin_cmake_args' from command line to 'None'
[0.211s] Level 5:colcon.colcon_core.verb:set package 'my_cpp_pkg' build argument 'catkin_skip_building_tests' from command line to 'False'
[0.211s] DEBUG:colcon.colcon_core.verb:Building package 'my_cpp_pkg' with the following arguments: {'ament_cmake_args': None, 'build_base': '/home/nextup/ros2_ws/src/build/my_cpp_pkg', 'catkin_cmake_args': None, 'catkin_skip_building_tests': False, 'cmake_args': None, 'cmake_clean_cache': False, 'cmake_clean_first': False, 'cmake_force_configure': False, 'cmake_target': None, 'cmake_target_skip_unavailable': False, 'install_base': '/home/nextup/ros2_ws/src/install/my_cpp_pkg', 'merge_install': False, 'path': '/home/nextup/ros2_ws/src/my_cpp_pkg', 'symlink_install': False, 'test_result_base': None}
[0.211s] INFO:colcon.colcon_core.executor:Executing jobs using 'parallel' executor
[0.212s] DEBUG:colcon.colcon_parallel_executor.executor.parallel:run_until_complete
[0.212s] INFO:colcon.colcon_ros.task.ament_cmake.build:Building ROS package in '/home/nextup/ros2_ws/src/turtle_catch' with build type 'ament_cmake'
[0.212s] INFO:colcon.colcon_cmake.task.cmake.build:Building CMake package in '/home/nextup/ros2_ws/src/turtle_catch'
[0.213s] INFO:colcon.colcon_core.plugin_system:Skipping extension 'colcon_core.shell.bat': Not used on non-Windows systems
[0.213s] INFO:colcon.colcon_core.shell:Skip shell extension 'powershell' for command environment: Not usable outside of PowerShell
[0.213s] DEBUG:colcon.colcon_core.shell:Skip shell extension 'dsv' for command environment
[0.216s] INFO:colcon.colcon_ros.task.ament_cmake.build:Building ROS package in '/home/nextup/ros2_ws/src/my_cpp_pkg' with build type 'ament_cmake'
[0.216s] INFO:colcon.colcon_cmake.task.cmake.build:Building CMake package in '/home/nextup/ros2_ws/src/my_cpp_pkg'
[0.216s] INFO:colcon.colcon_core.shell:Skip shell extension 'powershell' for command environment: Not usable outside of PowerShell
[0.216s] DEBUG:colcon.colcon_core.shell:Skip shell extension 'dsv' for command environment
[0.218s] WARNING:colcon.colcon_core.shell:The following packages are in the workspace but haven't been built:
- my_robot_interfaces
They are being used from the following locations instead:
- /home/nextup/ros2_ws/install/my_robot_interfaces
To suppress this warning ignore these packages in the workspace:
--packages-ignore my_robot_interfaces
[0.221s] DEBUG:colcon.colcon_core.event_handler.log_command:Invoking command in '/home/nextup/ros2_ws/src/build/turtle_catch': CMAKE_PREFIX_PATH=${CMAKE_PREFIX_PATH}:/home/nextup/ros2_ws/install/my_py_pkg:/opt/ros/humble /usr/bin/cmake /home/nextup/ros2_ws/src/turtle_catch -DCMAKE_INSTALL_PREFIX=/home/nextup/ros2_ws/src/install/turtle_catch
[0.224s] DEBUG:colcon.colcon_core.event_handler.log_command:Invoking command in '/home/nextup/ros2_ws/src/build/my_cpp_pkg': CMAKE_PREFIX_PATH=${CMAKE_PREFIX_PATH}:/home/nextup/ros2_ws/install/my_py_pkg:/opt/ros/humble /usr/bin/cmake --build /home/nextup/ros2_ws/src/build/my_cpp_pkg -- -j16 -l16
[0.642s] DEBUG:colcon.colcon_core.event_handler.log_command:Invoked command in '/home/nextup/ros2_ws/src/build/turtle_catch' returned '0': CMAKE_PREFIX_PATH=${CMAKE_PREFIX_PATH}:/home/nextup/ros2_ws/install/my_py_pkg:/opt/ros/humble /usr/bin/cmake /home/nextup/ros2_ws/src/turtle_catch -DCMAKE_INSTALL_PREFIX=/home/nextup/ros2_ws/src/install/turtle_catch
[0.643s] DEBUG:colcon.colcon_core.event_handler.log_command:Invoking command in '/home/nextup/ros2_ws/src/build/turtle_catch': CMAKE_PREFIX_PATH=${CMAKE_PREFIX_PATH}:/home/nextup/ros2_ws/install/my_py_pkg:/opt/ros/humble /usr/bin/cmake --build /home/nextup/ros2_ws/src/build/turtle_catch -- -j16 -l16
[0.673s] DEBUG:colcon.colcon_core.event_handler.log_command:Invoked command in '/home/nextup/ros2_ws/src/build/turtle_catch' returned '0': CMAKE_PREFIX_PATH=${CMAKE_PREFIX_PATH}:/home/nextup/ros2_ws/install/my_py_pkg:/opt/ros/humble /usr/bin/cmake --build /home/nextup/ros2_ws/src/build/turtle_catch -- -j16 -l16
[0.696s] DEBUG:colcon.colcon_core.event_handler.log_command:Invoking command in '/home/nextup/ros2_ws/src/build/turtle_catch': CMAKE_PREFIX_PATH=${CMAKE_PREFIX_PATH}:/home/nextup/ros2_ws/install/my_py_pkg:/opt/ros/humble /usr/bin/cmake --install /home/nextup/ros2_ws/src/build/turtle_catch
[0.702s] Level 1:colcon.colcon_core.environment:create_environment_scripts_only(turtle_catch)
[0.703s] DEBUG:colcon.colcon_core.event_handler.log_command:Invoked command in '/home/nextup/ros2_ws/src/build/turtle_catch' returned '0': CMAKE_PREFIX_PATH=${CMAKE_PREFIX_PATH}:/home/nextup/ros2_ws/install/my_py_pkg:/opt/ros/humble /usr/bin/cmake --install /home/nextup/ros2_ws/src/build/turtle_catch
[0.705s] Level 1:colcon.colcon_core.environment:checking '/home/nextup/ros2_ws/src/install/turtle_catch' for CMake module files
[0.705s] Level 1:colcon.colcon_core.environment:checking '/home/nextup/ros2_ws/src/install/turtle_catch' for CMake config files
[0.705s] Level 1:colcon.colcon_core.shell:create_environment_hook('turtle_catch', 'cmake_prefix_path')
[0.705s] INFO:colcon.colcon_core.shell:Creating environment hook '/home/nextup/ros2_ws/src/install/turtle_catch/share/turtle_catch/hook/cmake_prefix_path.ps1'
[0.706s] INFO:colcon.colcon_core.shell:Creating environment descriptor '/home/nextup/ros2_ws/src/install/turtle_catch/share/turtle_catch/hook/cmake_prefix_path.dsv'
[0.706s] INFO:colcon.colcon_core.shell:Creating environment hook '/home/nextup/ros2_ws/src/install/turtle_catch/share/turtle_catch/hook/cmake_prefix_path.sh'
[0.707s] Level 1:colcon.colcon_core.environment:checking '/home/nextup/ros2_ws/src/install/turtle_catch/bin'
[0.707s] Level 1:colcon.colcon_core.environment:checking '/home/nextup/ros2_ws/src/install/turtle_catch/lib/pkgconfig/turtle_catch.pc'
[0.707s] Level 1:colcon.colcon_core.environment:checking '/home/nextup/ros2_ws/src/install/turtle_catch/lib/python3.10/site-packages'
[0.707s] Level 1:colcon.colcon_core.environment:checking '/home/nextup/ros2_ws/src/install/turtle_catch/bin'
[0.707s] INFO:colcon.colcon_core.shell:Creating package script '/home/nextup/ros2_ws/src/install/turtle_catch/share/turtle_catch/package.ps1'
[0.708s] INFO:colcon.colcon_core.shell:Creating package descriptor '/home/nextup/ros2_ws/src/install/turtle_catch/share/turtle_catch/package.dsv'
[0.708s] INFO:colcon.colcon_core.shell:Creating package script '/home/nextup/ros2_ws/src/install/turtle_catch/share/turtle_catch/package.sh'
[0.708s] INFO:colcon.colcon_core.shell:Creating package script '/home/nextup/ros2_ws/src/install/turtle_catch/share/turtle_catch/package.bash'
[0.709s] INFO:colcon.colcon_core.shell:Creating package script '/home/nextup/ros2_ws/src/install/turtle_catch/share/turtle_catch/package.zsh'
[0.709s] Level 1:colcon.colcon_core.environment:create_file_with_runtime_dependencies(/home/nextup/ros2_ws/src/install/turtle_catch/share/colcon-core/packages/turtle_catch)
[0.726s] Level 1:colcon.colcon_core.environment:create_environment_scripts_only(turtle_catch)
[0.726s] Level 1:colcon.colcon_core.environment:checking '/home/nextup/ros2_ws/src/install/turtle_catch' for CMake module files
[0.726s] Level 1:colcon.colcon_core.environment:checking '/home/nextup/ros2_ws/src/install/turtle_catch' for CMake config files
[0.727s] Level 1:colcon.colcon_core.shell:create_environment_hook('turtle_catch', 'cmake_prefix_path')
[0.727s] INFO:colcon.colcon_core.shell:Creating environment hook '/home/nextup/ros2_ws/src/install/turtle_catch/share/turtle_catch/hook/cmake_prefix_path.ps1'
[0.727s] INFO:colcon.colcon_core.shell:Creating environment descriptor '/home/nextup/ros2_ws/src/install/turtle_catch/share/turtle_catch/hook/cmake_prefix_path.dsv'
[0.728s] INFO:colcon.colcon_core.shell:Creating environment hook '/home/nextup/ros2_ws/src/install/turtle_catch/share/turtle_catch/hook/cmake_prefix_path.sh'
[0.728s] Level 1:colcon.colcon_core.environment:checking '/home/nextup/ros2_ws/src/install/turtle_catch/bin'
[0.728s] Level 1:colcon.colcon_core.environment:checking '/home/nextup/ros2_ws/src/install/turtle_catch/lib/pkgconfig/turtle_catch.pc'
[0.729s] Level 1:colcon.colcon_core.environment:checking '/home/nextup/ros2_ws/src/install/turtle_catch/lib/python3.10/site-packages'
[0.729s] Level 1:colcon.colcon_core.environment:checking '/home/nextup/ros2_ws/src/install/turtle_catch/bin'
[0.729s] INFO:colcon.colcon_core.shell:Creating package script '/home/nextup/ros2_ws/src/install/turtle_catch/share/turtle_catch/package.ps1'
[0.730s] INFO:colcon.colcon_core.shell:Creating package descriptor '/home/nextup/ros2_ws/src/install/turtle_catch/share/turtle_catch/package.dsv'
[0.730s] INFO:colcon.colcon_core.shell:Creating package script '/home/nextup/ros2_ws/src/install/turtle_catch/share/turtle_catch/package.sh'
[0.730s] INFO:colcon.colcon_core.shell:Creating package script '/home/nextup/ros2_ws/src/install/turtle_catch/share/turtle_catch/package.bash'
[0.731s] INFO:colcon.colcon_core.shell:Creating package script '/home/nextup/ros2_ws/src/install/turtle_catch/share/turtle_catch/package.zsh'
[0.731s] Level 1:colcon.colcon_core.environment:create_file_with_runtime_dependencies(/home/nextup/ros2_ws/src/install/turtle_catch/share/colcon-core/packages/turtle_catch)
[10.557s] DEBUG:colcon.colcon_core.event_handler.log_command:Invoked command in '/home/nextup/ros2_ws/src/build/my_cpp_pkg' returned '0': CMAKE_PREFIX_PATH=${CMAKE_PREFIX_PATH}:/home/nextup/ros2_ws/install/my_py_pkg:/opt/ros/humble /usr/bin/cmake --build /home/nextup/ros2_ws/src/build/my_cpp_pkg -- -j16 -l16
[10.589s] DEBUG:colcon.colcon_core.event_handler.log_command:Invoking command in '/home/nextup/ros2_ws/src/build/my_cpp_pkg': CMAKE_PREFIX_PATH=${CMAKE_PREFIX_PATH}:/home/nextup/ros2_ws/install/my_py_pkg:/opt/ros/humble /usr/bin/cmake --install /home/nextup/ros2_ws/src/build/my_cpp_pkg
[10.613s] Level 1:colcon.colcon_core.environment:create_environment_scripts_only(my_cpp_pkg)
[10.614s] Level 1:colcon.colcon_core.environment:checking '/home/nextup/ros2_ws/src/install/my_cpp_pkg' for CMake module files
[10.614s] DEBUG:colcon.colcon_core.event_handler.log_command:Invoked command in '/home/nextup/ros2_ws/src/build/my_cpp_pkg' returned '0': CMAKE_PREFIX_PATH=${CMAKE_PREFIX_PATH}:/home/nextup/ros2_ws/install/my_py_pkg:/opt/ros/humble /usr/bin/cmake --install /home/nextup/ros2_ws/src/build/my_cpp_pkg
[10.614s] Level 1:colcon.colcon_core.environment:checking '/home/nextup/ros2_ws/src/install/my_cpp_pkg' for CMake config files
[10.614s] Level 1:colcon.colcon_core.shell:create_environment_hook('my_cpp_pkg', 'cmake_prefix_path')
[10.615s] INFO:colcon.colcon_core.shell:Creating environment hook '/home/nextup/ros2_ws/src/install/my_cpp_pkg/share/my_cpp_pkg/hook/cmake_prefix_path.ps1'
[10.615s] INFO:colcon.colcon_core.shell:Creating environment descriptor '/home/nextup/ros2_ws/src/install/my_cpp_pkg/share/my_cpp_pkg/hook/cmake_prefix_path.dsv'
[10.616s] INFO:colcon.colcon_core.shell:Creating environment hook '/home/nextup/ros2_ws/src/install/my_cpp_pkg/share/my_cpp_pkg/hook/cmake_prefix_path.sh'
[10.616s] Level 1:colcon.colcon_core.environment:checking '/home/nextup/ros2_ws/src/install/my_cpp_pkg/lib'
[10.617s] Level 1:colcon.colcon_core.environment:checking '/home/nextup/ros2_ws/src/install/my_cpp_pkg/bin'
[10.617s] Level 1:colcon.colcon_core.environment:checking '/home/nextup/ros2_ws/src/install/my_cpp_pkg/lib/pkgconfig/my_cpp_pkg.pc'
[10.617s] Level 1:colcon.colcon_core.environment:checking '/home/nextup/ros2_ws/src/install/my_cpp_pkg/lib/python3.10/site-packages'
[10.617s] Level 1:colcon.colcon_core.environment:checking '/home/nextup/ros2_ws/src/install/my_cpp_pkg/bin'
[10.617s] INFO:colcon.colcon_core.shell:Creating package script '/home/nextup/ros2_ws/src/install/my_cpp_pkg/share/my_cpp_pkg/package.ps1'
[10.618s] INFO:colcon.colcon_core.shell:Creating package descriptor '/home/nextup/ros2_ws/src/install/my_cpp_pkg/share/my_cpp_pkg/package.dsv'
[10.618s] INFO:colcon.colcon_core.shell:Creating package script '/home/nextup/ros2_ws/src/install/my_cpp_pkg/share/my_cpp_pkg/package.sh'
[10.618s] INFO:colcon.colcon_core.shell:Creating package script '/home/nextup/ros2_ws/src/install/my_cpp_pkg/share/my_cpp_pkg/package.bash'
[10.619s] INFO:colcon.colcon_core.shell:Creating package script '/home/nextup/ros2_ws/src/install/my_cpp_pkg/share/my_cpp_pkg/package.zsh'
[10.619s] Level 1:colcon.colcon_core.environment:create_file_with_runtime_dependencies(/home/nextup/ros2_ws/src/install/my_cpp_pkg/share/colcon-core/packages/my_cpp_pkg)
[10.647s] Level 1:colcon.colcon_core.environment:create_environment_scripts_only(my_cpp_pkg)
[10.647s] Level 1:colcon.colcon_core.environment:checking '/home/nextup/ros2_ws/src/install/my_cpp_pkg' for CMake module files
[10.648s] Level 1:colcon.colcon_core.environment:checking '/home/nextup/ros2_ws/src/install/my_cpp_pkg' for CMake config files
[10.648s] Level 1:colcon.colcon_core.shell:create_environment_hook('my_cpp_pkg', 'cmake_prefix_path')
[10.648s] INFO:colcon.colcon_core.shell:Creating environment hook '/home/nextup/ros2_ws/src/install/my_cpp_pkg/share/my_cpp_pkg/hook/cmake_prefix_path.ps1'
[10.649s] INFO:colcon.colcon_core.shell:Creating environment descriptor '/home/nextup/ros2_ws/src/install/my_cpp_pkg/share/my_cpp_pkg/hook/cmake_prefix_path.dsv'
[10.649s] INFO:colcon.colcon_core.shell:Creating environment hook '/home/nextup/ros2_ws/src/install/my_cpp_pkg/share/my_cpp_pkg/hook/cmake_prefix_path.sh'
[10.650s] Level 1:colcon.colcon_core.environment:checking '/home/nextup/ros2_ws/src/install/my_cpp_pkg/lib'
[10.650s] Level 1:colcon.colcon_core.environment:checking '/home/nextup/ros2_ws/src/install/my_cpp_pkg/bin'
[10.650s] Level 1:colcon.colcon_core.environment:checking '/home/nextup/ros2_ws/src/install/my_cpp_pkg/lib/pkgconfig/my_cpp_pkg.pc'
[10.650s] Level 1:colcon.colcon_core.environment:checking '/home/nextup/ros2_ws/src/install/my_cpp_pkg/lib/python3.10/site-packages'
[10.650s] Level 1:colcon.colcon_core.environment:checking '/home/nextup/ros2_ws/src/install/my_cpp_pkg/bin'
[10.651s] INFO:colcon.colcon_core.shell:Creating package script '/home/nextup/ros2_ws/src/install/my_cpp_pkg/share/my_cpp_pkg/package.ps1'
[10.651s] INFO:colcon.colcon_core.shell:Creating package descriptor '/home/nextup/ros2_ws/src/install/my_cpp_pkg/share/my_cpp_pkg/package.dsv'
[10.651s] INFO:colcon.colcon_core.shell:Creating package script '/home/nextup/ros2_ws/src/install/my_cpp_pkg/share/my_cpp_pkg/package.sh'
[10.651s] INFO:colcon.colcon_core.shell:Creating package script '/home/nextup/ros2_ws/src/install/my_cpp_pkg/share/my_cpp_pkg/package.bash'
[10.652s] INFO:colcon.colcon_core.shell:Creating package script '/home/nextup/ros2_ws/src/install/my_cpp_pkg/share/my_cpp_pkg/package.zsh'
[10.652s] Level 1:colcon.colcon_core.environment:create_file_with_runtime_dependencies(/home/nextup/ros2_ws/src/install/my_cpp_pkg/share/colcon-core/packages/my_cpp_pkg)
[10.652s] DEBUG:colcon.colcon_parallel_executor.executor.parallel:closing loop
[10.652s] DEBUG:colcon.colcon_parallel_executor.executor.parallel:loop closed
[10.653s] DEBUG:colcon.colcon_parallel_executor.executor.parallel:run_until_complete finished with '0'
[10.653s] DEBUG:colcon.colcon_core.event_reactor:joining thread
[10.665s] INFO:colcon.colcon_core.plugin_system:Skipping extension 'colcon_notification.desktop_notification.terminal_notifier': Not used on non-Darwin systems
[10.665s] INFO:colcon.colcon_core.plugin_system:Skipping extension 'colcon_notification.desktop_notification.win32': Not used on non-Windows systems
[10.665s] INFO:colcon.colcon_notification.desktop_notification:Sending desktop notification using 'notify2'
[10.688s] DEBUG:colcon.colcon_core.event_reactor:joined thread
[10.689s] INFO:colcon.colcon_core.shell:Creating prefix script '/home/nextup/ros2_ws/src/install/local_setup.ps1'
[10.690s] INFO:colcon.colcon_core.shell:Creating prefix util module '/home/nextup/ros2_ws/src/install/_local_setup_util_ps1.py'
[10.691s] INFO:colcon.colcon_core.shell:Creating prefix chain script '/home/nextup/ros2_ws/src/install/setup.ps1'
[10.694s] INFO:colcon.colcon_core.shell:Creating prefix script '/home/nextup/ros2_ws/src/install/local_setup.sh'
[10.694s] INFO:colcon.colcon_core.shell:Creating prefix util module '/home/nextup/ros2_ws/src/install/_local_setup_util_sh.py'
[10.695s] INFO:colcon.colcon_core.shell:Creating prefix chain script '/home/nextup/ros2_ws/src/install/setup.sh'
[10.696s] INFO:colcon.colcon_core.shell:Creating prefix script '/home/nextup/ros2_ws/src/install/local_setup.bash'
[10.697s] INFO:colcon.colcon_core.shell:Creating prefix chain script '/home/nextup/ros2_ws/src/install/setup.bash'
[10.697s] INFO:colcon.colcon_core.shell:Creating prefix script '/home/nextup/ros2_ws/src/install/local_setup.zsh'
[10.698s] INFO:colcon.colcon_core.shell:Creating prefix chain script '/home/nextup/ros2_ws/src/install/setup.zsh'
