[0.007s] Invoking command in '/home/nextup/ros2_ws2/src/build/my_robot_interfaces': CMAKE_PREFIX_PATH=${CMAKE_PREFIX_PATH}:/home/nextup/ros2_ws2/src/install/actions_py:/opt/ros/humble /usr/bin/cmake /home/nextup/ros2_ws2/src/my_robot_interfaces -DCMAKE_INSTALL_PREFIX=/home/nextup/ros2_ws2/src/install/my_robot_interfaces
[0.018s] -- Found ament_cmake: 1.3.9 (/opt/ros/humble/share/ament_cmake/cmake)
[0.104s] -- Found rclcpp: 16.0.9 (/opt/ros/humble/share/rclcpp/cmake)
[0.122s] -- Found rosidl_generator_c: 3.1.5 (/opt/ros/humble/share/rosidl_generator_c/cmake)
[0.124s] -- Found rosidl_adapter: 3.1.5 (/opt/ros/humble/share/rosidl_adapter/cmake)
[0.127s] -- Found rosidl_generator_cpp: 3.1.5 (/opt/ros/humble/share/rosidl_generator_cpp/cmake)
[0.134s] -- Using all available rosidl_typesupport_c: rosidl_typesupport_fastrtps_c;rosidl_typesupport_introspection_c
[0.143s] -- Using all available rosidl_typesupport_cpp: rosidl_typesupport_fastrtps_cpp;rosidl_typesupport_introspection_cpp
[0.178s] -- Found rmw_implementation_cmake: 6.1.2 (/opt/ros/humble/share/rmw_implementation_cmake/cmake)
[0.178s] -- Found rmw_fastrtps_cpp: 6.2.6 (/opt/ros/humble/share/rmw_fastrtps_cpp/cmake)
[0.248s] -- Using RMW implementation 'rmw_fastrtps_cpp' as default
[0.341s] -- Found rosidl_default_generators: 1.2.0 (/opt/ros/humble/share/rosidl_default_generators/cmake)
[0.554s] -- Found ament_cmake_ros: 0.10.0 (/opt/ros/humble/share/ament_cmake_ros/cmake)
[0.781s] -- Using all available rosidl_typesupport_c: rosidl_typesupport_fastrtps_c;rosidl_typesupport_introspection_c
[0.864s] -- Using all available rosidl_typesupport_cpp: rosidl_typesupport_fastrtps_cpp;rosidl_typesupport_introspection_cpp
[0.880s] -- Found PythonInterp: /usr/bin/python3 (found suitable version "3.10.12", minimum required is "3.6") 
[0.881s] -- Found python_cmake_module: 0.10.0 (/opt/ros/humble/share/python_cmake_module/cmake)
[0.899s] -- Found PythonLibs: /usr/lib/x86_64-linux-gnu/libpython3.10.so (found suitable version "3.10.12", minimum required is "3.5") 
[0.899s] -- Using PYTHON_EXECUTABLE: /usr/bin/python3
[0.899s] -- Using PYTHON_INCLUDE_DIRS: /usr/include/python3.10
[0.899s] -- Using PYTHON_LIBRARIES: /usr/lib/x86_64-linux-gnu/libpython3.10.so
[0.913s] -- Found PythonExtra: .so  
[0.949s] -- Configuring done
[0.969s] -- Generating done
[0.970s] -- Build files have been written to: /home/nextup/ros2_ws2/src/build/my_robot_interfaces
[0.978s] Invoked command in '/home/nextup/ros2_ws2/src/build/my_robot_interfaces' returned '0': CMAKE_PREFIX_PATH=${CMAKE_PREFIX_PATH}:/home/nextup/ros2_ws2/src/install/actions_py:/opt/ros/humble /usr/bin/cmake /home/nextup/ros2_ws2/src/my_robot_interfaces -DCMAKE_INSTALL_PREFIX=/home/nextup/ros2_ws2/src/install/my_robot_interfaces
[0.980s] Invoking command in '/home/nextup/ros2_ws2/src/build/my_robot_interfaces': CMAKE_PREFIX_PATH=${CMAKE_PREFIX_PATH}:/home/nextup/ros2_ws2/src/install/actions_py:/opt/ros/humble /usr/bin/cmake --build /home/nextup/ros2_ws2/src/build/my_robot_interfaces -- -j16 -l16
[1.008s] [  3%] [34m[1mGenerating C code for ROS interfaces[0m
[1.015s] [  6%] [34m[1mGenerating C++ code for ROS interfaces[0m
[1.021s] [  6%] Built target ament_cmake_python_copy_my_robot_interfaces
[1.171s] running egg_info
[1.172s] creating my_robot_interfaces.egg-info
[1.180s] writing my_robot_interfaces.egg-info/PKG-INFO
[1.181s] writing dependency_links to my_robot_interfaces.egg-info/dependency_links.txt
[1.181s] writing top-level names to my_robot_interfaces.egg-info/top_level.txt
[1.181s] writing manifest file 'my_robot_interfaces.egg-info/SOURCES.txt'
[1.205s] reading manifest file 'my_robot_interfaces.egg-info/SOURCES.txt'
[1.205s] writing manifest file 'my_robot_interfaces.egg-info/SOURCES.txt'
[1.228s] [  6%] Built target ament_cmake_python_build_my_robot_interfaces_egg
[1.304s] [  6%] Built target my_robot_interfaces__cpp
[1.311s] [ 19%] [32mBuilding C object CMakeFiles/my_robot_interfaces__rosidl_generator_c.dir/rosidl_generator_c/my_robot_interfaces/action/detail/count_until__functions.c.o[0m
[1.312s] [ 19%] [34m[1mGenerating C++ type support for eProsima Fast-RTPS[0m
[1.312s] [ 19%] [34m[1mGenerating C++ introspection for ROS interfaces[0m
[1.312s] [ 19%] [34m[1mGenerating C++ type support dispatch for ROS interfaces[0m
[1.419s] [ 22%] [32m[1mLinking C shared library libmy_robot_interfaces__rosidl_generator_c.so[0m
[1.453s] [ 22%] Built target my_robot_interfaces__rosidl_generator_c
[1.463s] [ 25%] [34m[1mGenerating C type support for eProsima Fast-RTPS[0m
[1.464s] [ 32%] [34m[1mGenerating C type support dispatch for ROS interfaces[0m
[1.465s] [ 32%] [34m[1mGenerating C introspection for ROS interfaces[0m
[1.563s] [ 35%] [32mBuilding CXX object CMakeFiles/my_robot_interfaces__rosidl_typesupport_cpp.dir/rosidl_typesupport_cpp/my_robot_interfaces/action/count_until__type_support.cpp.o[0m
[1.574s] [ 38%] [32mBuilding CXX object CMakeFiles/my_robot_interfaces__rosidl_typesupport_introspection_cpp.dir/rosidl_typesupport_introspection_cpp/my_robot_interfaces/action/detail/count_until__type_support.cpp.o[0m
[1.639s] [ 41%] [32mBuilding CXX object CMakeFiles/my_robot_interfaces__rosidl_typesupport_fastrtps_cpp.dir/rosidl_typesupport_fastrtps_cpp/my_robot_interfaces/action/detail/dds_fastrtps/count_until__type_support.cpp.o[0m
[1.684s] [ 45%] [32mBuilding CXX object CMakeFiles/my_robot_interfaces__rosidl_typesupport_c.dir/rosidl_typesupport_c/my_robot_interfaces/action/count_until__type_support.cpp.o[0m
[1.735s] [ 48%] [32m[1mLinking CXX shared library libmy_robot_interfaces__rosidl_typesupport_c.so[0m
[1.780s] [ 51%] [32mBuilding CXX object CMakeFiles/my_robot_interfaces__rosidl_typesupport_fastrtps_c.dir/rosidl_typesupport_fastrtps_c/my_robot_interfaces/action/detail/count_until__type_support_c.cpp.o[0m
[1.782s] [ 51%] Built target my_robot_interfaces__rosidl_typesupport_c
[1.811s] [ 54%] [32mBuilding C object CMakeFiles/my_robot_interfaces__rosidl_typesupport_introspection_c.dir/rosidl_typesupport_introspection_c/my_robot_interfaces/action/detail/count_until__type_support.c.o[0m
[1.850s] [ 58%] [32m[1mLinking C shared library libmy_robot_interfaces__rosidl_typesupport_introspection_c.so[0m
[1.879s] [ 58%] Built target my_robot_interfaces__rosidl_typesupport_introspection_c
[2.017s] [ 61%] [32m[1mLinking CXX shared library libmy_robot_interfaces__rosidl_typesupport_cpp.so[0m
[2.054s] [ 61%] Built target my_robot_interfaces__rosidl_typesupport_cpp
[2.075s] [ 64%] [32m[1mLinking CXX shared library libmy_robot_interfaces__rosidl_typesupport_fastrtps_c.so[0m
[2.095s] [ 67%] [32m[1mLinking CXX shared library libmy_robot_interfaces__rosidl_typesupport_introspection_cpp.so[0m
[2.114s] [ 70%] [32m[1mLinking CXX shared library libmy_robot_interfaces__rosidl_typesupport_fastrtps_cpp.so[0m
[2.157s] [ 70%] Built target my_robot_interfaces__rosidl_typesupport_fastrtps_c
[2.176s] [ 70%] Built target my_robot_interfaces__rosidl_typesupport_introspection_cpp
[2.187s] [ 70%] Built target my_robot_interfaces__rosidl_typesupport_fastrtps_cpp
[2.200s] [ 70%] Built target my_robot_interfaces
[2.213s] [ 74%] [34m[1mGenerating Python code for ROS interfaces[0m
[2.602s] [ 74%] Built target my_robot_interfaces__py
[2.615s] [ 77%] [32mBuilding C object CMakeFiles/my_robot_interfaces__rosidl_generator_py.dir/rosidl_generator_py/my_robot_interfaces/action/_count_until_s.c.o[0m
[2.715s] [ 80%] [32m[1mLinking C shared library rosidl_generator_py/my_robot_interfaces/libmy_robot_interfaces__rosidl_generator_py.so[0m
[2.746s] [ 80%] Built target my_robot_interfaces__rosidl_generator_py
[2.761s] [ 90%] [32mBuilding C object CMakeFiles/my_robot_interfaces__rosidl_typesupport_introspection_c__pyext.dir/rosidl_generator_py/my_robot_interfaces/_my_robot_interfaces_s.ep.rosidl_typesupport_introspection_c.c.o[0m
[2.761s] [ 90%] [32mBuilding C object CMakeFiles/my_robot_interfaces__rosidl_typesupport_c__pyext.dir/rosidl_generator_py/my_robot_interfaces/_my_robot_interfaces_s.ep.rosidl_typesupport_c.c.o[0m
[2.761s] [ 90%] [32mBuilding C object CMakeFiles/my_robot_interfaces__rosidl_typesupport_fastrtps_c__pyext.dir/rosidl_generator_py/my_robot_interfaces/_my_robot_interfaces_s.ep.rosidl_typesupport_fastrtps_c.c.o[0m
[2.850s] [100%] [32m[1mLinking C shared library rosidl_generator_py/my_robot_interfaces/my_robot_interfaces_s__rosidl_typesupport_introspection_c.cpython-310-x86_64-linux-gnu.so[0m
[2.851s] [100%] [32m[1mLinking C shared library rosidl_generator_py/my_robot_interfaces/my_robot_interfaces_s__rosidl_typesupport_c.cpython-310-x86_64-linux-gnu.so[0m
[2.851s] [100%] [32m[1mLinking C shared library rosidl_generator_py/my_robot_interfaces/my_robot_interfaces_s__rosidl_typesupport_fastrtps_c.cpython-310-x86_64-linux-gnu.so[0m
[2.881s] [100%] Built target my_robot_interfaces__rosidl_typesupport_c__pyext
[2.881s] [100%] Built target my_robot_interfaces__rosidl_typesupport_fastrtps_c__pyext
[2.881s] [100%] Built target my_robot_interfaces__rosidl_typesupport_introspection_c__pyext
[2.889s] Invoked command in '/home/nextup/ros2_ws2/src/build/my_robot_interfaces' returned '0': CMAKE_PREFIX_PATH=${CMAKE_PREFIX_PATH}:/home/nextup/ros2_ws2/src/install/actions_py:/opt/ros/humble /usr/bin/cmake --build /home/nextup/ros2_ws2/src/build/my_robot_interfaces -- -j16 -l16
[2.928s] Invoking command in '/home/nextup/ros2_ws2/src/build/my_robot_interfaces': CMAKE_PREFIX_PATH=${CMAKE_PREFIX_PATH}:/home/nextup/ros2_ws2/src/install/actions_py:/opt/ros/humble /usr/bin/cmake --install /home/nextup/ros2_ws2/src/build/my_robot_interfaces
[2.933s] -- Install configuration: ""
[2.933s] -- Installing: /home/nextup/ros2_ws2/src/install/my_robot_interfaces/share/ament_index/resource_index/rosidl_interfaces/my_robot_interfaces
[2.934s] -- Installing: /home/nextup/ros2_ws2/src/install/my_robot_interfaces/include/my_robot_interfaces/my_robot_interfaces
[2.934s] -- Installing: /home/nextup/ros2_ws2/src/install/my_robot_interfaces/include/my_robot_interfaces/my_robot_interfaces/action
[2.934s] -- Installing: /home/nextup/ros2_ws2/src/install/my_robot_interfaces/include/my_robot_interfaces/my_robot_interfaces/action/detail
[2.934s] -- Installing: /home/nextup/ros2_ws2/src/install/my_robot_interfaces/include/my_robot_interfaces/my_robot_interfaces/action/detail/count_until__type_support.h
[2.934s] -- Installing: /home/nextup/ros2_ws2/src/install/my_robot_interfaces/include/my_robot_interfaces/my_robot_interfaces/action/detail/count_until__functions.c
[2.934s] -- Installing: /home/nextup/ros2_ws2/src/install/my_robot_interfaces/include/my_robot_interfaces/my_robot_interfaces/action/detail/count_until__functions.h
[2.934s] -- Installing: /home/nextup/ros2_ws2/src/install/my_robot_interfaces/include/my_robot_interfaces/my_robot_interfaces/action/detail/count_until__struct.h
[2.935s] -- Installing: /home/nextup/ros2_ws2/src/install/my_robot_interfaces/include/my_robot_interfaces/my_robot_interfaces/action/count_until.h
[2.935s] -- Installing: /home/nextup/ros2_ws2/src/install/my_robot_interfaces/include/my_robot_interfaces/my_robot_interfaces/msg
[2.935s] -- Installing: /home/nextup/ros2_ws2/src/install/my_robot_interfaces/include/my_robot_interfaces/my_robot_interfaces/msg/rosidl_generator_c__visibility_control.h
[2.935s] -- Installing: /home/nextup/ros2_ws2/src/install/my_robot_interfaces/share/my_robot_interfaces/environment/library_path.sh
[2.935s] -- Installing: /home/nextup/ros2_ws2/src/install/my_robot_interfaces/share/my_robot_interfaces/environment/library_path.dsv
[2.935s] -- Installing: /home/nextup/ros2_ws2/src/install/my_robot_interfaces/lib/libmy_robot_interfaces__rosidl_generator_c.so
[2.935s] -- Set runtime path of "/home/nextup/ros2_ws2/src/install/my_robot_interfaces/lib/libmy_robot_interfaces__rosidl_generator_c.so" to ""
[2.935s] -- Up-to-date: /home/nextup/ros2_ws2/src/install/my_robot_interfaces/include/my_robot_interfaces/my_robot_interfaces
[2.935s] -- Up-to-date: /home/nextup/ros2_ws2/src/install/my_robot_interfaces/include/my_robot_interfaces/my_robot_interfaces/action
[2.935s] -- Up-to-date: /home/nextup/ros2_ws2/src/install/my_robot_interfaces/include/my_robot_interfaces/my_robot_interfaces/action/detail
[2.936s] -- Installing: /home/nextup/ros2_ws2/src/install/my_robot_interfaces/include/my_robot_interfaces/my_robot_interfaces/action/detail/count_until__rosidl_typesupport_fastrtps_c.h
[2.936s] -- Up-to-date: /home/nextup/ros2_ws2/src/install/my_robot_interfaces/include/my_robot_interfaces/my_robot_interfaces/msg
[2.936s] -- Installing: /home/nextup/ros2_ws2/src/install/my_robot_interfaces/include/my_robot_interfaces/my_robot_interfaces/msg/rosidl_typesupport_fastrtps_c__visibility_control.h
[2.936s] -- Installing: /home/nextup/ros2_ws2/src/install/my_robot_interfaces/lib/libmy_robot_interfaces__rosidl_typesupport_fastrtps_c.so
[2.936s] -- Set runtime path of "/home/nextup/ros2_ws2/src/install/my_robot_interfaces/lib/libmy_robot_interfaces__rosidl_typesupport_fastrtps_c.so" to ""
[2.936s] -- Up-to-date: /home/nextup/ros2_ws2/src/install/my_robot_interfaces/include/my_robot_interfaces/my_robot_interfaces
[2.936s] -- Up-to-date: /home/nextup/ros2_ws2/src/install/my_robot_interfaces/include/my_robot_interfaces/my_robot_interfaces/action
[2.936s] -- Installing: /home/nextup/ros2_ws2/src/install/my_robot_interfaces/include/my_robot_interfaces/my_robot_interfaces/action/count_until.hpp
[2.936s] -- Up-to-date: /home/nextup/ros2_ws2/src/install/my_robot_interfaces/include/my_robot_interfaces/my_robot_interfaces/action/detail
[2.936s] -- Installing: /home/nextup/ros2_ws2/src/install/my_robot_interfaces/include/my_robot_interfaces/my_robot_interfaces/action/detail/count_until__struct.hpp
[2.936s] -- Installing: /home/nextup/ros2_ws2/src/install/my_robot_interfaces/include/my_robot_interfaces/my_robot_interfaces/action/detail/count_until__traits.hpp
[2.937s] -- Installing: /home/nextup/ros2_ws2/src/install/my_robot_interfaces/include/my_robot_interfaces/my_robot_interfaces/action/detail/count_until__builder.hpp
[2.937s] -- Up-to-date: /home/nextup/ros2_ws2/src/install/my_robot_interfaces/include/my_robot_interfaces/my_robot_interfaces
[2.937s] -- Up-to-date: /home/nextup/ros2_ws2/src/install/my_robot_interfaces/include/my_robot_interfaces/my_robot_interfaces/action
[2.937s] -- Up-to-date: /home/nextup/ros2_ws2/src/install/my_robot_interfaces/include/my_robot_interfaces/my_robot_interfaces/action/detail
[2.937s] -- Installing: /home/nextup/ros2_ws2/src/install/my_robot_interfaces/include/my_robot_interfaces/my_robot_interfaces/action/detail/dds_fastrtps
[2.937s] -- Installing: /home/nextup/ros2_ws2/src/install/my_robot_interfaces/include/my_robot_interfaces/my_robot_interfaces/action/detail/count_until__rosidl_typesupport_fastrtps_cpp.hpp
[2.937s] -- Up-to-date: /home/nextup/ros2_ws2/src/install/my_robot_interfaces/include/my_robot_interfaces/my_robot_interfaces/msg
[2.937s] -- Installing: /home/nextup/ros2_ws2/src/install/my_robot_interfaces/include/my_robot_interfaces/my_robot_interfaces/msg/rosidl_typesupport_fastrtps_cpp__visibility_control.h
[2.937s] -- Installing: /home/nextup/ros2_ws2/src/install/my_robot_interfaces/lib/libmy_robot_interfaces__rosidl_typesupport_fastrtps_cpp.so
[2.937s] -- Set runtime path of "/home/nextup/ros2_ws2/src/install/my_robot_interfaces/lib/libmy_robot_interfaces__rosidl_typesupport_fastrtps_cpp.so" to ""
[2.938s] -- Up-to-date: /home/nextup/ros2_ws2/src/install/my_robot_interfaces/include/my_robot_interfaces/my_robot_interfaces
[2.938s] -- Up-to-date: /home/nextup/ros2_ws2/src/install/my_robot_interfaces/include/my_robot_interfaces/my_robot_interfaces/action
[2.938s] -- Up-to-date: /home/nextup/ros2_ws2/src/install/my_robot_interfaces/include/my_robot_interfaces/my_robot_interfaces/action/detail
[2.938s] -- Installing: /home/nextup/ros2_ws2/src/install/my_robot_interfaces/include/my_robot_interfaces/my_robot_interfaces/action/detail/count_until__type_support.c
[2.938s] -- Installing: /home/nextup/ros2_ws2/src/install/my_robot_interfaces/include/my_robot_interfaces/my_robot_interfaces/action/detail/count_until__rosidl_typesupport_introspection_c.h
[2.938s] -- Up-to-date: /home/nextup/ros2_ws2/src/install/my_robot_interfaces/include/my_robot_interfaces/my_robot_interfaces/msg
[2.938s] -- Installing: /home/nextup/ros2_ws2/src/install/my_robot_interfaces/include/my_robot_interfaces/my_robot_interfaces/msg/rosidl_typesupport_introspection_c__visibility_control.h
[2.938s] -- Installing: /home/nextup/ros2_ws2/src/install/my_robot_interfaces/lib/libmy_robot_interfaces__rosidl_typesupport_introspection_c.so
[2.938s] -- Set runtime path of "/home/nextup/ros2_ws2/src/install/my_robot_interfaces/lib/libmy_robot_interfaces__rosidl_typesupport_introspection_c.so" to ""
[2.938s] -- Installing: /home/nextup/ros2_ws2/src/install/my_robot_interfaces/lib/libmy_robot_interfaces__rosidl_typesupport_c.so
[2.939s] -- Set runtime path of "/home/nextup/ros2_ws2/src/install/my_robot_interfaces/lib/libmy_robot_interfaces__rosidl_typesupport_c.so" to ""
[2.939s] -- Up-to-date: /home/nextup/ros2_ws2/src/install/my_robot_interfaces/include/my_robot_interfaces/my_robot_interfaces
[2.939s] -- Up-to-date: /home/nextup/ros2_ws2/src/install/my_robot_interfaces/include/my_robot_interfaces/my_robot_interfaces/action
[2.939s] -- Up-to-date: /home/nextup/ros2_ws2/src/install/my_robot_interfaces/include/my_robot_interfaces/my_robot_interfaces/action/detail
[2.939s] -- Installing: /home/nextup/ros2_ws2/src/install/my_robot_interfaces/include/my_robot_interfaces/my_robot_interfaces/action/detail/count_until__type_support.cpp
[2.939s] -- Installing: /home/nextup/ros2_ws2/src/install/my_robot_interfaces/include/my_robot_interfaces/my_robot_interfaces/action/detail/count_until__rosidl_typesupport_introspection_cpp.hpp
[2.939s] -- Installing: /home/nextup/ros2_ws2/src/install/my_robot_interfaces/lib/libmy_robot_interfaces__rosidl_typesupport_introspection_cpp.so
[2.939s] -- Set runtime path of "/home/nextup/ros2_ws2/src/install/my_robot_interfaces/lib/libmy_robot_interfaces__rosidl_typesupport_introspection_cpp.so" to ""
[2.939s] -- Installing: /home/nextup/ros2_ws2/src/install/my_robot_interfaces/lib/libmy_robot_interfaces__rosidl_typesupport_cpp.so
[2.939s] -- Set runtime path of "/home/nextup/ros2_ws2/src/install/my_robot_interfaces/lib/libmy_robot_interfaces__rosidl_typesupport_cpp.so" to ""
[2.939s] -- Installing: /home/nextup/ros2_ws2/src/install/my_robot_interfaces/share/my_robot_interfaces/environment/pythonpath.sh
[2.939s] -- Installing: /home/nextup/ros2_ws2/src/install/my_robot_interfaces/share/my_robot_interfaces/environment/pythonpath.dsv
[2.939s] -- Installing: /home/nextup/ros2_ws2/src/install/my_robot_interfaces/local/lib/python3.10/dist-packages/my_robot_interfaces-0.0.0-py3.10.egg-info
[2.939s] -- Installing: /home/nextup/ros2_ws2/src/install/my_robot_interfaces/local/lib/python3.10/dist-packages/my_robot_interfaces-0.0.0-py3.10.egg-info/PKG-INFO
[2.939s] -- Installing: /home/nextup/ros2_ws2/src/install/my_robot_interfaces/local/lib/python3.10/dist-packages/my_robot_interfaces-0.0.0-py3.10.egg-info/top_level.txt
[2.939s] -- Installing: /home/nextup/ros2_ws2/src/install/my_robot_interfaces/local/lib/python3.10/dist-packages/my_robot_interfaces-0.0.0-py3.10.egg-info/dependency_links.txt
[2.939s] -- Installing: /home/nextup/ros2_ws2/src/install/my_robot_interfaces/local/lib/python3.10/dist-packages/my_robot_interfaces-0.0.0-py3.10.egg-info/SOURCES.txt
[2.939s] -- Installing: /home/nextup/ros2_ws2/src/install/my_robot_interfaces/local/lib/python3.10/dist-packages/my_robot_interfaces
[2.939s] -- Installing: /home/nextup/ros2_ws2/src/install/my_robot_interfaces/local/lib/python3.10/dist-packages/my_robot_interfaces/_my_robot_interfaces_s.ep.rosidl_typesupport_fastrtps_c.c
[2.939s] -- Installing: /home/nextup/ros2_ws2/src/install/my_robot_interfaces/local/lib/python3.10/dist-packages/my_robot_interfaces/my_robot_interfaces_s__rosidl_typesupport_introspection_c.cpython-310-x86_64-linux-gnu.so
[2.939s] -- Installing: /home/nextup/ros2_ws2/src/install/my_robot_interfaces/local/lib/python3.10/dist-packages/my_robot_interfaces/_my_robot_interfaces_s.ep.rosidl_typesupport_c.c
[2.939s] -- Installing: /home/nextup/ros2_ws2/src/install/my_robot_interfaces/local/lib/python3.10/dist-packages/my_robot_interfaces/action
[2.939s] -- Installing: /home/nextup/ros2_ws2/src/install/my_robot_interfaces/local/lib/python3.10/dist-packages/my_robot_interfaces/action/_count_until.py
[2.939s] -- Installing: /home/nextup/ros2_ws2/src/install/my_robot_interfaces/local/lib/python3.10/dist-packages/my_robot_interfaces/action/_count_until_s.c
[2.939s] -- Installing: /home/nextup/ros2_ws2/src/install/my_robot_interfaces/local/lib/python3.10/dist-packages/my_robot_interfaces/action/__init__.py
[2.940s] -- Installing: /home/nextup/ros2_ws2/src/install/my_robot_interfaces/local/lib/python3.10/dist-packages/my_robot_interfaces/libmy_robot_interfaces__rosidl_generator_py.so
[2.940s] -- Installing: /home/nextup/ros2_ws2/src/install/my_robot_interfaces/local/lib/python3.10/dist-packages/my_robot_interfaces/__init__.py
[2.940s] -- Installing: /home/nextup/ros2_ws2/src/install/my_robot_interfaces/local/lib/python3.10/dist-packages/my_robot_interfaces/_my_robot_interfaces_s.ep.rosidl_typesupport_introspection_c.c
[2.940s] -- Installing: /home/nextup/ros2_ws2/src/install/my_robot_interfaces/local/lib/python3.10/dist-packages/my_robot_interfaces/my_robot_interfaces_s__rosidl_typesupport_c.cpython-310-x86_64-linux-gnu.so
[2.940s] -- Installing: /home/nextup/ros2_ws2/src/install/my_robot_interfaces/local/lib/python3.10/dist-packages/my_robot_interfaces/my_robot_interfaces_s__rosidl_typesupport_fastrtps_c.cpython-310-x86_64-linux-gnu.so
[2.967s] Listing '/home/nextup/ros2_ws2/src/install/my_robot_interfaces/local/lib/python3.10/dist-packages/my_robot_interfaces'...
[2.967s] Compiling '/home/nextup/ros2_ws2/src/install/my_robot_interfaces/local/lib/python3.10/dist-packages/my_robot_interfaces/__init__.py'...
[2.967s] Listing '/home/nextup/ros2_ws2/src/install/my_robot_interfaces/local/lib/python3.10/dist-packages/my_robot_interfaces/action'...
[2.967s] Compiling '/home/nextup/ros2_ws2/src/install/my_robot_interfaces/local/lib/python3.10/dist-packages/my_robot_interfaces/action/__init__.py'...
[2.967s] Compiling '/home/nextup/ros2_ws2/src/install/my_robot_interfaces/local/lib/python3.10/dist-packages/my_robot_interfaces/action/_count_until.py'...
[2.970s] -- Installing: /home/nextup/ros2_ws2/src/install/my_robot_interfaces/local/lib/python3.10/dist-packages/my_robot_interfaces/my_robot_interfaces_s__rosidl_typesupport_fastrtps_c.cpython-310-x86_64-linux-gnu.so
[2.970s] -- Set runtime path of "/home/nextup/ros2_ws2/src/install/my_robot_interfaces/local/lib/python3.10/dist-packages/my_robot_interfaces/my_robot_interfaces_s__rosidl_typesupport_fastrtps_c.cpython-310-x86_64-linux-gnu.so" to ""
[2.970s] -- Installing: /home/nextup/ros2_ws2/src/install/my_robot_interfaces/local/lib/python3.10/dist-packages/my_robot_interfaces/my_robot_interfaces_s__rosidl_typesupport_introspection_c.cpython-310-x86_64-linux-gnu.so
[2.970s] -- Set runtime path of "/home/nextup/ros2_ws2/src/install/my_robot_interfaces/local/lib/python3.10/dist-packages/my_robot_interfaces/my_robot_interfaces_s__rosidl_typesupport_introspection_c.cpython-310-x86_64-linux-gnu.so" to ""
[2.970s] -- Installing: /home/nextup/ros2_ws2/src/install/my_robot_interfaces/local/lib/python3.10/dist-packages/my_robot_interfaces/my_robot_interfaces_s__rosidl_typesupport_c.cpython-310-x86_64-linux-gnu.so
[2.970s] -- Set runtime path of "/home/nextup/ros2_ws2/src/install/my_robot_interfaces/local/lib/python3.10/dist-packages/my_robot_interfaces/my_robot_interfaces_s__rosidl_typesupport_c.cpython-310-x86_64-linux-gnu.so" to ""
[2.970s] -- Installing: /home/nextup/ros2_ws2/src/install/my_robot_interfaces/lib/libmy_robot_interfaces__rosidl_generator_py.so
[2.970s] -- Set runtime path of "/home/nextup/ros2_ws2/src/install/my_robot_interfaces/lib/libmy_robot_interfaces__rosidl_generator_py.so" to ""
[2.971s] -- Installing: /home/nextup/ros2_ws2/src/install/my_robot_interfaces/share/my_robot_interfaces/action/CountUntil.idl
[2.971s] -- Installing: /home/nextup/ros2_ws2/src/install/my_robot_interfaces/share/my_robot_interfaces/action/CountUntil.action
[2.971s] -- Installing: /home/nextup/ros2_ws2/src/install/my_robot_interfaces/share/ament_index/resource_index/package_run_dependencies/my_robot_interfaces
[2.971s] -- Installing: /home/nextup/ros2_ws2/src/install/my_robot_interfaces/share/ament_index/resource_index/parent_prefix_path/my_robot_interfaces
[2.971s] -- Installing: /home/nextup/ros2_ws2/src/install/my_robot_interfaces/share/my_robot_interfaces/environment/ament_prefix_path.sh
[2.971s] -- Installing: /home/nextup/ros2_ws2/src/install/my_robot_interfaces/share/my_robot_interfaces/environment/ament_prefix_path.dsv
[2.971s] -- Installing: /home/nextup/ros2_ws2/src/install/my_robot_interfaces/share/my_robot_interfaces/environment/path.sh
[2.971s] -- Installing: /home/nextup/ros2_ws2/src/install/my_robot_interfaces/share/my_robot_interfaces/environment/path.dsv
[2.971s] -- Installing: /home/nextup/ros2_ws2/src/install/my_robot_interfaces/share/my_robot_interfaces/local_setup.bash
[2.971s] -- Installing: /home/nextup/ros2_ws2/src/install/my_robot_interfaces/share/my_robot_interfaces/local_setup.sh
[2.971s] -- Installing: /home/nextup/ros2_ws2/src/install/my_robot_interfaces/share/my_robot_interfaces/local_setup.zsh
[2.971s] -- Installing: /home/nextup/ros2_ws2/src/install/my_robot_interfaces/share/my_robot_interfaces/local_setup.dsv
[2.971s] -- Installing: /home/nextup/ros2_ws2/src/install/my_robot_interfaces/share/my_robot_interfaces/package.dsv
[2.971s] -- Installing: /home/nextup/ros2_ws2/src/install/my_robot_interfaces/share/ament_index/resource_index/packages/my_robot_interfaces
[2.971s] -- Installing: /home/nextup/ros2_ws2/src/install/my_robot_interfaces/share/my_robot_interfaces/cmake/export_my_robot_interfaces__rosidl_generator_cExport.cmake
[2.971s] -- Installing: /home/nextup/ros2_ws2/src/install/my_robot_interfaces/share/my_robot_interfaces/cmake/export_my_robot_interfaces__rosidl_generator_cExport-noconfig.cmake
[2.971s] -- Installing: /home/nextup/ros2_ws2/src/install/my_robot_interfaces/share/my_robot_interfaces/cmake/export_my_robot_interfaces__rosidl_typesupport_fastrtps_cExport.cmake
[2.971s] -- Installing: /home/nextup/ros2_ws2/src/install/my_robot_interfaces/share/my_robot_interfaces/cmake/export_my_robot_interfaces__rosidl_typesupport_fastrtps_cExport-noconfig.cmake
[2.972s] -- Installing: /home/nextup/ros2_ws2/src/install/my_robot_interfaces/share/my_robot_interfaces/cmake/export_my_robot_interfaces__rosidl_generator_cppExport.cmake
[2.972s] -- Installing: /home/nextup/ros2_ws2/src/install/my_robot_interfaces/share/my_robot_interfaces/cmake/export_my_robot_interfaces__rosidl_typesupport_fastrtps_cppExport.cmake
[2.972s] -- Installing: /home/nextup/ros2_ws2/src/install/my_robot_interfaces/share/my_robot_interfaces/cmake/export_my_robot_interfaces__rosidl_typesupport_fastrtps_cppExport-noconfig.cmake
[2.972s] -- Installing: /home/nextup/ros2_ws2/src/install/my_robot_interfaces/share/my_robot_interfaces/cmake/my_robot_interfaces__rosidl_typesupport_introspection_cExport.cmake
[2.972s] -- Installing: /home/nextup/ros2_ws2/src/install/my_robot_interfaces/share/my_robot_interfaces/cmake/my_robot_interfaces__rosidl_typesupport_introspection_cExport-noconfig.cmake
[2.972s] -- Installing: /home/nextup/ros2_ws2/src/install/my_robot_interfaces/share/my_robot_interfaces/cmake/my_robot_interfaces__rosidl_typesupport_cExport.cmake
[2.972s] -- Installing: /home/nextup/ros2_ws2/src/install/my_robot_interfaces/share/my_robot_interfaces/cmake/my_robot_interfaces__rosidl_typesupport_cExport-noconfig.cmake
[2.972s] -- Installing: /home/nextup/ros2_ws2/src/install/my_robot_interfaces/share/my_robot_interfaces/cmake/my_robot_interfaces__rosidl_typesupport_introspection_cppExport.cmake
[2.972s] -- Installing: /home/nextup/ros2_ws2/src/install/my_robot_interfaces/share/my_robot_interfaces/cmake/my_robot_interfaces__rosidl_typesupport_introspection_cppExport-noconfig.cmake
[2.972s] -- Installing: /home/nextup/ros2_ws2/src/install/my_robot_interfaces/share/my_robot_interfaces/cmake/my_robot_interfaces__rosidl_typesupport_cppExport.cmake
[2.972s] -- Installing: /home/nextup/ros2_ws2/src/install/my_robot_interfaces/share/my_robot_interfaces/cmake/my_robot_interfaces__rosidl_typesupport_cppExport-noconfig.cmake
[2.972s] -- Installing: /home/nextup/ros2_ws2/src/install/my_robot_interfaces/share/my_robot_interfaces/cmake/export_my_robot_interfaces__rosidl_generator_pyExport.cmake
[2.972s] -- Installing: /home/nextup/ros2_ws2/src/install/my_robot_interfaces/share/my_robot_interfaces/cmake/export_my_robot_interfaces__rosidl_generator_pyExport-noconfig.cmake
[2.972s] -- Installing: /home/nextup/ros2_ws2/src/install/my_robot_interfaces/share/my_robot_interfaces/cmake/rosidl_cmake-extras.cmake
[2.972s] -- Installing: /home/nextup/ros2_ws2/src/install/my_robot_interfaces/share/my_robot_interfaces/cmake/ament_cmake_export_dependencies-extras.cmake
[2.972s] -- Installing: /home/nextup/ros2_ws2/src/install/my_robot_interfaces/share/my_robot_interfaces/cmake/ament_cmake_export_include_directories-extras.cmake
[2.972s] -- Installing: /home/nextup/ros2_ws2/src/install/my_robot_interfaces/share/my_robot_interfaces/cmake/ament_cmake_export_libraries-extras.cmake
[2.972s] -- Installing: /home/nextup/ros2_ws2/src/install/my_robot_interfaces/share/my_robot_interfaces/cmake/ament_cmake_export_targets-extras.cmake
[2.972s] -- Installing: /home/nextup/ros2_ws2/src/install/my_robot_interfaces/share/my_robot_interfaces/cmake/rosidl_cmake_export_typesupport_targets-extras.cmake
[2.972s] -- Installing: /home/nextup/ros2_ws2/src/install/my_robot_interfaces/share/my_robot_interfaces/cmake/rosidl_cmake_export_typesupport_libraries-extras.cmake
[2.972s] -- Installing: /home/nextup/ros2_ws2/src/install/my_robot_interfaces/share/my_robot_interfaces/cmake/my_robot_interfacesConfig.cmake
[2.973s] -- Installing: /home/nextup/ros2_ws2/src/install/my_robot_interfaces/share/my_robot_interfaces/cmake/my_robot_interfacesConfig-version.cmake
[2.973s] -- Installing: /home/nextup/ros2_ws2/src/install/my_robot_interfaces/share/my_robot_interfaces/package.xml
[2.975s] Invoked command in '/home/nextup/ros2_ws2/src/build/my_robot_interfaces' returned '0': CMAKE_PREFIX_PATH=${CMAKE_PREFIX_PATH}:/home/nextup/ros2_ws2/src/install/actions_py:/opt/ros/humble /usr/bin/cmake --install /home/nextup/ros2_ws2/src/build/my_robot_interfaces
