[0.172s] Invoking command in '/home/nextup/ros2_ws2/build/components_cpp': CMAKE_PREFIX_PATH=${CMAKE_PREFIX_PATH}:/home/nextup/ros2_ws2/src/install/actions_py:/home/nextup/ros2_ws2/src/install/lifecycle_py:/home/nextup/ros2_ws2/src/install/executors_py:/opt/ros/humble /usr/bin/cmake /home/nextup/ros2_ws2/src/components_cpp -DCMAKE_INSTALL_PREFIX=/home/nextup/ros2_ws2/install/components_cpp
[0.216s] -- The C compiler identification is GNU 11.4.0
[0.266s] -- The CXX compiler identification is GNU 11.4.0
[0.272s] -- Detecting C compiler ABI info
[0.325s] -- Detecting C compiler ABI info - done
[0.334s] -- Check for working C compiler: /usr/bin/cc - skipped
[0.334s] -- Detecting C compile features
[0.334s] -- Detecting C compile features - done
[0.337s] -- Detecting CXX compiler ABI info
[0.408s] -- Detecting CXX compiler ABI info - done
[0.416s] -- Check for working CXX compiler: /usr/bin/c++ - skipped
[0.416s] -- Detecting CXX compile features
[0.417s] -- Detecting CXX compile features - done
[0.420s] -- Found ament_cmake: 1.3.9 (/opt/ros/humble/share/ament_cmake/cmake)
[0.791s] -- Found Python3: /usr/bin/python3 (found version "3.10.12") found components: Interpreter 
[0.866s] -- Found rclcpp: 16.0.9 (/opt/ros/humble/share/rclcpp/cmake)
[0.903s] -- Found rosidl_generator_c: 3.1.5 (/opt/ros/humble/share/rosidl_generator_c/cmake)
[0.908s] -- Found rosidl_adapter: 3.1.5 (/opt/ros/humble/share/rosidl_adapter/cmake)
[0.915s] -- Found rosidl_generator_cpp: 3.1.5 (/opt/ros/humble/share/rosidl_generator_cpp/cmake)
[0.926s] -- Using all available rosidl_typesupport_c: rosidl_typesupport_fastrtps_c;rosidl_typesupport_introspection_c
[0.942s] -- Using all available rosidl_typesupport_cpp: rosidl_typesupport_fastrtps_cpp;rosidl_typesupport_introspection_cpp
[0.999s] -- Found rmw_implementation_cmake: 6.1.2 (/opt/ros/humble/share/rmw_implementation_cmake/cmake)
[1.002s] -- Found rmw_fastrtps_cpp: 6.2.6 (/opt/ros/humble/share/rmw_fastrtps_cpp/cmake)
[1.082s] -- Found OpenSSL: /usr/lib/x86_64-linux-gnu/libcrypto.so (found version "3.0.2")  
[1.104s] -- Found FastRTPS: /opt/ros/humble/include  
[1.142s] -- Using RMW implementation 'rmw_fastrtps_cpp' as default
[1.151s] -- Looking for pthread.h
[1.220s] -- Looking for pthread.h - found
[1.220s] -- Performing Test CMAKE_HAVE_LIBC_PTHREAD
[1.275s] -- Performing Test CMAKE_HAVE_LIBC_PTHREAD - Success
[1.276s] -- Found Threads: TRUE  
[1.406s] -- Found rclcpp_components: 16.0.9 (/opt/ros/humble/share/rclcpp_components/cmake)
[1.457s] -- Found example_interfaces: 0.9.3 (/opt/ros/humble/share/example_interfaces/cmake)
[1.616s] -- Configuring done
[1.628s] -- Generating done
[1.630s] -- Build files have been written to: /home/nextup/ros2_ws2/build/components_cpp
[1.641s] Invoked command in '/home/nextup/ros2_ws2/build/components_cpp' returned '0': CMAKE_PREFIX_PATH=${CMAKE_PREFIX_PATH}:/home/nextup/ros2_ws2/src/install/actions_py:/home/nextup/ros2_ws2/src/install/lifecycle_py:/home/nextup/ros2_ws2/src/install/executors_py:/opt/ros/humble /usr/bin/cmake /home/nextup/ros2_ws2/src/components_cpp -DCMAKE_INSTALL_PREFIX=/home/nextup/ros2_ws2/install/components_cpp
[1.642s] Invoking command in '/home/nextup/ros2_ws2/build/components_cpp': CMAKE_PREFIX_PATH=${CMAKE_PREFIX_PATH}:/home/nextup/ros2_ws2/src/install/actions_py:/home/nextup/ros2_ws2/src/install/lifecycle_py:/home/nextup/ros2_ws2/src/install/executors_py:/opt/ros/humble /usr/bin/cmake --build /home/nextup/ros2_ws2/build/components_cpp -- -j16 -l16
[1.696s] [ 66%] [32mBuilding CXX object CMakeFiles/manual_composition.dir/src/node1.cpp.o[0m
[1.696s] [ 66%] [32mBuilding CXX object CMakeFiles/manual_composition.dir/src/node2.cpp.o[0m
[1.696s] [ 66%] [32mBuilding CXX object CMakeFiles/number_pub_component.dir/src/number_publisher.cpp.o[0m
[1.696s] [ 66%] [32mBuilding CXX object CMakeFiles/manual_composition.dir/src/manual_composition.cpp.o[0m
[7.452s] [ 83%] [32m[1mLinking CXX executable manual_composition[0m
[7.563s] [ 83%] Built target manual_composition
[8.693s] [100%] [32m[1mLinking CXX shared library libnumber_pub_component.so[0m
[8.862s] [100%] Built target number_pub_component
[8.886s] Invoked command in '/home/nextup/ros2_ws2/build/components_cpp' returned '0': CMAKE_PREFIX_PATH=${CMAKE_PREFIX_PATH}:/home/nextup/ros2_ws2/src/install/actions_py:/home/nextup/ros2_ws2/src/install/lifecycle_py:/home/nextup/ros2_ws2/src/install/executors_py:/opt/ros/humble /usr/bin/cmake --build /home/nextup/ros2_ws2/build/components_cpp -- -j16 -l16
[8.910s] Invoking command in '/home/nextup/ros2_ws2/build/components_cpp': CMAKE_PREFIX_PATH=${CMAKE_PREFIX_PATH}:/home/nextup/ros2_ws2/src/install/actions_py:/home/nextup/ros2_ws2/src/install/lifecycle_py:/home/nextup/ros2_ws2/src/install/executors_py:/opt/ros/humble /usr/bin/cmake --install /home/nextup/ros2_ws2/build/components_cpp
[8.917s] -- Install configuration: ""
[8.918s] -- Installing: /home/nextup/ros2_ws2/install/components_cpp/lib/libnumber_pub_component.so
[8.919s] -- Set runtime path of "/home/nextup/ros2_ws2/install/components_cpp/lib/libnumber_pub_component.so" to ""
[8.919s] -- Installing: /home/nextup/ros2_ws2/install/components_cpp/lib/components_cpp/manual_composition
[8.920s] -- Set runtime path of "/home/nextup/ros2_ws2/install/components_cpp/lib/components_cpp/manual_composition" to ""
[8.920s] -- Installing: /home/nextup/ros2_ws2/install/components_cpp/share/ament_index/resource_index/package_run_dependencies/components_cpp
[8.920s] -- Installing: /home/nextup/ros2_ws2/install/components_cpp/share/ament_index/resource_index/parent_prefix_path/components_cpp
[8.920s] -- Installing: /home/nextup/ros2_ws2/install/components_cpp/share/components_cpp/environment/ament_prefix_path.sh
[8.920s] -- Installing: /home/nextup/ros2_ws2/install/components_cpp/share/components_cpp/environment/ament_prefix_path.dsv
[8.920s] -- Installing: /home/nextup/ros2_ws2/install/components_cpp/share/components_cpp/environment/path.sh
[8.920s] -- Installing: /home/nextup/ros2_ws2/install/components_cpp/share/components_cpp/environment/path.dsv
[8.920s] -- Installing: /home/nextup/ros2_ws2/install/components_cpp/share/components_cpp/local_setup.bash
[8.920s] -- Installing: /home/nextup/ros2_ws2/install/components_cpp/share/components_cpp/local_setup.sh
[8.920s] -- Installing: /home/nextup/ros2_ws2/install/components_cpp/share/components_cpp/local_setup.zsh
[8.921s] -- Installing: /home/nextup/ros2_ws2/install/components_cpp/share/components_cpp/local_setup.dsv
[8.921s] -- Installing: /home/nextup/ros2_ws2/install/components_cpp/share/components_cpp/package.dsv
[8.921s] -- Installing: /home/nextup/ros2_ws2/install/components_cpp/share/ament_index/resource_index/packages/components_cpp
[8.921s] -- Installing: /home/nextup/ros2_ws2/install/components_cpp/share/ament_index/resource_index/rclcpp_components/components_cpp
[8.921s] -- Installing: /home/nextup/ros2_ws2/install/components_cpp/share/components_cpp/cmake/components_cppConfig.cmake
[8.921s] -- Installing: /home/nextup/ros2_ws2/install/components_cpp/share/components_cpp/cmake/components_cppConfig-version.cmake
[8.921s] -- Installing: /home/nextup/ros2_ws2/install/components_cpp/share/components_cpp/package.xml
[8.923s] Invoked command in '/home/nextup/ros2_ws2/build/components_cpp' returned '0': CMAKE_PREFIX_PATH=${CMAKE_PREFIX_PATH}:/home/nextup/ros2_ws2/src/install/actions_py:/home/nextup/ros2_ws2/src/install/lifecycle_py:/home/nextup/ros2_ws2/src/install/executors_py:/opt/ros/humble /usr/bin/cmake --install /home/nextup/ros2_ws2/build/components_cpp
