[0.005s] Invoking command in '/home/nextup/ros2_ws2/src/build/my_robot_interfaces': /usr/bin/cmake /home/nextup/ros2_ws2/src/my_robot_interfaces -DCMAKE_INSTALL_PREFIX=/home/nextup/ros2_ws2/src/install/my_robot_interfaces
[0.043s] -- The C compiler identification is GNU 11.4.0
[0.076s] -- The CXX compiler identification is GNU 11.4.0
[0.081s] -- Detecting C compiler ABI info
[0.125s] -- Detecting C compiler ABI info - done
[0.131s] -- Check for working C compiler: /usr/bin/cc - skipped
[0.132s] -- Detecting C compile features
[0.132s] -- Detecting C compile features - done
[0.134s] -- Detecting CXX compiler ABI info
[0.184s] -- Detecting CXX compiler ABI info - done
[0.188s] -- Check for working CXX compiler: /usr/bin/c++ - skipped
[0.188s] -- Detecting CXX compile features
[0.189s] -- Detecting CXX compile features - done
[0.190s] -- Found ament_cmake: 1.3.9 (/opt/ros/humble/share/ament_cmake/cmake)
[0.282s] -- Found Python3: /usr/bin/python3 (found version "3.10.12") found components: Interpreter 
[0.320s] [31mCMake Error at /opt/ros/humble/share/ament_cmake_core/cmake/ament_cmake_uninstall_target-extras.cmake:40 (add_custom_target):
[0.320s]   add_custom_target called with invalid target name
[0.320s]   "my_robot_interfaces/_uninstall".  Target names may not contain a slash.
[0.320s]   Use ADD_CUSTOM_COMMAND to generate files.
[0.320s] Call Stack (most recent call first):
[0.320s]   /opt/ros/humble/share/ament_cmake_core/cmake/ament_cmake_coreConfig.cmake:41 (include)
[0.321s]   /opt/ros/humble/share/ament_cmake/cmake/ament_cmake_export_dependencies-extras.cmake:15 (find_package)
[0.321s]   /opt/ros/humble/share/ament_cmake/cmake/ament_cmakeConfig.cmake:41 (include)
[0.321s]   CMakeLists.txt:9 (find_package)
[0.321s] 
[0.321s] [0m
[0.334s] -- Found rosidl_default_generators: 1.2.0 (/opt/ros/humble/share/rosidl_default_generators/cmake)
[0.336s] -- Using all available rosidl_typesupport_c: rosidl_typesupport_fastrtps_c;rosidl_typesupport_introspection_c
[0.339s] -- Found rosidl_adapter: 3.1.5 (/opt/ros/humble/share/rosidl_adapter/cmake)
[0.362s] -- Using all available rosidl_typesupport_cpp: rosidl_typesupport_fastrtps_cpp;rosidl_typesupport_introspection_cpp
[0.485s] [31mCMake Error at /opt/ros/humble/share/rosidl_adapter/cmake/rosidl_adapt_interfaces.cmake:59 (message):
[0.485s]   execute_process(/usr/bin/python3 -m rosidl_adapter --package-name
[0.485s]   my_robot_interfaces/ --arguments-file
[0.485s]   /home/nextup/ros2_ws2/src/build/my_robot_interfaces/rosidl_adapter__arguments__my_robot_interfaces/.json
[0.486s]   --output-dir
[0.486s]   /home/nextup/ros2_ws2/src/build/my_robot_interfaces/rosidl_adapter/my_robot_interfaces/
[0.486s]   --output-file
[0.486s]   /home/nextup/ros2_ws2/src/build/my_robot_interfaces/rosidl_adapter/my_robot_interfaces/.idls)
[0.486s]   returned error code 1:
[0.486s] 
[0.486s]   Traceback (most recent call last):
[0.486s] 
[0.486s]     File "/usr/lib/python3.10/runpy.py", line 196, in _run_module_as_main
[0.486s]       return _run_code(code, main_globals, None,
[0.486s]     File "/usr/lib/python3.10/runpy.py", line 86, in _run_code
[0.486s]       exec(code, run_globals)
[0.486s]     File "/opt/ros/humble/local/lib/python3.10/dist-packages/rosidl_adapter/__main__.py", line 19, in <module>
[0.486s]       sys.exit(main())
[0.486s]     File "/opt/ros/humble/local/lib/python3.10/dist-packages/rosidl_adapter/main.py", line 53, in main
[0.486s]       abs_idl_file = convert_to_idl(
[0.487s]     File "/opt/ros/humble/local/lib/python3.10/dist-packages/rosidl_adapter/__init__.py", line 29, in convert_to_idl
[0.487s]       return convert_action_to_idl(
[0.487s]     File "/opt/ros/humble/local/lib/python3.10/dist-packages/rosidl_adapter/action/__init__.py", line 28, in convert_action_to_idl
[0.487s]       action = parse_action_string(package_name, input_file.stem, content)
[0.487s]     File "/opt/ros/humble/local/lib/python3.10/dist-packages/rosidl_adapter/parser.py", line 902, in parse_action_string
[0.487s]       goal_message = parse_message_string(
[0.487s]     File "/opt/ros/humble/local/lib/python3.10/dist-packages/rosidl_adapter/parser.py", line 544, in parse_message_string
[0.487s]       msg = MessageSpecification(pkg_name, msg_name, fields, constants)
[0.487s]     File "/opt/ros/humble/local/lib/python3.10/dist-packages/rosidl_adapter/parser.py", line 388, in __init__
[0.487s]       self.base_type = BaseType(
[0.487s]     File "/opt/ros/humble/local/lib/python3.10/dist-packages/rosidl_adapter/parser.py", line 190, in __init__
[0.487s]       raise InvalidResourceName(type_string)
[0.487s] 
[0.487s]   rosidl_adapter.parser.InvalidResourceName:
[0.487s]   my_robot_interfaces//CountUntil_Goal
[0.487s] 
[0.488s] Call Stack (most recent call first):
[0.488s]   /opt/ros/humble/share/rosidl_cmake/cmake/rosidl_generate_interfaces.cmake:130 (rosidl_adapt_interfaces)
[0.488s]   CMakeLists.txt:12 (rosidl_generate_interfaces)
[0.488s] 
[0.488s] [0m
[0.488s] -- Configuring incomplete, errors occurred!
[0.488s] See also "/home/nextup/ros2_ws2/src/build/my_robot_interfaces/CMakeFiles/CMakeOutput.log".
[0.490s] Invoked command in '/home/nextup/ros2_ws2/src/build/my_robot_interfaces' returned '1': /usr/bin/cmake /home/nextup/ros2_ws2/src/my_robot_interfaces -DCMAKE_INSTALL_PREFIX=/home/nextup/ros2_ws2/src/install/my_robot_interfaces
