-- The C compiler identification is GNU 11.4.0
-- The CXX compiler identification is GNU 11.4.0
-- Detecting C compiler ABI info
-- Detecting C compiler ABI info - done
-- Check for working C compiler: /usr/bin/cc - skipped
-- Detecting C compile features
-- Detecting C compile features - done
-- Detecting CXX compiler ABI info
-- Detecting CXX compiler ABI info - done
-- Check for working CXX compiler: /usr/bin/c++ - skipped
-- Detecting CXX compile features
-- Detecting CXX compile features - done
-- Found ament_cmake: 1.3.9 (/opt/ros/humble/share/ament_cmake/cmake)
-- Found Python3: /usr/bin/python3 (found version "3.10.12") found components: Interpreter 
-- Found rclcpp: 16.0.9 (/opt/ros/humble/share/rclcpp/cmake)
-- Found rosidl_generator_c: 3.1.5 (/opt/ros/humble/share/rosidl_generator_c/cmake)
-- Found rosidl_adapter: 3.1.5 (/opt/ros/humble/share/rosidl_adapter/cmake)
-- Found rosidl_generator_cpp: 3.1.5 (/opt/ros/humble/share/rosidl_generator_cpp/cmake)
-- Using all available rosidl_typesupport_c: rosidl_typesupport_fastrtps_c;rosidl_typesupport_introspection_c
-- Using all available rosidl_typesupport_cpp: rosidl_typesupport_fastrtps_cpp;rosidl_typesupport_introspection_cpp
-- Found rmw_implementation_cmake: 6.1.2 (/opt/ros/humble/share/rmw_implementation_cmake/cmake)
-- Found rmw_fastrtps_cpp: 6.2.6 (/opt/ros/humble/share/rmw_fastrtps_cpp/cmake)
-- Found OpenSSL: /usr/lib/x86_64-linux-gnu/libcrypto.so (found version "3.0.2")  
-- Found FastRTPS: /opt/ros/humble/include  
-- Using RMW implementation 'rmw_fastrtps_cpp' as default
-- Looking for pthread.h
-- Looking for pthread.h - found
-- Performing Test CMAKE_HAVE_LIBC_PTHREAD
-- Performing Test CMAKE_HAVE_LIBC_PTHREAD - Success
-- Found Threads: TRUE  
-- Found rclpy: 3.3.13 (/opt/ros/humble/share/rclpy/cmake)
-- Found PkgConfig: /usr/bin/pkg-config (found version "0.29.2") 
-- Checking for module 'libserial'
--   Found libserial, version 1.0.0
-- Configuring done
-- Generating done
-- Build files have been written to: /home/anjali/arduinoboot_ws/src/build/arduniobot_firmware
[ 50%] [32mBuilding CXX object CMakeFiles/simple_serial_receiver.dir/src/simple_serial_receiver.cpp.o[0m
[ 50%] [32mBuilding CXX object CMakeFiles/simple_serial_transmitter.dir/src/simple_serial_transmitter.cpp.o[0m
[ 75%] [32m[1mLinking CXX executable simple_serial_receiver[0m
[ 75%] Built target simple_serial_receiver
[100%] [32m[1mLinking CXX executable simple_serial_transmitter[0m
[100%] Built target simple_serial_transmitter
-- Install configuration: ""
-- Installing: /home/anjali/arduinoboot_ws/src/install/arduniobot_firmware/lib/arduniobot_firmware/simple_serial_receiver
-- Set runtime path of "/home/anjali/arduinoboot_ws/src/install/arduniobot_firmware/lib/arduniobot_firmware/simple_serial_receiver" to ""
-- Installing: /home/anjali/arduinoboot_ws/src/install/arduniobot_firmware/lib/arduniobot_firmware/simple_serial_transmitter
-- Set runtime path of "/home/anjali/arduinoboot_ws/src/install/arduniobot_firmware/lib/arduniobot_firmware/simple_serial_transmitter" to ""
-- Installing: /home/anjali/arduinoboot_ws/src/install/arduniobot_firmware/share/ament_index/resource_index/package_run_dependencies/arduniobot_firmware
-- Installing: /home/anjali/arduinoboot_ws/src/install/arduniobot_firmware/share/ament_index/resource_index/parent_prefix_path/arduniobot_firmware
-- Installing: /home/anjali/arduinoboot_ws/src/install/arduniobot_firmware/share/arduniobot_firmware/environment/ament_prefix_path.sh
-- Installing: /home/anjali/arduinoboot_ws/src/install/arduniobot_firmware/share/arduniobot_firmware/environment/ament_prefix_path.dsv
-- Installing: /home/anjali/arduinoboot_ws/src/install/arduniobot_firmware/share/arduniobot_firmware/environment/path.sh
-- Installing: /home/anjali/arduinoboot_ws/src/install/arduniobot_firmware/share/arduniobot_firmware/environment/path.dsv
-- Installing: /home/anjali/arduinoboot_ws/src/install/arduniobot_firmware/share/arduniobot_firmware/local_setup.bash
-- Installing: /home/anjali/arduinoboot_ws/src/install/arduniobot_firmware/share/arduniobot_firmware/local_setup.sh
-- Installing: /home/anjali/arduinoboot_ws/src/install/arduniobot_firmware/share/arduniobot_firmware/local_setup.zsh
-- Installing: /home/anjali/arduinoboot_ws/src/install/arduniobot_firmware/share/arduniobot_firmware/local_setup.dsv
-- Installing: /home/anjali/arduinoboot_ws/src/install/arduniobot_firmware/share/arduniobot_firmware/package.dsv
-- Installing: /home/anjali/arduinoboot_ws/src/install/arduniobot_firmware/share/ament_index/resource_index/packages/arduniobot_firmware
-- Installing: /home/anjali/arduinoboot_ws/src/install/arduniobot_firmware/share/arduniobot_firmware/cmake/arduniobot_firmwareConfig.cmake
-- Installing: /home/anjali/arduinoboot_ws/src/install/arduniobot_firmware/share/arduniobot_firmware/cmake/arduniobot_firmwareConfig-version.cmake
-- Installing: /home/anjali/arduinoboot_ws/src/install/arduniobot_firmware/share/arduniobot_firmware/package.xml
