[0.007s] Invoking command in '/home/anjali/arduinoboot_ws/src/build/ardunioboty_utils': AMENT_PREFIX_PATH=/home/anjali/arduinoboot_ws/src/install/arduniobot_msgs:${AMENT_PREFIX_PATH} CMAKE_PREFIX_PATH=/home/anjali/arduinoboot_ws/src/install/arduniobot_msgs:/home/anjali/arduinoboot_ws/install/ardunioboty_utils:/home/anjali/arduinoboot_ws/install/arduniobot_msgs:/home/anjali/arduinoboot_ws/install/arduniobot_movelt:/home/anjali/arduinoboot_ws/install/arduniobot_description:/home/anjali/arduinoboot_ws/install/arduniobot_controller:/home/anjali/arduinoboot_ws/install/ardunio_cpp_examples:/home/anjali/arduinoboot_ws/install:/home/anjali/arduinoboot_ws/install/arduinoboot_py_examples:/opt/ros/humble LD_LIBRARY_PATH=/home/anjali/arduinoboot_ws/src/install/arduniobot_msgs/lib:${LD_LIBRARY_PATH} PYTHONPATH=/home/anjali/arduinoboot_ws/src/install/arduniobot_msgs/local/lib/python3.10/dist-packages:${PYTHONPATH} /usr/bin/cmake /home/anjali/arduinoboot_ws/src/ardunioboty_utils -DCMAKE_INSTALL_PREFIX=/home/anjali/arduinoboot_ws/src/install/ardunioboty_utils
[0.078s] -- The C compiler identification is GNU 11.4.0
[0.158s] -- The CXX compiler identification is GNU 11.4.0
[0.169s] -- Detecting C compiler ABI info
[0.277s] -- Detecting C compiler ABI info - done
[0.288s] -- Check for working C compiler: /usr/bin/cc - skipped
[0.289s] -- Detecting C compile features
[0.289s] -- Detecting C compile features - done
[0.294s] -- Detecting CXX compiler ABI info
[0.434s] -- Detecting CXX compiler ABI info - done
[0.443s] -- Check for working CXX compiler: /usr/bin/c++ - skipped
[0.444s] -- Detecting CXX compile features
[0.444s] -- Detecting CXX compile features - done
[0.449s] -- Found ament_cmake: 1.3.9 (/opt/ros/humble/share/ament_cmake/cmake)
[1.804s] -- Found Python3: /usr/bin/python3 (found version "3.10.12") found components: Interpreter 
[1.975s] -- Found rclcpp: 16.0.9 (/opt/ros/humble/share/rclcpp/cmake)
[2.050s] -- Found rosidl_generator_c: 3.1.5 (/opt/ros/humble/share/rosidl_generator_c/cmake)
[2.058s] -- Found rosidl_adapter: 3.1.5 (/opt/ros/humble/share/rosidl_adapter/cmake)
[2.073s] -- Found rosidl_generator_cpp: 3.1.5 (/opt/ros/humble/share/rosidl_generator_cpp/cmake)
[2.097s] -- Using all available rosidl_typesupport_c: rosidl_typesupport_fastrtps_c;rosidl_typesupport_introspection_c
[2.130s] -- Using all available rosidl_typesupport_cpp: rosidl_typesupport_fastrtps_cpp;rosidl_typesupport_introspection_cpp
[2.252s] -- Found rmw_implementation_cmake: 6.1.2 (/opt/ros/humble/share/rmw_implementation_cmake/cmake)
[2.257s] -- Found rmw_fastrtps_cpp: 6.2.6 (/opt/ros/humble/share/rmw_fastrtps_cpp/cmake)
[2.465s] -- Found OpenSSL: /usr/lib/x86_64-linux-gnu/libcrypto.so (found version "3.0.2")  
[2.499s] -- Found FastRTPS: /opt/ros/humble/include  
[2.556s] -- Using RMW implementation 'rmw_fastrtps_cpp' as default
[2.567s] -- Looking for pthread.h
[2.700s] -- Looking for pthread.h - found
[2.701s] -- Performing Test CMAKE_HAVE_LIBC_PTHREAD
[2.921s] -- Performing Test CMAKE_HAVE_LIBC_PTHREAD - Success
[2.923s] -- Found Threads: TRUE  
[3.073s] -- Found arduniobot_msgs: 0.0.0 (/home/anjali/arduinoboot_ws/src/install/arduniobot_msgs/share/arduniobot_msgs/cmake)
[3.092s] -- Found tf2: 0.25.7 (/opt/ros/humble/share/tf2/cmake)
[3.240s] -- Configuring done
[3.255s] -- Generating done
[3.258s] -- Build files have been written to: /home/anjali/arduinoboot_ws/src/build/ardunioboty_utils
[3.282s] Invoked command in '/home/anjali/arduinoboot_ws/src/build/ardunioboty_utils' returned '0': AMENT_PREFIX_PATH=/home/anjali/arduinoboot_ws/src/install/arduniobot_msgs:${AMENT_PREFIX_PATH} CMAKE_PREFIX_PATH=/home/anjali/arduinoboot_ws/src/install/arduniobot_msgs:/home/anjali/arduinoboot_ws/install/ardunioboty_utils:/home/anjali/arduinoboot_ws/install/arduniobot_msgs:/home/anjali/arduinoboot_ws/install/arduniobot_movelt:/home/anjali/arduinoboot_ws/install/arduniobot_description:/home/anjali/arduinoboot_ws/install/arduniobot_controller:/home/anjali/arduinoboot_ws/install/ardunio_cpp_examples:/home/anjali/arduinoboot_ws/install:/home/anjali/arduinoboot_ws/install/arduinoboot_py_examples:/opt/ros/humble LD_LIBRARY_PATH=/home/anjali/arduinoboot_ws/src/install/arduniobot_msgs/lib:${LD_LIBRARY_PATH} PYTHONPATH=/home/anjali/arduinoboot_ws/src/install/arduniobot_msgs/local/lib/python3.10/dist-packages:${PYTHONPATH} /usr/bin/cmake /home/anjali/arduinoboot_ws/src/ardunioboty_utils -DCMAKE_INSTALL_PREFIX=/home/anjali/arduinoboot_ws/src/install/ardunioboty_utils
[3.286s] Invoking command in '/home/anjali/arduinoboot_ws/src/build/ardunioboty_utils': AMENT_PREFIX_PATH=/home/anjali/arduinoboot_ws/src/install/arduniobot_msgs:${AMENT_PREFIX_PATH} CMAKE_PREFIX_PATH=/home/anjali/arduinoboot_ws/src/install/arduniobot_msgs:/home/anjali/arduinoboot_ws/install/ardunioboty_utils:/home/anjali/arduinoboot_ws/install/arduniobot_msgs:/home/anjali/arduinoboot_ws/install/arduniobot_movelt:/home/anjali/arduinoboot_ws/install/arduniobot_description:/home/anjali/arduinoboot_ws/install/arduniobot_controller:/home/anjali/arduinoboot_ws/install/ardunio_cpp_examples:/home/anjali/arduinoboot_ws/install:/home/anjali/arduinoboot_ws/install/arduinoboot_py_examples:/opt/ros/humble LD_LIBRARY_PATH=/home/anjali/arduinoboot_ws/src/install/arduniobot_msgs/lib:${LD_LIBRARY_PATH} PYTHONPATH=/home/anjali/arduinoboot_ws/src/install/arduniobot_msgs/local/lib/python3.10/dist-packages:${PYTHONPATH} /usr/bin/cmake --build /home/anjali/arduinoboot_ws/src/build/ardunioboty_utils -- -j16 -l16
[3.403s] [ 50%] [32mBuilding CXX object CMakeFiles/angle_conversion.dir/src/angle_conversion.cpp.o[0m
[7.750s] [100%] [32m[1mLinking CXX executable angle_conversion[0m
[7.909s] [100%] Built target angle_conversion
