[0.011s] Invoking command in '/home/nextup/ros2_ws2/src/build/my_robot_interfaces': /usr/bin/cmake /home/nextup/ros2_ws2/src/my_robot_interfaces -DCMAKE_INSTALL_PREFIX=/home/nextup/ros2_ws2/src/install/my_robot_interfaces
[0.022s] -- Found ament_cmake: 1.3.9 (/opt/ros/humble/share/ament_cmake/cmake)
[0.103s] -- Found rclcpp: 16.0.9 (/opt/ros/humble/share/rclcpp/cmake)
[0.120s] -- Found rosidl_generator_c: 3.1.5 (/opt/ros/humble/share/rosidl_generator_c/cmake)
[0.122s] -- Found rosidl_adapter: 3.1.5 (/opt/ros/humble/share/rosidl_adapter/cmake)
[0.126s] -- Found rosidl_generator_cpp: 3.1.5 (/opt/ros/humble/share/rosidl_generator_cpp/cmake)
[0.134s] -- Using all available rosidl_typesupport_c: rosidl_typesupport_fastrtps_c;rosidl_typesupport_introspection_c
[0.143s] -- Using all available rosidl_typesupport_cpp: rosidl_typesupport_fastrtps_cpp;rosidl_typesupport_introspection_cpp
[0.177s] -- Found rmw_implementation_cmake: 6.1.2 (/opt/ros/humble/share/rmw_implementation_cmake/cmake)
[0.178s] -- Found rmw_fastrtps_cpp: 6.2.6 (/opt/ros/humble/share/rmw_fastrtps_cpp/cmake)
[0.251s] -- Using RMW implementation 'rmw_fastrtps_cpp' as default
[0.342s] -- Found rosidl_default_generators: 1.2.0 (/opt/ros/humble/share/rosidl_default_generators/cmake)
[0.497s] Error parsing '/home/nextup/ros2_ws2/src/my_robot_interfaces/package.xml':
[0.530s] Traceback (most recent call last):
[0.531s]   File "/opt/ros/humble/share/ament_cmake_core/cmake/core/package_xml_2_cmake.py", line 150, in <module>
[0.531s]     main()
[0.531s]   File "/opt/ros/humble/share/ament_cmake_core/cmake/core/package_xml_2_cmake.py", line 53, in main
[0.531s]     raise e
[0.531s]   File "/opt/ros/humble/share/ament_cmake_core/cmake/core/package_xml_2_cmake.py", line 49, in main
[0.531s]     package = parse_package_string(
[0.531s]   File "/usr/lib/python3/dist-packages/catkin_pkg/package.py", line 786, in parse_package_string
[0.531s]     raise InvalidPackage('Error(s):%s' % (''.join(['\n- %s' % e for e in errors])), filename)
[0.531s] catkin_pkg.package.InvalidPackage: Error(s) in package '/home/nextup/ros2_ws2/src/my_robot_interfaces/package.xml':
[0.531s] Error(s):
[0.531s] - The manifest of package "my_robot_interfaces" (with format version 2) must not contain the following tags: member_of_group
[0.546s] [31mCMake Error at /opt/ros/humble/share/ament_cmake_core/cmake/core/ament_package_xml.cmake:95 (message):
[0.547s]   execute_process(/usr/bin/python3
[0.547s]   /opt/ros/humble/share/ament_cmake_core/cmake/core/package_xml_2_cmake.py
[0.547s]   /home/nextup/ros2_ws2/src/my_robot_interfaces/package.xml
[0.547s]   /home/nextup/ros2_ws2/src/build/my_robot_interfaces/ament_cmake_core/package.cmake)
[0.547s]   returned error code 1
[0.547s] Call Stack (most recent call first):
[0.547s]   /opt/ros/humble/share/ament_cmake_core/cmake/core/ament_package_xml.cmake:49 (_ament_package_xml)
[0.547s]   /opt/ros/humble/share/rosidl_cmake/cmake/rosidl_generate_interfaces.cmake:226 (ament_package_xml)
[0.547s]   CMakeLists.txt:14 (rosidl_generate_interfaces)
[0.547s] 
[0.547s] [0m
[0.547s] -- Configuring incomplete, errors occurred!
[0.547s] See also "/home/nextup/ros2_ws2/src/build/my_robot_interfaces/CMakeFiles/CMakeOutput.log".
[0.555s] Invoked command in '/home/nextup/ros2_ws2/src/build/my_robot_interfaces' returned '1': /usr/bin/cmake /home/nextup/ros2_ws2/src/my_robot_interfaces -DCMAKE_INSTALL_PREFIX=/home/nextup/ros2_ws2/src/install/my_robot_interfaces
