-- Found ament_cmake: 1.3.9 (/opt/ros/humble/share/ament_cmake/cmake)
-- Found std_msgs: 4.2.4 (/opt/ros/humble/share/std_msgs/cmake)
-- Found rosidl_generator_c: 3.1.5 (/opt/ros/humble/share/rosidl_generator_c/cmake)
-- Found rosidl_adapter: 3.1.5 (/opt/ros/humble/share/rosidl_adapter/cmake)
-- Found rosidl_generator_cpp: 3.1.5 (/opt/ros/humble/share/rosidl_generator_cpp/cmake)
-- Using all available rosidl_typesupport_c: rosidl_typesupport_fastrtps_c;rosidl_typesupport_introspection_c
-- Using all available rosidl_typesupport_cpp: rosidl_typesupport_fastrtps_cpp;rosidl_typesupport_introspection_cpp
-- Found rosidl_default_generators: 1.2.0 (/opt/ros/humble/share/rosidl_default_generators/cmake)
-- Found ament_cmake_ros: 0.10.0 (/opt/ros/humble/share/ament_cmake_ros/cmake)
-- Using all available rosidl_typesupport_c: rosidl_typesupport_fastrtps_c;rosidl_typesupport_introspection_c
-- Using all available rosidl_typesupport_cpp: rosidl_typesupport_fastrtps_cpp;rosidl_typesupport_introspection_cpp
-- Found python_cmake_module: 0.10.0 (/opt/ros/humble/share/python_cmake_module/cmake)
-- Using PYTHON_EXECUTABLE: /usr/bin/python3
-- Using PYTHON_INCLUDE_DIRS: /usr/include/python3.10
-- Using PYTHON_LIBRARIES: /usr/lib/x86_64-linux-gnu/libpython3.10.so
-- Configuring done
-- Generating done
-- Build files have been written to: /home/anjali/arduinoboot_ws/src/build/arduniobot_msgs
[  1%] [34m[1mGenerating C code for ROS interfaces[0m
[  3%] [34m[1mGenerating C++ code for ROS interfaces[0m
[  3%] Built target ament_cmake_python_copy_arduniobot_msgs
running egg_info
writing arduniobot_msgs.egg-info/PKG-INFO
writing dependency_links to arduniobot_msgs.egg-info/dependency_links.txt
writing top-level names to arduniobot_msgs.egg-info/top_level.txt
reading manifest file 'arduniobot_msgs.egg-info/SOURCES.txt'
writing manifest file 'arduniobot_msgs.egg-info/SOURCES.txt'
[  3%] Built target ament_cmake_python_build_arduniobot_msgs_egg
[  3%] Built target arduniobot_msgs__cpp
[  7%] [34m[1mGenerating C++ type support for eProsima Fast-RTPS[0m
[  7%] [34m[1mGenerating C++ introspection for ROS interfaces[0m
[  7%] [34m[1mGenerating C++ type support dispatch for ROS interfaces[0m
[35m[1mConsolidate compiler generated dependencies of target arduniobot_msgs__rosidl_generator_c[0m
[ 11%] [32mBuilding C object CMakeFiles/arduniobot_msgs__rosidl_generator_c.dir/rosidl_generator_c/arduniobot_msgs/srv/detail/euler_to_quaternion__functions.c.o[0m
[ 11%] [32mBuilding C object CMakeFiles/arduniobot_msgs__rosidl_generator_c.dir/rosidl_generator_c/arduniobot_msgs/srv/detail/add_two_ints__functions.c.o[0m
[ 14%] [32mBuilding C object CMakeFiles/arduniobot_msgs__rosidl_generator_c.dir/rosidl_generator_c/arduniobot_msgs/action/detail/arduniobot_task__functions.c.o[0m
[ 14%] [32mBuilding C object CMakeFiles/arduniobot_msgs__rosidl_generator_c.dir/rosidl_generator_c/arduniobot_msgs/srv/detail/quaternion_to_euler__functions.c.o[0m
[ 15%] [32mBuilding C object CMakeFiles/arduniobot_msgs__rosidl_generator_c.dir/rosidl_generator_c/arduniobot_msgs/action/detail/fibonacci__functions.c.o[0m
[ 17%] [32m[1mLinking C shared library libarduniobot_msgs__rosidl_generator_c.so[0m
[ 17%] Built target arduniobot_msgs__rosidl_generator_c
[ 19%] [34m[1mGenerating C type support for eProsima Fast-RTPS[0m
[ 22%] [34m[1mGenerating C introspection for ROS interfaces[0m
[ 22%] [34m[1mGenerating C type support dispatch for ROS interfaces[0m
[35m[1mConsolidate compiler generated dependencies of target arduniobot_msgs__rosidl_typesupport_cpp[0m
[ 23%] [32mBuilding CXX object CMakeFiles/arduniobot_msgs__rosidl_typesupport_cpp.dir/rosidl_typesupport_cpp/arduniobot_msgs/srv/quaternion_to_euler__type_support.cpp.o[0m
[ 26%] [32mBuilding CXX object CMakeFiles/arduniobot_msgs__rosidl_typesupport_cpp.dir/rosidl_typesupport_cpp/arduniobot_msgs/srv/add_two_ints__type_support.cpp.o[0m
[ 26%] [32mBuilding CXX object CMakeFiles/arduniobot_msgs__rosidl_typesupport_cpp.dir/rosidl_typesupport_cpp/arduniobot_msgs/srv/euler_to_quaternion__type_support.cpp.o[0m
[ 30%] [32mBuilding CXX object CMakeFiles/arduniobot_msgs__rosidl_typesupport_cpp.dir/rosidl_typesupport_cpp/arduniobot_msgs/action/fibonacci__type_support.cpp.o[0m
[ 30%] [32mBuilding CXX object CMakeFiles/arduniobot_msgs__rosidl_typesupport_cpp.dir/rosidl_typesupport_cpp/arduniobot_msgs/action/arduniobot_task__type_support.cpp.o[0m
[35m[1mConsolidate compiler generated dependencies of target arduniobot_msgs__rosidl_typesupport_introspection_cpp[0m
[ 31%] [32mBuilding CXX object CMakeFiles/arduniobot_msgs__rosidl_typesupport_introspection_cpp.dir/rosidl_typesupport_introspection_cpp/arduniobot_msgs/srv/detail/add_two_ints__type_support.cpp.o[0m
[ 36%] [32mBuilding CXX object CMakeFiles/arduniobot_msgs__rosidl_typesupport_introspection_cpp.dir/rosidl_typesupport_introspection_cpp/arduniobot_msgs/srv/detail/euler_to_quaternion__type_support.cpp.o[0m
[ 36%] [32mBuilding CXX object CMakeFiles/arduniobot_msgs__rosidl_typesupport_introspection_cpp.dir/rosidl_typesupport_introspection_cpp/arduniobot_msgs/action/detail/arduniobot_task__type_support.cpp.o[0m
[ 36%] [32mBuilding CXX object CMakeFiles/arduniobot_msgs__rosidl_typesupport_introspection_cpp.dir/rosidl_typesupport_introspection_cpp/arduniobot_msgs/srv/detail/quaternion_to_euler__type_support.cpp.o[0m
[ 38%] [32mBuilding CXX object CMakeFiles/arduniobot_msgs__rosidl_typesupport_introspection_cpp.dir/rosidl_typesupport_introspection_cpp/arduniobot_msgs/action/detail/fibonacci__type_support.cpp.o[0m
[35m[1mConsolidate compiler generated dependencies of target arduniobot_msgs__rosidl_typesupport_fastrtps_cpp[0m
[ 39%] [32mBuilding CXX object CMakeFiles/arduniobot_msgs__rosidl_typesupport_fastrtps_cpp.dir/rosidl_typesupport_fastrtps_cpp/arduniobot_msgs/srv/detail/dds_fastrtps/add_two_ints__type_support.cpp.o[0m
[ 41%] [32mBuilding CXX object CMakeFiles/arduniobot_msgs__rosidl_typesupport_fastrtps_cpp.dir/rosidl_typesupport_fastrtps_cpp/arduniobot_msgs/srv/detail/dds_fastrtps/euler_to_quaternion__type_support.cpp.o[0m
[ 42%] [32mBuilding CXX object CMakeFiles/arduniobot_msgs__rosidl_typesupport_fastrtps_cpp.dir/rosidl_typesupport_fastrtps_cpp/arduniobot_msgs/action/detail/dds_fastrtps/fibonacci__type_support.cpp.o[0m
[ 44%] [32mBuilding CXX object CMakeFiles/arduniobot_msgs__rosidl_typesupport_fastrtps_cpp.dir/rosidl_typesupport_fastrtps_cpp/arduniobot_msgs/srv/detail/dds_fastrtps/quaternion_to_euler__type_support.cpp.o[0m
[ 46%] [32mBuilding CXX object CMakeFiles/arduniobot_msgs__rosidl_typesupport_fastrtps_cpp.dir/rosidl_typesupport_fastrtps_cpp/arduniobot_msgs/action/detail/dds_fastrtps/arduniobot_task__type_support.cpp.o[0m
[35m[1mConsolidate compiler generated dependencies of target arduniobot_msgs__rosidl_typesupport_c[0m
[ 47%] [32mBuilding CXX object CMakeFiles/arduniobot_msgs__rosidl_typesupport_c.dir/rosidl_typesupport_c/arduniobot_msgs/srv/add_two_ints__type_support.cpp.o[0m
[ 49%] [32mBuilding CXX object CMakeFiles/arduniobot_msgs__rosidl_typesupport_c.dir/rosidl_typesupport_c/arduniobot_msgs/srv/euler_to_quaternion__type_support.cpp.o[0m
[ 50%] [32mBuilding CXX object CMakeFiles/arduniobot_msgs__rosidl_typesupport_c.dir/rosidl_typesupport_c/arduniobot_msgs/srv/quaternion_to_euler__type_support.cpp.o[0m
[ 52%] [32mBuilding CXX object CMakeFiles/arduniobot_msgs__rosidl_typesupport_c.dir/rosidl_typesupport_c/arduniobot_msgs/action/fibonacci__type_support.cpp.o[0m
[ 53%] [32mBuilding CXX object CMakeFiles/arduniobot_msgs__rosidl_typesupport_c.dir/rosidl_typesupport_c/arduniobot_msgs/action/arduniobot_task__type_support.cpp.o[0m
[35m[1mConsolidate compiler generated dependencies of target arduniobot_msgs__rosidl_typesupport_fastrtps_c[0m
[ 55%] [32m[1mLinking CXX shared library libarduniobot_msgs__rosidl_typesupport_cpp.so[0m
[ 61%] [32mBuilding CXX object CMakeFiles/arduniobot_msgs__rosidl_typesupport_fastrtps_c.dir/rosidl_typesupport_fastrtps_c/arduniobot_msgs/action/detail/fibonacci__type_support_c.cpp.o[0m
[ 61%] [32mBuilding CXX object CMakeFiles/arduniobot_msgs__rosidl_typesupport_fastrtps_c.dir/rosidl_typesupport_fastrtps_c/arduniobot_msgs/srv/detail/euler_to_quaternion__type_support_c.cpp.o[0m
[ 61%] [32mBuilding CXX object CMakeFiles/arduniobot_msgs__rosidl_typesupport_fastrtps_c.dir/rosidl_typesupport_fastrtps_c/arduniobot_msgs/srv/detail/add_two_ints__type_support_c.cpp.o[0m
[ 61%] [32mBuilding CXX object CMakeFiles/arduniobot_msgs__rosidl_typesupport_fastrtps_c.dir/rosidl_typesupport_fastrtps_c/arduniobot_msgs/srv/detail/quaternion_to_euler__type_support_c.cpp.o[0m
[ 63%] [32mBuilding CXX object CMakeFiles/arduniobot_msgs__rosidl_typesupport_fastrtps_c.dir/rosidl_typesupport_fastrtps_c/arduniobot_msgs/action/detail/arduniobot_task__type_support_c.cpp.o[0m
[ 65%] [32m[1mLinking CXX shared library libarduniobot_msgs__rosidl_typesupport_c.so[0m
[35m[1mConsolidate compiler generated dependencies of target arduniobot_msgs__rosidl_typesupport_introspection_c[0m
[ 66%] [32mBuilding C object CMakeFiles/arduniobot_msgs__rosidl_typesupport_introspection_c.dir/rosidl_typesupport_introspection_c/arduniobot_msgs/srv/detail/euler_to_quaternion__type_support.c.o[0m
[ 68%] [32mBuilding C object CMakeFiles/arduniobot_msgs__rosidl_typesupport_introspection_c.dir/rosidl_typesupport_introspection_c/arduniobot_msgs/srv/detail/add_two_ints__type_support.c.o[0m
[ 68%] Built target arduniobot_msgs__rosidl_typesupport_cpp
[ 68%] Built target arduniobot_msgs__rosidl_typesupport_c
[ 69%] [32mBuilding C object CMakeFiles/arduniobot_msgs__rosidl_typesupport_introspection_c.dir/rosidl_typesupport_introspection_c/arduniobot_msgs/srv/detail/quaternion_to_euler__type_support.c.o[0m
[ 73%] [32mBuilding C object CMakeFiles/arduniobot_msgs__rosidl_typesupport_introspection_c.dir/rosidl_typesupport_introspection_c/arduniobot_msgs/action/detail/fibonacci__type_support.c.o[0m
[ 73%] [32mBuilding C object CMakeFiles/arduniobot_msgs__rosidl_typesupport_introspection_c.dir/rosidl_typesupport_introspection_c/arduniobot_msgs/action/detail/arduniobot_task__type_support.c.o[0m
[ 74%] [32m[1mLinking C shared library libarduniobot_msgs__rosidl_typesupport_introspection_c.so[0m
[ 74%] Built target arduniobot_msgs__rosidl_typesupport_introspection_c
[ 76%] [32m[1mLinking CXX shared library libarduniobot_msgs__rosidl_typesupport_introspection_cpp.so[0m
[ 77%] [32m[1mLinking CXX shared library libarduniobot_msgs__rosidl_typesupport_fastrtps_cpp.so[0m
[ 79%] [32m[1mLinking CXX shared library libarduniobot_msgs__rosidl_typesupport_fastrtps_c.so[0m
[ 79%] Built target arduniobot_msgs__rosidl_typesupport_introspection_cpp
[ 79%] Built target arduniobot_msgs__rosidl_typesupport_fastrtps_cpp
[ 79%] Built target arduniobot_msgs__rosidl_typesupport_fastrtps_c
[ 79%] Built target arduniobot_msgs
[ 80%] [34m[1mGenerating Python code for ROS interfaces[0m
[ 80%] Built target arduniobot_msgs__py
[35m[1mConsolidate compiler generated dependencies of target arduniobot_msgs__rosidl_generator_py[0m
[ 84%] [32mBuilding C object CMakeFiles/arduniobot_msgs__rosidl_generator_py.dir/rosidl_generator_py/arduniobot_msgs/srv/_euler_to_quaternion_s.c.o[0m
[ 84%] [32mBuilding C object CMakeFiles/arduniobot_msgs__rosidl_generator_py.dir/rosidl_generator_py/arduniobot_msgs/action/_fibonacci_s.c.o[0m
[ 87%] [32mBuilding C object CMakeFiles/arduniobot_msgs__rosidl_generator_py.dir/rosidl_generator_py/arduniobot_msgs/srv/_add_two_ints_s.c.o[0m
[ 87%] [32mBuilding C object CMakeFiles/arduniobot_msgs__rosidl_generator_py.dir/rosidl_generator_py/arduniobot_msgs/srv/_quaternion_to_euler_s.c.o[0m
[ 88%] [32mBuilding C object CMakeFiles/arduniobot_msgs__rosidl_generator_py.dir/rosidl_generator_py/arduniobot_msgs/action/_arduniobot_task_s.c.o[0m
[ 90%] [32m[1mLinking C shared library rosidl_generator_py/arduniobot_msgs/libarduniobot_msgs__rosidl_generator_py.so[0m
[ 90%] Built target arduniobot_msgs__rosidl_generator_py
[35m[1mConsolidate compiler generated dependencies of target arduniobot_msgs__rosidl_typesupport_introspection_c__pyext[0m
[35m[1mConsolidate compiler generated dependencies of target arduniobot_msgs__rosidl_typesupport_c__pyext[0m
[35m[1mConsolidate compiler generated dependencies of target arduniobot_msgs__rosidl_typesupport_fastrtps_c__pyext[0m
[ 95%] [32mBuilding C object CMakeFiles/arduniobot_msgs__rosidl_typesupport_fastrtps_c__pyext.dir/rosidl_generator_py/arduniobot_msgs/_arduniobot_msgs_s.ep.rosidl_typesupport_fastrtps_c.c.o[0m
[ 95%] [32mBuilding C object CMakeFiles/arduniobot_msgs__rosidl_typesupport_c__pyext.dir/rosidl_generator_py/arduniobot_msgs/_arduniobot_msgs_s.ep.rosidl_typesupport_c.c.o[0m
[ 95%] [32mBuilding C object CMakeFiles/arduniobot_msgs__rosidl_typesupport_introspection_c__pyext.dir/rosidl_generator_py/arduniobot_msgs/_arduniobot_msgs_s.ep.rosidl_typesupport_introspection_c.c.o[0m
[100%] [32m[1mLinking C shared library rosidl_generator_py/arduniobot_msgs/arduniobot_msgs_s__rosidl_typesupport_introspection_c.cpython-310-x86_64-linux-gnu.so[0m
[100%] [32m[1mLinking C shared library rosidl_generator_py/arduniobot_msgs/arduniobot_msgs_s__rosidl_typesupport_fastrtps_c.cpython-310-x86_64-linux-gnu.so[0m
[100%] [32m[1mLinking C shared library rosidl_generator_py/arduniobot_msgs/arduniobot_msgs_s__rosidl_typesupport_c.cpython-310-x86_64-linux-gnu.so[0m
[100%] Built target arduniobot_msgs__rosidl_typesupport_introspection_c__pyext
[100%] Built target arduniobot_msgs__rosidl_typesupport_c__pyext
[100%] Built target arduniobot_msgs__rosidl_typesupport_fastrtps_c__pyext
