[0.244s] Invoking command in '/home/anjali/arduinoboot_ws/build/arduniobot_firmware': CMAKE_PREFIX_PATH=${CMAKE_PREFIX_PATH}:/home/anjali/arduinoboot_ws/install/arduinoboot_py_examples:/opt/ros/humble /usr/bin/cmake /home/anjali/arduinoboot_ws/src/arduniobot_firmware -DCMAKE_INSTALL_PREFIX=/home/anjali/arduinoboot_ws/install/arduniobot_firmware
[0.296s] -- The C compiler identification is GNU 11.4.0
[0.359s] -- The CXX compiler identification is GNU 11.4.0
[0.368s] -- Detecting C compiler ABI info
[0.434s] -- Detecting C compiler ABI info - done
[0.443s] -- Check for working C compiler: /usr/bin/cc - skipped
[0.443s] -- Detecting C compile features
[0.444s] -- Detecting C compile features - done
[0.448s] -- Detecting CXX compiler ABI info
[0.534s] -- Detecting CXX compiler ABI info - done
[0.544s] -- Check for working CXX compiler: /usr/bin/c++ - skipped
[0.544s] -- Detecting CXX compile features
[0.544s] -- Detecting CXX compile features - done
[0.548s] -- Found ament_cmake: 1.3.9 (/opt/ros/humble/share/ament_cmake/cmake)
[1.260s] -- Found Python3: /usr/bin/python3 (found version "3.10.12") found components: Interpreter 
[1.337s] -- Found rclcpp: 16.0.9 (/opt/ros/humble/share/rclcpp/cmake)
[1.373s] -- Found rosidl_generator_c: 3.1.5 (/opt/ros/humble/share/rosidl_generator_c/cmake)
[1.377s] -- Found rosidl_adapter: 3.1.5 (/opt/ros/humble/share/rosidl_adapter/cmake)
[1.384s] -- Found rosidl_generator_cpp: 3.1.5 (/opt/ros/humble/share/rosidl_generator_cpp/cmake)
[1.396s] -- Using all available rosidl_typesupport_c: rosidl_typesupport_fastrtps_c;rosidl_typesupport_introspection_c
[1.414s] -- Using all available rosidl_typesupport_cpp: rosidl_typesupport_fastrtps_cpp;rosidl_typesupport_introspection_cpp
[1.476s] -- Found rmw_implementation_cmake: 6.1.2 (/opt/ros/humble/share/rmw_implementation_cmake/cmake)
[1.478s] -- Found rmw_fastrtps_cpp: 6.2.6 (/opt/ros/humble/share/rmw_fastrtps_cpp/cmake)
[1.570s] -- Found OpenSSL: /usr/lib/x86_64-linux-gnu/libcrypto.so (found version "3.0.2")  
[1.597s] -- Found FastRTPS: /opt/ros/humble/include  
[1.650s] -- Using RMW implementation 'rmw_fastrtps_cpp' as default
[1.663s] -- Looking for pthread.h
[1.724s] -- Looking for pthread.h - found
[1.724s] -- Performing Test CMAKE_HAVE_LIBC_PTHREAD
[1.780s] -- Performing Test CMAKE_HAVE_LIBC_PTHREAD - Success
[1.781s] -- Found Threads: TRUE  
[1.908s] -- Found rclpy: 3.3.13 (/opt/ros/humble/share/rclpy/cmake)
[1.911s] -- Found PkgConfig: /usr/bin/pkg-config (found version "0.29.2") 
[1.911s] -- Checking for module 'libserial'
[1.924s] --   Found libserial, version 1.0.0
[2.001s] -- Configuring done
[2.010s] -- Generating done
[2.011s] -- Build files have been written to: /home/anjali/arduinoboot_ws/build/arduniobot_firmware
[2.021s] Invoked command in '/home/anjali/arduinoboot_ws/build/arduniobot_firmware' returned '0': CMAKE_PREFIX_PATH=${CMAKE_PREFIX_PATH}:/home/anjali/arduinoboot_ws/install/arduinoboot_py_examples:/opt/ros/humble /usr/bin/cmake /home/anjali/arduinoboot_ws/src/arduniobot_firmware -DCMAKE_INSTALL_PREFIX=/home/anjali/arduinoboot_ws/install/arduniobot_firmware
[2.022s] Invoking command in '/home/anjali/arduinoboot_ws/build/arduniobot_firmware': CMAKE_PREFIX_PATH=${CMAKE_PREFIX_PATH}:/home/anjali/arduinoboot_ws/install/arduinoboot_py_examples:/opt/ros/humble /usr/bin/cmake --build /home/anjali/arduinoboot_ws/build/arduniobot_firmware -- -j16 -l16
[2.056s] [ 25%] [32mBuilding CXX object CMakeFiles/simple_serial_receiver.dir/src/simple_serial_receiver.cpp.o[0m
[2.057s] [ 50%] [32mBuilding CXX object CMakeFiles/simple_serial_transmitter.dir/src/simple_serial_transmitter.cpp.o[0m
[4.818s] [ 75%] [32m[1mLinking CXX executable simple_serial_receiver[0m
[4.950s] [ 75%] Built target simple_serial_receiver
[7.007s] [100%] [32m[1mLinking CXX executable simple_serial_transmitter[0m
[7.234s] [100%] Built target simple_serial_transmitter
