[0.774s] Invoking command in '/home/anjali/arduinoboot_ws/src/arduinoboot_py_examples': PYTHONPATH=/home/anjali/arduinoboot_ws/src/build/arduinoboot_py_examples/prefix_override:/usr/lib/python3/dist-packages/colcon_core/task/python/colcon_distutils_commands:/home/anjali/arduinoboot_ws/src/install/arduinoboot_py_examples/lib/python3.10/site-packages:${PYTHONPATH} /usr/bin/python3 -W ignore:setup.py install is deprecated setup.py egg_info --egg-base ../build/arduinoboot_py_examples build --build-base /home/anjali/arduinoboot_ws/src/build/arduinoboot_py_examples/build install --record /home/anjali/arduinoboot_ws/src/build/arduinoboot_py_examples/install.log --single-version-externally-managed install_data
[1.066s] running egg_info
[1.066s] creating ../build/arduinoboot_py_examples/arduinoboot_py_examples.egg-info
[1.076s] writing ../build/arduinoboot_py_examples/arduinoboot_py_examples.egg-info/PKG-INFO
[1.076s] writing dependency_links to ../build/arduinoboot_py_examples/arduinoboot_py_examples.egg-info/dependency_links.txt
[1.077s] writing requirements to ../build/arduinoboot_py_examples/arduinoboot_py_examples.egg-info/requires.txt
[1.077s] writing top-level names to ../build/arduinoboot_py_examples/arduinoboot_py_examples.egg-info/top_level.txt
[1.077s] writing manifest file '../build/arduinoboot_py_examples/arduinoboot_py_examples.egg-info/SOURCES.txt'
[1.109s] reading manifest file '../build/arduinoboot_py_examples/arduinoboot_py_examples.egg-info/SOURCES.txt'
[1.110s] writing manifest file '../build/arduinoboot_py_examples/arduinoboot_py_examples.egg-info/SOURCES.txt'
[1.110s] running build
[1.110s] running build_py
[1.110s] creating /home/anjali/arduinoboot_ws/src/build/arduinoboot_py_examples/build
[1.110s] creating /home/anjali/arduinoboot_ws/src/build/arduinoboot_py_examples/build/lib
[1.110s] creating /home/anjali/arduinoboot_ws/src/build/arduinoboot_py_examples/build/lib/arduinoboot_py_examples
[1.110s] copying arduinoboot_py_examples/__init__.py -> /home/anjali/arduinoboot_ws/src/build/arduinoboot_py_examples/build/lib/arduinoboot_py_examples
[1.110s] running install
[1.114s] running install_lib
[1.124s] creating /home/anjali/arduinoboot_ws/src/install/arduinoboot_py_examples/lib/python3.10/site-packages/arduinoboot_py_examples
[1.124s] copying /home/anjali/arduinoboot_ws/src/build/arduinoboot_py_examples/build/lib/arduinoboot_py_examples/__init__.py -> /home/anjali/arduinoboot_ws/src/install/arduinoboot_py_examples/lib/python3.10/site-packages/arduinoboot_py_examples
[1.124s] byte-compiling /home/anjali/arduinoboot_ws/src/install/arduinoboot_py_examples/lib/python3.10/site-packages/arduinoboot_py_examples/__init__.py to __init__.cpython-310.pyc
[1.124s] running install_data
[1.124s] creating /home/anjali/arduinoboot_ws/src/install/arduinoboot_py_examples/share/ament_index
[1.124s] creating /home/anjali/arduinoboot_ws/src/install/arduinoboot_py_examples/share/ament_index/resource_index
[1.124s] creating /home/anjali/arduinoboot_ws/src/install/arduinoboot_py_examples/share/ament_index/resource_index/packages
[1.124s] copying resource/arduinoboot_py_examples -> /home/anjali/arduinoboot_ws/src/install/arduinoboot_py_examples/share/ament_index/resource_index/packages
[1.124s] copying package.xml -> /home/anjali/arduinoboot_ws/src/install/arduinoboot_py_examples/share/arduinoboot_py_examples
[1.124s] running install_egg_info
[1.135s] Copying ../build/arduinoboot_py_examples/arduinoboot_py_examples.egg-info to /home/anjali/arduinoboot_ws/src/install/arduinoboot_py_examples/lib/python3.10/site-packages/arduinoboot_py_examples-0.0.0-py3.10.egg-info
[1.136s] running install_scripts
[1.178s] writing list of installed files to '/home/anjali/arduinoboot_ws/src/build/arduinoboot_py_examples/install.log'
[1.246s] Invoked command in '/home/anjali/arduinoboot_ws/src/arduinoboot_py_examples' returned '0': PYTHONPATH=/home/anjali/arduinoboot_ws/src/build/arduinoboot_py_examples/prefix_override:/usr/lib/python3/dist-packages/colcon_core/task/python/colcon_distutils_commands:/home/anjali/arduinoboot_ws/src/install/arduinoboot_py_examples/lib/python3.10/site-packages:${PYTHONPATH} /usr/bin/python3 -W ignore:setup.py install is deprecated setup.py egg_info --egg-base ../build/arduinoboot_py_examples build --build-base /home/anjali/arduinoboot_ws/src/build/arduinoboot_py_examples/build install --record /home/anjali/arduinoboot_ws/src/build/arduinoboot_py_examples/install.log --single-version-externally-managed install_data
