[0.007s] Invoking command in '/home/nextup/ros2_ws1/src/build/my_robot_description': CMAKE_PREFIX_PATH=${CMAKE_PREFIX_PATH}:/opt/ros/humble /usr/bin/cmake --build /home/nextup/ros2_ws1/src/build/my_robot_description -- -j16 -l16
[0.022s] -- Found ament_cmake: 1.3.9 (/opt/ros/humble/share/ament_cmake/cmake)
[0.136s] -- Configuring done
[0.137s] -- Generating done
[0.138s] -- Build files have been written to: /home/nextup/ros2_ws1/src/build/my_robot_description
[0.152s] Invoked command in '/home/nextup/ros2_ws1/src/build/my_robot_description' returned '0': CMAKE_PREFIX_PATH=${CMAKE_PREFIX_PATH}:/opt/ros/humble /usr/bin/cmake --build /home/nextup/ros2_ws1/src/build/my_robot_description -- -j16 -l16
[0.172s] Invoking command in '/home/nextup/ros2_ws1/src/build/my_robot_description': CMAKE_PREFIX_PATH=${CMAKE_PREFIX_PATH}:/opt/ros/humble /usr/bin/cmake --install /home/nextup/ros2_ws1/src/build/my_robot_description
[0.176s] -- Install configuration: ""
[0.177s] -- Up-to-date: /home/nextup/ros2_ws1/src/install/my_robot_description/share/my_robot_description//urdf
[0.177s] -- Installing: /home/nextup/ros2_ws1/src/install/my_robot_description/share/my_robot_description//urdf/my_robot.urdf.xacro
[0.177s] -- Installing: /home/nextup/ros2_ws1/src/install/my_robot_description/share/my_robot_description//launch
[0.177s] -- Installing: /home/nextup/ros2_ws1/src/install/my_robot_description/share/my_robot_description//launch/display.launch.xml
[0.177s] [31mCMake Error at cmake_install.cmake:46 (file):
[0.178s]   file INSTALL cannot find
[0.178s]   "/home/nextup/ros2_ws1/src/my_robot_description/rviz": No such file or
[0.178s]   directory.
[0.179s] 
[0.179s] [0m
[0.179s] -- Installing: /home/nextup/ros2_ws1/src/install/my_robot_description/share/my_robot_description//launch/display.launch.py
[0.179s] Invoked command in '/home/nextup/ros2_ws1/src/build/my_robot_description' returned '1': CMAKE_PREFIX_PATH=${CMAKE_PREFIX_PATH}:/opt/ros/humble /usr/bin/cmake --install /home/nextup/ros2_ws1/src/build/my_robot_description
