/home/nextup/ros2_ws2/install/lifecycle_py/lib/python3.10/site-packages/lifecycle_py/move_robot_startup.py
/home/nextup/ros2_ws2/install/lifecycle_py/lib/python3.10/site-packages/lifecycle_py/lifecycle_node_manager.py
/home/nextup/ros2_ws2/install/lifecycle_py/lib/python3.10/site-packages/lifecycle_py/__init__.py
/home/nextup/ros2_ws2/install/lifecycle_py/lib/python3.10/site-packages/lifecycle_py/number_publisher.py
/home/nextup/ros2_ws2/install/lifecycle_py/lib/python3.10/site-packages/lifecycle_py/move_robot_server.py
/home/nextup/ros2_ws2/install/lifecycle_py/lib/python3.10/site-packages/lifecycle_py/__pycache__/move_robot_startup.cpython-310.pyc
/home/nextup/ros2_ws2/install/lifecycle_py/lib/python3.10/site-packages/lifecycle_py/__pycache__/lifecycle_node_manager.cpython-310.pyc
/home/nextup/ros2_ws2/install/lifecycle_py/lib/python3.10/site-packages/lifecycle_py/__pycache__/__init__.cpython-310.pyc
/home/nextup/ros2_ws2/install/lifecycle_py/lib/python3.10/site-packages/lifecycle_py/__pycache__/number_publisher.cpython-310.pyc
/home/nextup/ros2_ws2/install/lifecycle_py/lib/python3.10/site-packages/lifecycle_py/__pycache__/move_robot_server.cpython-310.pyc
/home/nextup/ros2_ws2/install/lifecycle_py/share/ament_index/resource_index/packages/lifecycle_py
/home/nextup/ros2_ws2/install/lifecycle_py/share/lifecycle_py/package.xml
/home/nextup/ros2_ws2/install/lifecycle_py/lib/python3.10/site-packages/lifecycle_py-0.0.0-py3.10.egg-info/entry_points.txt
/home/nextup/ros2_ws2/install/lifecycle_py/lib/python3.10/site-packages/lifecycle_py-0.0.0-py3.10.egg-info/PKG-INFO
/home/nextup/ros2_ws2/install/lifecycle_py/lib/python3.10/site-packages/lifecycle_py-0.0.0-py3.10.egg-info/top_level.txt
/home/nextup/ros2_ws2/install/lifecycle_py/lib/python3.10/site-packages/lifecycle_py-0.0.0-py3.10.egg-info/requires.txt
/home/nextup/ros2_ws2/install/lifecycle_py/lib/python3.10/site-packages/lifecycle_py-0.0.0-py3.10.egg-info/zip-safe
/home/nextup/ros2_ws2/install/lifecycle_py/lib/python3.10/site-packages/lifecycle_py-0.0.0-py3.10.egg-info/dependency_links.txt
/home/nextup/ros2_ws2/install/lifecycle_py/lib/python3.10/site-packages/lifecycle_py-0.0.0-py3.10.egg-info/SOURCES.txt
/home/nextup/ros2_ws2/install/lifecycle_py/lib/lifecycle_py/lifecycle_node_manager
/home/nextup/ros2_ws2/install/lifecycle_py/lib/lifecycle_py/move_robot_server
/home/nextup/ros2_ws2/install/lifecycle_py/lib/lifecycle_py/number_publisher
