[35m[1mConsolidate compiler generated dependencies of target hw_status_publisher[0m
[35m[1mConsolidate compiler generated dependencies of target add_two_ints_no_opp[0m
[35m[1mConsolidate compiler generated dependencies of target smartphone[0m
[35m[1mConsolidate compiler generated dependencies of target add_two_ints_server[0m
[35m[1mConsolidate compiler generated dependencies of target number_publisher[0m
[35m[1mConsolidate compiler generated dependencies of target turtle_catch[0m
[35m[1mConsolidate compiler generated dependencies of target add_two_ints_client.cpp[0m
[35m[1mConsolidate compiler generated dependencies of target robot_news_station[0m
[ 11%] Built target my_first_node
[ 22%] Built target add_two_ints_no_opp
[ 33%] Built target number_publisher
[ 55%] Built target smartphone
[ 61%] Built target add_two_ints_server
[ 66%] Built target hw_status_publisher
[ 94%] [32mBuilding CXX object CMakeFiles/add_two_ints_client.cpp.dir/src/add_two_ints_client.cpp.o[0m
[ 94%] Built target robot_news_station
[ 94%] Built target turtle_catch
[100%] [32m[1mLinking CXX executable add_two_ints_client.cpp[0m
[100%] Built target add_two_ints_client.cpp
-- Install configuration: ""
-- Up-to-date: /home/nextup/ros2_ws/src/install/my_cpp_pkg/lib/my_cpp_pkg/my_first_node
-- Up-to-date: /home/nextup/ros2_ws/src/install/my_cpp_pkg/lib/my_cpp_pkg/robot_news_station
-- Up-to-date: /home/nextup/ros2_ws/src/install/my_cpp_pkg/lib/my_cpp_pkg/hw_status_publisher
-- Up-to-date: /home/nextup/ros2_ws/src/install/my_cpp_pkg/lib/my_cpp_pkg/number_publisher
-- Up-to-date: /home/nextup/ros2_ws/src/install/my_cpp_pkg/lib/my_cpp_pkg/smartphone
-- Up-to-date: /home/nextup/ros2_ws/src/install/my_cpp_pkg/lib/my_cpp_pkg/add_two_ints_server
-- Up-to-date: /home/nextup/ros2_ws/src/install/my_cpp_pkg/lib/my_cpp_pkg/add_two_ints_no_opp
-- Installing: /home/nextup/ros2_ws/src/install/my_cpp_pkg/lib/my_cpp_pkg/add_two_ints_client.cpp
-- Set runtime path of "/home/nextup/ros2_ws/src/install/my_cpp_pkg/lib/my_cpp_pkg/add_two_ints_client.cpp" to ""
-- Up-to-date: /home/nextup/ros2_ws/src/install/my_cpp_pkg/lib/my_cpp_pkg/turtle_catch
-- Up-to-date: /home/nextup/ros2_ws/src/install/my_cpp_pkg/share/ament_index/resource_index/package_run_dependencies/my_cpp_pkg
-- Up-to-date: /home/nextup/ros2_ws/src/install/my_cpp_pkg/share/ament_index/resource_index/parent_prefix_path/my_cpp_pkg
-- Up-to-date: /home/nextup/ros2_ws/src/install/my_cpp_pkg/share/my_cpp_pkg/environment/ament_prefix_path.sh
-- Up-to-date: /home/nextup/ros2_ws/src/install/my_cpp_pkg/share/my_cpp_pkg/environment/ament_prefix_path.dsv
-- Up-to-date: /home/nextup/ros2_ws/src/install/my_cpp_pkg/share/my_cpp_pkg/environment/path.sh
-- Up-to-date: /home/nextup/ros2_ws/src/install/my_cpp_pkg/share/my_cpp_pkg/environment/path.dsv
-- Up-to-date: /home/nextup/ros2_ws/src/install/my_cpp_pkg/share/my_cpp_pkg/local_setup.bash
-- Up-to-date: /home/nextup/ros2_ws/src/install/my_cpp_pkg/share/my_cpp_pkg/local_setup.sh
-- Up-to-date: /home/nextup/ros2_ws/src/install/my_cpp_pkg/share/my_cpp_pkg/local_setup.zsh
-- Up-to-date: /home/nextup/ros2_ws/src/install/my_cpp_pkg/share/my_cpp_pkg/local_setup.dsv
-- Installing: /home/nextup/ros2_ws/src/install/my_cpp_pkg/share/my_cpp_pkg/package.dsv
-- Up-to-date: /home/nextup/ros2_ws/src/install/my_cpp_pkg/share/ament_index/resource_index/packages/my_cpp_pkg
-- Up-to-date: /home/nextup/ros2_ws/src/install/my_cpp_pkg/share/my_cpp_pkg/cmake/my_cpp_pkgConfig.cmake
-- Up-to-date: /home/nextup/ros2_ws/src/install/my_cpp_pkg/share/my_cpp_pkg/cmake/my_cpp_pkgConfig-version.cmake
-- Up-to-date: /home/nextup/ros2_ws/src/install/my_cpp_pkg/share/my_cpp_pkg/package.xml
