[0.009s] Invoking command in '/home/nextup/ros2_ws/src/build/my_cpp_pkg': CMAKE_PREFIX_PATH=${CMAKE_PREFIX_PATH}:/home/nextup/ros2_ws/install/my_py_pkg:/opt/ros/humble /usr/bin/cmake --build /home/nextup/ros2_ws/src/build/my_cpp_pkg -- -j16 -l16
[0.046s] [35m[1mConsolidate compiler generated dependencies of target hw_status_publisher[0m
[0.046s] [35m[1mConsolidate compiler generated dependencies of target add_two_ints_no_opp[0m
[0.046s] [35m[1mConsolidate compiler generated dependencies of target smartphone[0m
[0.046s] [35m[1mConsolidate compiler generated dependencies of target add_two_ints_server[0m
[0.046s] [35m[1mConsolidate compiler generated dependencies of target number_publisher[0m
[0.047s] [35m[1mConsolidate compiler generated dependencies of target turtle_catch[0m
[0.047s] [35m[1mConsolidate compiler generated dependencies of target add_two_ints_client.cpp[0m
[0.047s] [35m[1mConsolidate compiler generated dependencies of target robot_news_station[0m
[0.059s] [ 11%] Built target my_first_node
[0.062s] [ 22%] Built target add_two_ints_no_opp
[0.064s] [ 33%] Built target number_publisher
[0.066s] [ 55%] Built target smartphone
[0.066s] [ 61%] Built target add_two_ints_server
[0.066s] [ 66%] Built target hw_status_publisher
[0.067s] [ 94%] [32mBuilding CXX object CMakeFiles/add_two_ints_client.cpp.dir/src/add_two_ints_client.cpp.o[0m
[0.067s] [ 94%] Built target robot_news_station
[0.068s] [ 94%] Built target turtle_catch
[1.565s] In file included from [01m[K/opt/ros/humble/include/rclcpp/rclcpp/logging.hpp:24[m[K,
[1.565s]                  from [01m[K/opt/ros/humble/include/rclcpp/rclcpp/client.hpp:40[m[K,
[1.565s]                  from [01m[K/opt/ros/humble/include/rclcpp/rclcpp/callback_group.hpp:24[m[K,
[1.565s]                  from [01m[K/opt/ros/humble/include/rclcpp/rclcpp/any_executable.hpp:20[m[K,
[1.565s]                  from [01m[K/opt/ros/humble/include/rclcpp/rclcpp/memory_strategy.hpp:25[m[K,
[1.565s]                  from [01m[K/opt/ros/humble/include/rclcpp/rclcpp/memory_strategies.hpp:18[m[K,
[1.565s]                  from [01m[K/opt/ros/humble/include/rclcpp/rclcpp/executor_options.hpp:20[m[K,
[1.565s]                  from [01m[K/opt/ros/humble/include/rclcpp/rclcpp/executor.hpp:37[m[K,
[1.565s]                  from [01m[K/opt/ros/humble/include/rclcpp/rclcpp/executors/multi_threaded_executor.hpp:25[m[K,
[1.565s]                  from [01m[K/opt/ros/humble/include/rclcpp/rclcpp/executors.hpp:21[m[K,
[1.565s]                  from [01m[K/opt/ros/humble/include/rclcpp/rclcpp/rclcpp.hpp:155[m[K,
[1.566s]                  from [01m[K/home/nextup/ros2_ws/src/my_cpp_pkg/src/add_two_ints_client.cpp:1[m[K:
[1.566s] [01m[K/home/nextup/ros2_ws/src/my_cpp_pkg/src/add_two_ints_client.cpp:[m[K In member function ‘[01m[Kvoid AddTwoIntsClientNode::callAddTwoIntsservice(int, int)[m[K’:
[1.566s] [01m[K/home/nextup/ros2_ws/src/my_cpp_pkg/src/add_two_ints_client.cpp:34:45:[m[K [01;35m[Kwarning: [m[Kformat ‘[01m[K%ld[m[K’ expects argument of type ‘[01m[Klong int[m[K’, but argument 5 has type ‘[01m[Kint[m[K’ [[01;35m[K]8;;https://gcc.gnu.org/onlinedocs/gcc/Warning-Options.html#index-Wformat=-Wformat=]8;;[m[K]
[1.566s]    34 |             RCLCPP_INFO(this->get_logger(), [01;35m[K"%ld + %ld = %ld"[m[K, [32m[Ka[m[K, b, response->sum);
[1.566s]       |                                             [01;35m[K^~~~~~~~~~~~~~~~~[m[K  [32m[K~[m[K
[1.566s]       |                                                                [32m[K|[m[K
[1.566s]       |                                                                [32m[Kint[m[K
[1.566s] [01m[K/home/nextup/ros2_ws/src/my_cpp_pkg/src/add_two_ints_client.cpp:34:48:[m[K [01;36m[Knote: [m[Kformat string is defined here
[1.566s]    34 |             RCLCPP_INFO(this->get_logger(), "[01;36m[K%ld[m[K + %ld = %ld", a, b, response->sum);
[1.566s]       |                                              [01;36m[K~~^[m[K
[1.566s]       |                                                [01;36m[K|[m[K
[1.566s]       |                                                [01;36m[Klong int[m[K
[1.566s]       |                                              [32m[K%d[m[K
[1.566s] In file included from [01m[K/opt/ros/humble/include/rclcpp/rclcpp/logging.hpp:24[m[K,
[1.566s]                  from [01m[K/opt/ros/humble/include/rclcpp/rclcpp/client.hpp:40[m[K,
[1.566s]                  from [01m[K/opt/ros/humble/include/rclcpp/rclcpp/callback_group.hpp:24[m[K,
[1.567s]                  from [01m[K/opt/ros/humble/include/rclcpp/rclcpp/any_executable.hpp:20[m[K,
[1.567s]                  from [01m[K/opt/ros/humble/include/rclcpp/rclcpp/memory_strategy.hpp:25[m[K,
[1.567s]                  from [01m[K/opt/ros/humble/include/rclcpp/rclcpp/memory_strategies.hpp:18[m[K,
[1.567s]                  from [01m[K/opt/ros/humble/include/rclcpp/rclcpp/executor_options.hpp:20[m[K,
[1.567s]                  from [01m[K/opt/ros/humble/include/rclcpp/rclcpp/executor.hpp:37[m[K,
[1.567s]                  from [01m[K/opt/ros/humble/include/rclcpp/rclcpp/executors/multi_threaded_executor.hpp:25[m[K,
[1.567s]                  from [01m[K/opt/ros/humble/include/rclcpp/rclcpp/executors.hpp:21[m[K,
[1.567s]                  from [01m[K/opt/ros/humble/include/rclcpp/rclcpp/rclcpp.hpp:155[m[K,
[1.567s]                  from [01m[K/home/nextup/ros2_ws/src/my_cpp_pkg/src/add_two_ints_client.cpp:1[m[K:
[1.567s] [01m[K/home/nextup/ros2_ws/src/my_cpp_pkg/src/add_two_ints_client.cpp:34:45:[m[K [01;35m[Kwarning: [m[Kformat ‘[01m[K%ld[m[K’ expects argument of type ‘[01m[Klong int[m[K’, but argument 6 has type ‘[01m[Kint[m[K’ [[01;35m[K]8;;https://gcc.gnu.org/onlinedocs/gcc/Warning-Options.html#index-Wformat=-Wformat=]8;;[m[K]
[1.567s]    34 |             RCLCPP_INFO(this->get_logger(), [01;35m[K"%ld + %ld = %ld"[m[K, a, [32m[Kb[m[K, response->sum);
[1.567s]       |                                             [01;35m[K^~~~~~~~~~~~~~~~~[m[K     [32m[K~[m[K
[1.567s]       |                                                                   [32m[K|[m[K
[1.567s]       |                                                                   [32m[Kint[m[K
[1.567s] [01m[K/home/nextup/ros2_ws/src/my_cpp_pkg/src/add_two_ints_client.cpp:34:54:[m[K [01;36m[Knote: [m[Kformat string is defined here
[1.567s]    34 |             RCLCPP_INFO(this->get_logger(), "%ld + [01;36m[K%ld[m[K = %ld", a, b, response->sum);
[1.568s]       |                                                    [01;36m[K~~^[m[K
[1.568s]       |                                                      [01;36m[K|[m[K
[1.568s]       |                                                      [01;36m[Klong int[m[K
[1.568s]       |                                                    [32m[K%d[m[K
[2.272s] [100%] [32m[1mLinking CXX executable add_two_ints_client.cpp[0m
[2.373s] [100%] Built target add_two_ints_client.cpp
[2.381s] Invoked command in '/home/nextup/ros2_ws/src/build/my_cpp_pkg' returned '0': CMAKE_PREFIX_PATH=${CMAKE_PREFIX_PATH}:/home/nextup/ros2_ws/install/my_py_pkg:/opt/ros/humble /usr/bin/cmake --build /home/nextup/ros2_ws/src/build/my_cpp_pkg -- -j16 -l16
[2.412s] Invoking command in '/home/nextup/ros2_ws/src/build/my_cpp_pkg': CMAKE_PREFIX_PATH=${CMAKE_PREFIX_PATH}:/home/nextup/ros2_ws/install/my_py_pkg:/opt/ros/humble /usr/bin/cmake --install /home/nextup/ros2_ws/src/build/my_cpp_pkg
[2.418s] -- Install configuration: ""
[2.418s] -- Up-to-date: /home/nextup/ros2_ws/src/install/my_cpp_pkg/lib/my_cpp_pkg/my_first_node
[2.418s] -- Up-to-date: /home/nextup/ros2_ws/src/install/my_cpp_pkg/lib/my_cpp_pkg/robot_news_station
[2.418s] -- Up-to-date: /home/nextup/ros2_ws/src/install/my_cpp_pkg/lib/my_cpp_pkg/hw_status_publisher
[2.418s] -- Up-to-date: /home/nextup/ros2_ws/src/install/my_cpp_pkg/lib/my_cpp_pkg/number_publisher
[2.418s] -- Up-to-date: /home/nextup/ros2_ws/src/install/my_cpp_pkg/lib/my_cpp_pkg/smartphone
[2.418s] -- Up-to-date: /home/nextup/ros2_ws/src/install/my_cpp_pkg/lib/my_cpp_pkg/add_two_ints_server
[2.419s] -- Up-to-date: /home/nextup/ros2_ws/src/install/my_cpp_pkg/lib/my_cpp_pkg/add_two_ints_no_opp
[2.419s] -- Installing: /home/nextup/ros2_ws/src/install/my_cpp_pkg/lib/my_cpp_pkg/add_two_ints_client.cpp
[2.419s] -- Set runtime path of "/home/nextup/ros2_ws/src/install/my_cpp_pkg/lib/my_cpp_pkg/add_two_ints_client.cpp" to ""
[2.419s] -- Up-to-date: /home/nextup/ros2_ws/src/install/my_cpp_pkg/lib/my_cpp_pkg/turtle_catch
[2.419s] -- Up-to-date: /home/nextup/ros2_ws/src/install/my_cpp_pkg/share/ament_index/resource_index/package_run_dependencies/my_cpp_pkg
[2.419s] -- Up-to-date: /home/nextup/ros2_ws/src/install/my_cpp_pkg/share/ament_index/resource_index/parent_prefix_path/my_cpp_pkg
[2.420s] -- Up-to-date: /home/nextup/ros2_ws/src/install/my_cpp_pkg/share/my_cpp_pkg/environment/ament_prefix_path.sh
[2.420s] -- Up-to-date: /home/nextup/ros2_ws/src/install/my_cpp_pkg/share/my_cpp_pkg/environment/ament_prefix_path.dsv
[2.420s] -- Up-to-date: /home/nextup/ros2_ws/src/install/my_cpp_pkg/share/my_cpp_pkg/environment/path.sh
[2.420s] -- Up-to-date: /home/nextup/ros2_ws/src/install/my_cpp_pkg/share/my_cpp_pkg/environment/path.dsv
[2.420s] -- Up-to-date: /home/nextup/ros2_ws/src/install/my_cpp_pkg/share/my_cpp_pkg/local_setup.bash
[2.420s] -- Up-to-date: /home/nextup/ros2_ws/src/install/my_cpp_pkg/share/my_cpp_pkg/local_setup.sh
[2.420s] -- Up-to-date: /home/nextup/ros2_ws/src/install/my_cpp_pkg/share/my_cpp_pkg/local_setup.zsh
[2.420s] -- Up-to-date: /home/nextup/ros2_ws/src/install/my_cpp_pkg/share/my_cpp_pkg/local_setup.dsv
[2.420s] -- Installing: /home/nextup/ros2_ws/src/install/my_cpp_pkg/share/my_cpp_pkg/package.dsv
[2.420s] -- Up-to-date: /home/nextup/ros2_ws/src/install/my_cpp_pkg/share/ament_index/resource_index/packages/my_cpp_pkg
[2.420s] -- Up-to-date: /home/nextup/ros2_ws/src/install/my_cpp_pkg/share/my_cpp_pkg/cmake/my_cpp_pkgConfig.cmake
[2.420s] -- Up-to-date: /home/nextup/ros2_ws/src/install/my_cpp_pkg/share/my_cpp_pkg/cmake/my_cpp_pkgConfig-version.cmake
[2.420s] -- Up-to-date: /home/nextup/ros2_ws/src/install/my_cpp_pkg/share/my_cpp_pkg/package.xml
[2.421s] Invoked command in '/home/nextup/ros2_ws/src/build/my_cpp_pkg' returned '0': CMAKE_PREFIX_PATH=${CMAKE_PREFIX_PATH}:/home/nextup/ros2_ws/install/my_py_pkg:/opt/ros/humble /usr/bin/cmake --install /home/nextup/ros2_ws/src/build/my_cpp_pkg
