[0.009s] Invoking command in '/home/nextup/ros2_ws1/build/my_robot_description': CMAKE_PREFIX_PATH=${CMAKE_PREFIX_PATH}:/home/nextup/install/turtlesim_catch_them_all:/opt/ros/humble /usr/bin/cmake /home/nextup/ros2_ws1/src/my_robot_description -DAMENT_CMAKE_SYMLINK_INSTALL=1 -DCMAKE_INSTALL_PREFIX=/home/nextup/ros2_ws1/install/my_robot_description
[0.050s] -- Found ament_cmake: 1.3.9 (/opt/ros/humble/share/ament_cmake/cmake)
[0.152s] -- Override CMake install command with custom implementation using symlinks instead of copying resources
[0.214s] -- Configuring done
[0.218s] -- Generating done
[0.218s] -- Build files have been written to: /home/nextup/ros2_ws1/build/my_robot_description
[0.222s] Invoked command in '/home/nextup/ros2_ws1/build/my_robot_description' returned '0': CMAKE_PREFIX_PATH=${CMAKE_PREFIX_PATH}:/home/nextup/install/turtlesim_catch_them_all:/opt/ros/humble /usr/bin/cmake /home/nextup/ros2_ws1/src/my_robot_description -DAMENT_CMAKE_SYMLINK_INSTALL=1 -DCMAKE_INSTALL_PREFIX=/home/nextup/ros2_ws1/install/my_robot_description
[0.223s] Invoking command in '/home/nextup/ros2_ws1/build/my_robot_description': CMAKE_PREFIX_PATH=${CMAKE_PREFIX_PATH}:/home/nextup/install/turtlesim_catch_them_all:/opt/ros/humble /usr/bin/cmake --build /home/nextup/ros2_ws1/build/my_robot_description -- -j16 -l16
[0.253s] Invoked command in '/home/nextup/ros2_ws1/build/my_robot_description' returned '0': CMAKE_PREFIX_PATH=${CMAKE_PREFIX_PATH}:/home/nextup/install/turtlesim_catch_them_all:/opt/ros/humble /usr/bin/cmake --build /home/nextup/ros2_ws1/build/my_robot_description -- -j16 -l16
[0.277s] Invoking command in '/home/nextup/ros2_ws1/build/my_robot_description': CMAKE_PREFIX_PATH=${CMAKE_PREFIX_PATH}:/home/nextup/install/turtlesim_catch_them_all:/opt/ros/humble /usr/bin/cmake --install /home/nextup/ros2_ws1/build/my_robot_description
[0.281s] -- Install configuration: ""
[0.281s] -- Execute custom install script
[0.282s] -- Up-to-date symlink: /home/nextup/ros2_ws1/install/my_robot_description/share/my_robot_description//urdf/common_properties.xacro
[0.282s] -- Up-to-date symlink: /home/nextup/ros2_ws1/install/my_robot_description/share/my_robot_description//urdf/mobile_base.xacro
[0.282s] -- Up-to-date symlink: /home/nextup/ros2_ws1/install/my_robot_description/share/my_robot_description//urdf/mobile_base_gazebo.xacro
[0.282s] -- Up-to-date symlink: /home/nextup/ros2_ws1/install/my_robot_description/share/my_robot_description//urdf/my_robot.urdf.xacro
[0.284s] -- Up-to-date symlink: /home/nextup/ros2_ws1/install/my_robot_description/share/my_robot_description//launch/display.launch.py
[0.284s] -- Up-to-date symlink: /home/nextup/ros2_ws1/install/my_robot_description/share/my_robot_description//launch/display.launch.xml
[0.284s] -- Up-to-date symlink: /home/nextup/ros2_ws1/install/my_robot_description/share/my_robot_description//rviz/urdf_config.rviz
[0.284s] -- Up-to-date symlink: /home/nextup/ros2_ws1/install/my_robot_description/share/ament_index/resource_index/package_run_dependencies/my_robot_description
[0.284s] -- Up-to-date symlink: /home/nextup/ros2_ws1/install/my_robot_description/share/ament_index/resource_index/parent_prefix_path/my_robot_description
[0.285s] -- Up-to-date symlink: /home/nextup/ros2_ws1/install/my_robot_description/share/my_robot_description/environment/ament_prefix_path.sh
[0.285s] -- Up-to-date symlink: /home/nextup/ros2_ws1/install/my_robot_description/share/my_robot_description/environment/ament_prefix_path.dsv
[0.285s] -- Up-to-date symlink: /home/nextup/ros2_ws1/install/my_robot_description/share/my_robot_description/environment/path.sh
[0.285s] -- Up-to-date symlink: /home/nextup/ros2_ws1/install/my_robot_description/share/my_robot_description/environment/path.dsv
[0.285s] -- Up-to-date symlink: /home/nextup/ros2_ws1/install/my_robot_description/share/my_robot_description/local_setup.bash
[0.286s] -- Up-to-date symlink: /home/nextup/ros2_ws1/install/my_robot_description/share/my_robot_description/local_setup.sh
[0.286s] -- Up-to-date symlink: /home/nextup/ros2_ws1/install/my_robot_description/share/my_robot_description/local_setup.zsh
[0.286s] -- Up-to-date symlink: /home/nextup/ros2_ws1/install/my_robot_description/share/my_robot_description/local_setup.dsv
[0.286s] -- Symlinking: /home/nextup/ros2_ws1/install/my_robot_description/share/my_robot_description/package.dsv
[0.294s] -- Up-to-date symlink: /home/nextup/ros2_ws1/install/my_robot_description/share/ament_index/resource_index/packages/my_robot_description
[0.294s] -- Up-to-date symlink: /home/nextup/ros2_ws1/install/my_robot_description/share/my_robot_description/cmake/my_robot_descriptionConfig.cmake
[0.294s] -- Up-to-date symlink: /home/nextup/ros2_ws1/install/my_robot_description/share/my_robot_description/cmake/my_robot_descriptionConfig-version.cmake
[0.294s] -- Up-to-date symlink: /home/nextup/ros2_ws1/install/my_robot_description/share/my_robot_description/package.xml
[0.296s] Invoked command in '/home/nextup/ros2_ws1/build/my_robot_description' returned '0': CMAKE_PREFIX_PATH=${CMAKE_PREFIX_PATH}:/home/nextup/install/turtlesim_catch_them_all:/opt/ros/humble /usr/bin/cmake --install /home/nextup/ros2_ws1/build/my_robot_description
