[0.251s] Invoking command in '/home/anjali/arduinoboot_ws/src/build/arduniobot_controller': CMAKE_PREFIX_PATH=${CMAKE_PREFIX_PATH}:/home/anjali/arduinoboot_ws/install/arduinoboot_py_examples:/opt/ros/humble /usr/bin/cmake --build /home/anjali/arduinoboot_ws/src/build/arduniobot_controller -- -j16 -l16
[0.289s] Invoked command in '/home/anjali/arduinoboot_ws/src/build/arduniobot_controller' returned '0': CMAKE_PREFIX_PATH=${CMAKE_PREFIX_PATH}:/home/anjali/arduinoboot_ws/install/arduinoboot_py_examples:/opt/ros/humble /usr/bin/cmake --build /home/anjali/arduinoboot_ws/src/build/arduniobot_controller -- -j16 -l16
[0.331s] Invoking command in '/home/anjali/arduinoboot_ws/src/build/arduniobot_controller': CMAKE_PREFIX_PATH=${CMAKE_PREFIX_PATH}:/home/anjali/arduinoboot_ws/install/arduinoboot_py_examples:/opt/ros/humble /usr/bin/cmake --install /home/anjali/arduinoboot_ws/src/build/arduniobot_controller
[0.339s] -- Install configuration: ""
[0.342s] -- Up-to-date: /home/anjali/arduinoboot_ws/src/install/arduniobot_controller/share/arduniobot_controller/config
[0.342s] -- Up-to-date: /home/anjali/arduinoboot_ws/src/install/arduniobot_controller/share/arduniobot_controller/config/arduniobot_controller.yaml
[0.342s] -- Up-to-date: /home/anjali/arduinoboot_ws/src/install/arduniobot_controller/share/arduniobot_controller/launch
[0.342s] -- Up-to-date: /home/anjali/arduinoboot_ws/src/install/arduniobot_controller/share/arduniobot_controller/launch/controller.launch.py
[0.347s] -- Up-to-date: /home/anjali/arduinoboot_ws/src/install/arduniobot_controller/share/ament_index/resource_index/package_run_dependencies/arduniobot_controller
[0.347s] -- Up-to-date: /home/anjali/arduinoboot_ws/src/install/arduniobot_controller/share/ament_index/resource_index/parent_prefix_path/arduniobot_controller
[0.347s] -- Up-to-date: /home/anjali/arduinoboot_ws/src/install/arduniobot_controller/share/arduniobot_controller/environment/ament_prefix_path.sh
[0.347s] -- Up-to-date: /home/anjali/arduinoboot_ws/src/install/arduniobot_controller/share/arduniobot_controller/environment/ament_prefix_path.dsv
[0.347s] -- Up-to-date: /home/anjali/arduinoboot_ws/src/install/arduniobot_controller/share/arduniobot_controller/environment/path.sh
[0.348s] -- Up-to-date: /home/anjali/arduinoboot_ws/src/install/arduniobot_controller/share/arduniobot_controller/environment/path.dsv
[0.348s] -- Up-to-date: /home/anjali/arduinoboot_ws/src/install/arduniobot_controller/share/arduniobot_controller/local_setup.bash
[0.351s] -- Up-to-date: /home/anjali/arduinoboot_ws/src/install/arduniobot_controller/share/arduniobot_controller/local_setup.sh
[0.351s] -- Up-to-date: /home/anjali/arduinoboot_ws/src/install/arduniobot_controller/share/arduniobot_controller/local_setup.zsh
[0.351s] -- Up-to-date: /home/anjali/arduinoboot_ws/src/install/arduniobot_controller/share/arduniobot_controller/local_setup.dsv
[0.351s] -- Installing: /home/anjali/arduinoboot_ws/src/install/arduniobot_controller/share/arduniobot_controller/package.dsv
[0.352s] -- Up-to-date: /home/anjali/arduinoboot_ws/src/install/arduniobot_controller/share/ament_index/resource_index/packages/arduniobot_controller
[0.352s] -- Up-to-date: /home/anjali/arduinoboot_ws/src/install/arduniobot_controller/share/arduniobot_controller/cmake/arduniobot_controllerConfig.cmake
[0.352s] -- Up-to-date: /home/anjali/arduinoboot_ws/src/install/arduniobot_controller/share/arduniobot_controller/cmake/arduniobot_controllerConfig-version.cmake
[0.352s] -- Up-to-date: /home/anjali/arduinoboot_ws/src/install/arduniobot_controller/share/arduniobot_controller/package.xml
[0.354s] Invoked command in '/home/anjali/arduinoboot_ws/src/build/arduniobot_controller' returned '0': CMAKE_PREFIX_PATH=${CMAKE_PREFIX_PATH}:/home/anjali/arduinoboot_ws/install/arduinoboot_py_examples:/opt/ros/humble /usr/bin/cmake --install /home/anjali/arduinoboot_ws/src/build/arduniobot_controller
