[0.014s] Invoking command in '/home/nextup/ros2_ws2/src/build/lifecycle_cpp': CMAKE_PREFIX_PATH=${CMAKE_PREFIX_PATH}:/home/nextup/ros2_ws2/install/actions_py:/home/nextup/ros2_ws2/src/install/actions_py:/opt/ros/humble /usr/bin/cmake /home/nextup/ros2_ws2/src/lifecycle_cpp -DCMAKE_INSTALL_PREFIX=/home/nextup/ros2_ws2/src/install/lifecycle_cpp
[0.053s] -- The C compiler identification is GNU 11.4.0
[0.102s] -- The CXX compiler identification is GNU 11.4.0
[0.108s] -- Detecting C compiler ABI info
[0.162s] -- Detecting C compiler ABI info - done
[0.167s] -- Check for working C compiler: /usr/bin/cc - skipped
[0.167s] -- Detecting C compile features
[0.167s] -- Detecting C compile features - done
[0.170s] -- Detecting CXX compiler ABI info
[0.234s] -- Detecting CXX compiler ABI info - done
[0.241s] -- Check for working CXX compiler: /usr/bin/c++ - skipped
[0.242s] -- Detecting CXX compile features
[0.242s] -- Detecting CXX compile features - done
[0.244s] -- Found ament_cmake: 1.3.9 (/opt/ros/humble/share/ament_cmake/cmake)
[0.638s] -- Found Python3: /usr/bin/python3 (found version "3.10.12") found components: Interpreter 
[0.729s] -- Found rclcpp: 16.0.9 (/opt/ros/humble/share/rclcpp/cmake)
[0.779s] -- Found rosidl_generator_c: 3.1.5 (/opt/ros/humble/share/rosidl_generator_c/cmake)
[0.786s] -- Found rosidl_adapter: 3.1.5 (/opt/ros/humble/share/rosidl_adapter/cmake)
[0.796s] -- Found rosidl_generator_cpp: 3.1.5 (/opt/ros/humble/share/rosidl_generator_cpp/cmake)
[0.814s] -- Using all available rosidl_typesupport_c: rosidl_typesupport_fastrtps_c;rosidl_typesupport_introspection_c
[0.841s] -- Using all available rosidl_typesupport_cpp: rosidl_typesupport_fastrtps_cpp;rosidl_typesupport_introspection_cpp
[0.922s] -- Found rmw_implementation_cmake: 6.1.2 (/opt/ros/humble/share/rmw_implementation_cmake/cmake)
[0.925s] -- Found rmw_fastrtps_cpp: 6.2.6 (/opt/ros/humble/share/rmw_fastrtps_cpp/cmake)
[1.044s] -- Found OpenSSL: /usr/lib/x86_64-linux-gnu/libcrypto.so (found version "3.0.2")  
[1.078s] -- Found FastRTPS: /opt/ros/humble/include  
[1.135s] -- Using RMW implementation 'rmw_fastrtps_cpp' as default
[1.143s] -- Looking for pthread.h
[1.219s] -- Looking for pthread.h - found
[1.219s] -- Performing Test CMAKE_HAVE_LIBC_PTHREAD
[1.291s] -- Performing Test CMAKE_HAVE_LIBC_PTHREAD - Success
[1.292s] -- Found Threads: TRUE  
[1.420s] -- Found rclcpp_lifecycle: 16.0.9 (/opt/ros/humble/share/rclcpp_lifecycle/cmake)
[1.454s] -- Found example_interfaces: 0.9.3 (/opt/ros/humble/share/example_interfaces/cmake)
[1.649s] -- Configuring done
[1.657s] -- Generating done
[1.659s] -- Build files have been written to: /home/nextup/ros2_ws2/src/build/lifecycle_cpp
[1.670s] Invoked command in '/home/nextup/ros2_ws2/src/build/lifecycle_cpp' returned '0': CMAKE_PREFIX_PATH=${CMAKE_PREFIX_PATH}:/home/nextup/ros2_ws2/install/actions_py:/home/nextup/ros2_ws2/src/install/actions_py:/opt/ros/humble /usr/bin/cmake /home/nextup/ros2_ws2/src/lifecycle_cpp -DCMAKE_INSTALL_PREFIX=/home/nextup/ros2_ws2/src/install/lifecycle_cpp
[1.671s] Invoking command in '/home/nextup/ros2_ws2/src/build/lifecycle_cpp': CMAKE_PREFIX_PATH=${CMAKE_PREFIX_PATH}:/home/nextup/ros2_ws2/install/actions_py:/home/nextup/ros2_ws2/src/install/actions_py:/opt/ros/humble /usr/bin/cmake --build /home/nextup/ros2_ws2/src/build/lifecycle_cpp -- -j16 -l16
[1.722s] [ 50%] [32mBuilding CXX object CMakeFiles/number_publisher.dir/src/number_publisher.cpp.o[0m
[6.887s] [100%] [32m[1mLinking CXX executable number_publisher[0m
[7.027s] [100%] Built target number_publisher
[7.036s] Invoked command in '/home/nextup/ros2_ws2/src/build/lifecycle_cpp' returned '0': CMAKE_PREFIX_PATH=${CMAKE_PREFIX_PATH}:/home/nextup/ros2_ws2/install/actions_py:/home/nextup/ros2_ws2/src/install/actions_py:/opt/ros/humble /usr/bin/cmake --build /home/nextup/ros2_ws2/src/build/lifecycle_cpp -- -j16 -l16
[7.054s] Invoking command in '/home/nextup/ros2_ws2/src/build/lifecycle_cpp': CMAKE_PREFIX_PATH=${CMAKE_PREFIX_PATH}:/home/nextup/ros2_ws2/install/actions_py:/home/nextup/ros2_ws2/src/install/actions_py:/opt/ros/humble /usr/bin/cmake --install /home/nextup/ros2_ws2/src/build/lifecycle_cpp
[7.059s] -- Install configuration: ""
[7.060s] -- Installing: /home/nextup/ros2_ws2/src/install/lifecycle_cpp/lib/lifecycle_cpp/number_publisher
[7.060s] -- Set runtime path of "/home/nextup/ros2_ws2/src/install/lifecycle_cpp/lib/lifecycle_cpp/number_publisher" to ""
[7.060s] -- Installing: /home/nextup/ros2_ws2/src/install/lifecycle_cpp/share/ament_index/resource_index/package_run_dependencies/lifecycle_cpp
[7.061s] -- Installing: /home/nextup/ros2_ws2/src/install/lifecycle_cpp/share/ament_index/resource_index/parent_prefix_path/lifecycle_cpp
[7.061s] -- Installing: /home/nextup/ros2_ws2/src/install/lifecycle_cpp/share/lifecycle_cpp/environment/ament_prefix_path.sh
[7.061s] -- Installing: /home/nextup/ros2_ws2/src/install/lifecycle_cpp/share/lifecycle_cpp/environment/ament_prefix_path.dsv
[7.061s] -- Installing: /home/nextup/ros2_ws2/src/install/lifecycle_cpp/share/lifecycle_cpp/environment/path.sh
[7.061s] -- Installing: /home/nextup/ros2_ws2/src/install/lifecycle_cpp/share/lifecycle_cpp/environment/path.dsv
[7.061s] -- Installing: /home/nextup/ros2_ws2/src/install/lifecycle_cpp/share/lifecycle_cpp/local_setup.bash
[7.061s] -- Installing: /home/nextup/ros2_ws2/src/install/lifecycle_cpp/share/lifecycle_cpp/local_setup.sh
[7.061s] -- Installing: /home/nextup/ros2_ws2/src/install/lifecycle_cpp/share/lifecycle_cpp/local_setup.zsh
[7.061s] -- Installing: /home/nextup/ros2_ws2/src/install/lifecycle_cpp/share/lifecycle_cpp/local_setup.dsv
[7.061s] -- Installing: /home/nextup/ros2_ws2/src/install/lifecycle_cpp/share/lifecycle_cpp/package.dsv
[7.061s] -- Installing: /home/nextup/ros2_ws2/src/install/lifecycle_cpp/share/ament_index/resource_index/packages/lifecycle_cpp
[7.061s] -- Installing: /home/nextup/ros2_ws2/src/install/lifecycle_cpp/share/lifecycle_cpp/cmake/lifecycle_cppConfig.cmake
[7.061s] -- Installing: /home/nextup/ros2_ws2/src/install/lifecycle_cpp/share/lifecycle_cpp/cmake/lifecycle_cppConfig-version.cmake
[7.062s] -- Installing: /home/nextup/ros2_ws2/src/install/lifecycle_cpp/share/lifecycle_cpp/package.xml
[7.063s] Invoked command in '/home/nextup/ros2_ws2/src/build/lifecycle_cpp' returned '0': CMAKE_PREFIX_PATH=${CMAKE_PREFIX_PATH}:/home/nextup/ros2_ws2/install/actions_py:/home/nextup/ros2_ws2/src/install/actions_py:/opt/ros/humble /usr/bin/cmake --install /home/nextup/ros2_ws2/src/build/lifecycle_cpp
