running develop
/home/nextup/.local/lib/python3.10/site-packages/setuptools/command/develop.py:42: EasyInstallDeprecationWarning: easy_install command is deprecated.
!!

        ********************************************************************************
        Please avoid running ``setup.py`` and ``easy_install``.
        Instead, use pypa/build, pypa/installer or other
        standards-based tools.

        See https://github.com/pypa/setuptools/issues/917 for details.
        ********************************************************************************

!!
  easy_install.initialize_options(self)
running egg_info
writing lifecycle_py.egg-info/PKG-INFO
writing dependency_links to lifecycle_py.egg-info/dependency_links.txt
writing entry points to lifecycle_py.egg-info/entry_points.txt
writing requirements to lifecycle_py.egg-info/requires.txt
writing top-level names to lifecycle_py.egg-info/top_level.txt
reading manifest file 'lifecycle_py.egg-info/SOURCES.txt'
writing manifest file 'lifecycle_py.egg-info/SOURCES.txt'
running build_ext
Creating /home/nextup/ros2_ws2/src/install/lifecycle_py/lib/python3.10/site-packages/lifecycle-py.egg-link (link to .)
Installing lifecycle_node_manager script to /home/nextup/ros2_ws2/src/install/lifecycle_py/lib/lifecycle_py
Installing move_robot_server script to /home/nextup/ros2_ws2/src/install/lifecycle_py/lib/lifecycle_py
Installing number_publisher script to /home/nextup/ros2_ws2/src/install/lifecycle_py/lib/lifecycle_py

Installed /home/nextup/ros2_ws2/src/build/lifecycle_py
running symlink_data
