[0.429s] Invoking command in '/home/nextup/ros2_ws2/src/build/lifecycle_py': PYTHONPATH=/home/nextup/ros2_ws2/src/build/lifecycle_py/prefix_override:/home/nextup/ros2_ws2/src/install/lifecycle_py/lib/python3.10/site-packages:${PYTHONPATH} /usr/bin/python3 -W ignore:setup.py install is deprecated setup.py develop --editable --build-directory /home/nextup/ros2_ws2/src/build/lifecycle_py/build --no-deps symlink_data
[0.625s] running develop
[0.625s] /home/nextup/.local/lib/python3.10/site-packages/setuptools/command/develop.py:42: EasyInstallDeprecationWarning: easy_install command is deprecated.
[0.625s] !!
[0.625s] 
[0.625s]         ********************************************************************************
[0.625s]         Please avoid running ``setup.py`` and ``easy_install``.
[0.625s]         Instead, use pypa/build, pypa/installer or other
[0.625s]         standards-based tools.
[0.625s] 
[0.625s]         See https://github.com/pypa/setuptools/issues/917 for details.
[0.625s]         ********************************************************************************
[0.625s] 
[0.625s] !!
[0.625s]   easy_install.initialize_options(self)
[0.720s] running egg_info
[0.727s] writing lifecycle_py.egg-info/PKG-INFO
[0.727s] writing dependency_links to lifecycle_py.egg-info/dependency_links.txt
[0.727s] writing entry points to lifecycle_py.egg-info/entry_points.txt
[0.727s] writing requirements to lifecycle_py.egg-info/requires.txt
[0.727s] writing top-level names to lifecycle_py.egg-info/top_level.txt
[0.742s] reading manifest file 'lifecycle_py.egg-info/SOURCES.txt'
[0.742s] writing manifest file 'lifecycle_py.egg-info/SOURCES.txt'
[0.750s] running build_ext
[0.750s] Creating /home/nextup/ros2_ws2/src/install/lifecycle_py/lib/python3.10/site-packages/lifecycle-py.egg-link (link to .)
[0.750s] Installing lifecycle_node_manager script to /home/nextup/ros2_ws2/src/install/lifecycle_py/lib/lifecycle_py
[0.751s] Installing move_robot_server script to /home/nextup/ros2_ws2/src/install/lifecycle_py/lib/lifecycle_py
[0.751s] Installing number_publisher script to /home/nextup/ros2_ws2/src/install/lifecycle_py/lib/lifecycle_py
[0.751s] 
[0.751s] Installed /home/nextup/ros2_ws2/src/build/lifecycle_py
[0.751s] running symlink_data
[0.774s] Invoked command in '/home/nextup/ros2_ws2/src/build/lifecycle_py' returned '0': PYTHONPATH=/home/nextup/ros2_ws2/src/build/lifecycle_py/prefix_override:/home/nextup/ros2_ws2/src/install/lifecycle_py/lib/python3.10/site-packages:${PYTHONPATH} /usr/bin/python3 -W ignore:setup.py install is deprecated setup.py develop --editable --build-directory /home/nextup/ros2_ws2/src/build/lifecycle_py/build --no-deps symlink_data
