-- Found ament_cmake: 1.3.9 (/opt/ros/humble/share/ament_cmake/cmake)
-- Found rclcpp: 16.0.9 (/opt/ros/humble/share/rclcpp/cmake)
-- Found rosidl_generator_c: 3.1.5 (/opt/ros/humble/share/rosidl_generator_c/cmake)
-- Found rosidl_adapter: 3.1.5 (/opt/ros/humble/share/rosidl_adapter/cmake)
-- Found rosidl_generator_cpp: 3.1.5 (/opt/ros/humble/share/rosidl_generator_cpp/cmake)
-- Using all available rosidl_typesupport_c: rosidl_typesupport_fastrtps_c;rosidl_typesupport_introspection_c
-- Using all available rosidl_typesupport_cpp: rosidl_typesupport_fastrtps_cpp;rosidl_typesupport_introspection_cpp
-- Found rmw_implementation_cmake: 6.1.2 (/opt/ros/humble/share/rmw_implementation_cmake/cmake)
-- Found rmw_fastrtps_cpp: 6.2.6 (/opt/ros/humble/share/rmw_fastrtps_cpp/cmake)
-- Using RMW implementation 'rmw_fastrtps_cpp' as default
-- Found example_interfaces: 0.9.3 (/opt/ros/humble/share/example_interfaces/cmake)
-- Found my_robot_interfaces: 0.0.0 (/home/nextup/ros2_ws/install/my_robot_interfaces/share/my_robot_interfaces/cmake)
-- Found geometry_msgs: 4.2.4 (/opt/ros/humble/share/geometry_msgs/cmake)
-- Found turtlesim: 1.4.2 (/opt/ros/humble/share/turtlesim/cmake)
-- Configuring done
-- Generating done
-- Build files have been written to: /home/nextup/ros2_ws/src/build/my_cpp_pkg
[35m[1mConsolidate compiler generated dependencies of target my_first_node[0m
[35m[1mConsolidate compiler generated dependencies of target robot_news_station[0m
[ 11%] [32mBuilding CXX object CMakeFiles/hw_status_publisher.dir/src/hw_status_publisher.cpp.o[0m
[ 11%] [32mBuilding CXX object CMakeFiles/number_publisher.dir/src/number_publisher.cpp.o[0m
[ 16%] [32mBuilding CXX object CMakeFiles/add_two_ints_client.cpp.dir/src/add_two_ints_client.cpp.o[0m
[ 22%] [32mBuilding CXX object CMakeFiles/robot_news_station.dir/src/robot_news_station.cpp.o[0m
[ 44%] [32mBuilding CXX object CMakeFiles/add_two_ints_server.dir/src/add_two_ints_server.cpp.o[0m
[ 44%] [32mBuilding CXX object CMakeFiles/add_two_ints_no_opp.dir/src/add_two_ints_no_opp.cpp.o[0m
[ 44%] [32mBuilding CXX object CMakeFiles/smartphone.dir/src/smartphone.cpp.o[0m
[ 44%] [32mBuilding CXX object CMakeFiles/turtle_catch.dir/src/turtle_catch.cpp.o[0m
[ 55%] Built target my_first_node
In file included from [01m[K/opt/ros/humble/include/rclcpp/rclcpp/logging.hpp:24[m[K,
                 from [01m[K/opt/ros/humble/include/rclcpp/rclcpp/client.hpp:40[m[K,
                 from [01m[K/opt/ros/humble/include/rclcpp/rclcpp/callback_group.hpp:24[m[K,
                 from [01m[K/opt/ros/humble/include/rclcpp/rclcpp/any_executable.hpp:20[m[K,
                 from [01m[K/opt/ros/humble/include/rclcpp/rclcpp/memory_strategy.hpp:25[m[K,
                 from [01m[K/opt/ros/humble/include/rclcpp/rclcpp/memory_strategies.hpp:18[m[K,
                 from [01m[K/opt/ros/humble/include/rclcpp/rclcpp/executor_options.hpp:20[m[K,
                 from [01m[K/opt/ros/humble/include/rclcpp/rclcpp/executor.hpp:37[m[K,
                 from [01m[K/opt/ros/humble/include/rclcpp/rclcpp/executors/multi_threaded_executor.hpp:25[m[K,
                 from [01m[K/opt/ros/humble/include/rclcpp/rclcpp/executors.hpp:21[m[K,
                 from [01m[K/opt/ros/humble/include/rclcpp/rclcpp/rclcpp.hpp:155[m[K,
                 from [01m[K/home/nextup/ros2_ws/src/my_cpp_pkg/src/add_two_ints_client.cpp:1[m[K:
[01m[K/home/nextup/ros2_ws/src/my_cpp_pkg/src/add_two_ints_client.cpp:[m[K In member function ‘[01m[Kvoid AddTwoIntsClientNode::callAddTwoIntsservice(int, int)[m[K’:
[01m[K/home/nextup/ros2_ws/src/my_cpp_pkg/src/add_two_ints_client.cpp:34:45:[m[K [01;35m[Kwarning: [m[Kformat ‘[01m[K%d[m[K’ expects argument of type ‘[01m[Kint[m[K’, but argument 7 has type ‘[01m[Kexample_interfaces::srv::AddTwoInts_Response_<std::allocator<void> >::_sum_type[m[K’ {aka ‘[01m[Klong int[m[K’} [[01;35m[K]8;;https://gcc.gnu.org/onlinedocs/gcc/Warning-Options.html#index-Wformat=-Wformat=]8;;[m[K]
   34 |             RCLCPP_INFO(this->get_logger(), [01;35m[K"%d + %d = %d"[m[K, a, b, [32m[Kresponse->sum[m[K);
      |                                             [01;35m[K^~~~~~~~~~~~~~[m[K        [32m[K~~~~~~~~~~~~~[m[K
      |                                                                             [32m[K|[m[K
      |                                                                             [32m[Kexample_interfaces::srv::AddTwoInts_Response_<std::allocator<void> >::_sum_type {aka long int}[m[K
[01m[K/home/nextup/ros2_ws/src/my_cpp_pkg/src/add_two_ints_client.cpp:34:57:[m[K [01;36m[Knote: [m[Kformat string is defined here
   34 |             RCLCPP_INFO(this->get_logger(), "%d + %d = [01;36m[K%d[m[K", a, b, response->sum);
      |                                                        [01;36m[K~^[m[K
      |                                                         [01;36m[K|[m[K
      |                                                         [01;36m[Kint[m[K
      |                                                        [32m[K%ld[m[K
[ 66%] [32m[1mLinking CXX executable add_two_ints_server[0m
[ 66%] [32m[1mLinking CXX executable add_two_ints_no_opp[0m
[ 72%] [32m[1mLinking CXX executable add_two_ints_client.cpp[0m
[ 72%] Built target add_two_ints_no_opp
[ 72%] Built target add_two_ints_server
[ 72%] Built target add_two_ints_client.cpp
[ 77%] [32m[1mLinking CXX executable robot_news_station[0m
[ 83%] [32m[1mLinking CXX executable hw_status_publisher[0m
[ 88%] [32m[1mLinking CXX executable number_publisher[0m
[ 88%] Built target robot_news_station
[ 88%] Built target hw_status_publisher
[ 88%] Built target number_publisher
[ 94%] [32m[1mLinking CXX executable smartphone[0m
[ 94%] Built target smartphone
[100%] [32m[1mLinking CXX executable turtle_catch[0m
[100%] Built target turtle_catch
-- Install configuration: ""
-- Installing: /home/nextup/ros2_ws/src/install/my_cpp_pkg/lib/my_cpp_pkg/my_first_node
-- Set runtime path of "/home/nextup/ros2_ws/src/install/my_cpp_pkg/lib/my_cpp_pkg/my_first_node" to ""
-- Installing: /home/nextup/ros2_ws/src/install/my_cpp_pkg/lib/my_cpp_pkg/robot_news_station
-- Set runtime path of "/home/nextup/ros2_ws/src/install/my_cpp_pkg/lib/my_cpp_pkg/robot_news_station" to ""
-- Installing: /home/nextup/ros2_ws/src/install/my_cpp_pkg/lib/my_cpp_pkg/hw_status_publisher
-- Set runtime path of "/home/nextup/ros2_ws/src/install/my_cpp_pkg/lib/my_cpp_pkg/hw_status_publisher" to ""
-- Installing: /home/nextup/ros2_ws/src/install/my_cpp_pkg/lib/my_cpp_pkg/number_publisher
-- Set runtime path of "/home/nextup/ros2_ws/src/install/my_cpp_pkg/lib/my_cpp_pkg/number_publisher" to ""
-- Installing: /home/nextup/ros2_ws/src/install/my_cpp_pkg/lib/my_cpp_pkg/smartphone
-- Set runtime path of "/home/nextup/ros2_ws/src/install/my_cpp_pkg/lib/my_cpp_pkg/smartphone" to ""
-- Installing: /home/nextup/ros2_ws/src/install/my_cpp_pkg/lib/my_cpp_pkg/add_two_ints_server
-- Set runtime path of "/home/nextup/ros2_ws/src/install/my_cpp_pkg/lib/my_cpp_pkg/add_two_ints_server" to ""
-- Installing: /home/nextup/ros2_ws/src/install/my_cpp_pkg/lib/my_cpp_pkg/add_two_ints_no_opp
-- Set runtime path of "/home/nextup/ros2_ws/src/install/my_cpp_pkg/lib/my_cpp_pkg/add_two_ints_no_opp" to ""
-- Installing: /home/nextup/ros2_ws/src/install/my_cpp_pkg/lib/my_cpp_pkg/add_two_ints_client.cpp
-- Set runtime path of "/home/nextup/ros2_ws/src/install/my_cpp_pkg/lib/my_cpp_pkg/add_two_ints_client.cpp" to ""
-- Installing: /home/nextup/ros2_ws/src/install/my_cpp_pkg/lib/my_cpp_pkg/turtle_catch
-- Set runtime path of "/home/nextup/ros2_ws/src/install/my_cpp_pkg/lib/my_cpp_pkg/turtle_catch" to ""
-- Installing: /home/nextup/ros2_ws/src/install/my_cpp_pkg/share/ament_index/resource_index/package_run_dependencies/my_cpp_pkg
-- Installing: /home/nextup/ros2_ws/src/install/my_cpp_pkg/share/ament_index/resource_index/parent_prefix_path/my_cpp_pkg
-- Installing: /home/nextup/ros2_ws/src/install/my_cpp_pkg/share/my_cpp_pkg/environment/ament_prefix_path.sh
-- Installing: /home/nextup/ros2_ws/src/install/my_cpp_pkg/share/my_cpp_pkg/environment/ament_prefix_path.dsv
-- Installing: /home/nextup/ros2_ws/src/install/my_cpp_pkg/share/my_cpp_pkg/environment/path.sh
-- Installing: /home/nextup/ros2_ws/src/install/my_cpp_pkg/share/my_cpp_pkg/environment/path.dsv
-- Installing: /home/nextup/ros2_ws/src/install/my_cpp_pkg/share/my_cpp_pkg/local_setup.bash
-- Installing: /home/nextup/ros2_ws/src/install/my_cpp_pkg/share/my_cpp_pkg/local_setup.sh
-- Installing: /home/nextup/ros2_ws/src/install/my_cpp_pkg/share/my_cpp_pkg/local_setup.zsh
-- Installing: /home/nextup/ros2_ws/src/install/my_cpp_pkg/share/my_cpp_pkg/local_setup.dsv
-- Installing: /home/nextup/ros2_ws/src/install/my_cpp_pkg/share/my_cpp_pkg/package.dsv
-- Installing: /home/nextup/ros2_ws/src/install/my_cpp_pkg/share/ament_index/resource_index/packages/my_cpp_pkg
-- Installing: /home/nextup/ros2_ws/src/install/my_cpp_pkg/share/my_cpp_pkg/cmake/my_cpp_pkgConfig.cmake
-- Installing: /home/nextup/ros2_ws/src/install/my_cpp_pkg/share/my_cpp_pkg/cmake/my_cpp_pkgConfig-version.cmake
-- Installing: /home/nextup/ros2_ws/src/install/my_cpp_pkg/share/my_cpp_pkg/package.xml
