[0.008s] Invoking command in '/home/nextup/ros2_ws/src/build/my_cpp_pkg': CMAKE_PREFIX_PATH=${CMAKE_PREFIX_PATH}:/home/nextup/ros2_ws/install/my_py_pkg:/opt/ros/humble /usr/bin/cmake --build /home/nextup/ros2_ws/src/build/my_cpp_pkg -- -j16 -l16
[0.026s] -- Found ament_cmake: 1.3.9 (/opt/ros/humble/share/ament_cmake/cmake)
[0.114s] -- Found rclcpp: 16.0.9 (/opt/ros/humble/share/rclcpp/cmake)
[0.133s] -- Found rosidl_generator_c: 3.1.5 (/opt/ros/humble/share/rosidl_generator_c/cmake)
[0.134s] -- Found rosidl_adapter: 3.1.5 (/opt/ros/humble/share/rosidl_adapter/cmake)
[0.138s] -- Found rosidl_generator_cpp: 3.1.5 (/opt/ros/humble/share/rosidl_generator_cpp/cmake)
[0.145s] -- Using all available rosidl_typesupport_c: rosidl_typesupport_fastrtps_c;rosidl_typesupport_introspection_c
[0.154s] -- Using all available rosidl_typesupport_cpp: rosidl_typesupport_fastrtps_cpp;rosidl_typesupport_introspection_cpp
[0.190s] -- Found rmw_implementation_cmake: 6.1.2 (/opt/ros/humble/share/rmw_implementation_cmake/cmake)
[0.191s] -- Found rmw_fastrtps_cpp: 6.2.6 (/opt/ros/humble/share/rmw_fastrtps_cpp/cmake)
[0.264s] -- Using RMW implementation 'rmw_fastrtps_cpp' as default
[0.358s] -- Found example_interfaces: 0.9.3 (/opt/ros/humble/share/example_interfaces/cmake)
[0.443s] -- Found my_robot_interfaces: 0.0.0 (/home/nextup/ros2_ws/install/my_robot_interfaces/share/my_robot_interfaces/cmake)
[0.457s] -- Found geometry_msgs: 4.2.4 (/opt/ros/humble/share/geometry_msgs/cmake)
[0.487s] -- Found turtlesim: 1.4.2 (/opt/ros/humble/share/turtlesim/cmake)
[0.570s] -- Configuring done
[0.591s] -- Generating done
[0.592s] -- Build files have been written to: /home/nextup/ros2_ws/src/build/my_cpp_pkg
[0.613s] [35m[1mConsolidate compiler generated dependencies of target my_first_node[0m
[0.613s] [35m[1mConsolidate compiler generated dependencies of target robot_news_station[0m
[0.621s] [ 11%] [32mBuilding CXX object CMakeFiles/hw_status_publisher.dir/src/hw_status_publisher.cpp.o[0m
[0.622s] [ 11%] [32mBuilding CXX object CMakeFiles/number_publisher.dir/src/number_publisher.cpp.o[0m
[0.628s] [ 16%] [32mBuilding CXX object CMakeFiles/add_two_ints_client.cpp.dir/src/add_two_ints_client.cpp.o[0m
[0.628s] [ 22%] [32mBuilding CXX object CMakeFiles/robot_news_station.dir/src/robot_news_station.cpp.o[0m
[0.628s] [ 44%] [32mBuilding CXX object CMakeFiles/add_two_ints_server.dir/src/add_two_ints_server.cpp.o[0m
[0.628s] [ 44%] [32mBuilding CXX object CMakeFiles/add_two_ints_no_opp.dir/src/add_two_ints_no_opp.cpp.o[0m
[0.628s] [ 44%] [32mBuilding CXX object CMakeFiles/smartphone.dir/src/smartphone.cpp.o[0m
[0.628s] [ 44%] [32mBuilding CXX object CMakeFiles/turtle_catch.dir/src/turtle_catch.cpp.o[0m
[0.631s] [ 55%] Built target my_first_node
[3.539s] In file included from [01m[K/opt/ros/humble/include/rclcpp/rclcpp/logging.hpp:24[m[K,
[3.539s]                  from [01m[K/opt/ros/humble/include/rclcpp/rclcpp/client.hpp:40[m[K,
[3.539s]                  from [01m[K/opt/ros/humble/include/rclcpp/rclcpp/callback_group.hpp:24[m[K,
[3.539s]                  from [01m[K/opt/ros/humble/include/rclcpp/rclcpp/any_executable.hpp:20[m[K,
[3.539s]                  from [01m[K/opt/ros/humble/include/rclcpp/rclcpp/memory_strategy.hpp:25[m[K,
[3.539s]                  from [01m[K/opt/ros/humble/include/rclcpp/rclcpp/memory_strategies.hpp:18[m[K,
[3.539s]                  from [01m[K/opt/ros/humble/include/rclcpp/rclcpp/executor_options.hpp:20[m[K,
[3.540s]                  from [01m[K/opt/ros/humble/include/rclcpp/rclcpp/executor.hpp:37[m[K,
[3.540s]                  from [01m[K/opt/ros/humble/include/rclcpp/rclcpp/executors/multi_threaded_executor.hpp:25[m[K,
[3.540s]                  from [01m[K/opt/ros/humble/include/rclcpp/rclcpp/executors.hpp:21[m[K,
[3.540s]                  from [01m[K/opt/ros/humble/include/rclcpp/rclcpp/rclcpp.hpp:155[m[K,
[3.540s]                  from [01m[K/home/nextup/ros2_ws/src/my_cpp_pkg/src/add_two_ints_client.cpp:1[m[K:
[3.540s] [01m[K/home/nextup/ros2_ws/src/my_cpp_pkg/src/add_two_ints_client.cpp:[m[K In member function ‘[01m[Kvoid AddTwoIntsClientNode::callAddTwoIntsservice(int, int)[m[K’:
[3.540s] [01m[K/home/nextup/ros2_ws/src/my_cpp_pkg/src/add_two_ints_client.cpp:34:45:[m[K [01;35m[Kwarning: [m[Kformat ‘[01m[K%d[m[K’ expects argument of type ‘[01m[Kint[m[K’, but argument 7 has type ‘[01m[Kexample_interfaces::srv::AddTwoInts_Response_<std::allocator<void> >::_sum_type[m[K’ {aka ‘[01m[Klong int[m[K’} [[01;35m[K]8;;https://gcc.gnu.org/onlinedocs/gcc/Warning-Options.html#index-Wformat=-Wformat=]8;;[m[K]
[3.540s]    34 |             RCLCPP_INFO(this->get_logger(), [01;35m[K"%d + %d = %d"[m[K, a, b, [32m[Kresponse->sum[m[K);
[3.540s]       |                                             [01;35m[K^~~~~~~~~~~~~~[m[K        [32m[K~~~~~~~~~~~~~[m[K
[3.540s]       |                                                                             [32m[K|[m[K
[3.540s]       |                                                                             [32m[Kexample_interfaces::srv::AddTwoInts_Response_<std::allocator<void> >::_sum_type {aka long int}[m[K
[3.540s] [01m[K/home/nextup/ros2_ws/src/my_cpp_pkg/src/add_two_ints_client.cpp:34:57:[m[K [01;36m[Knote: [m[Kformat string is defined here
[3.541s]    34 |             RCLCPP_INFO(this->get_logger(), "%d + %d = [01;36m[K%d[m[K", a, b, response->sum);
[3.541s]       |                                                        [01;36m[K~^[m[K
[3.541s]       |                                                         [01;36m[K|[m[K
[3.541s]       |                                                         [01;36m[Kint[m[K
[3.541s]       |                                                        [32m[K%ld[m[K
[5.569s] [ 66%] [32m[1mLinking CXX executable add_two_ints_server[0m
[5.570s] [ 66%] [32m[1mLinking CXX executable add_two_ints_no_opp[0m
[5.595s] [ 72%] [32m[1mLinking CXX executable add_two_ints_client.cpp[0m
[5.961s] [ 72%] Built target add_two_ints_no_opp
[6.031s] [ 72%] Built target add_two_ints_server
[6.057s] [ 72%] Built target add_two_ints_client.cpp
[6.102s] [ 77%] [32m[1mLinking CXX executable robot_news_station[0m
[6.163s] [ 83%] [32m[1mLinking CXX executable hw_status_publisher[0m
[6.307s] [ 88%] [32m[1mLinking CXX executable number_publisher[0m
[6.338s] [ 88%] Built target robot_news_station
[6.435s] [ 88%] Built target hw_status_publisher
[6.520s] [ 88%] Built target number_publisher
[9.654s] [ 94%] [32m[1mLinking CXX executable smartphone[0m
[9.978s] [ 94%] Built target smartphone
[9.998s] [100%] [32m[1mLinking CXX executable turtle_catch[0m
[10.326s] [100%] Built target turtle_catch
[10.340s] Invoked command in '/home/nextup/ros2_ws/src/build/my_cpp_pkg' returned '0': CMAKE_PREFIX_PATH=${CMAKE_PREFIX_PATH}:/home/nextup/ros2_ws/install/my_py_pkg:/opt/ros/humble /usr/bin/cmake --build /home/nextup/ros2_ws/src/build/my_cpp_pkg -- -j16 -l16
[10.372s] Invoking command in '/home/nextup/ros2_ws/src/build/my_cpp_pkg': CMAKE_PREFIX_PATH=${CMAKE_PREFIX_PATH}:/home/nextup/ros2_ws/install/my_py_pkg:/opt/ros/humble /usr/bin/cmake --install /home/nextup/ros2_ws/src/build/my_cpp_pkg
[10.379s] -- Install configuration: ""
[10.380s] -- Installing: /home/nextup/ros2_ws/src/install/my_cpp_pkg/lib/my_cpp_pkg/my_first_node
[10.381s] -- Set runtime path of "/home/nextup/ros2_ws/src/install/my_cpp_pkg/lib/my_cpp_pkg/my_first_node" to ""
[10.382s] -- Installing: /home/nextup/ros2_ws/src/install/my_cpp_pkg/lib/my_cpp_pkg/robot_news_station
[10.382s] -- Set runtime path of "/home/nextup/ros2_ws/src/install/my_cpp_pkg/lib/my_cpp_pkg/robot_news_station" to ""
[10.382s] -- Installing: /home/nextup/ros2_ws/src/install/my_cpp_pkg/lib/my_cpp_pkg/hw_status_publisher
[10.383s] -- Set runtime path of "/home/nextup/ros2_ws/src/install/my_cpp_pkg/lib/my_cpp_pkg/hw_status_publisher" to ""
[10.383s] -- Installing: /home/nextup/ros2_ws/src/install/my_cpp_pkg/lib/my_cpp_pkg/number_publisher
[10.384s] -- Set runtime path of "/home/nextup/ros2_ws/src/install/my_cpp_pkg/lib/my_cpp_pkg/number_publisher" to ""
[10.384s] -- Installing: /home/nextup/ros2_ws/src/install/my_cpp_pkg/lib/my_cpp_pkg/smartphone
[10.388s] -- Set runtime path of "/home/nextup/ros2_ws/src/install/my_cpp_pkg/lib/my_cpp_pkg/smartphone" to ""
[10.388s] -- Installing: /home/nextup/ros2_ws/src/install/my_cpp_pkg/lib/my_cpp_pkg/add_two_ints_server
[10.388s] -- Set runtime path of "/home/nextup/ros2_ws/src/install/my_cpp_pkg/lib/my_cpp_pkg/add_two_ints_server" to ""
[10.389s] -- Installing: /home/nextup/ros2_ws/src/install/my_cpp_pkg/lib/my_cpp_pkg/add_two_ints_no_opp
[10.389s] -- Set runtime path of "/home/nextup/ros2_ws/src/install/my_cpp_pkg/lib/my_cpp_pkg/add_two_ints_no_opp" to ""
[10.389s] -- Installing: /home/nextup/ros2_ws/src/install/my_cpp_pkg/lib/my_cpp_pkg/add_two_ints_client.cpp
[10.390s] -- Set runtime path of "/home/nextup/ros2_ws/src/install/my_cpp_pkg/lib/my_cpp_pkg/add_two_ints_client.cpp" to ""
[10.390s] -- Installing: /home/nextup/ros2_ws/src/install/my_cpp_pkg/lib/my_cpp_pkg/turtle_catch
[10.392s] -- Set runtime path of "/home/nextup/ros2_ws/src/install/my_cpp_pkg/lib/my_cpp_pkg/turtle_catch" to ""
[10.392s] -- Installing: /home/nextup/ros2_ws/src/install/my_cpp_pkg/share/ament_index/resource_index/package_run_dependencies/my_cpp_pkg
[10.392s] -- Installing: /home/nextup/ros2_ws/src/install/my_cpp_pkg/share/ament_index/resource_index/parent_prefix_path/my_cpp_pkg
[10.393s] -- Installing: /home/nextup/ros2_ws/src/install/my_cpp_pkg/share/my_cpp_pkg/environment/ament_prefix_path.sh
[10.393s] -- Installing: /home/nextup/ros2_ws/src/install/my_cpp_pkg/share/my_cpp_pkg/environment/ament_prefix_path.dsv
[10.393s] -- Installing: /home/nextup/ros2_ws/src/install/my_cpp_pkg/share/my_cpp_pkg/environment/path.sh
[10.393s] -- Installing: /home/nextup/ros2_ws/src/install/my_cpp_pkg/share/my_cpp_pkg/environment/path.dsv
[10.394s] -- Installing: /home/nextup/ros2_ws/src/install/my_cpp_pkg/share/my_cpp_pkg/local_setup.bash
[10.394s] -- Installing: /home/nextup/ros2_ws/src/install/my_cpp_pkg/share/my_cpp_pkg/local_setup.sh
[10.394s] -- Installing: /home/nextup/ros2_ws/src/install/my_cpp_pkg/share/my_cpp_pkg/local_setup.zsh
[10.394s] -- Installing: /home/nextup/ros2_ws/src/install/my_cpp_pkg/share/my_cpp_pkg/local_setup.dsv
[10.395s] -- Installing: /home/nextup/ros2_ws/src/install/my_cpp_pkg/share/my_cpp_pkg/package.dsv
[10.395s] -- Installing: /home/nextup/ros2_ws/src/install/my_cpp_pkg/share/ament_index/resource_index/packages/my_cpp_pkg
[10.395s] -- Installing: /home/nextup/ros2_ws/src/install/my_cpp_pkg/share/my_cpp_pkg/cmake/my_cpp_pkgConfig.cmake
[10.395s] -- Installing: /home/nextup/ros2_ws/src/install/my_cpp_pkg/share/my_cpp_pkg/cmake/my_cpp_pkgConfig-version.cmake
[10.395s] -- Installing: /home/nextup/ros2_ws/src/install/my_cpp_pkg/share/my_cpp_pkg/package.xml
[10.398s] Invoked command in '/home/nextup/ros2_ws/src/build/my_cpp_pkg' returned '0': CMAKE_PREFIX_PATH=${CMAKE_PREFIX_PATH}:/home/nextup/ros2_ws/install/my_py_pkg:/opt/ros/humble /usr/bin/cmake --install /home/nextup/ros2_ws/src/build/my_cpp_pkg
