[0.195s] Invoking command in '/home/nextup/ros2_ws/src/build/my_robot_bringup': /usr/bin/cmake /home/nextup/ros2_ws/src/my_robot_bringup -DCMAKE_INSTALL_PREFIX=/home/nextup/ros2_ws/src/install/my_robot_bringup
[0.203s] -- Found ament_cmake: 1.3.9 (/opt/ros/humble/share/ament_cmake/cmake)
[0.327s] Error parsing '/home/nextup/ros2_ws/src/my_robot_bringup/package.xml':
[0.359s] Traceback (most recent call last):
[0.359s]   File "/opt/ros/humble/share/ament_cmake_core/cmake/core/package_xml_2_cmake.py", line 150, in <module>
[0.359s]     main()
[0.360s]   File "/opt/ros/humble/share/ament_cmake_core/cmake/core/package_xml_2_cmake.py", line 53, in main
[0.360s]     raise e
[0.360s]   File "/opt/ros/humble/share/ament_cmake_core/cmake/core/package_xml_2_cmake.py", line 49, in main
[0.360s]     package = parse_package_string(
[0.360s]   File "/usr/lib/python3/dist-packages/catkin_pkg/package.py", line 786, in parse_package_string
[0.360s]     raise InvalidPackage('Error(s):%s' % (''.join(['\n- %s' % e for e in errors])), filename)
[0.360s] catkin_pkg.package.InvalidPackage: Error(s) in package '/home/nextup/ros2_ws/src/my_robot_bringup/package.xml':
[0.360s] Error(s):
[0.360s] - The generic dependency on 'rclpy' is redundant with: exec_depend
[0.360s] - The generic dependency on 'turtlesim' is redundant with: exec_depend
[0.360s] - The generic dependency on 'geometry_msgs' is redundant with: exec_depend
[0.371s] [31mCMake Error at /opt/ros/humble/share/ament_cmake_core/cmake/core/ament_package_xml.cmake:95 (message):
[0.371s]   execute_process(/usr/bin/python3
[0.371s]   /opt/ros/humble/share/ament_cmake_core/cmake/core/package_xml_2_cmake.py
[0.371s]   /home/nextup/ros2_ws/src/my_robot_bringup/package.xml
[0.371s]   /home/nextup/ros2_ws/src/build/my_robot_bringup/ament_cmake_core/package.cmake)
[0.371s]   returned error code 1
[0.371s] Call Stack (most recent call first):
[0.371s]   /opt/ros/humble/share/ament_cmake_core/cmake/core/ament_package_xml.cmake:49 (_ament_package_xml)
[0.371s]   /opt/ros/humble/share/ament_cmake_core/cmake/core/ament_package.cmake:63 (ament_package_xml)
[0.371s]   CMakeLists.txt:16 (ament_package)
[0.371s] 
[0.372s] [0m
[0.372s] -- Configuring incomplete, errors occurred!
[0.372s] See also "/home/nextup/ros2_ws/src/build/my_robot_bringup/CMakeFiles/CMakeOutput.log".
