[0.006s] Invoking command in '/home/nextup/ros2_ws/build/turtle_catch': CMAKE_PREFIX_PATH=${CMAKE_PREFIX_PATH}:/opt/ros/humble /usr/bin/cmake /home/nextup/ros2_ws/src/turtle_catch -DCMAKE_INSTALL_PREFIX=/home/nextup/ros2_ws/install/turtle_catch
[0.016s] -- Found ament_cmake: 1.3.9 (/opt/ros/humble/share/ament_cmake/cmake)
[0.092s] -- Found rclcpp: 16.0.9 (/opt/ros/humble/share/rclcpp/cmake)
[0.108s] -- Found rosidl_generator_c: 3.1.5 (/opt/ros/humble/share/rosidl_generator_c/cmake)
[0.110s] -- Found rosidl_adapter: 3.1.5 (/opt/ros/humble/share/rosidl_adapter/cmake)
[0.114s] -- Found rosidl_generator_cpp: 3.1.5 (/opt/ros/humble/share/rosidl_generator_cpp/cmake)
[0.120s] -- Using all available rosidl_typesupport_c: rosidl_typesupport_fastrtps_c;rosidl_typesupport_introspection_c
[0.129s] -- Using all available rosidl_typesupport_cpp: rosidl_typesupport_fastrtps_cpp;rosidl_typesupport_introspection_cpp
[0.163s] -- Found rmw_implementation_cmake: 6.1.2 (/opt/ros/humble/share/rmw_implementation_cmake/cmake)
[0.164s] -- Found rmw_fastrtps_cpp: 6.2.6 (/opt/ros/humble/share/rmw_fastrtps_cpp/cmake)
[0.233s] -- Using RMW implementation 'rmw_fastrtps_cpp' as default
[0.327s] [31mCMake Error at CMakeLists.txt:16 (find_package):
[0.327s]   By not providing "Findmy_robot_interfaces.cmake" in CMAKE_MODULE_PATH this
[0.327s]   project has asked CMake to find a package configuration file provided by
[0.327s]   "my_robot_interfaces", but CMake did not find one.
[0.327s] 
[0.327s]   Could not find a package configuration file provided by
[0.327s]   "my_robot_interfaces" with any of the following names:
[0.327s] 
[0.327s]     my_robot_interfacesConfig.cmake
[0.328s]     my_robot_interfaces-config.cmake
[0.328s] 
[0.328s]   Add the installation prefix of "my_robot_interfaces" to CMAKE_PREFIX_PATH
[0.328s]   or set "my_robot_interfaces_DIR" to a directory containing one of the above
[0.328s]   files.  If "my_robot_interfaces" provides a separate development package or
[0.328s]   SDK, be sure it has been installed.
[0.328s] 
[0.328s] [0m
[0.328s] -- Configuring incomplete, errors occurred!
[0.328s] See also "/home/nextup/ros2_ws/build/turtle_catch/CMakeFiles/CMakeOutput.log".
[0.334s] Invoked command in '/home/nextup/ros2_ws/build/turtle_catch' returned '1': CMAKE_PREFIX_PATH=${CMAKE_PREFIX_PATH}:/opt/ros/humble /usr/bin/cmake /home/nextup/ros2_ws/src/turtle_catch -DCMAKE_INSTALL_PREFIX=/home/nextup/ros2_ws/install/turtle_catch
