[0.431s] Invoking command in '/home/nextup/ros2_ws2/src/actions_py': AMENT_PREFIX_PATH=/home/nextup/ros2_ws2/src/install/my_robot_interfaces:${AMENT_PREFIX_PATH} CMAKE_PREFIX_PATH=/home/nextup/ros2_ws2/src/install/my_robot_interfaces:${CMAKE_PREFIX_PATH} LD_LIBRARY_PATH=/home/nextup/ros2_ws2/src/install/my_robot_interfaces/lib:${LD_LIBRARY_PATH} PYTHONPATH=/home/nextup/ros2_ws2/src/build/actions_py/prefix_override:/home/nextup/ros2_ws2/src/install/actions_py/lib/python3.10/site-packages:/home/nextup/ros2_ws2/src/install/my_robot_interfaces/local/lib/python3.10/dist-packages:${PYTHONPATH} /usr/bin/python3 -W ignore:setup.py install is deprecated setup.py egg_info --egg-base ../build/actions_py build --build-base /home/nextup/ros2_ws2/src/build/actions_py/build install --record /home/nextup/ros2_ws2/src/build/actions_py/install.log --single-version-externally-managed install_data
[0.562s] running egg_info
[0.568s] writing ../build/actions_py/actions_py.egg-info/PKG-INFO
[0.568s] writing dependency_links to ../build/actions_py/actions_py.egg-info/dependency_links.txt
[0.569s] writing entry points to ../build/actions_py/actions_py.egg-info/entry_points.txt
[0.569s] writing requirements to ../build/actions_py/actions_py.egg-info/requires.txt
[0.569s] writing top-level names to ../build/actions_py/actions_py.egg-info/top_level.txt
[0.583s] reading manifest file '../build/actions_py/actions_py.egg-info/SOURCES.txt'
[0.583s] writing manifest file '../build/actions_py/actions_py.egg-info/SOURCES.txt'
[0.584s] running build
[0.584s] running build_py
[0.584s] copying actions_py/count_until_server.py -> /home/nextup/ros2_ws2/src/build/actions_py/build/lib/actions_py
[0.584s] copying actions_py/count_until_client.py -> /home/nextup/ros2_ws2/src/build/actions_py/build/lib/actions_py
[0.584s] copying actions_py/__init__.py -> /home/nextup/ros2_ws2/src/build/actions_py/build/lib/actions_py
[0.584s] running install
[0.587s] running install_lib
[0.594s] running install_data
[0.594s] copying resource/actions_py -> /home/nextup/ros2_ws2/src/install/actions_py/share/ament_index/resource_index/packages
[0.594s] copying package.xml -> /home/nextup/ros2_ws2/src/install/actions_py/share/actions_py
[0.594s] running install_egg_info
[0.602s] removing '/home/nextup/ros2_ws2/src/install/actions_py/lib/python3.10/site-packages/actions_py-0.0.0-py3.10.egg-info' (and everything under it)
[0.602s] Copying ../build/actions_py/actions_py.egg-info to /home/nextup/ros2_ws2/src/install/actions_py/lib/python3.10/site-packages/actions_py-0.0.0-py3.10.egg-info
[0.602s] running install_scripts
[0.671s] Installing count_until_client script to /home/nextup/ros2_ws2/src/install/actions_py/lib/actions_py
[0.671s] Installing count_until_server script to /home/nextup/ros2_ws2/src/install/actions_py/lib/actions_py
[0.671s] writing list of installed files to '/home/nextup/ros2_ws2/src/build/actions_py/install.log'
[0.691s] Invoked command in '/home/nextup/ros2_ws2/src/actions_py' returned '0': AMENT_PREFIX_PATH=/home/nextup/ros2_ws2/src/install/my_robot_interfaces:${AMENT_PREFIX_PATH} CMAKE_PREFIX_PATH=/home/nextup/ros2_ws2/src/install/my_robot_interfaces:${CMAKE_PREFIX_PATH} LD_LIBRARY_PATH=/home/nextup/ros2_ws2/src/install/my_robot_interfaces/lib:${LD_LIBRARY_PATH} PYTHONPATH=/home/nextup/ros2_ws2/src/build/actions_py/prefix_override:/home/nextup/ros2_ws2/src/install/actions_py/lib/python3.10/site-packages:/home/nextup/ros2_ws2/src/install/my_robot_interfaces/local/lib/python3.10/dist-packages:${PYTHONPATH} /usr/bin/python3 -W ignore:setup.py install is deprecated setup.py egg_info --egg-base ../build/actions_py build --build-base /home/nextup/ros2_ws2/src/build/actions_py/build install --record /home/nextup/ros2_ws2/src/build/actions_py/install.log --single-version-externally-managed install_data
