[0.177s] Invoking command in '/home/nextup/ros2_ws/build/turtle_catch_them_all': CMAKE_PREFIX_PATH=${CMAKE_PREFIX_PATH}:/opt/ros/humble /usr/bin/cmake /home/nextup/ros2_ws/turtle_catch_them_all -DCMAKE_INSTALL_PREFIX=/home/nextup/ros2_ws/install/turtle_catch_them_all
[0.216s] -- The C compiler identification is GNU 11.4.0
[0.259s] -- The CXX compiler identification is GNU 11.4.0
[0.265s] -- Detecting C compiler ABI info
[0.316s] -- Detecting C compiler ABI info - done
[0.323s] -- Check for working C compiler: /usr/bin/cc - skipped
[0.323s] -- Detecting C compile features
[0.324s] -- Detecting C compile features - done
[0.327s] -- Detecting CXX compiler ABI info
[0.392s] -- Detecting CXX compiler ABI info - done
[0.401s] -- Check for working CXX compiler: /usr/bin/c++ - skipped
[0.401s] -- Detecting CXX compile features
[0.401s] -- Detecting CXX compile features - done
[0.403s] -- Found ament_cmake: 1.3.9 (/opt/ros/humble/share/ament_cmake/cmake)
[0.511s] -- Found Python3: /usr/bin/python3 (found version "3.10.12") found components: Interpreter 
[0.570s] -- Found ament_lint_auto: 0.12.11 (/opt/ros/humble/share/ament_lint_auto/cmake)
[0.636s] -- Added test 'flake8' to check Python code syntax and style conventions
[0.636s] -- Added test 'lint_cmake' to check CMake code style
[0.637s] -- Added test 'pep257' to check Python code against some of the docstring style conventions in PEP 257
[0.638s] -- Added test 'xmllint' to check XML markup files
[0.639s] -- Configuring done
[0.642s] -- Generating done
[0.643s] -- Build files have been written to: /home/nextup/ros2_ws/build/turtle_catch_them_all
