[0.008s] Invoking command in '/home/anjali/arduinoboot_ws/src/build/arduniobot_controller': CMAKE_PREFIX_PATH=${CMAKE_PREFIX_PATH}:/opt/ros/humble /usr/bin/cmake --build /home/anjali/arduinoboot_ws/src/build/arduniobot_controller -- -j16 -l16
[0.025s] -- Found ament_cmake: 1.3.9 (/opt/ros/humble/share/ament_cmake/cmake)
[0.103s] -- Found trajectory_msgs: 4.2.4 (/opt/ros/humble/share/trajectory_msgs/cmake)
[0.124s] -- Found rosidl_generator_c: 3.1.5 (/opt/ros/humble/share/rosidl_generator_c/cmake)
[0.127s] -- Found rosidl_adapter: 3.1.5 (/opt/ros/humble/share/rosidl_adapter/cmake)
[0.132s] -- Found rosidl_generator_cpp: 3.1.5 (/opt/ros/humble/share/rosidl_generator_cpp/cmake)
[0.140s] -- Using all available rosidl_typesupport_c: rosidl_typesupport_fastrtps_c;rosidl_typesupport_introspection_c
[0.151s] -- Using all available rosidl_typesupport_cpp: rosidl_typesupport_fastrtps_cpp;rosidl_typesupport_introspection_cpp
[0.272s] -- Found sensor_msgs: 4.2.4 (/opt/ros/humble/share/sensor_msgs/cmake)
[0.320s] -- Found rclcpp: 16.0.9 (/opt/ros/humble/share/rclcpp/cmake)
[0.357s] -- Found rmw_implementation_cmake: 6.1.2 (/opt/ros/humble/share/rmw_implementation_cmake/cmake)
[0.358s] -- Found rmw_fastrtps_cpp: 6.2.6 (/opt/ros/humble/share/rmw_fastrtps_cpp/cmake)
[0.417s] -- Found OpenSSL: /usr/lib/x86_64-linux-gnu/libcrypto.so (found version "3.0.2")  
[0.435s] -- Found FastRTPS: /opt/ros/humble/include  
[0.464s] -- Using RMW implementation 'rmw_fastrtps_cpp' as default
[0.469s] -- Looking for pthread.h
[0.518s] -- Looking for pthread.h - found
[0.518s] -- Performing Test CMAKE_HAVE_LIBC_PTHREAD
[0.567s] -- Performing Test CMAKE_HAVE_LIBC_PTHREAD - Success
[0.568s] -- Found Threads: TRUE  
[0.643s] -- Found rclpy: 3.3.13 (/opt/ros/humble/share/rclpy/cmake)
[0.643s] -- Found hardware_interface: 2.41.0 (/opt/ros/humble/share/hardware_interface/cmake)
[0.893s] -- Found PkgConfig: /usr/bin/pkg-config (found version "0.29.2") 
[0.894s] -- Checking for module 'libserial'
[0.903s] --   Found libserial, version 1.0.0
[1.012s] -- Configuring done
[1.030s] -- Generating done
[1.031s] -- Build files have been written to: /home/anjali/arduinoboot_ws/src/build/arduniobot_controller
[1.059s] [ 50%] [32mBuilding CXX object CMakeFiles/arduniobot_controller.dir/src/arduniobot_interface.cpp.o[0m
[1.059s] [ 50%] [32mBuilding CXX object CMakeFiles/slider_control.dir/src/slider_control.cpp.o[0m
[1.064s] [01m[K/home/anjali/arduinoboot_ws/src/arduniobot_controller/src/arduniobot_interface.cpp:1:10:[m[K [01;31m[Kfatal error: [m[Karduniobot_controller/arduniobot_interface.hpp: No such file or directory
[1.064s]     1 | #include [01;31m[K"arduniobot_controller/arduniobot_interface.hpp"[m[K
[1.065s]       |          [01;31m[K^~~~~~~~~~~~~~~~~~~~~~~~~~~~~~~~~~~~~~~~~~~~~~~~[m[K
[1.065s] compilation terminated.
[1.065s] gmake[2]: *** [CMakeFiles/arduniobot_controller.dir/build.make:76: CMakeFiles/arduniobot_controller.dir/src/arduniobot_interface.cpp.o] Error 1
[1.065s] gmake[1]: *** [CMakeFiles/Makefile2:165: CMakeFiles/arduniobot_controller.dir/all] Error 2
[1.065s] gmake[1]: *** Waiting for unfinished jobs....
[6.161s] [ 75%] [32m[1mLinking CXX executable slider_control[0m
[6.416s] [ 75%] Built target slider_control
[6.416s] gmake: *** [Makefile:146: all] Error 2
[6.418s] Invoked command in '/home/anjali/arduinoboot_ws/src/build/arduniobot_controller' returned '2': CMAKE_PREFIX_PATH=${CMAKE_PREFIX_PATH}:/opt/ros/humble /usr/bin/cmake --build /home/anjali/arduinoboot_ws/src/build/arduniobot_controller -- -j16 -l16
