[0.046s] Invoking command in '/home/nextup/ros2_ws2/src/build/actions_cpp': CMAKE_PREFIX_PATH=/home/nextup/ros2_ws2/src/install/my_robot_interfaces:/home/nextup/ros2_ws2/install/final_project:/home/nextup/ros2_ws2/install/actions_cpp:/home/nextup/ros2_ws2/install/my_robot_interfaces:/home/nextup/ros2_ws2/install/my_robot_bringup:/home/nextup/ros2_ws2/install/lifecycle_cpp:/home/nextup/ros2_ws2/install/executors_cpp:/home/nextup/ros2_ws2/install/components_cpp:/home/nextup/ros2_ws2/src/install/actions_cpp:/home/nextup/ros2_ws2/src/install/my_robot_bringup:/home/nextup/ros2_ws2/src/install/lifecycle_cpp:/home/nextup/ros2_ws1/install/my_robot_bringup:/home/nextup/ros2_ws1/install/my_robot_description:/home/nextup/ros2_ws2/install/actions_py:/home/nextup/ros2_ws2/install/lifecycle_py:/home/nextup/ros2_ws2/install/executors_py:/home/nextup/ros2_ws2/src/install/actions_py:/home/nextup/ros2_ws2/src/install/lifecycle_py:/opt/ros/humble LD_LIBRARY_PATH=/home/nextup/ros2_ws2/src/install/my_robot_interfaces/lib:/home/nextup/ros2_ws2/install/final_project/lib:/home/nextup/ros2_ws2/install/my_robot_interfaces/lib:/home/nextup/ros2_ws2/install/components_cpp/lib:/usr/lib/x86_64-linux-gnu/gazebo-11/plugins:/opt/ros/humble/opt/rviz_ogre_vendor/lib:/opt/ros/humble/lib/x86_64-linux-gnu:/opt/ros/humble/lib /usr/bin/cmake --build /home/nextup/ros2_ws2/src/build/actions_cpp -- -j16 -l16
[0.366s] -- Found ament_cmake: 1.3.9 (/opt/ros/humble/share/ament_cmake/cmake)
[0.367s] -- Found rclcpp: 16.0.9 (/opt/ros/humble/share/rclcpp/cmake)
[0.367s] -- Found rosidl_generator_c: 3.1.5 (/opt/ros/humble/share/rosidl_generator_c/cmake)
[0.367s] -- Found rosidl_adapter: 3.1.5 (/opt/ros/humble/share/rosidl_adapter/cmake)
[0.368s] -- Found rosidl_generator_cpp: 3.1.5 (/opt/ros/humble/share/rosidl_generator_cpp/cmake)
[0.368s] -- Using all available rosidl_typesupport_c: rosidl_typesupport_fastrtps_c;rosidl_typesupport_introspection_c
[0.368s] -- Using all available rosidl_typesupport_cpp: rosidl_typesupport_fastrtps_cpp;rosidl_typesupport_introspection_cpp
[0.368s] -- Found rmw_implementation_cmake: 6.1.2 (/opt/ros/humble/share/rmw_implementation_cmake/cmake)
[0.368s] -- Found rmw_fastrtps_cpp: 6.2.6 (/opt/ros/humble/share/rmw_fastrtps_cpp/cmake)
[0.486s] -- Using RMW implementation 'rmw_fastrtps_cpp' as default
[0.629s] -- Found rclcpp_action: 16.0.9 (/opt/ros/humble/share/rclcpp_action/cmake)
[0.701s] -- Found my_robot_interfaces: 0.0.0 (/home/nextup/ros2_ws2/src/install/my_robot_interfaces/share/my_robot_interfaces/cmake)
[0.747s] -- Found example_interfaces: 0.9.3 (/opt/ros/humble/share/example_interfaces/cmake)
[0.876s] -- Configuring done
[0.902s] -- Generating done
[0.905s] -- Build files have been written to: /home/nextup/ros2_ws2/src/build/actions_cpp
[0.939s] [35m[1mConsolidate compiler generated dependencies of target count_until_server[0m
[0.942s] [35m[1mConsolidate compiler generated dependencies of target move_robot_client[0m
[0.943s] [35m[1mConsolidate compiler generated dependencies of target move_robot_server[0m
[0.943s] [35m[1mConsolidate compiler generated dependencies of target count_until_server_queue_goals[0m
[0.943s] [35m[1mConsolidate compiler generated dependencies of target count_until_client[0m
[0.962s] [ 10%] [32mBuilding CXX object CMakeFiles/count_until_server.dir/src/count_until_server.cpp.o[0m
[0.973s] [ 40%] [32mBuilding CXX object CMakeFiles/count_until_client.dir/src/count_until_client.cpp.o[0m
[0.973s] [ 40%] [32mBuilding CXX object CMakeFiles/count_until_server_queue_goals.dir/src/count_until_server_queue_goals.cpp.o[0m
[0.973s] [ 40%] [32mBuilding CXX object CMakeFiles/move_robot_server.dir/src/move_robot_server.cpp.o[0m
[0.977s] [ 50%] [32mBuilding CXX object CMakeFiles/move_robot_client.dir/src/move_robot_client.cpp.o[0m
[6.383s] [ 60%] [32m[1mLinking CXX executable count_until_server[0m
[6.422s] [ 70%] [32m[1mLinking CXX executable move_robot_server[0m
[6.694s] [ 70%] Built target count_until_server
[6.701s] [ 70%] Built target move_robot_server
[7.571s] [ 80%] [32m[1mLinking CXX executable count_until_server_queue_goals[0m
[7.764s] [ 80%] Built target count_until_server_queue_goals
[8.248s] [ 90%] [32m[1mLinking CXX executable count_until_client[0m
[8.488s] [ 90%] Built target count_until_client
[11.609s] [100%] [32m[1mLinking CXX executable move_robot_client[0m
[11.918s] [100%] Built target move_robot_client
[11.927s] Invoked command in '/home/nextup/ros2_ws2/src/build/actions_cpp' returned '0': CMAKE_PREFIX_PATH=/home/nextup/ros2_ws2/src/install/my_robot_interfaces:/home/nextup/ros2_ws2/install/final_project:/home/nextup/ros2_ws2/install/actions_cpp:/home/nextup/ros2_ws2/install/my_robot_interfaces:/home/nextup/ros2_ws2/install/my_robot_bringup:/home/nextup/ros2_ws2/install/lifecycle_cpp:/home/nextup/ros2_ws2/install/executors_cpp:/home/nextup/ros2_ws2/install/components_cpp:/home/nextup/ros2_ws2/src/install/actions_cpp:/home/nextup/ros2_ws2/src/install/my_robot_bringup:/home/nextup/ros2_ws2/src/install/lifecycle_cpp:/home/nextup/ros2_ws1/install/my_robot_bringup:/home/nextup/ros2_ws1/install/my_robot_description:/home/nextup/ros2_ws2/install/actions_py:/home/nextup/ros2_ws2/install/lifecycle_py:/home/nextup/ros2_ws2/install/executors_py:/home/nextup/ros2_ws2/src/install/actions_py:/home/nextup/ros2_ws2/src/install/lifecycle_py:/opt/ros/humble LD_LIBRARY_PATH=/home/nextup/ros2_ws2/src/install/my_robot_interfaces/lib:/home/nextup/ros2_ws2/install/final_project/lib:/home/nextup/ros2_ws2/install/my_robot_interfaces/lib:/home/nextup/ros2_ws2/install/components_cpp/lib:/usr/lib/x86_64-linux-gnu/gazebo-11/plugins:/opt/ros/humble/opt/rviz_ogre_vendor/lib:/opt/ros/humble/lib/x86_64-linux-gnu:/opt/ros/humble/lib /usr/bin/cmake --build /home/nextup/ros2_ws2/src/build/actions_cpp -- -j16 -l16
[11.955s] Invoking command in '/home/nextup/ros2_ws2/src/build/actions_cpp': CMAKE_PREFIX_PATH=/home/nextup/ros2_ws2/src/install/my_robot_interfaces:/home/nextup/ros2_ws2/install/final_project:/home/nextup/ros2_ws2/install/actions_cpp:/home/nextup/ros2_ws2/install/my_robot_interfaces:/home/nextup/ros2_ws2/install/my_robot_bringup:/home/nextup/ros2_ws2/install/lifecycle_cpp:/home/nextup/ros2_ws2/install/executors_cpp:/home/nextup/ros2_ws2/install/components_cpp:/home/nextup/ros2_ws2/src/install/actions_cpp:/home/nextup/ros2_ws2/src/install/my_robot_bringup:/home/nextup/ros2_ws2/src/install/lifecycle_cpp:/home/nextup/ros2_ws1/install/my_robot_bringup:/home/nextup/ros2_ws1/install/my_robot_description:/home/nextup/ros2_ws2/install/actions_py:/home/nextup/ros2_ws2/install/lifecycle_py:/home/nextup/ros2_ws2/install/executors_py:/home/nextup/ros2_ws2/src/install/actions_py:/home/nextup/ros2_ws2/src/install/lifecycle_py:/opt/ros/humble LD_LIBRARY_PATH=/home/nextup/ros2_ws2/src/install/my_robot_interfaces/lib:/home/nextup/ros2_ws2/install/final_project/lib:/home/nextup/ros2_ws2/install/my_robot_interfaces/lib:/home/nextup/ros2_ws2/install/components_cpp/lib:/usr/lib/x86_64-linux-gnu/gazebo-11/plugins:/opt/ros/humble/opt/rviz_ogre_vendor/lib:/opt/ros/humble/lib/x86_64-linux-gnu:/opt/ros/humble/lib /usr/bin/cmake --install /home/nextup/ros2_ws2/src/build/actions_cpp
[11.960s] -- Install configuration: ""
[11.962s] -- Installing: /home/nextup/ros2_ws2/src/install/actions_cpp/lib/actions_cpp/count_until_server
[11.963s] -- Set runtime path of "/home/nextup/ros2_ws2/src/install/actions_cpp/lib/actions_cpp/count_until_server" to ""
[11.964s] -- Installing: /home/nextup/ros2_ws2/src/install/actions_cpp/lib/actions_cpp/count_until_server_queue_goals
[11.965s] -- Set runtime path of "/home/nextup/ros2_ws2/src/install/actions_cpp/lib/actions_cpp/count_until_server_queue_goals" to ""
[11.966s] -- Installing: /home/nextup/ros2_ws2/src/install/actions_cpp/lib/actions_cpp/count_until_client
[11.967s] -- Set runtime path of "/home/nextup/ros2_ws2/src/install/actions_cpp/lib/actions_cpp/count_until_client" to ""
[11.967s] -- Installing: /home/nextup/ros2_ws2/src/install/actions_cpp/lib/actions_cpp/move_robot_server
[11.968s] -- Set runtime path of "/home/nextup/ros2_ws2/src/install/actions_cpp/lib/actions_cpp/move_robot_server" to ""
[11.969s] -- Installing: /home/nextup/ros2_ws2/src/install/actions_cpp/lib/actions_cpp/move_robot_client
[11.973s] -- Set runtime path of "/home/nextup/ros2_ws2/src/install/actions_cpp/lib/actions_cpp/move_robot_client" to ""
[11.973s] -- Up-to-date: /home/nextup/ros2_ws2/src/install/actions_cpp/share/ament_index/resource_index/package_run_dependencies/actions_cpp
[11.973s] -- Installing: /home/nextup/ros2_ws2/src/install/actions_cpp/share/ament_index/resource_index/parent_prefix_path/actions_cpp
[11.974s] -- Up-to-date: /home/nextup/ros2_ws2/src/install/actions_cpp/share/actions_cpp/environment/ament_prefix_path.sh
[11.974s] -- Installing: /home/nextup/ros2_ws2/src/install/actions_cpp/share/actions_cpp/environment/ament_prefix_path.dsv
[11.974s] -- Up-to-date: /home/nextup/ros2_ws2/src/install/actions_cpp/share/actions_cpp/environment/path.sh
[11.974s] -- Installing: /home/nextup/ros2_ws2/src/install/actions_cpp/share/actions_cpp/environment/path.dsv
[11.974s] -- Up-to-date: /home/nextup/ros2_ws2/src/install/actions_cpp/share/actions_cpp/local_setup.bash
[11.974s] -- Up-to-date: /home/nextup/ros2_ws2/src/install/actions_cpp/share/actions_cpp/local_setup.sh
[11.974s] -- Up-to-date: /home/nextup/ros2_ws2/src/install/actions_cpp/share/actions_cpp/local_setup.zsh
[11.975s] -- Installing: /home/nextup/ros2_ws2/src/install/actions_cpp/share/actions_cpp/local_setup.dsv
[11.975s] -- Installing: /home/nextup/ros2_ws2/src/install/actions_cpp/share/actions_cpp/package.dsv
[11.975s] -- Up-to-date: /home/nextup/ros2_ws2/src/install/actions_cpp/share/ament_index/resource_index/packages/actions_cpp
[11.975s] -- Up-to-date: /home/nextup/ros2_ws2/src/install/actions_cpp/share/actions_cpp/cmake/actions_cppConfig.cmake
[11.975s] -- Up-to-date: /home/nextup/ros2_ws2/src/install/actions_cpp/share/actions_cpp/cmake/actions_cppConfig-version.cmake
[11.975s] -- Up-to-date: /home/nextup/ros2_ws2/src/install/actions_cpp/share/actions_cpp/package.xml
[11.977s] Invoked command in '/home/nextup/ros2_ws2/src/build/actions_cpp' returned '0': CMAKE_PREFIX_PATH=/home/nextup/ros2_ws2/src/install/my_robot_interfaces:/home/nextup/ros2_ws2/install/final_project:/home/nextup/ros2_ws2/install/actions_cpp:/home/nextup/ros2_ws2/install/my_robot_interfaces:/home/nextup/ros2_ws2/install/my_robot_bringup:/home/nextup/ros2_ws2/install/lifecycle_cpp:/home/nextup/ros2_ws2/install/executors_cpp:/home/nextup/ros2_ws2/install/components_cpp:/home/nextup/ros2_ws2/src/install/actions_cpp:/home/nextup/ros2_ws2/src/install/my_robot_bringup:/home/nextup/ros2_ws2/src/install/lifecycle_cpp:/home/nextup/ros2_ws1/install/my_robot_bringup:/home/nextup/ros2_ws1/install/my_robot_description:/home/nextup/ros2_ws2/install/actions_py:/home/nextup/ros2_ws2/install/lifecycle_py:/home/nextup/ros2_ws2/install/executors_py:/home/nextup/ros2_ws2/src/install/actions_py:/home/nextup/ros2_ws2/src/install/lifecycle_py:/opt/ros/humble LD_LIBRARY_PATH=/home/nextup/ros2_ws2/src/install/my_robot_interfaces/lib:/home/nextup/ros2_ws2/install/final_project/lib:/home/nextup/ros2_ws2/install/my_robot_interfaces/lib:/home/nextup/ros2_ws2/install/components_cpp/lib:/usr/lib/x86_64-linux-gnu/gazebo-11/plugins:/opt/ros/humble/opt/rviz_ogre_vendor/lib:/opt/ros/humble/lib/x86_64-linux-gnu:/opt/ros/humble/lib /usr/bin/cmake --install /home/nextup/ros2_ws2/src/build/actions_cpp
