[0.007s] Invoking command in '/home/nextup/ros2_ws2/build/my_robot_bringup': CMAKE_PREFIX_PATH=${CMAKE_PREFIX_PATH}:/home/nextup/ros2_ws2/src/install/actions_py:/home/nextup/ros2_ws2/src/install/lifecycle_py:/home/nextup/ros2_ws2/src/install/executors_py:/opt/ros/humble /usr/bin/cmake /home/nextup/ros2_ws2/src/my_robot_bringup -DCMAKE_INSTALL_PREFIX=/home/nextup/ros2_ws2/install/my_robot_bringup
[0.044s] -- The C compiler identification is GNU 11.4.0
[0.079s] -- The CXX compiler identification is GNU 11.4.0
[0.083s] -- Detecting C compiler ABI info
[0.130s] -- Detecting C compiler ABI info - done
[0.134s] -- Check for working C compiler: /usr/bin/cc - skipped
[0.135s] -- Detecting C compile features
[0.135s] -- Detecting C compile features - done
[0.138s] -- Detecting CXX compiler ABI info
[0.190s] -- Detecting CXX compiler ABI info - done
[0.194s] -- Check for working CXX compiler: /usr/bin/c++ - skipped
[0.194s] -- Detecting CXX compile features
[0.195s] -- Detecting CXX compile features - done
[0.196s] -- Found ament_cmake: 1.3.9 (/opt/ros/humble/share/ament_cmake/cmake)
[0.432s] -- Found Python3: /usr/bin/python3 (found version "3.10.12") found components: Interpreter 
[0.529s] -- Configuring done
[0.530s] -- Generating done
[0.530s] -- Build files have been written to: /home/nextup/ros2_ws2/build/my_robot_bringup
[0.534s] Invoked command in '/home/nextup/ros2_ws2/build/my_robot_bringup' returned '0': CMAKE_PREFIX_PATH=${CMAKE_PREFIX_PATH}:/home/nextup/ros2_ws2/src/install/actions_py:/home/nextup/ros2_ws2/src/install/lifecycle_py:/home/nextup/ros2_ws2/src/install/executors_py:/opt/ros/humble /usr/bin/cmake /home/nextup/ros2_ws2/src/my_robot_bringup -DCMAKE_INSTALL_PREFIX=/home/nextup/ros2_ws2/install/my_robot_bringup
[0.535s] Invoking command in '/home/nextup/ros2_ws2/build/my_robot_bringup': CMAKE_PREFIX_PATH=${CMAKE_PREFIX_PATH}:/home/nextup/ros2_ws2/src/install/actions_py:/home/nextup/ros2_ws2/src/install/lifecycle_py:/home/nextup/ros2_ws2/src/install/executors_py:/opt/ros/humble /usr/bin/cmake --build /home/nextup/ros2_ws2/build/my_robot_bringup -- -j16 -l16
[0.561s] Invoked command in '/home/nextup/ros2_ws2/build/my_robot_bringup' returned '0': CMAKE_PREFIX_PATH=${CMAKE_PREFIX_PATH}:/home/nextup/ros2_ws2/src/install/actions_py:/home/nextup/ros2_ws2/src/install/lifecycle_py:/home/nextup/ros2_ws2/src/install/executors_py:/opt/ros/humble /usr/bin/cmake --build /home/nextup/ros2_ws2/build/my_robot_bringup -- -j16 -l16
[0.581s] Invoking command in '/home/nextup/ros2_ws2/build/my_robot_bringup': CMAKE_PREFIX_PATH=${CMAKE_PREFIX_PATH}:/home/nextup/ros2_ws2/src/install/actions_py:/home/nextup/ros2_ws2/src/install/lifecycle_py:/home/nextup/ros2_ws2/src/install/executors_py:/opt/ros/humble /usr/bin/cmake --install /home/nextup/ros2_ws2/build/my_robot_bringup
[0.586s] -- Install configuration: ""
[0.586s] -- Installing: /home/nextup/ros2_ws2/install/my_robot_bringup/share/my_robot_bringup//launch
[0.586s] -- Installing: /home/nextup/ros2_ws2/install/my_robot_bringup/share/my_robot_bringup//launch/components.launch.py
[0.586s] -- Installing: /home/nextup/ros2_ws2/install/my_robot_bringup/share/my_robot_bringup//launch/final_project_turtlebot.launch.xml
[0.586s] -- Installing: /home/nextup/ros2_ws2/install/my_robot_bringup/share/my_robot_bringup//launch/components.launch.xml
[0.586s] -- Installing: /home/nextup/ros2_ws2/install/my_robot_bringup/share/my_robot_bringup//launch/lifecycle_test.launch.xml
[0.587s] -- Installing: /home/nextup/ros2_ws2/install/my_robot_bringup/share/my_robot_bringup//launch/lifecycle_test.launch.py
[0.587s] -- Installing: /home/nextup/ros2_ws2/install/my_robot_bringup/share/my_robot_bringup//launch/move_robot.launch.xml
[0.587s] -- Installing: /home/nextup/ros2_ws2/install/my_robot_bringup/share/my_robot_bringup//launch/final_project.launch.xml
[0.587s] -- Installing: /home/nextup/ros2_ws2/install/my_robot_bringup/share/ament_index/resource_index/package_run_dependencies/my_robot_bringup
[0.587s] -- Installing: /home/nextup/ros2_ws2/install/my_robot_bringup/share/ament_index/resource_index/parent_prefix_path/my_robot_bringup
[0.587s] -- Installing: /home/nextup/ros2_ws2/install/my_robot_bringup/share/my_robot_bringup/environment/ament_prefix_path.sh
[0.587s] -- Installing: /home/nextup/ros2_ws2/install/my_robot_bringup/share/my_robot_bringup/environment/ament_prefix_path.dsv
[0.587s] -- Installing: /home/nextup/ros2_ws2/install/my_robot_bringup/share/my_robot_bringup/environment/path.sh
[0.587s] -- Installing: /home/nextup/ros2_ws2/install/my_robot_bringup/share/my_robot_bringup/environment/path.dsv
[0.587s] -- Installing: /home/nextup/ros2_ws2/install/my_robot_bringup/share/my_robot_bringup/local_setup.bash
[0.587s] -- Installing: /home/nextup/ros2_ws2/install/my_robot_bringup/share/my_robot_bringup/local_setup.sh
[0.588s] -- Installing: /home/nextup/ros2_ws2/install/my_robot_bringup/share/my_robot_bringup/local_setup.zsh
[0.588s] -- Installing: /home/nextup/ros2_ws2/install/my_robot_bringup/share/my_robot_bringup/local_setup.dsv
[0.588s] -- Installing: /home/nextup/ros2_ws2/install/my_robot_bringup/share/my_robot_bringup/package.dsv
[0.588s] -- Installing: /home/nextup/ros2_ws2/install/my_robot_bringup/share/ament_index/resource_index/packages/my_robot_bringup
[0.588s] -- Installing: /home/nextup/ros2_ws2/install/my_robot_bringup/share/my_robot_bringup/cmake/my_robot_bringupConfig.cmake
[0.588s] -- Installing: /home/nextup/ros2_ws2/install/my_robot_bringup/share/my_robot_bringup/cmake/my_robot_bringupConfig-version.cmake
[0.588s] -- Installing: /home/nextup/ros2_ws2/install/my_robot_bringup/share/my_robot_bringup/package.xml
[0.589s] Invoked command in '/home/nextup/ros2_ws2/build/my_robot_bringup' returned '0': CMAKE_PREFIX_PATH=${CMAKE_PREFIX_PATH}:/home/nextup/ros2_ws2/src/install/actions_py:/home/nextup/ros2_ws2/src/install/lifecycle_py:/home/nextup/ros2_ws2/src/install/executors_py:/opt/ros/humble /usr/bin/cmake --install /home/nextup/ros2_ws2/build/my_robot_bringup
