[0.060s] DEBUG:colcon:Command line arguments: ['/usr/bin/colcon', 'build']
[0.060s] DEBUG:colcon:Parsed command line arguments: Namespace(log_base=None, log_level=None, verb_name='build', build_base='build', install_base='install', merge_install=False, symlink_install=False, test_result_base=None, continue_on_error=False, executor='parallel', parallel_workers=16, event_handlers=None, ignore_user_meta=False, metas=['./colcon.meta'], base_paths=['.'], packages_ignore=None, packages_ignore_regex=None, paths=None, packages_up_to=None, packages_up_to_regex=None, packages_above=None, packages_above_and_dependencies=None, packages_above_depth=None, packages_select_by_dep=None, packages_skip_by_dep=None, packages_skip_up_to=None, packages_select_build_failed=False, packages_skip_build_finished=False, packages_select_test_failures=False, packages_skip_test_passed=False, packages_select=None, packages_skip=None, packages_select_regex=None, packages_skip_regex=None, packages_start=None, packages_end=None, allow_overriding=[], cmake_args=None, cmake_target=None, cmake_target_skip_unavailable=False, cmake_clean_cache=False, cmake_clean_first=False, cmake_force_configure=False, ament_cmake_args=None, catkin_cmake_args=None, catkin_skip_building_tests=False, mixin_files=None, mixin=None, verb_parser=<colcon_mixin.mixin.mixin_argument.MixinArgumentDecorator object at 0x7c0177f468f0>, verb_extension=<colcon_core.verb.build.BuildVerb object at 0x7c0177f462f0>, main=<bound method BuildVerb.main of <colcon_core.verb.build.BuildVerb object at 0x7c0177f462f0>>, mixin_verb=('build',))
[0.175s] Level 1:colcon.colcon_core.package_discovery:discover_packages(colcon_meta) check parameters
[0.175s] Level 1:colcon.colcon_core.package_discovery:discover_packages(recursive) check parameters
[0.175s] Level 1:colcon.colcon_core.package_discovery:discover_packages(ignore) check parameters
[0.175s] Level 1:colcon.colcon_core.package_discovery:discover_packages(path) check parameters
[0.175s] Level 1:colcon.colcon_core.package_discovery:discover_packages(colcon_meta) discover
[0.175s] Level 1:colcon.colcon_core.package_discovery:discover_packages(recursive) discover
[0.175s] INFO:colcon.colcon_core.package_discovery:Crawling recursively for packages in '/home/anjali/arduinoboot_ws'
[0.175s] Level 1:colcon.colcon_core.package_identification:_identify(.) by extensions ['ignore', 'ignore_ament_install']
[0.175s] Level 1:colcon.colcon_core.package_identification:_identify(.) by extension 'ignore'
[0.175s] Level 1:colcon.colcon_core.package_identification:_identify(.) by extension 'ignore_ament_install'
[0.175s] Level 1:colcon.colcon_core.package_identification:_identify(.) by extensions ['colcon_pkg']
[0.175s] Level 1:colcon.colcon_core.package_identification:_identify(.) by extension 'colcon_pkg'
[0.175s] Level 1:colcon.colcon_core.package_identification:_identify(.) by extensions ['colcon_meta']
[0.175s] Level 1:colcon.colcon_core.package_identification:_identify(.) by extension 'colcon_meta'
[0.175s] Level 1:colcon.colcon_core.package_identification:_identify(.) by extensions ['ros']
[0.175s] Level 1:colcon.colcon_core.package_identification:_identify(.) by extension 'ros'
[0.184s] Level 1:colcon.colcon_core.package_identification:_identify(.) by extensions ['cmake', 'python']
[0.185s] Level 1:colcon.colcon_core.package_identification:_identify(.) by extension 'cmake'
[0.185s] Level 1:colcon.colcon_core.package_identification:_identify(.) by extension 'python'
[0.185s] Level 1:colcon.colcon_core.package_identification:_identify(.) by extensions ['python_setup_py']
[0.185s] Level 1:colcon.colcon_core.package_identification:_identify(.) by extension 'python_setup_py'
[0.185s] Level 1:colcon.colcon_core.package_identification:_identify(build) by extensions ['ignore', 'ignore_ament_install']
[0.185s] Level 1:colcon.colcon_core.package_identification:_identify(build) by extension 'ignore'
[0.185s] Level 1:colcon.colcon_core.package_identification:_identify(build) ignored
[0.185s] Level 1:colcon.colcon_core.package_identification:_identify(install) by extensions ['ignore', 'ignore_ament_install']
[0.185s] Level 1:colcon.colcon_core.package_identification:_identify(install) by extension 'ignore'
[0.185s] Level 1:colcon.colcon_core.package_identification:_identify(install) ignored
[0.185s] Level 1:colcon.colcon_core.package_identification:_identify(log) by extensions ['ignore', 'ignore_ament_install']
[0.185s] Level 1:colcon.colcon_core.package_identification:_identify(log) by extension 'ignore'
[0.185s] Level 1:colcon.colcon_core.package_identification:_identify(log) ignored
[0.185s] Level 1:colcon.colcon_core.package_identification:_identify(src) by extensions ['ignore', 'ignore_ament_install']
[0.185s] Level 1:colcon.colcon_core.package_identification:_identify(src) by extension 'ignore'
[0.185s] Level 1:colcon.colcon_core.package_identification:_identify(src) by extension 'ignore_ament_install'
[0.185s] Level 1:colcon.colcon_core.package_identification:_identify(src) by extensions ['colcon_pkg']
[0.185s] Level 1:colcon.colcon_core.package_identification:_identify(src) by extension 'colcon_pkg'
[0.185s] Level 1:colcon.colcon_core.package_identification:_identify(src) by extensions ['colcon_meta']
[0.185s] Level 1:colcon.colcon_core.package_identification:_identify(src) by extension 'colcon_meta'
[0.185s] Level 1:colcon.colcon_core.package_identification:_identify(src) by extensions ['ros']
[0.185s] Level 1:colcon.colcon_core.package_identification:_identify(src) by extension 'ros'
[0.185s] Level 1:colcon.colcon_core.package_identification:_identify(src) by extensions ['cmake', 'python']
[0.185s] Level 1:colcon.colcon_core.package_identification:_identify(src) by extension 'cmake'
[0.185s] Level 1:colcon.colcon_core.package_identification:_identify(src) by extension 'python'
[0.185s] Level 1:colcon.colcon_core.package_identification:_identify(src) by extensions ['python_setup_py']
[0.185s] Level 1:colcon.colcon_core.package_identification:_identify(src) by extension 'python_setup_py'
[0.185s] Level 1:colcon.colcon_core.package_identification:_identify(src/ardniobot_remote) by extensions ['ignore', 'ignore_ament_install']
[0.185s] Level 1:colcon.colcon_core.package_identification:_identify(src/ardniobot_remote) by extension 'ignore'
[0.185s] Level 1:colcon.colcon_core.package_identification:_identify(src/ardniobot_remote) by extension 'ignore_ament_install'
[0.186s] Level 1:colcon.colcon_core.package_identification:_identify(src/ardniobot_remote) by extensions ['colcon_pkg']
[0.186s] Level 1:colcon.colcon_core.package_identification:_identify(src/ardniobot_remote) by extension 'colcon_pkg'
[0.186s] Level 1:colcon.colcon_core.package_identification:_identify(src/ardniobot_remote) by extensions ['colcon_meta']
[0.186s] Level 1:colcon.colcon_core.package_identification:_identify(src/ardniobot_remote) by extension 'colcon_meta'
[0.186s] Level 1:colcon.colcon_core.package_identification:_identify(src/ardniobot_remote) by extensions ['ros']
[0.186s] Level 1:colcon.colcon_core.package_identification:_identify(src/ardniobot_remote) by extension 'ros'
[0.187s] DEBUG:colcon.colcon_core.package_identification:Package 'src/ardniobot_remote' with type 'ros.ament_cmake' and name 'ardniobot_remote'
[0.187s] Level 1:colcon.colcon_core.package_identification:_identify(src/arduinoboot_py_examples) by extensions ['ignore', 'ignore_ament_install']
[0.187s] Level 1:colcon.colcon_core.package_identification:_identify(src/arduinoboot_py_examples) by extension 'ignore'
[0.187s] Level 1:colcon.colcon_core.package_identification:_identify(src/arduinoboot_py_examples) by extension 'ignore_ament_install'
[0.188s] Level 1:colcon.colcon_core.package_identification:_identify(src/arduinoboot_py_examples) by extensions ['colcon_pkg']
[0.188s] Level 1:colcon.colcon_core.package_identification:_identify(src/arduinoboot_py_examples) by extension 'colcon_pkg'
[0.188s] Level 1:colcon.colcon_core.package_identification:_identify(src/arduinoboot_py_examples) by extensions ['colcon_meta']
[0.188s] Level 1:colcon.colcon_core.package_identification:_identify(src/arduinoboot_py_examples) by extension 'colcon_meta'
[0.188s] Level 1:colcon.colcon_core.package_identification:_identify(src/arduinoboot_py_examples) by extensions ['ros']
[0.188s] Level 1:colcon.colcon_core.package_identification:_identify(src/arduinoboot_py_examples) by extension 'ros'
[0.188s] DEBUG:colcon.colcon_core.package_identification:Package 'src/arduinoboot_py_examples' with type 'ros.ament_python' and name 'arduinoboot_py_examples'
[0.188s] Level 1:colcon.colcon_core.package_identification:_identify(src/ardunio_cpp_examples) by extensions ['ignore', 'ignore_ament_install']
[0.188s] Level 1:colcon.colcon_core.package_identification:_identify(src/ardunio_cpp_examples) by extension 'ignore'
[0.188s] Level 1:colcon.colcon_core.package_identification:_identify(src/ardunio_cpp_examples) by extension 'ignore_ament_install'
[0.188s] Level 1:colcon.colcon_core.package_identification:_identify(src/ardunio_cpp_examples) by extensions ['colcon_pkg']
[0.188s] Level 1:colcon.colcon_core.package_identification:_identify(src/ardunio_cpp_examples) by extension 'colcon_pkg'
[0.188s] Level 1:colcon.colcon_core.package_identification:_identify(src/ardunio_cpp_examples) by extensions ['colcon_meta']
[0.188s] Level 1:colcon.colcon_core.package_identification:_identify(src/ardunio_cpp_examples) by extension 'colcon_meta'
[0.188s] Level 1:colcon.colcon_core.package_identification:_identify(src/ardunio_cpp_examples) by extensions ['ros']
[0.188s] Level 1:colcon.colcon_core.package_identification:_identify(src/ardunio_cpp_examples) by extension 'ros'
[0.189s] DEBUG:colcon.colcon_core.package_identification:Package 'src/ardunio_cpp_examples' with type 'ros.ament_cmake' and name 'ardunio_cpp_examples'
[0.189s] Level 1:colcon.colcon_core.package_identification:_identify(src/arduniobot_bringup) by extensions ['ignore', 'ignore_ament_install']
[0.189s] Level 1:colcon.colcon_core.package_identification:_identify(src/arduniobot_bringup) by extension 'ignore'
[0.189s] Level 1:colcon.colcon_core.package_identification:_identify(src/arduniobot_bringup) by extension 'ignore_ament_install'
[0.189s] Level 1:colcon.colcon_core.package_identification:_identify(src/arduniobot_bringup) by extensions ['colcon_pkg']
[0.189s] Level 1:colcon.colcon_core.package_identification:_identify(src/arduniobot_bringup) by extension 'colcon_pkg'
[0.189s] Level 1:colcon.colcon_core.package_identification:_identify(src/arduniobot_bringup) by extensions ['colcon_meta']
[0.189s] Level 1:colcon.colcon_core.package_identification:_identify(src/arduniobot_bringup) by extension 'colcon_meta'
[0.189s] Level 1:colcon.colcon_core.package_identification:_identify(src/arduniobot_bringup) by extensions ['ros']
[0.189s] Level 1:colcon.colcon_core.package_identification:_identify(src/arduniobot_bringup) by extension 'ros'
[0.189s] DEBUG:colcon.colcon_core.package_identification:Package 'src/arduniobot_bringup' with type 'ros.ament_cmake' and name 'arduniobot_bringup'
[0.189s] Level 1:colcon.colcon_core.package_identification:_identify(src/arduniobot_controller) by extensions ['ignore', 'ignore_ament_install']
[0.189s] Level 1:colcon.colcon_core.package_identification:_identify(src/arduniobot_controller) by extension 'ignore'
[0.189s] Level 1:colcon.colcon_core.package_identification:_identify(src/arduniobot_controller) by extension 'ignore_ament_install'
[0.189s] Level 1:colcon.colcon_core.package_identification:_identify(src/arduniobot_controller) by extensions ['colcon_pkg']
[0.189s] Level 1:colcon.colcon_core.package_identification:_identify(src/arduniobot_controller) by extension 'colcon_pkg'
[0.189s] Level 1:colcon.colcon_core.package_identification:_identify(src/arduniobot_controller) by extensions ['colcon_meta']
[0.189s] Level 1:colcon.colcon_core.package_identification:_identify(src/arduniobot_controller) by extension 'colcon_meta'
[0.189s] Level 1:colcon.colcon_core.package_identification:_identify(src/arduniobot_controller) by extensions ['ros']
[0.189s] Level 1:colcon.colcon_core.package_identification:_identify(src/arduniobot_controller) by extension 'ros'
[0.190s] DEBUG:colcon.colcon_core.package_identification:Package 'src/arduniobot_controller' with type 'ros.ament_cmake' and name 'arduniobot_controller'
[0.190s] Level 1:colcon.colcon_core.package_identification:_identify(src/arduniobot_description) by extensions ['ignore', 'ignore_ament_install']
[0.190s] Level 1:colcon.colcon_core.package_identification:_identify(src/arduniobot_description) by extension 'ignore'
[0.190s] Level 1:colcon.colcon_core.package_identification:_identify(src/arduniobot_description) by extension 'ignore_ament_install'
[0.190s] Level 1:colcon.colcon_core.package_identification:_identify(src/arduniobot_description) by extensions ['colcon_pkg']
[0.190s] Level 1:colcon.colcon_core.package_identification:_identify(src/arduniobot_description) by extension 'colcon_pkg'
[0.190s] Level 1:colcon.colcon_core.package_identification:_identify(src/arduniobot_description) by extensions ['colcon_meta']
[0.190s] Level 1:colcon.colcon_core.package_identification:_identify(src/arduniobot_description) by extension 'colcon_meta'
[0.190s] Level 1:colcon.colcon_core.package_identification:_identify(src/arduniobot_description) by extensions ['ros']
[0.190s] Level 1:colcon.colcon_core.package_identification:_identify(src/arduniobot_description) by extension 'ros'
[0.190s] DEBUG:colcon.colcon_core.package_identification:Package 'src/arduniobot_description' with type 'ros.ament_cmake' and name 'arduniobot_description'
[0.191s] Level 1:colcon.colcon_core.package_identification:_identify(src/arduniobot_firmware) by extensions ['ignore', 'ignore_ament_install']
[0.191s] Level 1:colcon.colcon_core.package_identification:_identify(src/arduniobot_firmware) by extension 'ignore'
[0.191s] Level 1:colcon.colcon_core.package_identification:_identify(src/arduniobot_firmware) by extension 'ignore_ament_install'
[0.191s] Level 1:colcon.colcon_core.package_identification:_identify(src/arduniobot_firmware) by extensions ['colcon_pkg']
[0.191s] Level 1:colcon.colcon_core.package_identification:_identify(src/arduniobot_firmware) by extension 'colcon_pkg'
[0.191s] Level 1:colcon.colcon_core.package_identification:_identify(src/arduniobot_firmware) by extensions ['colcon_meta']
[0.191s] Level 1:colcon.colcon_core.package_identification:_identify(src/arduniobot_firmware) by extension 'colcon_meta'
[0.191s] Level 1:colcon.colcon_core.package_identification:_identify(src/arduniobot_firmware) by extensions ['ros']
[0.191s] Level 1:colcon.colcon_core.package_identification:_identify(src/arduniobot_firmware) by extension 'ros'
[0.192s] DEBUG:colcon.colcon_core.package_identification:Package 'src/arduniobot_firmware' with type 'ros.ament_cmake' and name 'arduniobot_firmware'
[0.192s] Level 1:colcon.colcon_core.package_identification:_identify(src/arduniobot_movelt) by extensions ['ignore', 'ignore_ament_install']
[0.192s] Level 1:colcon.colcon_core.package_identification:_identify(src/arduniobot_movelt) by extension 'ignore'
[0.192s] Level 1:colcon.colcon_core.package_identification:_identify(src/arduniobot_movelt) by extension 'ignore_ament_install'
[0.192s] Level 1:colcon.colcon_core.package_identification:_identify(src/arduniobot_movelt) by extensions ['colcon_pkg']
[0.192s] Level 1:colcon.colcon_core.package_identification:_identify(src/arduniobot_movelt) by extension 'colcon_pkg'
[0.192s] Level 1:colcon.colcon_core.package_identification:_identify(src/arduniobot_movelt) by extensions ['colcon_meta']
[0.192s] Level 1:colcon.colcon_core.package_identification:_identify(src/arduniobot_movelt) by extension 'colcon_meta'
[0.192s] Level 1:colcon.colcon_core.package_identification:_identify(src/arduniobot_movelt) by extensions ['ros']
[0.192s] Level 1:colcon.colcon_core.package_identification:_identify(src/arduniobot_movelt) by extension 'ros'
[0.192s] DEBUG:colcon.colcon_core.package_identification:Package 'src/arduniobot_movelt' with type 'ros.ament_cmake' and name 'arduniobot_movelt'
[0.192s] Level 1:colcon.colcon_core.package_identification:_identify(src/arduniobot_msgs) by extensions ['ignore', 'ignore_ament_install']
[0.192s] Level 1:colcon.colcon_core.package_identification:_identify(src/arduniobot_msgs) by extension 'ignore'
[0.192s] Level 1:colcon.colcon_core.package_identification:_identify(src/arduniobot_msgs) by extension 'ignore_ament_install'
[0.192s] Level 1:colcon.colcon_core.package_identification:_identify(src/arduniobot_msgs) by extensions ['colcon_pkg']
[0.192s] Level 1:colcon.colcon_core.package_identification:_identify(src/arduniobot_msgs) by extension 'colcon_pkg'
[0.192s] Level 1:colcon.colcon_core.package_identification:_identify(src/arduniobot_msgs) by extensions ['colcon_meta']
[0.192s] Level 1:colcon.colcon_core.package_identification:_identify(src/arduniobot_msgs) by extension 'colcon_meta'
[0.192s] Level 1:colcon.colcon_core.package_identification:_identify(src/arduniobot_msgs) by extensions ['ros']
[0.192s] Level 1:colcon.colcon_core.package_identification:_identify(src/arduniobot_msgs) by extension 'ros'
[0.193s] DEBUG:colcon.colcon_core.package_identification:Package 'src/arduniobot_msgs' with type 'ros.ament_cmake' and name 'arduniobot_msgs'
[0.193s] Level 1:colcon.colcon_core.package_identification:_identify(src/ardunioboty_utils) by extensions ['ignore', 'ignore_ament_install']
[0.193s] Level 1:colcon.colcon_core.package_identification:_identify(src/ardunioboty_utils) by extension 'ignore'
[0.193s] Level 1:colcon.colcon_core.package_identification:_identify(src/ardunioboty_utils) by extension 'ignore_ament_install'
[0.193s] Level 1:colcon.colcon_core.package_identification:_identify(src/ardunioboty_utils) by extensions ['colcon_pkg']
[0.193s] Level 1:colcon.colcon_core.package_identification:_identify(src/ardunioboty_utils) by extension 'colcon_pkg'
[0.193s] Level 1:colcon.colcon_core.package_identification:_identify(src/ardunioboty_utils) by extensions ['colcon_meta']
[0.193s] Level 1:colcon.colcon_core.package_identification:_identify(src/ardunioboty_utils) by extension 'colcon_meta'
[0.193s] Level 1:colcon.colcon_core.package_identification:_identify(src/ardunioboty_utils) by extensions ['ros']
[0.193s] Level 1:colcon.colcon_core.package_identification:_identify(src/ardunioboty_utils) by extension 'ros'
[0.193s] DEBUG:colcon.colcon_core.package_identification:Package 'src/ardunioboty_utils' with type 'ros.ament_cmake' and name 'ardunioboty_utils'
[0.193s] Level 1:colcon.colcon_core.package_identification:_identify(src/build) by extensions ['ignore', 'ignore_ament_install']
[0.193s] Level 1:colcon.colcon_core.package_identification:_identify(src/build) by extension 'ignore'
[0.193s] Level 1:colcon.colcon_core.package_identification:_identify(src/build) ignored
[0.194s] Level 1:colcon.colcon_core.package_identification:_identify(src/install) by extensions ['ignore', 'ignore_ament_install']
[0.194s] Level 1:colcon.colcon_core.package_identification:_identify(src/install) by extension 'ignore'
[0.194s] Level 1:colcon.colcon_core.package_identification:_identify(src/install) ignored
[0.194s] Level 1:colcon.colcon_core.package_identification:_identify(src/log) by extensions ['ignore', 'ignore_ament_install']
[0.194s] Level 1:colcon.colcon_core.package_identification:_identify(src/log) by extension 'ignore'
[0.194s] Level 1:colcon.colcon_core.package_identification:_identify(src/log) ignored
[0.194s] Level 1:colcon.colcon_core.package_discovery:discover_packages(recursive) using defaults
[0.194s] Level 1:colcon.colcon_core.package_discovery:discover_packages(ignore) discover
[0.194s] Level 1:colcon.colcon_core.package_discovery:discover_packages(ignore) using defaults
[0.194s] Level 1:colcon.colcon_core.package_discovery:discover_packages(path) discover
[0.194s] Level 1:colcon.colcon_core.package_discovery:discover_packages(path) using defaults
[0.206s] Level 1:colcon.colcon_core.package_discovery:discover_packages(prefix_path) check parameters
[0.206s] Level 1:colcon.colcon_core.package_discovery:discover_packages(prefix_path) discover
[0.206s] WARNING:colcon.colcon_ros.prefix_path.ament:The path '/home/anjali/arduinoboot_ws/install/ardunioboty_utils' in the environment variable AMENT_PREFIX_PATH doesn't exist
[0.206s] WARNING:colcon.colcon_ros.prefix_path.ament:The path '/home/anjali/arduinoboot_ws/install/ardniobot_remote' in the environment variable AMENT_PREFIX_PATH doesn't exist
[0.206s] WARNING:colcon.colcon_ros.prefix_path.ament:The path '/home/anjali/arduinoboot_ws/install/arduniobot_msgs' in the environment variable AMENT_PREFIX_PATH doesn't exist
[0.206s] WARNING:colcon.colcon_ros.prefix_path.ament:The path '/home/anjali/arduinoboot_ws/install/arduniobot_movelt' in the environment variable AMENT_PREFIX_PATH doesn't exist
[0.206s] WARNING:colcon.colcon_ros.prefix_path.ament:The path '/home/anjali/arduinoboot_ws/install/arduniobot_firmware' in the environment variable AMENT_PREFIX_PATH doesn't exist
[0.206s] WARNING:colcon.colcon_ros.prefix_path.ament:The path '/home/anjali/arduinoboot_ws/install/arduniobot_description' in the environment variable AMENT_PREFIX_PATH doesn't exist
[0.206s] WARNING:colcon.colcon_ros.prefix_path.ament:The path '/home/anjali/arduinoboot_ws/install/arduniobot_bringup' in the environment variable AMENT_PREFIX_PATH doesn't exist
[0.206s] WARNING:colcon.colcon_ros.prefix_path.ament:The path '/home/anjali/arduinoboot_ws/install/ardunio_cpp_examples' in the environment variable AMENT_PREFIX_PATH doesn't exist
[0.206s] WARNING:colcon.colcon_ros.prefix_path.ament:The path '/home/anjali/arduinoboot_ws/install/arduinoboot_py_examples' in the environment variable AMENT_PREFIX_PATH doesn't exist
[0.206s] WARNING:colcon.colcon_ros.prefix_path.catkin:The path '/home/anjali/arduinoboot_ws/install/ardunioboty_utils' in the environment variable CMAKE_PREFIX_PATH doesn't exist
[0.206s] WARNING:colcon.colcon_ros.prefix_path.catkin:The path '/home/anjali/arduinoboot_ws/install/ardniobot_remote' in the environment variable CMAKE_PREFIX_PATH doesn't exist
[0.207s] WARNING:colcon.colcon_ros.prefix_path.catkin:The path '/home/anjali/arduinoboot_ws/install/arduniobot_msgs' in the environment variable CMAKE_PREFIX_PATH doesn't exist
[0.207s] WARNING:colcon.colcon_ros.prefix_path.catkin:The path '/home/anjali/arduinoboot_ws/install/arduniobot_movelt' in the environment variable CMAKE_PREFIX_PATH doesn't exist
[0.207s] WARNING:colcon.colcon_ros.prefix_path.catkin:The path '/home/anjali/arduinoboot_ws/install/arduniobot_firmware' in the environment variable CMAKE_PREFIX_PATH doesn't exist
[0.207s] WARNING:colcon.colcon_ros.prefix_path.catkin:The path '/home/anjali/arduinoboot_ws/install/arduniobot_description' in the environment variable CMAKE_PREFIX_PATH doesn't exist
[0.207s] WARNING:colcon.colcon_ros.prefix_path.catkin:The path '/home/anjali/arduinoboot_ws/install/arduniobot_bringup' in the environment variable CMAKE_PREFIX_PATH doesn't exist
[0.207s] WARNING:colcon.colcon_ros.prefix_path.catkin:The path '/home/anjali/arduinoboot_ws/install/ardunio_cpp_examples' in the environment variable CMAKE_PREFIX_PATH doesn't exist
[0.207s] DEBUG:colcon.colcon_installed_package_information.package_discovery:Found 0 installed packages in /home/anjali/arduinoboot_ws/install
[0.208s] DEBUG:colcon.colcon_installed_package_information.package_discovery:Found 347 installed packages in /opt/ros/humble
[0.208s] Level 1:colcon.colcon_core.package_discovery:discover_packages(prefix_path) using defaults
[0.231s] Level 5:colcon.colcon_core.verb:set package 'arduinoboot_py_examples' build argument 'cmake_args' from command line to 'None'
[0.231s] Level 5:colcon.colcon_core.verb:set package 'arduinoboot_py_examples' build argument 'cmake_target' from command line to 'None'
[0.231s] Level 5:colcon.colcon_core.verb:set package 'arduinoboot_py_examples' build argument 'cmake_target_skip_unavailable' from command line to 'False'
[0.231s] Level 5:colcon.colcon_core.verb:set package 'arduinoboot_py_examples' build argument 'cmake_clean_cache' from command line to 'False'
[0.231s] Level 5:colcon.colcon_core.verb:set package 'arduinoboot_py_examples' build argument 'cmake_clean_first' from command line to 'False'
[0.231s] Level 5:colcon.colcon_core.verb:set package 'arduinoboot_py_examples' build argument 'cmake_force_configure' from command line to 'False'
[0.231s] Level 5:colcon.colcon_core.verb:set package 'arduinoboot_py_examples' build argument 'ament_cmake_args' from command line to 'None'
[0.231s] Level 5:colcon.colcon_core.verb:set package 'arduinoboot_py_examples' build argument 'catkin_cmake_args' from command line to 'None'
[0.231s] Level 5:colcon.colcon_core.verb:set package 'arduinoboot_py_examples' build argument 'catkin_skip_building_tests' from command line to 'False'
[0.231s] DEBUG:colcon.colcon_core.verb:Building package 'arduinoboot_py_examples' with the following arguments: {'ament_cmake_args': None, 'build_base': '/home/anjali/arduinoboot_ws/build/arduinoboot_py_examples', 'catkin_cmake_args': None, 'catkin_skip_building_tests': False, 'cmake_args': None, 'cmake_clean_cache': False, 'cmake_clean_first': False, 'cmake_force_configure': False, 'cmake_target': None, 'cmake_target_skip_unavailable': False, 'install_base': '/home/anjali/arduinoboot_ws/install/arduinoboot_py_examples', 'merge_install': False, 'path': '/home/anjali/arduinoboot_ws/src/arduinoboot_py_examples', 'symlink_install': False, 'test_result_base': None}
[0.231s] Level 5:colcon.colcon_core.verb:set package 'ardunio_cpp_examples' build argument 'cmake_args' from command line to 'None'
[0.231s] Level 5:colcon.colcon_core.verb:set package 'ardunio_cpp_examples' build argument 'cmake_target' from command line to 'None'
[0.231s] Level 5:colcon.colcon_core.verb:set package 'ardunio_cpp_examples' build argument 'cmake_target_skip_unavailable' from command line to 'False'
[0.231s] Level 5:colcon.colcon_core.verb:set package 'ardunio_cpp_examples' build argument 'cmake_clean_cache' from command line to 'False'
[0.231s] Level 5:colcon.colcon_core.verb:set package 'ardunio_cpp_examples' build argument 'cmake_clean_first' from command line to 'False'
[0.231s] Level 5:colcon.colcon_core.verb:set package 'ardunio_cpp_examples' build argument 'cmake_force_configure' from command line to 'False'
[0.231s] Level 5:colcon.colcon_core.verb:set package 'ardunio_cpp_examples' build argument 'ament_cmake_args' from command line to 'None'
[0.231s] Level 5:colcon.colcon_core.verb:set package 'ardunio_cpp_examples' build argument 'catkin_cmake_args' from command line to 'None'
[0.231s] Level 5:colcon.colcon_core.verb:set package 'ardunio_cpp_examples' build argument 'catkin_skip_building_tests' from command line to 'False'
[0.231s] DEBUG:colcon.colcon_core.verb:Building package 'ardunio_cpp_examples' with the following arguments: {'ament_cmake_args': None, 'build_base': '/home/anjali/arduinoboot_ws/build/ardunio_cpp_examples', 'catkin_cmake_args': None, 'catkin_skip_building_tests': False, 'cmake_args': None, 'cmake_clean_cache': False, 'cmake_clean_first': False, 'cmake_force_configure': False, 'cmake_target': None, 'cmake_target_skip_unavailable': False, 'install_base': '/home/anjali/arduinoboot_ws/install/ardunio_cpp_examples', 'merge_install': False, 'path': '/home/anjali/arduinoboot_ws/src/ardunio_cpp_examples', 'symlink_install': False, 'test_result_base': None}
[0.231s] Level 5:colcon.colcon_core.verb:set package 'arduniobot_bringup' build argument 'cmake_args' from command line to 'None'
[0.231s] Level 5:colcon.colcon_core.verb:set package 'arduniobot_bringup' build argument 'cmake_target' from command line to 'None'
[0.231s] Level 5:colcon.colcon_core.verb:set package 'arduniobot_bringup' build argument 'cmake_target_skip_unavailable' from command line to 'False'
[0.231s] Level 5:colcon.colcon_core.verb:set package 'arduniobot_bringup' build argument 'cmake_clean_cache' from command line to 'False'
[0.231s] Level 5:colcon.colcon_core.verb:set package 'arduniobot_bringup' build argument 'cmake_clean_first' from command line to 'False'
[0.231s] Level 5:colcon.colcon_core.verb:set package 'arduniobot_bringup' build argument 'cmake_force_configure' from command line to 'False'
[0.231s] Level 5:colcon.colcon_core.verb:set package 'arduniobot_bringup' build argument 'ament_cmake_args' from command line to 'None'
[0.231s] Level 5:colcon.colcon_core.verb:set package 'arduniobot_bringup' build argument 'catkin_cmake_args' from command line to 'None'
[0.231s] Level 5:colcon.colcon_core.verb:set package 'arduniobot_bringup' build argument 'catkin_skip_building_tests' from command line to 'False'
[0.231s] DEBUG:colcon.colcon_core.verb:Building package 'arduniobot_bringup' with the following arguments: {'ament_cmake_args': None, 'build_base': '/home/anjali/arduinoboot_ws/build/arduniobot_bringup', 'catkin_cmake_args': None, 'catkin_skip_building_tests': False, 'cmake_args': None, 'cmake_clean_cache': False, 'cmake_clean_first': False, 'cmake_force_configure': False, 'cmake_target': None, 'cmake_target_skip_unavailable': False, 'install_base': '/home/anjali/arduinoboot_ws/install/arduniobot_bringup', 'merge_install': False, 'path': '/home/anjali/arduinoboot_ws/src/arduniobot_bringup', 'symlink_install': False, 'test_result_base': None}
[0.231s] Level 5:colcon.colcon_core.verb:set package 'arduniobot_controller' build argument 'cmake_args' from command line to 'None'
[0.231s] Level 5:colcon.colcon_core.verb:set package 'arduniobot_controller' build argument 'cmake_target' from command line to 'None'
[0.231s] Level 5:colcon.colcon_core.verb:set package 'arduniobot_controller' build argument 'cmake_target_skip_unavailable' from command line to 'False'
[0.232s] Level 5:colcon.colcon_core.verb:set package 'arduniobot_controller' build argument 'cmake_clean_cache' from command line to 'False'
[0.232s] Level 5:colcon.colcon_core.verb:set package 'arduniobot_controller' build argument 'cmake_clean_first' from command line to 'False'
[0.232s] Level 5:colcon.colcon_core.verb:set package 'arduniobot_controller' build argument 'cmake_force_configure' from command line to 'False'
[0.232s] Level 5:colcon.colcon_core.verb:set package 'arduniobot_controller' build argument 'ament_cmake_args' from command line to 'None'
[0.232s] Level 5:colcon.colcon_core.verb:set package 'arduniobot_controller' build argument 'catkin_cmake_args' from command line to 'None'
[0.232s] Level 5:colcon.colcon_core.verb:set package 'arduniobot_controller' build argument 'catkin_skip_building_tests' from command line to 'False'
[0.232s] DEBUG:colcon.colcon_core.verb:Building package 'arduniobot_controller' with the following arguments: {'ament_cmake_args': None, 'build_base': '/home/anjali/arduinoboot_ws/build/arduniobot_controller', 'catkin_cmake_args': None, 'catkin_skip_building_tests': False, 'cmake_args': None, 'cmake_clean_cache': False, 'cmake_clean_first': False, 'cmake_force_configure': False, 'cmake_target': None, 'cmake_target_skip_unavailable': False, 'install_base': '/home/anjali/arduinoboot_ws/install/arduniobot_controller', 'merge_install': False, 'path': '/home/anjali/arduinoboot_ws/src/arduniobot_controller', 'symlink_install': False, 'test_result_base': None}
[0.232s] Level 5:colcon.colcon_core.verb:set package 'arduniobot_description' build argument 'cmake_args' from command line to 'None'
[0.232s] Level 5:colcon.colcon_core.verb:set package 'arduniobot_description' build argument 'cmake_target' from command line to 'None'
[0.232s] Level 5:colcon.colcon_core.verb:set package 'arduniobot_description' build argument 'cmake_target_skip_unavailable' from command line to 'False'
[0.232s] Level 5:colcon.colcon_core.verb:set package 'arduniobot_description' build argument 'cmake_clean_cache' from command line to 'False'
[0.232s] Level 5:colcon.colcon_core.verb:set package 'arduniobot_description' build argument 'cmake_clean_first' from command line to 'False'
[0.232s] Level 5:colcon.colcon_core.verb:set package 'arduniobot_description' build argument 'cmake_force_configure' from command line to 'False'
[0.232s] Level 5:colcon.colcon_core.verb:set package 'arduniobot_description' build argument 'ament_cmake_args' from command line to 'None'
[0.232s] Level 5:colcon.colcon_core.verb:set package 'arduniobot_description' build argument 'catkin_cmake_args' from command line to 'None'
[0.232s] Level 5:colcon.colcon_core.verb:set package 'arduniobot_description' build argument 'catkin_skip_building_tests' from command line to 'False'
[0.232s] DEBUG:colcon.colcon_core.verb:Building package 'arduniobot_description' with the following arguments: {'ament_cmake_args': None, 'build_base': '/home/anjali/arduinoboot_ws/build/arduniobot_description', 'catkin_cmake_args': None, 'catkin_skip_building_tests': False, 'cmake_args': None, 'cmake_clean_cache': False, 'cmake_clean_first': False, 'cmake_force_configure': False, 'cmake_target': None, 'cmake_target_skip_unavailable': False, 'install_base': '/home/anjali/arduinoboot_ws/install/arduniobot_description', 'merge_install': False, 'path': '/home/anjali/arduinoboot_ws/src/arduniobot_description', 'symlink_install': False, 'test_result_base': None}
[0.232s] Level 5:colcon.colcon_core.verb:set package 'arduniobot_firmware' build argument 'cmake_args' from command line to 'None'
[0.232s] Level 5:colcon.colcon_core.verb:set package 'arduniobot_firmware' build argument 'cmake_target' from command line to 'None'
[0.232s] Level 5:colcon.colcon_core.verb:set package 'arduniobot_firmware' build argument 'cmake_target_skip_unavailable' from command line to 'False'
[0.232s] Level 5:colcon.colcon_core.verb:set package 'arduniobot_firmware' build argument 'cmake_clean_cache' from command line to 'False'
[0.232s] Level 5:colcon.colcon_core.verb:set package 'arduniobot_firmware' build argument 'cmake_clean_first' from command line to 'False'
[0.232s] Level 5:colcon.colcon_core.verb:set package 'arduniobot_firmware' build argument 'cmake_force_configure' from command line to 'False'
[0.232s] Level 5:colcon.colcon_core.verb:set package 'arduniobot_firmware' build argument 'ament_cmake_args' from command line to 'None'
[0.232s] Level 5:colcon.colcon_core.verb:set package 'arduniobot_firmware' build argument 'catkin_cmake_args' from command line to 'None'
[0.232s] Level 5:colcon.colcon_core.verb:set package 'arduniobot_firmware' build argument 'catkin_skip_building_tests' from command line to 'False'
[0.232s] DEBUG:colcon.colcon_core.verb:Building package 'arduniobot_firmware' with the following arguments: {'ament_cmake_args': None, 'build_base': '/home/anjali/arduinoboot_ws/build/arduniobot_firmware', 'catkin_cmake_args': None, 'catkin_skip_building_tests': False, 'cmake_args': None, 'cmake_clean_cache': False, 'cmake_clean_first': False, 'cmake_force_configure': False, 'cmake_target': None, 'cmake_target_skip_unavailable': False, 'install_base': '/home/anjali/arduinoboot_ws/install/arduniobot_firmware', 'merge_install': False, 'path': '/home/anjali/arduinoboot_ws/src/arduniobot_firmware', 'symlink_install': False, 'test_result_base': None}
[0.232s] Level 5:colcon.colcon_core.verb:set package 'arduniobot_movelt' build argument 'cmake_args' from command line to 'None'
[0.232s] Level 5:colcon.colcon_core.verb:set package 'arduniobot_movelt' build argument 'cmake_target' from command line to 'None'
[0.232s] Level 5:colcon.colcon_core.verb:set package 'arduniobot_movelt' build argument 'cmake_target_skip_unavailable' from command line to 'False'
[0.232s] Level 5:colcon.colcon_core.verb:set package 'arduniobot_movelt' build argument 'cmake_clean_cache' from command line to 'False'
[0.232s] Level 5:colcon.colcon_core.verb:set package 'arduniobot_movelt' build argument 'cmake_clean_first' from command line to 'False'
[0.232s] Level 5:colcon.colcon_core.verb:set package 'arduniobot_movelt' build argument 'cmake_force_configure' from command line to 'False'
[0.232s] Level 5:colcon.colcon_core.verb:set package 'arduniobot_movelt' build argument 'ament_cmake_args' from command line to 'None'
[0.232s] Level 5:colcon.colcon_core.verb:set package 'arduniobot_movelt' build argument 'catkin_cmake_args' from command line to 'None'
[0.232s] Level 5:colcon.colcon_core.verb:set package 'arduniobot_movelt' build argument 'catkin_skip_building_tests' from command line to 'False'
[0.232s] DEBUG:colcon.colcon_core.verb:Building package 'arduniobot_movelt' with the following arguments: {'ament_cmake_args': None, 'build_base': '/home/anjali/arduinoboot_ws/build/arduniobot_movelt', 'catkin_cmake_args': None, 'catkin_skip_building_tests': False, 'cmake_args': None, 'cmake_clean_cache': False, 'cmake_clean_first': False, 'cmake_force_configure': False, 'cmake_target': None, 'cmake_target_skip_unavailable': False, 'install_base': '/home/anjali/arduinoboot_ws/install/arduniobot_movelt', 'merge_install': False, 'path': '/home/anjali/arduinoboot_ws/src/arduniobot_movelt', 'symlink_install': False, 'test_result_base': None}
[0.232s] Level 5:colcon.colcon_core.verb:set package 'arduniobot_msgs' build argument 'cmake_args' from command line to 'None'
[0.233s] Level 5:colcon.colcon_core.verb:set package 'arduniobot_msgs' build argument 'cmake_target' from command line to 'None'
[0.233s] Level 5:colcon.colcon_core.verb:set package 'arduniobot_msgs' build argument 'cmake_target_skip_unavailable' from command line to 'False'
[0.233s] Level 5:colcon.colcon_core.verb:set package 'arduniobot_msgs' build argument 'cmake_clean_cache' from command line to 'False'
[0.233s] Level 5:colcon.colcon_core.verb:set package 'arduniobot_msgs' build argument 'cmake_clean_first' from command line to 'False'
[0.233s] Level 5:colcon.colcon_core.verb:set package 'arduniobot_msgs' build argument 'cmake_force_configure' from command line to 'False'
[0.233s] Level 5:colcon.colcon_core.verb:set package 'arduniobot_msgs' build argument 'ament_cmake_args' from command line to 'None'
[0.233s] Level 5:colcon.colcon_core.verb:set package 'arduniobot_msgs' build argument 'catkin_cmake_args' from command line to 'None'
[0.233s] Level 5:colcon.colcon_core.verb:set package 'arduniobot_msgs' build argument 'catkin_skip_building_tests' from command line to 'False'
[0.233s] DEBUG:colcon.colcon_core.verb:Building package 'arduniobot_msgs' with the following arguments: {'ament_cmake_args': None, 'build_base': '/home/anjali/arduinoboot_ws/build/arduniobot_msgs', 'catkin_cmake_args': None, 'catkin_skip_building_tests': False, 'cmake_args': None, 'cmake_clean_cache': False, 'cmake_clean_first': False, 'cmake_force_configure': False, 'cmake_target': None, 'cmake_target_skip_unavailable': False, 'install_base': '/home/anjali/arduinoboot_ws/install/arduniobot_msgs', 'merge_install': False, 'path': '/home/anjali/arduinoboot_ws/src/arduniobot_msgs', 'symlink_install': False, 'test_result_base': None}
[0.233s] Level 5:colcon.colcon_core.verb:set package 'ardniobot_remote' build argument 'cmake_args' from command line to 'None'
[0.233s] Level 5:colcon.colcon_core.verb:set package 'ardniobot_remote' build argument 'cmake_target' from command line to 'None'
[0.233s] Level 5:colcon.colcon_core.verb:set package 'ardniobot_remote' build argument 'cmake_target_skip_unavailable' from command line to 'False'
[0.233s] Level 5:colcon.colcon_core.verb:set package 'ardniobot_remote' build argument 'cmake_clean_cache' from command line to 'False'
[0.233s] Level 5:colcon.colcon_core.verb:set package 'ardniobot_remote' build argument 'cmake_clean_first' from command line to 'False'
[0.233s] Level 5:colcon.colcon_core.verb:set package 'ardniobot_remote' build argument 'cmake_force_configure' from command line to 'False'
[0.233s] Level 5:colcon.colcon_core.verb:set package 'ardniobot_remote' build argument 'ament_cmake_args' from command line to 'None'
[0.233s] Level 5:colcon.colcon_core.verb:set package 'ardniobot_remote' build argument 'catkin_cmake_args' from command line to 'None'
[0.233s] Level 5:colcon.colcon_core.verb:set package 'ardniobot_remote' build argument 'catkin_skip_building_tests' from command line to 'False'
[0.233s] DEBUG:colcon.colcon_core.verb:Building package 'ardniobot_remote' with the following arguments: {'ament_cmake_args': None, 'build_base': '/home/anjali/arduinoboot_ws/build/ardniobot_remote', 'catkin_cmake_args': None, 'catkin_skip_building_tests': False, 'cmake_args': None, 'cmake_clean_cache': False, 'cmake_clean_first': False, 'cmake_force_configure': False, 'cmake_target': None, 'cmake_target_skip_unavailable': False, 'install_base': '/home/anjali/arduinoboot_ws/install/ardniobot_remote', 'merge_install': False, 'path': '/home/anjali/arduinoboot_ws/src/ardniobot_remote', 'symlink_install': False, 'test_result_base': None}
[0.233s] Level 5:colcon.colcon_core.verb:set package 'ardunioboty_utils' build argument 'cmake_args' from command line to 'None'
[0.233s] Level 5:colcon.colcon_core.verb:set package 'ardunioboty_utils' build argument 'cmake_target' from command line to 'None'
[0.233s] Level 5:colcon.colcon_core.verb:set package 'ardunioboty_utils' build argument 'cmake_target_skip_unavailable' from command line to 'False'
[0.233s] Level 5:colcon.colcon_core.verb:set package 'ardunioboty_utils' build argument 'cmake_clean_cache' from command line to 'False'
[0.233s] Level 5:colcon.colcon_core.verb:set package 'ardunioboty_utils' build argument 'cmake_clean_first' from command line to 'False'
[0.233s] Level 5:colcon.colcon_core.verb:set package 'ardunioboty_utils' build argument 'cmake_force_configure' from command line to 'False'
[0.233s] Level 5:colcon.colcon_core.verb:set package 'ardunioboty_utils' build argument 'ament_cmake_args' from command line to 'None'
[0.233s] Level 5:colcon.colcon_core.verb:set package 'ardunioboty_utils' build argument 'catkin_cmake_args' from command line to 'None'
[0.233s] Level 5:colcon.colcon_core.verb:set package 'ardunioboty_utils' build argument 'catkin_skip_building_tests' from command line to 'False'
[0.233s] DEBUG:colcon.colcon_core.verb:Building package 'ardunioboty_utils' with the following arguments: {'ament_cmake_args': None, 'build_base': '/home/anjali/arduinoboot_ws/build/ardunioboty_utils', 'catkin_cmake_args': None, 'catkin_skip_building_tests': False, 'cmake_args': None, 'cmake_clean_cache': False, 'cmake_clean_first': False, 'cmake_force_configure': False, 'cmake_target': None, 'cmake_target_skip_unavailable': False, 'install_base': '/home/anjali/arduinoboot_ws/install/ardunioboty_utils', 'merge_install': False, 'path': '/home/anjali/arduinoboot_ws/src/ardunioboty_utils', 'symlink_install': False, 'test_result_base': None}
[0.233s] INFO:colcon.colcon_core.executor:Executing jobs using 'parallel' executor
[0.234s] DEBUG:colcon.colcon_parallel_executor.executor.parallel:run_until_complete
[0.234s] INFO:colcon.colcon_ros.task.ament_cmake.build:Building ROS package in '/home/anjali/arduinoboot_ws/src/arduniobot_msgs' with build type 'ament_cmake'
[0.234s] INFO:colcon.colcon_cmake.task.cmake.build:Building CMake package in '/home/anjali/arduinoboot_ws/src/arduniobot_msgs'
[0.236s] INFO:colcon.colcon_core.plugin_system:Skipping extension 'colcon_core.shell.bat': Not used on non-Windows systems
[0.236s] INFO:colcon.colcon_core.shell:Skip shell extension 'powershell' for command environment: Not usable outside of PowerShell
[0.236s] DEBUG:colcon.colcon_core.shell:Skip shell extension 'dsv' for command environment
[0.238s] INFO:colcon.colcon_ros.task.ament_python.build:Building ROS package in '/home/anjali/arduinoboot_ws/src/arduinoboot_py_examples' with build type 'ament_python'
[0.238s] Level 1:colcon.colcon_core.shell:create_environment_hook('arduinoboot_py_examples', 'ament_prefix_path')
[0.238s] INFO:colcon.colcon_core.shell:Creating environment hook '/home/anjali/arduinoboot_ws/install/arduinoboot_py_examples/share/arduinoboot_py_examples/hook/ament_prefix_path.ps1'
[0.239s] INFO:colcon.colcon_core.shell:Creating environment descriptor '/home/anjali/arduinoboot_ws/install/arduinoboot_py_examples/share/arduinoboot_py_examples/hook/ament_prefix_path.dsv'
[0.239s] INFO:colcon.colcon_core.shell:Creating environment hook '/home/anjali/arduinoboot_ws/install/arduinoboot_py_examples/share/arduinoboot_py_examples/hook/ament_prefix_path.sh'
[0.239s] INFO:colcon.colcon_core.shell:Skip shell extension 'powershell' for command environment: Not usable outside of PowerShell
[0.239s] DEBUG:colcon.colcon_core.shell:Skip shell extension 'dsv' for command environment
[0.241s] INFO:colcon.colcon_ros.task.ament_cmake.build:Building ROS package in '/home/anjali/arduinoboot_ws/src/ardunio_cpp_examples' with build type 'ament_cmake'
[0.241s] INFO:colcon.colcon_cmake.task.cmake.build:Building CMake package in '/home/anjali/arduinoboot_ws/src/ardunio_cpp_examples'
[0.242s] INFO:colcon.colcon_core.shell:Skip shell extension 'powershell' for command environment: Not usable outside of PowerShell
[0.242s] DEBUG:colcon.colcon_core.shell:Skip shell extension 'dsv' for command environment
[0.243s] INFO:colcon.colcon_ros.task.ament_cmake.build:Building ROS package in '/home/anjali/arduinoboot_ws/src/arduniobot_bringup' with build type 'ament_cmake'
[0.244s] INFO:colcon.colcon_cmake.task.cmake.build:Building CMake package in '/home/anjali/arduinoboot_ws/src/arduniobot_bringup'
[0.244s] INFO:colcon.colcon_core.shell:Skip shell extension 'powershell' for command environment: Not usable outside of PowerShell
[0.244s] DEBUG:colcon.colcon_core.shell:Skip shell extension 'dsv' for command environment
[0.246s] INFO:colcon.colcon_ros.task.ament_cmake.build:Building ROS package in '/home/anjali/arduinoboot_ws/src/arduniobot_controller' with build type 'ament_cmake'
[0.246s] INFO:colcon.colcon_cmake.task.cmake.build:Building CMake package in '/home/anjali/arduinoboot_ws/src/arduniobot_controller'
[0.246s] INFO:colcon.colcon_core.shell:Skip shell extension 'powershell' for command environment: Not usable outside of PowerShell
[0.246s] DEBUG:colcon.colcon_core.shell:Skip shell extension 'dsv' for command environment
[0.248s] INFO:colcon.colcon_ros.task.ament_cmake.build:Building ROS package in '/home/anjali/arduinoboot_ws/src/arduniobot_description' with build type 'ament_cmake'
[0.248s] INFO:colcon.colcon_cmake.task.cmake.build:Building CMake package in '/home/anjali/arduinoboot_ws/src/arduniobot_description'
[0.248s] INFO:colcon.colcon_core.shell:Skip shell extension 'powershell' for command environment: Not usable outside of PowerShell
[0.248s] DEBUG:colcon.colcon_core.shell:Skip shell extension 'dsv' for command environment
[0.250s] INFO:colcon.colcon_ros.task.ament_cmake.build:Building ROS package in '/home/anjali/arduinoboot_ws/src/arduniobot_firmware' with build type 'ament_cmake'
[0.250s] INFO:colcon.colcon_cmake.task.cmake.build:Building CMake package in '/home/anjali/arduinoboot_ws/src/arduniobot_firmware'
[0.250s] INFO:colcon.colcon_core.shell:Skip shell extension 'powershell' for command environment: Not usable outside of PowerShell
[0.250s] DEBUG:colcon.colcon_core.shell:Skip shell extension 'dsv' for command environment
[0.252s] INFO:colcon.colcon_ros.task.ament_cmake.build:Building ROS package in '/home/anjali/arduinoboot_ws/src/arduniobot_movelt' with build type 'ament_cmake'
[0.252s] INFO:colcon.colcon_cmake.task.cmake.build:Building CMake package in '/home/anjali/arduinoboot_ws/src/arduniobot_movelt'
[0.252s] INFO:colcon.colcon_core.shell:Skip shell extension 'powershell' for command environment: Not usable outside of PowerShell
[0.252s] DEBUG:colcon.colcon_core.shell:Skip shell extension 'dsv' for command environment
[0.258s] DEBUG:colcon.colcon_core.event_handler.log_command:Invoking command in '/home/anjali/arduinoboot_ws/build/arduniobot_msgs': CMAKE_PREFIX_PATH=${CMAKE_PREFIX_PATH}:/home/anjali/arduinoboot_ws/install/arduinoboot_py_examples:/opt/ros/humble /usr/bin/cmake /home/anjali/arduinoboot_ws/src/arduniobot_msgs -DCMAKE_INSTALL_PREFIX=/home/anjali/arduinoboot_ws/install/arduniobot_msgs
[0.480s] INFO:colcon.colcon_core.task.python.build:Building Python package in '/home/anjali/arduinoboot_ws/src/arduinoboot_py_examples'
[0.480s] INFO:colcon.colcon_core.shell:Skip shell extension 'powershell' for command environment: Not usable outside of PowerShell
[0.480s] DEBUG:colcon.colcon_core.shell:Skip shell extension 'dsv' for command environment
[0.485s] DEBUG:colcon.colcon_core.event_handler.log_command:Invoking command in '/home/anjali/arduinoboot_ws/build/ardunio_cpp_examples': CMAKE_PREFIX_PATH=${CMAKE_PREFIX_PATH}:/home/anjali/arduinoboot_ws/install/arduinoboot_py_examples:/opt/ros/humble /usr/bin/cmake /home/anjali/arduinoboot_ws/src/ardunio_cpp_examples -DCMAKE_INSTALL_PREFIX=/home/anjali/arduinoboot_ws/install/ardunio_cpp_examples
[0.486s] DEBUG:colcon.colcon_core.event_handler.log_command:Invoking command in '/home/anjali/arduinoboot_ws/build/arduniobot_bringup': CMAKE_PREFIX_PATH=${CMAKE_PREFIX_PATH}:/home/anjali/arduinoboot_ws/install/arduinoboot_py_examples:/opt/ros/humble /usr/bin/cmake /home/anjali/arduinoboot_ws/src/arduniobot_bringup -DCMAKE_INSTALL_PREFIX=/home/anjali/arduinoboot_ws/install/arduniobot_bringup
[0.489s] DEBUG:colcon.colcon_core.event_handler.log_command:Invoking command in '/home/anjali/arduinoboot_ws/build/arduniobot_controller': CMAKE_PREFIX_PATH=${CMAKE_PREFIX_PATH}:/home/anjali/arduinoboot_ws/install/arduinoboot_py_examples:/opt/ros/humble /usr/bin/cmake /home/anjali/arduinoboot_ws/src/arduniobot_controller -DCMAKE_INSTALL_PREFIX=/home/anjali/arduinoboot_ws/install/arduniobot_controller
[0.492s] DEBUG:colcon.colcon_core.event_handler.log_command:Invoking command in '/home/anjali/arduinoboot_ws/build/arduniobot_description': CMAKE_PREFIX_PATH=${CMAKE_PREFIX_PATH}:/home/anjali/arduinoboot_ws/install/arduinoboot_py_examples:/opt/ros/humble /usr/bin/cmake /home/anjali/arduinoboot_ws/src/arduniobot_description -DCMAKE_INSTALL_PREFIX=/home/anjali/arduinoboot_ws/install/arduniobot_description
[0.494s] DEBUG:colcon.colcon_core.event_handler.log_command:Invoking command in '/home/anjali/arduinoboot_ws/build/arduniobot_firmware': CMAKE_PREFIX_PATH=${CMAKE_PREFIX_PATH}:/home/anjali/arduinoboot_ws/install/arduinoboot_py_examples:/opt/ros/humble /usr/bin/cmake /home/anjali/arduinoboot_ws/src/arduniobot_firmware -DCMAKE_INSTALL_PREFIX=/home/anjali/arduinoboot_ws/install/arduniobot_firmware
[0.504s] DEBUG:colcon.colcon_core.event_handler.log_command:Invoking command in '/home/anjali/arduinoboot_ws/build/arduniobot_movelt': CMAKE_PREFIX_PATH=${CMAKE_PREFIX_PATH}:/home/anjali/arduinoboot_ws/install/arduinoboot_py_examples:/opt/ros/humble /usr/bin/cmake /home/anjali/arduinoboot_ws/src/arduniobot_movelt -DCMAKE_INSTALL_PREFIX=/home/anjali/arduinoboot_ws/install/arduniobot_movelt
[1.401s] DEBUG:colcon.colcon_core.event_handler.log_command:Invoking command in '/home/anjali/arduinoboot_ws/src/arduinoboot_py_examples': PYTHONPATH=/home/anjali/arduinoboot_ws/build/arduinoboot_py_examples/prefix_override:/usr/lib/python3/dist-packages/colcon_core/task/python/colcon_distutils_commands:/home/anjali/arduinoboot_ws/install/arduinoboot_py_examples/lib/python3.10/site-packages:${PYTHONPATH} /usr/bin/python3 -W ignore:setup.py install is deprecated setup.py egg_info --egg-base ../../build/arduinoboot_py_examples build --build-base /home/anjali/arduinoboot_ws/build/arduinoboot_py_examples/build install --record /home/anjali/arduinoboot_ws/build/arduinoboot_py_examples/install.log --single-version-externally-managed install_data
[1.694s] DEBUG:colcon.colcon_core.event_handler.log_command:Invoked command in '/home/anjali/arduinoboot_ws/build/arduniobot_description' returned '0': CMAKE_PREFIX_PATH=${CMAKE_PREFIX_PATH}:/home/anjali/arduinoboot_ws/install/arduinoboot_py_examples:/opt/ros/humble /usr/bin/cmake /home/anjali/arduinoboot_ws/src/arduniobot_description -DCMAKE_INSTALL_PREFIX=/home/anjali/arduinoboot_ws/install/arduniobot_description
[1.698s] DEBUG:colcon.colcon_core.event_handler.log_command:Invoking command in '/home/anjali/arduinoboot_ws/build/arduniobot_description': CMAKE_PREFIX_PATH=${CMAKE_PREFIX_PATH}:/home/anjali/arduinoboot_ws/install/arduinoboot_py_examples:/opt/ros/humble /usr/bin/cmake --build /home/anjali/arduinoboot_ws/build/arduniobot_description -- -j16 -l16
[1.736s] DEBUG:colcon.colcon_core.event_handler.log_command:Invoked command in '/home/anjali/arduinoboot_ws/build/arduniobot_description' returned '0': CMAKE_PREFIX_PATH=${CMAKE_PREFIX_PATH}:/home/anjali/arduinoboot_ws/install/arduinoboot_py_examples:/opt/ros/humble /usr/bin/cmake --build /home/anjali/arduinoboot_ws/build/arduniobot_description -- -j16 -l16
[1.762s] DEBUG:colcon.colcon_core.event_handler.log_command:Invoking command in '/home/anjali/arduinoboot_ws/build/arduniobot_description': CMAKE_PREFIX_PATH=${CMAKE_PREFIX_PATH}:/home/anjali/arduinoboot_ws/install/arduinoboot_py_examples:/opt/ros/humble /usr/bin/cmake --install /home/anjali/arduinoboot_ws/build/arduniobot_description
[1.825s] Level 1:colcon.colcon_core.environment:create_environment_scripts_only(arduniobot_description)
[1.826s] DEBUG:colcon.colcon_core.event_handler.log_command:Invoked command in '/home/anjali/arduinoboot_ws/build/arduniobot_description' returned '0': CMAKE_PREFIX_PATH=${CMAKE_PREFIX_PATH}:/home/anjali/arduinoboot_ws/install/arduinoboot_py_examples:/opt/ros/humble /usr/bin/cmake --install /home/anjali/arduinoboot_ws/build/arduniobot_description
[1.828s] Level 1:colcon.colcon_core.environment:checking '/home/anjali/arduinoboot_ws/install/arduniobot_description' for CMake module files
[1.828s] Level 1:colcon.colcon_core.environment:checking '/home/anjali/arduinoboot_ws/install/arduniobot_description' for CMake config files
[1.828s] Level 1:colcon.colcon_core.shell:create_environment_hook('arduniobot_description', 'cmake_prefix_path')
[1.829s] INFO:colcon.colcon_core.shell:Creating environment hook '/home/anjali/arduinoboot_ws/install/arduniobot_description/share/arduniobot_description/hook/cmake_prefix_path.ps1'
[1.829s] INFO:colcon.colcon_core.shell:Creating environment descriptor '/home/anjali/arduinoboot_ws/install/arduniobot_description/share/arduniobot_description/hook/cmake_prefix_path.dsv'
[1.829s] INFO:colcon.colcon_core.shell:Creating environment hook '/home/anjali/arduinoboot_ws/install/arduniobot_description/share/arduniobot_description/hook/cmake_prefix_path.sh'
[1.830s] Level 1:colcon.colcon_core.environment:checking '/home/anjali/arduinoboot_ws/install/arduniobot_description/bin'
[1.830s] Level 1:colcon.colcon_core.environment:checking '/home/anjali/arduinoboot_ws/install/arduniobot_description/lib/pkgconfig/arduniobot_description.pc'
[1.830s] Level 1:colcon.colcon_core.environment:checking '/home/anjali/arduinoboot_ws/install/arduniobot_description/lib/python3.10/site-packages'
[1.830s] Level 1:colcon.colcon_core.environment:checking '/home/anjali/arduinoboot_ws/install/arduniobot_description/bin'
[1.831s] INFO:colcon.colcon_core.shell:Creating package script '/home/anjali/arduinoboot_ws/install/arduniobot_description/share/arduniobot_description/package.ps1'
[1.831s] INFO:colcon.colcon_core.shell:Creating package descriptor '/home/anjali/arduinoboot_ws/install/arduniobot_description/share/arduniobot_description/package.dsv'
[1.832s] INFO:colcon.colcon_core.shell:Creating package script '/home/anjali/arduinoboot_ws/install/arduniobot_description/share/arduniobot_description/package.sh'
[1.833s] INFO:colcon.colcon_core.shell:Creating package script '/home/anjali/arduinoboot_ws/install/arduniobot_description/share/arduniobot_description/package.bash'
[1.833s] INFO:colcon.colcon_core.shell:Creating package script '/home/anjali/arduinoboot_ws/install/arduniobot_description/share/arduniobot_description/package.zsh'
[1.834s] Level 1:colcon.colcon_core.environment:create_file_with_runtime_dependencies(/home/anjali/arduinoboot_ws/install/arduniobot_description/share/colcon-core/packages/arduniobot_description)
[1.851s] Level 1:colcon.colcon_core.environment:create_environment_scripts_only(arduniobot_description)
[1.852s] Level 1:colcon.colcon_core.environment:checking '/home/anjali/arduinoboot_ws/install/arduniobot_description' for CMake module files
[1.852s] Level 1:colcon.colcon_core.environment:checking '/home/anjali/arduinoboot_ws/install/arduniobot_description' for CMake config files
[1.852s] Level 1:colcon.colcon_core.shell:create_environment_hook('arduniobot_description', 'cmake_prefix_path')
[1.853s] INFO:colcon.colcon_core.shell:Creating environment hook '/home/anjali/arduinoboot_ws/install/arduniobot_description/share/arduniobot_description/hook/cmake_prefix_path.ps1'
[1.853s] INFO:colcon.colcon_core.shell:Creating environment descriptor '/home/anjali/arduinoboot_ws/install/arduniobot_description/share/arduniobot_description/hook/cmake_prefix_path.dsv'
[1.854s] INFO:colcon.colcon_core.shell:Creating environment hook '/home/anjali/arduinoboot_ws/install/arduniobot_description/share/arduniobot_description/hook/cmake_prefix_path.sh'
[1.854s] Level 1:colcon.colcon_core.environment:checking '/home/anjali/arduinoboot_ws/install/arduniobot_description/bin'
[1.854s] Level 1:colcon.colcon_core.environment:checking '/home/anjali/arduinoboot_ws/install/arduniobot_description/lib/pkgconfig/arduniobot_description.pc'
[1.855s] Level 1:colcon.colcon_core.environment:checking '/home/anjali/arduinoboot_ws/install/arduniobot_description/lib/python3.10/site-packages'
[1.855s] Level 1:colcon.colcon_core.environment:checking '/home/anjali/arduinoboot_ws/install/arduniobot_description/bin'
[1.855s] INFO:colcon.colcon_core.shell:Creating package script '/home/anjali/arduinoboot_ws/install/arduniobot_description/share/arduniobot_description/package.ps1'
[1.856s] INFO:colcon.colcon_core.shell:Creating package descriptor '/home/anjali/arduinoboot_ws/install/arduniobot_description/share/arduniobot_description/package.dsv'
[1.857s] INFO:colcon.colcon_core.shell:Creating package script '/home/anjali/arduinoboot_ws/install/arduniobot_description/share/arduniobot_description/package.sh'
[1.857s] INFO:colcon.colcon_core.shell:Creating package script '/home/anjali/arduinoboot_ws/install/arduniobot_description/share/arduniobot_description/package.bash'
[1.857s] INFO:colcon.colcon_core.shell:Creating package script '/home/anjali/arduinoboot_ws/install/arduniobot_description/share/arduniobot_description/package.zsh'
[1.858s] Level 1:colcon.colcon_core.environment:create_file_with_runtime_dependencies(/home/anjali/arduinoboot_ws/install/arduniobot_description/share/colcon-core/packages/arduniobot_description)
[1.885s] DEBUG:colcon.colcon_core.event_handler.log_command:Invoked command in '/home/anjali/arduinoboot_ws/build/arduniobot_bringup' returned '0': CMAKE_PREFIX_PATH=${CMAKE_PREFIX_PATH}:/home/anjali/arduinoboot_ws/install/arduinoboot_py_examples:/opt/ros/humble /usr/bin/cmake /home/anjali/arduinoboot_ws/src/arduniobot_bringup -DCMAKE_INSTALL_PREFIX=/home/anjali/arduinoboot_ws/install/arduniobot_bringup
[1.888s] DEBUG:colcon.colcon_core.event_handler.log_command:Invoking command in '/home/anjali/arduinoboot_ws/build/arduniobot_bringup': CMAKE_PREFIX_PATH=${CMAKE_PREFIX_PATH}:/home/anjali/arduinoboot_ws/install/arduinoboot_py_examples:/opt/ros/humble /usr/bin/cmake --build /home/anjali/arduinoboot_ws/build/arduniobot_bringup -- -j16 -l16
[1.909s] DEBUG:colcon.colcon_core.event_handler.log_command:Invoked command in '/home/anjali/arduinoboot_ws/build/arduniobot_movelt' returned '0': CMAKE_PREFIX_PATH=${CMAKE_PREFIX_PATH}:/home/anjali/arduinoboot_ws/install/arduinoboot_py_examples:/opt/ros/humble /usr/bin/cmake /home/anjali/arduinoboot_ws/src/arduniobot_movelt -DCMAKE_INSTALL_PREFIX=/home/anjali/arduinoboot_ws/install/arduniobot_movelt
[1.912s] DEBUG:colcon.colcon_core.event_handler.log_command:Invoking command in '/home/anjali/arduinoboot_ws/build/arduniobot_movelt': CMAKE_PREFIX_PATH=${CMAKE_PREFIX_PATH}:/home/anjali/arduinoboot_ws/install/arduinoboot_py_examples:/opt/ros/humble /usr/bin/cmake --build /home/anjali/arduinoboot_ws/build/arduniobot_movelt -- -j16 -l16
[1.916s] Level 1:colcon.colcon_core.environment:checking '/home/anjali/arduinoboot_ws/install/arduinoboot_py_examples' for CMake module files
[1.917s] DEBUG:colcon.colcon_core.event_handler.log_command:Invoked command in '/home/anjali/arduinoboot_ws/src/arduinoboot_py_examples' returned '0': PYTHONPATH=/home/anjali/arduinoboot_ws/build/arduinoboot_py_examples/prefix_override:/usr/lib/python3/dist-packages/colcon_core/task/python/colcon_distutils_commands:/home/anjali/arduinoboot_ws/install/arduinoboot_py_examples/lib/python3.10/site-packages:${PYTHONPATH} /usr/bin/python3 -W ignore:setup.py install is deprecated setup.py egg_info --egg-base ../../build/arduinoboot_py_examples build --build-base /home/anjali/arduinoboot_ws/build/arduinoboot_py_examples/build install --record /home/anjali/arduinoboot_ws/build/arduinoboot_py_examples/install.log --single-version-externally-managed install_data
[1.917s] Level 1:colcon.colcon_core.environment:checking '/home/anjali/arduinoboot_ws/install/arduinoboot_py_examples' for CMake config files
[1.918s] Level 1:colcon.colcon_core.environment:checking '/home/anjali/arduinoboot_ws/install/arduinoboot_py_examples/lib'
[1.918s] Level 1:colcon.colcon_core.environment:checking '/home/anjali/arduinoboot_ws/install/arduinoboot_py_examples/bin'
[1.918s] Level 1:colcon.colcon_core.environment:checking '/home/anjali/arduinoboot_ws/install/arduinoboot_py_examples/lib/pkgconfig/arduinoboot_py_examples.pc'
[1.918s] Level 1:colcon.colcon_core.environment:checking '/home/anjali/arduinoboot_ws/install/arduinoboot_py_examples/lib/python3.10/site-packages'
[1.918s] Level 1:colcon.colcon_core.shell:create_environment_hook('arduinoboot_py_examples', 'pythonpath')
[1.918s] INFO:colcon.colcon_core.shell:Creating environment hook '/home/anjali/arduinoboot_ws/install/arduinoboot_py_examples/share/arduinoboot_py_examples/hook/pythonpath.ps1'
[1.919s] INFO:colcon.colcon_core.shell:Creating environment descriptor '/home/anjali/arduinoboot_ws/install/arduinoboot_py_examples/share/arduinoboot_py_examples/hook/pythonpath.dsv'
[1.919s] INFO:colcon.colcon_core.shell:Creating environment hook '/home/anjali/arduinoboot_ws/install/arduinoboot_py_examples/share/arduinoboot_py_examples/hook/pythonpath.sh'
[1.919s] Level 1:colcon.colcon_core.environment:checking '/home/anjali/arduinoboot_ws/install/arduinoboot_py_examples/bin'
[1.919s] Level 1:colcon.colcon_core.environment:create_environment_scripts_only(arduinoboot_py_examples)
[1.920s] INFO:colcon.colcon_core.shell:Creating package script '/home/anjali/arduinoboot_ws/install/arduinoboot_py_examples/share/arduinoboot_py_examples/package.ps1'
[1.920s] INFO:colcon.colcon_core.shell:Creating package descriptor '/home/anjali/arduinoboot_ws/install/arduinoboot_py_examples/share/arduinoboot_py_examples/package.dsv'
[1.920s] INFO:colcon.colcon_core.shell:Creating package script '/home/anjali/arduinoboot_ws/install/arduinoboot_py_examples/share/arduinoboot_py_examples/package.sh'
[1.920s] INFO:colcon.colcon_core.shell:Creating package script '/home/anjali/arduinoboot_ws/install/arduinoboot_py_examples/share/arduinoboot_py_examples/package.bash'
[1.920s] INFO:colcon.colcon_core.shell:Creating package script '/home/anjali/arduinoboot_ws/install/arduinoboot_py_examples/share/arduinoboot_py_examples/package.zsh'
[1.921s] Level 1:colcon.colcon_core.environment:create_file_with_runtime_dependencies(/home/anjali/arduinoboot_ws/install/arduinoboot_py_examples/share/colcon-core/packages/arduinoboot_py_examples)
[1.923s] DEBUG:colcon.colcon_core.event_handler.log_command:Invoked command in '/home/anjali/arduinoboot_ws/build/arduniobot_bringup' returned '0': CMAKE_PREFIX_PATH=${CMAKE_PREFIX_PATH}:/home/anjali/arduinoboot_ws/install/arduinoboot_py_examples:/opt/ros/humble /usr/bin/cmake --build /home/anjali/arduinoboot_ws/build/arduniobot_bringup -- -j16 -l16
[1.940s] DEBUG:colcon.colcon_core.event_handler.log_command:Invoking command in '/home/anjali/arduinoboot_ws/build/arduniobot_bringup': CMAKE_PREFIX_PATH=${CMAKE_PREFIX_PATH}:/home/anjali/arduinoboot_ws/install/arduinoboot_py_examples:/opt/ros/humble /usr/bin/cmake --install /home/anjali/arduinoboot_ws/build/arduniobot_bringup
[1.944s] DEBUG:colcon.colcon_core.event_handler.log_command:Invoked command in '/home/anjali/arduinoboot_ws/build/arduniobot_movelt' returned '0': CMAKE_PREFIX_PATH=${CMAKE_PREFIX_PATH}:/home/anjali/arduinoboot_ws/install/arduinoboot_py_examples:/opt/ros/humble /usr/bin/cmake --build /home/anjali/arduinoboot_ws/build/arduniobot_movelt -- -j16 -l16
[1.948s] Level 1:colcon.colcon_core.environment:create_environment_scripts_only(arduniobot_bringup)
[1.948s] Level 1:colcon.colcon_core.environment:checking '/home/anjali/arduinoboot_ws/install/arduniobot_bringup' for CMake module files
[1.949s] DEBUG:colcon.colcon_core.event_handler.log_command:Invoked command in '/home/anjali/arduinoboot_ws/build/arduniobot_bringup' returned '0': CMAKE_PREFIX_PATH=${CMAKE_PREFIX_PATH}:/home/anjali/arduinoboot_ws/install/arduinoboot_py_examples:/opt/ros/humble /usr/bin/cmake --install /home/anjali/arduinoboot_ws/build/arduniobot_bringup
[1.949s] Level 1:colcon.colcon_core.environment:checking '/home/anjali/arduinoboot_ws/install/arduniobot_bringup' for CMake config files
[1.950s] Level 1:colcon.colcon_core.shell:create_environment_hook('arduniobot_bringup', 'cmake_prefix_path')
[1.950s] INFO:colcon.colcon_core.shell:Creating environment hook '/home/anjali/arduinoboot_ws/install/arduniobot_bringup/share/arduniobot_bringup/hook/cmake_prefix_path.ps1'
[1.951s] INFO:colcon.colcon_core.shell:Creating environment descriptor '/home/anjali/arduinoboot_ws/install/arduniobot_bringup/share/arduniobot_bringup/hook/cmake_prefix_path.dsv'
[1.951s] INFO:colcon.colcon_core.shell:Creating environment hook '/home/anjali/arduinoboot_ws/install/arduniobot_bringup/share/arduniobot_bringup/hook/cmake_prefix_path.sh'
[1.952s] Level 1:colcon.colcon_core.environment:checking '/home/anjali/arduinoboot_ws/install/arduniobot_bringup/bin'
[1.952s] Level 1:colcon.colcon_core.environment:checking '/home/anjali/arduinoboot_ws/install/arduniobot_bringup/lib/pkgconfig/arduniobot_bringup.pc'
[1.952s] Level 1:colcon.colcon_core.environment:checking '/home/anjali/arduinoboot_ws/install/arduniobot_bringup/lib/python3.10/site-packages'
[1.952s] Level 1:colcon.colcon_core.environment:checking '/home/anjali/arduinoboot_ws/install/arduniobot_bringup/bin'
[1.953s] INFO:colcon.colcon_core.shell:Creating package script '/home/anjali/arduinoboot_ws/install/arduniobot_bringup/share/arduniobot_bringup/package.ps1'
[1.953s] INFO:colcon.colcon_core.shell:Creating package descriptor '/home/anjali/arduinoboot_ws/install/arduniobot_bringup/share/arduniobot_bringup/package.dsv'
[1.954s] INFO:colcon.colcon_core.shell:Creating package script '/home/anjali/arduinoboot_ws/install/arduniobot_bringup/share/arduniobot_bringup/package.sh'
[1.954s] INFO:colcon.colcon_core.shell:Creating package script '/home/anjali/arduinoboot_ws/install/arduniobot_bringup/share/arduniobot_bringup/package.bash'
[1.954s] INFO:colcon.colcon_core.shell:Creating package script '/home/anjali/arduinoboot_ws/install/arduniobot_bringup/share/arduniobot_bringup/package.zsh'
[1.955s] Level 1:colcon.colcon_core.environment:create_file_with_runtime_dependencies(/home/anjali/arduinoboot_ws/install/arduniobot_bringup/share/colcon-core/packages/arduniobot_bringup)
[1.966s] DEBUG:colcon.colcon_core.event_handler.log_command:Invoking command in '/home/anjali/arduinoboot_ws/build/arduniobot_movelt': CMAKE_PREFIX_PATH=${CMAKE_PREFIX_PATH}:/home/anjali/arduinoboot_ws/install/arduinoboot_py_examples:/opt/ros/humble /usr/bin/cmake --install /home/anjali/arduinoboot_ws/build/arduniobot_movelt
[1.976s] Level 1:colcon.colcon_core.environment:create_environment_scripts_only(arduniobot_bringup)
[1.977s] Level 1:colcon.colcon_core.environment:checking '/home/anjali/arduinoboot_ws/install/arduniobot_bringup' for CMake module files
[1.979s] Level 1:colcon.colcon_core.environment:checking '/home/anjali/arduinoboot_ws/install/arduniobot_bringup' for CMake config files
[1.979s] Level 1:colcon.colcon_core.shell:create_environment_hook('arduniobot_bringup', 'cmake_prefix_path')
[1.980s] INFO:colcon.colcon_core.shell:Creating environment hook '/home/anjali/arduinoboot_ws/install/arduniobot_bringup/share/arduniobot_bringup/hook/cmake_prefix_path.ps1'
[1.980s] INFO:colcon.colcon_core.shell:Creating environment descriptor '/home/anjali/arduinoboot_ws/install/arduniobot_bringup/share/arduniobot_bringup/hook/cmake_prefix_path.dsv'
[1.980s] INFO:colcon.colcon_core.shell:Creating environment hook '/home/anjali/arduinoboot_ws/install/arduniobot_bringup/share/arduniobot_bringup/hook/cmake_prefix_path.sh'
[1.981s] Level 1:colcon.colcon_core.environment:checking '/home/anjali/arduinoboot_ws/install/arduniobot_bringup/bin'
[1.981s] Level 1:colcon.colcon_core.environment:checking '/home/anjali/arduinoboot_ws/install/arduniobot_bringup/lib/pkgconfig/arduniobot_bringup.pc'
[1.981s] Level 1:colcon.colcon_core.environment:checking '/home/anjali/arduinoboot_ws/install/arduniobot_bringup/lib/python3.10/site-packages'
[1.981s] Level 1:colcon.colcon_core.environment:checking '/home/anjali/arduinoboot_ws/install/arduniobot_bringup/bin'
[1.981s] INFO:colcon.colcon_core.shell:Creating package script '/home/anjali/arduinoboot_ws/install/arduniobot_bringup/share/arduniobot_bringup/package.ps1'
[1.982s] INFO:colcon.colcon_core.shell:Creating package descriptor '/home/anjali/arduinoboot_ws/install/arduniobot_bringup/share/arduniobot_bringup/package.dsv'
[1.982s] INFO:colcon.colcon_core.shell:Creating package script '/home/anjali/arduinoboot_ws/install/arduniobot_bringup/share/arduniobot_bringup/package.sh'
[1.982s] INFO:colcon.colcon_core.shell:Creating package script '/home/anjali/arduinoboot_ws/install/arduniobot_bringup/share/arduniobot_bringup/package.bash'
[1.982s] INFO:colcon.colcon_core.shell:Creating package script '/home/anjali/arduinoboot_ws/install/arduniobot_bringup/share/arduniobot_bringup/package.zsh'
[1.983s] Level 1:colcon.colcon_core.environment:create_file_with_runtime_dependencies(/home/anjali/arduinoboot_ws/install/arduniobot_bringup/share/colcon-core/packages/arduniobot_bringup)
[1.984s] Level 1:colcon.colcon_core.environment:create_environment_scripts_only(arduniobot_movelt)
[1.984s] Level 1:colcon.colcon_core.environment:checking '/home/anjali/arduinoboot_ws/install/arduniobot_movelt' for CMake module files
[1.984s] DEBUG:colcon.colcon_core.event_handler.log_command:Invoked command in '/home/anjali/arduinoboot_ws/build/arduniobot_movelt' returned '0': CMAKE_PREFIX_PATH=${CMAKE_PREFIX_PATH}:/home/anjali/arduinoboot_ws/install/arduinoboot_py_examples:/opt/ros/humble /usr/bin/cmake --install /home/anjali/arduinoboot_ws/build/arduniobot_movelt
[1.984s] Level 1:colcon.colcon_core.environment:checking '/home/anjali/arduinoboot_ws/install/arduniobot_movelt' for CMake config files
[1.985s] Level 1:colcon.colcon_core.shell:create_environment_hook('arduniobot_movelt', 'cmake_prefix_path')
[1.985s] INFO:colcon.colcon_core.shell:Creating environment hook '/home/anjali/arduinoboot_ws/install/arduniobot_movelt/share/arduniobot_movelt/hook/cmake_prefix_path.ps1'
[1.985s] INFO:colcon.colcon_core.shell:Creating environment descriptor '/home/anjali/arduinoboot_ws/install/arduniobot_movelt/share/arduniobot_movelt/hook/cmake_prefix_path.dsv'
[1.985s] INFO:colcon.colcon_core.shell:Creating environment hook '/home/anjali/arduinoboot_ws/install/arduniobot_movelt/share/arduniobot_movelt/hook/cmake_prefix_path.sh'
[1.986s] Level 1:colcon.colcon_core.environment:checking '/home/anjali/arduinoboot_ws/install/arduniobot_movelt/bin'
[1.986s] Level 1:colcon.colcon_core.environment:checking '/home/anjali/arduinoboot_ws/install/arduniobot_movelt/lib/pkgconfig/arduniobot_movelt.pc'
[1.986s] Level 1:colcon.colcon_core.environment:checking '/home/anjali/arduinoboot_ws/install/arduniobot_movelt/lib/python3.10/site-packages'
[1.986s] Level 1:colcon.colcon_core.environment:checking '/home/anjali/arduinoboot_ws/install/arduniobot_movelt/bin'
[1.986s] INFO:colcon.colcon_core.shell:Creating package script '/home/anjali/arduinoboot_ws/install/arduniobot_movelt/share/arduniobot_movelt/package.ps1'
[1.987s] INFO:colcon.colcon_core.shell:Creating package descriptor '/home/anjali/arduinoboot_ws/install/arduniobot_movelt/share/arduniobot_movelt/package.dsv'
[1.987s] INFO:colcon.colcon_core.shell:Creating package script '/home/anjali/arduinoboot_ws/install/arduniobot_movelt/share/arduniobot_movelt/package.sh'
[1.987s] INFO:colcon.colcon_core.shell:Creating package script '/home/anjali/arduinoboot_ws/install/arduniobot_movelt/share/arduniobot_movelt/package.bash'
[1.988s] INFO:colcon.colcon_core.shell:Creating package script '/home/anjali/arduinoboot_ws/install/arduniobot_movelt/share/arduniobot_movelt/package.zsh'
[1.988s] Level 1:colcon.colcon_core.environment:create_file_with_runtime_dependencies(/home/anjali/arduinoboot_ws/install/arduniobot_movelt/share/colcon-core/packages/arduniobot_movelt)
[2.004s] Level 1:colcon.colcon_core.environment:create_environment_scripts_only(arduniobot_movelt)
[2.004s] Level 1:colcon.colcon_core.environment:checking '/home/anjali/arduinoboot_ws/install/arduniobot_movelt' for CMake module files
[2.004s] Level 1:colcon.colcon_core.environment:checking '/home/anjali/arduinoboot_ws/install/arduniobot_movelt' for CMake config files
[2.005s] Level 1:colcon.colcon_core.shell:create_environment_hook('arduniobot_movelt', 'cmake_prefix_path')
[2.005s] INFO:colcon.colcon_core.shell:Creating environment hook '/home/anjali/arduinoboot_ws/install/arduniobot_movelt/share/arduniobot_movelt/hook/cmake_prefix_path.ps1'
[2.005s] INFO:colcon.colcon_core.shell:Creating environment descriptor '/home/anjali/arduinoboot_ws/install/arduniobot_movelt/share/arduniobot_movelt/hook/cmake_prefix_path.dsv'
[2.006s] INFO:colcon.colcon_core.shell:Creating environment hook '/home/anjali/arduinoboot_ws/install/arduniobot_movelt/share/arduniobot_movelt/hook/cmake_prefix_path.sh'
[2.006s] Level 1:colcon.colcon_core.environment:checking '/home/anjali/arduinoboot_ws/install/arduniobot_movelt/bin'
[2.006s] Level 1:colcon.colcon_core.environment:checking '/home/anjali/arduinoboot_ws/install/arduniobot_movelt/lib/pkgconfig/arduniobot_movelt.pc'
[2.007s] Level 1:colcon.colcon_core.environment:checking '/home/anjali/arduinoboot_ws/install/arduniobot_movelt/lib/python3.10/site-packages'
[2.007s] Level 1:colcon.colcon_core.environment:checking '/home/anjali/arduinoboot_ws/install/arduniobot_movelt/bin'
[2.007s] INFO:colcon.colcon_core.shell:Creating package script '/home/anjali/arduinoboot_ws/install/arduniobot_movelt/share/arduniobot_movelt/package.ps1'
[2.008s] INFO:colcon.colcon_core.shell:Creating package descriptor '/home/anjali/arduinoboot_ws/install/arduniobot_movelt/share/arduniobot_movelt/package.dsv'
[2.008s] INFO:colcon.colcon_core.shell:Creating package script '/home/anjali/arduinoboot_ws/install/arduniobot_movelt/share/arduniobot_movelt/package.sh'
[2.009s] INFO:colcon.colcon_core.shell:Creating package script '/home/anjali/arduinoboot_ws/install/arduniobot_movelt/share/arduniobot_movelt/package.bash'
[2.009s] INFO:colcon.colcon_core.shell:Creating package script '/home/anjali/arduinoboot_ws/install/arduniobot_movelt/share/arduniobot_movelt/package.zsh'
[2.010s] Level 1:colcon.colcon_core.environment:create_file_with_runtime_dependencies(/home/anjali/arduinoboot_ws/install/arduniobot_movelt/share/colcon-core/packages/arduniobot_movelt)
[2.271s] DEBUG:colcon.colcon_core.event_handler.log_command:Invoked command in '/home/anjali/arduinoboot_ws/build/arduniobot_firmware' returned '0': CMAKE_PREFIX_PATH=${CMAKE_PREFIX_PATH}:/home/anjali/arduinoboot_ws/install/arduinoboot_py_examples:/opt/ros/humble /usr/bin/cmake /home/anjali/arduinoboot_ws/src/arduniobot_firmware -DCMAKE_INSTALL_PREFIX=/home/anjali/arduinoboot_ws/install/arduniobot_firmware
[2.272s] DEBUG:colcon.colcon_core.event_handler.log_command:Invoking command in '/home/anjali/arduinoboot_ws/build/arduniobot_firmware': CMAKE_PREFIX_PATH=${CMAKE_PREFIX_PATH}:/home/anjali/arduinoboot_ws/install/arduinoboot_py_examples:/opt/ros/humble /usr/bin/cmake --build /home/anjali/arduinoboot_ws/build/arduniobot_firmware -- -j16 -l16
[2.325s] DEBUG:colcon.colcon_core.event_handler.log_command:Invoked command in '/home/anjali/arduinoboot_ws/build/ardunio_cpp_examples' returned '1': CMAKE_PREFIX_PATH=${CMAKE_PREFIX_PATH}:/home/anjali/arduinoboot_ws/install/arduinoboot_py_examples:/opt/ros/humble /usr/bin/cmake /home/anjali/arduinoboot_ws/src/ardunio_cpp_examples -DCMAKE_INSTALL_PREFIX=/home/anjali/arduinoboot_ws/install/ardunio_cpp_examples
[2.337s] Level 1:colcon.colcon_core.environment:create_environment_scripts_only(ardunio_cpp_examples)
[2.337s] Level 1:colcon.colcon_core.environment:checking '/home/anjali/arduinoboot_ws/install/ardunio_cpp_examples' for CMake module files
[2.337s] Level 1:colcon.colcon_core.environment:checking '/home/anjali/arduinoboot_ws/install/ardunio_cpp_examples' for CMake config files
[2.338s] Level 1:colcon.colcon_core.environment:checking '/home/anjali/arduinoboot_ws/install/ardunio_cpp_examples/bin'
[2.338s] Level 1:colcon.colcon_core.environment:checking '/home/anjali/arduinoboot_ws/install/ardunio_cpp_examples/lib/pkgconfig/ardunio_cpp_examples.pc'
[2.338s] Level 1:colcon.colcon_core.environment:checking '/home/anjali/arduinoboot_ws/install/ardunio_cpp_examples/lib/python3.10/site-packages'
[2.338s] Level 1:colcon.colcon_core.environment:checking '/home/anjali/arduinoboot_ws/install/ardunio_cpp_examples/bin'
[2.338s] INFO:colcon.colcon_core.shell:Creating package script '/home/anjali/arduinoboot_ws/install/ardunio_cpp_examples/share/ardunio_cpp_examples/package.ps1'
[2.339s] INFO:colcon.colcon_core.shell:Creating package descriptor '/home/anjali/arduinoboot_ws/install/ardunio_cpp_examples/share/ardunio_cpp_examples/package.dsv'
[2.339s] INFO:colcon.colcon_core.shell:Creating package script '/home/anjali/arduinoboot_ws/install/ardunio_cpp_examples/share/ardunio_cpp_examples/package.sh'
[2.339s] INFO:colcon.colcon_core.shell:Creating package script '/home/anjali/arduinoboot_ws/install/ardunio_cpp_examples/share/ardunio_cpp_examples/package.bash'
[2.340s] INFO:colcon.colcon_core.shell:Creating package script '/home/anjali/arduinoboot_ws/install/ardunio_cpp_examples/share/ardunio_cpp_examples/package.zsh'
[2.340s] Level 1:colcon.colcon_core.environment:create_file_with_runtime_dependencies(/home/anjali/arduinoboot_ws/install/ardunio_cpp_examples/share/colcon-core/packages/ardunio_cpp_examples)
[7.503s] DEBUG:colcon.colcon_parallel_executor.executor.parallel:closing loop
[7.503s] DEBUG:colcon.colcon_parallel_executor.executor.parallel:loop closed
[7.503s] DEBUG:colcon.colcon_parallel_executor.executor.parallel:run_until_complete finished with '1'
[7.503s] DEBUG:colcon.colcon_core.event_reactor:joining thread
[7.511s] INFO:colcon.colcon_core.plugin_system:Skipping extension 'colcon_notification.desktop_notification.terminal_notifier': Not used on non-Darwin systems
[7.511s] INFO:colcon.colcon_core.plugin_system:Skipping extension 'colcon_notification.desktop_notification.win32': Not used on non-Windows systems
[7.511s] INFO:colcon.colcon_notification.desktop_notification:Sending desktop notification using 'notify2'
[7.529s] DEBUG:colcon.colcon_core.event_reactor:joined thread
[7.530s] INFO:colcon.colcon_core.shell:Creating prefix script '/home/anjali/arduinoboot_ws/install/local_setup.ps1'
[7.532s] INFO:colcon.colcon_core.shell:Creating prefix util module '/home/anjali/arduinoboot_ws/install/_local_setup_util_ps1.py'
[7.533s] INFO:colcon.colcon_core.shell:Creating prefix chain script '/home/anjali/arduinoboot_ws/install/setup.ps1'
[7.533s] INFO:colcon.colcon_core.shell:Creating prefix script '/home/anjali/arduinoboot_ws/install/local_setup.sh'
[7.533s] INFO:colcon.colcon_core.shell:Creating prefix util module '/home/anjali/arduinoboot_ws/install/_local_setup_util_sh.py'
[7.534s] INFO:colcon.colcon_core.shell:Creating prefix chain script '/home/anjali/arduinoboot_ws/install/setup.sh'
[7.534s] INFO:colcon.colcon_core.shell:Creating prefix script '/home/anjali/arduinoboot_ws/install/local_setup.bash'
[7.535s] INFO:colcon.colcon_core.shell:Creating prefix chain script '/home/anjali/arduinoboot_ws/install/setup.bash'
[7.535s] INFO:colcon.colcon_core.shell:Creating prefix script '/home/anjali/arduinoboot_ws/install/local_setup.zsh'
[7.535s] INFO:colcon.colcon_core.shell:Creating prefix chain script '/home/anjali/arduinoboot_ws/install/setup.zsh'
