[0.007s] Invoking command in '/home/nextup/ros2_ws2/src/build/my_robot_interfaces': /usr/bin/cmake /home/nextup/ros2_ws2/src/my_robot_interfaces -DCMAKE_INSTALL_PREFIX=/home/nextup/ros2_ws2/src/install/my_robot_interfaces
[0.016s] -- Found ament_cmake: 1.3.9 (/opt/ros/humble/share/ament_cmake/cmake)
[0.089s] [31mCMake Error at /opt/ros/humble/share/ament_cmake_core/cmake/ament_cmake_uninstall_target-extras.cmake:40 (add_custom_target):
[0.089s]   add_custom_target called with invalid target name
[0.089s]   "my_robot_interfaces/_uninstall".  Target names may not contain a slash.
[0.089s]   Use ADD_CUSTOM_COMMAND to generate files.
[0.090s] Call Stack (most recent call first):
[0.090s]   /opt/ros/humble/share/ament_cmake_core/cmake/ament_cmake_coreConfig.cmake:41 (include)
[0.090s]   /opt/ros/humble/share/ament_cmake/cmake/ament_cmake_export_dependencies-extras.cmake:15 (find_package)
[0.090s]   /opt/ros/humble/share/ament_cmake/cmake/ament_cmakeConfig.cmake:41 (include)
[0.090s]   CMakeLists.txt:9 (find_package)
[0.090s] 
[0.090s] [0m
[0.093s] -- Found rosidl_default_generators: 1.2.0 (/opt/ros/humble/share/rosidl_default_generators/cmake)
[0.093s] -- Using all available rosidl_typesupport_c: rosidl_typesupport_fastrtps_c;rosidl_typesupport_introspection_c
[0.095s] -- Found rosidl_adapter: 3.1.5 (/opt/ros/humble/share/rosidl_adapter/cmake)
[0.112s] -- Using all available rosidl_typesupport_cpp: rosidl_typesupport_fastrtps_cpp;rosidl_typesupport_introspection_cpp
[0.233s] [31mCMake Error at /opt/ros/humble/share/rosidl_adapter/cmake/rosidl_adapt_interfaces.cmake:59 (message):
[0.233s]   execute_process(/usr/bin/python3 -m rosidl_adapter --package-name
[0.233s]   my_robot_interfaces/ --arguments-file
[0.233s]   /home/nextup/ros2_ws2/src/build/my_robot_interfaces/rosidl_adapter__arguments__my_robot_interfaces/.json
[0.233s]   --output-dir
[0.233s]   /home/nextup/ros2_ws2/src/build/my_robot_interfaces/rosidl_adapter/my_robot_interfaces/
[0.233s]   --output-file
[0.233s]   /home/nextup/ros2_ws2/src/build/my_robot_interfaces/rosidl_adapter/my_robot_interfaces/.idls)
[0.233s]   returned error code 1:
[0.234s] 
[0.234s]   Traceback (most recent call last):
[0.234s] 
[0.234s]     File "/usr/lib/python3.10/runpy.py", line 196, in _run_module_as_main
[0.234s]       return _run_code(code, main_globals, None,
[0.234s]     File "/usr/lib/python3.10/runpy.py", line 86, in _run_code
[0.234s]       exec(code, run_globals)
[0.234s]     File "/opt/ros/humble/local/lib/python3.10/dist-packages/rosidl_adapter/__main__.py", line 19, in <module>
[0.234s]       sys.exit(main())
[0.234s]     File "/opt/ros/humble/local/lib/python3.10/dist-packages/rosidl_adapter/main.py", line 53, in main
[0.234s]       abs_idl_file = convert_to_idl(
[0.234s]     File "/opt/ros/humble/local/lib/python3.10/dist-packages/rosidl_adapter/__init__.py", line 29, in convert_to_idl
[0.234s]       return convert_action_to_idl(
[0.234s]     File "/opt/ros/humble/local/lib/python3.10/dist-packages/rosidl_adapter/action/__init__.py", line 28, in convert_action_to_idl
[0.234s]       action = parse_action_string(package_name, input_file.stem, content)
[0.234s]     File "/opt/ros/humble/local/lib/python3.10/dist-packages/rosidl_adapter/parser.py", line 902, in parse_action_string
[0.235s]       goal_message = parse_message_string(
[0.235s]     File "/opt/ros/humble/local/lib/python3.10/dist-packages/rosidl_adapter/parser.py", line 544, in parse_message_string
[0.235s]       msg = MessageSpecification(pkg_name, msg_name, fields, constants)
[0.235s]     File "/opt/ros/humble/local/lib/python3.10/dist-packages/rosidl_adapter/parser.py", line 388, in __init__
[0.235s]       self.base_type = BaseType(
[0.235s]     File "/opt/ros/humble/local/lib/python3.10/dist-packages/rosidl_adapter/parser.py", line 190, in __init__
[0.235s]       raise InvalidResourceName(type_string)
[0.235s] 
[0.235s]   rosidl_adapter.parser.InvalidResourceName:
[0.235s]   my_robot_interfaces//CountUntil_Goal
[0.235s] 
[0.235s] Call Stack (most recent call first):
[0.235s]   /opt/ros/humble/share/rosidl_cmake/cmake/rosidl_generate_interfaces.cmake:130 (rosidl_adapt_interfaces)
[0.235s]   CMakeLists.txt:12 (rosidl_generate_interfaces)
[0.235s] 
[0.235s] [0m
[0.235s] -- Configuring incomplete, errors occurred!
[0.236s] See also "/home/nextup/ros2_ws2/src/build/my_robot_interfaces/CMakeFiles/CMakeOutput.log".
[0.237s] Invoked command in '/home/nextup/ros2_ws2/src/build/my_robot_interfaces' returned '1': /usr/bin/cmake /home/nextup/ros2_ws2/src/my_robot_interfaces -DCMAKE_INSTALL_PREFIX=/home/nextup/ros2_ws2/src/install/my_robot_interfaces
