[35m[1mConsolidate compiler generated dependencies of target arduniobot_msgs__rosidl_generator_c[0m
[  1%] Built target arduniobot_msgs__cpp
[ 12%] Built target arduniobot_msgs__rosidl_generator_c
[35m[1mConsolidate compiler generated dependencies of target arduniobot_msgs__rosidl_typesupport_cpp[0m
[35m[1mConsolidate compiler generated dependencies of target arduniobot_msgs__rosidl_typesupport_fastrtps_cpp[0m
[ 12%] Built target ament_cmake_python_copy_arduniobot_msgs
[35m[1mConsolidate compiler generated dependencies of target arduniobot_msgs__rosidl_typesupport_introspection_cpp[0m
[35m[1mConsolidate compiler generated dependencies of target arduniobot_msgs__rosidl_typesupport_introspection_c[0m
[35m[1mConsolidate compiler generated dependencies of target arduniobot_msgs__rosidl_typesupport_fastrtps_c[0m
[35m[1mConsolidate compiler generated dependencies of target arduniobot_msgs__rosidl_typesupport_c[0m
[ 34%] Built target arduniobot_msgs__rosidl_typesupport_fastrtps_cpp
[ 34%] Built target arduniobot_msgs__rosidl_typesupport_cpp
[ 46%] Built target arduniobot_msgs__rosidl_typesupport_introspection_cpp
[ 57%] Built target arduniobot_msgs__rosidl_typesupport_introspection_c
[ 68%] Built target arduniobot_msgs__rosidl_typesupport_c
[ 79%] Built target arduniobot_msgs__rosidl_typesupport_fastrtps_c
[ 79%] Built target arduniobot_msgs
[ 80%] Built target arduniobot_msgs__py
[35m[1mConsolidate compiler generated dependencies of target arduniobot_msgs__rosidl_generator_py[0m
[ 90%] Built target arduniobot_msgs__rosidl_generator_py
[35m[1mConsolidate compiler generated dependencies of target arduniobot_msgs__rosidl_typesupport_introspection_c__pyext[0m
[35m[1mConsolidate compiler generated dependencies of target arduniobot_msgs__rosidl_typesupport_fastrtps_c__pyext[0m
[35m[1mConsolidate compiler generated dependencies of target arduniobot_msgs__rosidl_typesupport_c__pyext[0m
[ 93%] Built target arduniobot_msgs__rosidl_typesupport_introspection_c__pyext
[100%] Built target arduniobot_msgs__rosidl_typesupport_fastrtps_c__pyext
[100%] Built target arduniobot_msgs__rosidl_typesupport_c__pyext
running egg_info
writing arduniobot_msgs.egg-info/PKG-INFO
writing dependency_links to arduniobot_msgs.egg-info/dependency_links.txt
writing top-level names to arduniobot_msgs.egg-info/top_level.txt
reading manifest file 'arduniobot_msgs.egg-info/SOURCES.txt'
writing manifest file 'arduniobot_msgs.egg-info/SOURCES.txt'
[100%] Built target ament_cmake_python_build_arduniobot_msgs_egg
