[0.233s] Invoking command in '/home/anjali/arduinoboot_ws/src/build/arduniobot_description': CMAKE_PREFIX_PATH=${CMAKE_PREFIX_PATH}:/home/anjali/arduinoboot_ws/install/arduinoboot_py_examples:/opt/ros/humble /usr/bin/cmake --build /home/anjali/arduinoboot_ws/src/build/arduniobot_description -- -j16 -l16
[0.270s] Invoked command in '/home/anjali/arduinoboot_ws/src/build/arduniobot_description' returned '0': CMAKE_PREFIX_PATH=${CMAKE_PREFIX_PATH}:/home/anjali/arduinoboot_ws/install/arduinoboot_py_examples:/opt/ros/humble /usr/bin/cmake --build /home/anjali/arduinoboot_ws/src/build/arduniobot_description -- -j16 -l16
[0.305s] Invoking command in '/home/anjali/arduinoboot_ws/src/build/arduniobot_description': CMAKE_PREFIX_PATH=${CMAKE_PREFIX_PATH}:/home/anjali/arduinoboot_ws/install/arduinoboot_py_examples:/opt/ros/humble /usr/bin/cmake --install /home/anjali/arduinoboot_ws/src/build/arduniobot_description
[0.315s] -- Install configuration: ""
[0.315s] -- Up-to-date: /home/anjali/arduinoboot_ws/src/install/arduniobot_description/share/arduniobot_description/launch
[0.315s] -- Up-to-date: /home/anjali/arduinoboot_ws/src/install/arduniobot_description/share/arduniobot_description/launch/display.launch.py
[0.315s] -- Up-to-date: /home/anjali/arduinoboot_ws/src/install/arduniobot_description/share/arduniobot_description/meshes
[0.315s] -- Up-to-date: /home/anjali/arduinoboot_ws/src/install/arduniobot_description/share/arduniobot_description/meshes/install
[0.315s] -- Up-to-date: /home/anjali/arduinoboot_ws/src/install/arduniobot_description/share/arduniobot_description/meshes/install/COLCON_IGNORE
[0.315s] -- Up-to-date: /home/anjali/arduinoboot_ws/src/install/arduniobot_description/share/arduniobot_description/meshes/install/setup.ps1
[0.315s] -- Up-to-date: /home/anjali/arduinoboot_ws/src/install/arduniobot_description/share/arduniobot_description/meshes/install/_local_setup_util_ps1.py
[0.316s] -- Up-to-date: /home/anjali/arduinoboot_ws/src/install/arduniobot_description/share/arduniobot_description/meshes/install/local_setup.bash
[0.316s] -- Up-to-date: /home/anjali/arduinoboot_ws/src/install/arduniobot_description/share/arduniobot_description/meshes/install/.colcon_install_layout
[0.316s] -- Up-to-date: /home/anjali/arduinoboot_ws/src/install/arduniobot_description/share/arduniobot_description/meshes/install/local_setup.ps1
[0.316s] -- Up-to-date: /home/anjali/arduinoboot_ws/src/install/arduniobot_description/share/arduniobot_description/meshes/install/_local_setup_util_sh.py
[0.316s] -- Up-to-date: /home/anjali/arduinoboot_ws/src/install/arduniobot_description/share/arduniobot_description/meshes/install/setup.bash
[0.316s] -- Up-to-date: /home/anjali/arduinoboot_ws/src/install/arduniobot_description/share/arduniobot_description/meshes/install/setup.sh
[0.316s] -- Up-to-date: /home/anjali/arduinoboot_ws/src/install/arduniobot_description/share/arduniobot_description/meshes/install/local_setup.sh
[0.316s] -- Up-to-date: /home/anjali/arduinoboot_ws/src/install/arduniobot_description/share/arduniobot_description/meshes/install/local_setup.zsh
[0.316s] -- Up-to-date: /home/anjali/arduinoboot_ws/src/install/arduniobot_description/share/arduniobot_description/meshes/install/setup.zsh
[0.316s] -- Up-to-date: /home/anjali/arduinoboot_ws/src/install/arduniobot_description/share/arduniobot_description/meshes/base_plate.STL
[0.316s] -- Up-to-date: /home/anjali/arduinoboot_ws/src/install/arduniobot_description/share/arduniobot_description/meshes/triangular_link.STL
[0.316s] -- Up-to-date: /home/anjali/arduinoboot_ws/src/install/arduniobot_description/share/arduniobot_description/meshes/horizontal_arm.STL
[0.316s] -- Up-to-date: /home/anjali/arduinoboot_ws/src/install/arduniobot_description/share/arduniobot_description/meshes/link.STL
[0.316s] -- Up-to-date: /home/anjali/arduinoboot_ws/src/install/arduniobot_description/share/arduniobot_description/meshes/log
[0.316s] -- Up-to-date: /home/anjali/arduinoboot_ws/src/install/arduniobot_description/share/arduniobot_description/meshes/log/COLCON_IGNORE
[0.316s] -- Up-to-date: /home/anjali/arduinoboot_ws/src/install/arduniobot_description/share/arduniobot_description/meshes/log/latest
[0.316s] -- Up-to-date: /home/anjali/arduinoboot_ws/src/install/arduniobot_description/share/arduniobot_description/meshes/log/build_2024-07-20_15-14-42
[0.316s] -- Up-to-date: /home/anjali/arduinoboot_ws/src/install/arduniobot_description/share/arduniobot_description/meshes/log/build_2024-07-20_15-14-42/events.log
[0.316s] -- Up-to-date: /home/anjali/arduinoboot_ws/src/install/arduniobot_description/share/arduniobot_description/meshes/log/build_2024-07-20_15-14-42/logger_all.log
[0.316s] -- Up-to-date: /home/anjali/arduinoboot_ws/src/install/arduniobot_description/share/arduniobot_description/meshes/log/latest_build
[0.316s] -- Up-to-date: /home/anjali/arduinoboot_ws/src/install/arduniobot_description/share/arduniobot_description/meshes/log/build_2024-07-24_00-46-40
[0.316s] -- Up-to-date: /home/anjali/arduinoboot_ws/src/install/arduniobot_description/share/arduniobot_description/meshes/log/build_2024-07-24_00-46-40/events.log
[0.316s] -- Up-to-date: /home/anjali/arduinoboot_ws/src/install/arduniobot_description/share/arduniobot_description/meshes/log/build_2024-07-24_00-46-40/logger_all.log
[0.316s] -- Up-to-date: /home/anjali/arduinoboot_ws/src/install/arduniobot_description/share/arduniobot_description/meshes/plate.STL
[0.316s] -- Up-to-date: /home/anjali/arduinoboot_ws/src/install/arduniobot_description/share/arduniobot_description/meshes/basement.STL
[0.317s] -- Up-to-date: /home/anjali/arduinoboot_ws/src/install/arduniobot_description/share/arduniobot_description/meshes/right_finger.STL
[0.317s] -- Up-to-date: /home/anjali/arduinoboot_ws/src/install/arduniobot_description/share/arduniobot_description/meshes/forward_drive_arm.STL
[0.317s] -- Up-to-date: /home/anjali/arduinoboot_ws/src/install/arduniobot_description/share/arduniobot_description/meshes/round_plate.STL
[0.317s] -- Up-to-date: /home/anjali/arduinoboot_ws/src/install/arduniobot_description/share/arduniobot_description/meshes/claw_support.STL
[0.317s] -- Up-to-date: /home/anjali/arduinoboot_ws/src/install/arduniobot_description/share/arduniobot_description/meshes/vertical_drive_arm.STL
[0.317s] -- Up-to-date: /home/anjali/arduinoboot_ws/src/install/arduniobot_description/share/arduniobot_description/meshes/left_finger.STL
[0.317s] -- Up-to-date: /home/anjali/arduinoboot_ws/src/install/arduniobot_description/share/arduniobot_description/meshes/build
[0.317s] -- Up-to-date: /home/anjali/arduinoboot_ws/src/install/arduniobot_description/share/arduniobot_description/meshes/build/COLCON_IGNORE
[0.317s] -- Up-to-date: /home/anjali/arduinoboot_ws/src/install/arduniobot_description/share/arduniobot_description/meshes/build/.built_by
[0.317s] -- Up-to-date: /home/anjali/arduinoboot_ws/src/install/arduniobot_description/share/arduniobot_description/meshes/servo_plate.STL
[0.317s] -- Up-to-date: /home/anjali/arduinoboot_ws/src/install/arduniobot_description/share/arduniobot_description/models
[0.317s] -- Up-to-date: /home/anjali/arduinoboot_ws/src/install/arduniobot_description/share/arduniobot_description/models/ground_plane
[0.317s] -- Up-to-date: /home/anjali/arduinoboot_ws/src/install/arduniobot_description/share/arduniobot_description/models/ground_plane/model-1_3.sdf
[0.317s] -- Up-to-date: /home/anjali/arduinoboot_ws/src/install/arduniobot_description/share/arduniobot_description/models/ground_plane/model.config
[0.317s] -- Up-to-date: /home/anjali/arduinoboot_ws/src/install/arduniobot_description/share/arduniobot_description/models/ground_plane/model-1_2.sdf
[0.317s] -- Up-to-date: /home/anjali/arduinoboot_ws/src/install/arduniobot_description/share/arduniobot_description/models/ground_plane/model-1_4.sdf
[0.317s] -- Up-to-date: /home/anjali/arduinoboot_ws/src/install/arduniobot_description/share/arduniobot_description/models/ground_plane/model.sdf
[0.317s] -- Up-to-date: /home/anjali/arduinoboot_ws/src/install/arduniobot_description/share/arduniobot_description/models/sun
[0.317s] -- Up-to-date: /home/anjali/arduinoboot_ws/src/install/arduniobot_description/share/arduniobot_description/models/sun/model-1_3.sdf
[0.317s] -- Up-to-date: /home/anjali/arduinoboot_ws/src/install/arduniobot_description/share/arduniobot_description/models/sun/model.config
[0.317s] -- Up-to-date: /home/anjali/arduinoboot_ws/src/install/arduniobot_description/share/arduniobot_description/models/sun/model-1_2.sdf
[0.317s] -- Up-to-date: /home/anjali/arduinoboot_ws/src/install/arduniobot_description/share/arduniobot_description/models/sun/model-1_4.sdf
[0.317s] -- Up-to-date: /home/anjali/arduinoboot_ws/src/install/arduniobot_description/share/arduniobot_description/models/sun/model.sdf
[0.317s] -- Up-to-date: /home/anjali/arduinoboot_ws/src/install/arduniobot_description/share/arduniobot_description/urdf
[0.317s] -- Up-to-date: /home/anjali/arduinoboot_ws/src/install/arduniobot_description/share/arduniobot_description/urdf/arduniobot_ros2_control.xacro
[0.318s] -- Up-to-date: /home/anjali/arduinoboot_ws/src/install/arduniobot_description/share/arduniobot_description/urdf/arduniobot_gazebo.xacro
[0.319s] -- Up-to-date: /home/anjali/arduinoboot_ws/src/install/arduniobot_description/share/arduniobot_description/urdf/install
[0.319s] -- Up-to-date: /home/anjali/arduinoboot_ws/src/install/arduniobot_description/share/arduniobot_description/urdf/install/COLCON_IGNORE
[0.319s] -- Up-to-date: /home/anjali/arduinoboot_ws/src/install/arduniobot_description/share/arduniobot_description/urdf/install/setup.ps1
[0.319s] -- Up-to-date: /home/anjali/arduinoboot_ws/src/install/arduniobot_description/share/arduniobot_description/urdf/install/_local_setup_util_ps1.py
[0.319s] -- Up-to-date: /home/anjali/arduinoboot_ws/src/install/arduniobot_description/share/arduniobot_description/urdf/install/local_setup.bash
[0.319s] -- Up-to-date: /home/anjali/arduinoboot_ws/src/install/arduniobot_description/share/arduniobot_description/urdf/install/.colcon_install_layout
[0.320s] -- Up-to-date: /home/anjali/arduinoboot_ws/src/install/arduniobot_description/share/arduniobot_description/urdf/install/local_setup.ps1
[0.320s] -- Up-to-date: /home/anjali/arduinoboot_ws/src/install/arduniobot_description/share/arduniobot_description/urdf/install/_local_setup_util_sh.py
[0.320s] -- Up-to-date: /home/anjali/arduinoboot_ws/src/install/arduniobot_description/share/arduniobot_description/urdf/install/setup.bash
[0.320s] -- Up-to-date: /home/anjali/arduinoboot_ws/src/install/arduniobot_description/share/arduniobot_description/urdf/install/setup.sh
[0.320s] -- Up-to-date: /home/anjali/arduinoboot_ws/src/install/arduniobot_description/share/arduniobot_description/urdf/install/local_setup.sh
[0.320s] -- Up-to-date: /home/anjali/arduinoboot_ws/src/install/arduniobot_description/share/arduniobot_description/urdf/install/local_setup.zsh
[0.320s] -- Up-to-date: /home/anjali/arduinoboot_ws/src/install/arduniobot_description/share/arduniobot_description/urdf/install/setup.zsh
[0.321s] -- Up-to-date: /home/anjali/arduinoboot_ws/src/install/arduniobot_description/share/arduniobot_description/urdf/log
[0.321s] -- Up-to-date: /home/anjali/arduinoboot_ws/src/install/arduniobot_description/share/arduniobot_description/urdf/log/COLCON_IGNORE
[0.321s] -- Up-to-date: /home/anjali/arduinoboot_ws/src/install/arduniobot_description/share/arduniobot_description/urdf/log/latest
[0.321s] -- Up-to-date: /home/anjali/arduinoboot_ws/src/install/arduniobot_description/share/arduniobot_description/urdf/log/build_2024-07-22_13-47-13
[0.322s] -- Up-to-date: /home/anjali/arduinoboot_ws/src/install/arduniobot_description/share/arduniobot_description/urdf/log/build_2024-07-22_13-47-13/events.log
[0.322s] -- Up-to-date: /home/anjali/arduinoboot_ws/src/install/arduniobot_description/share/arduniobot_description/urdf/log/build_2024-07-22_13-47-13/logger_all.log
[0.322s] -- Up-to-date: /home/anjali/arduinoboot_ws/src/install/arduniobot_description/share/arduniobot_description/urdf/log/build_2024-07-22_13-09-10
[0.322s] -- Up-to-date: /home/anjali/arduinoboot_ws/src/install/arduniobot_description/share/arduniobot_description/urdf/log/build_2024-07-22_13-09-10/events.log
[0.322s] -- Up-to-date: /home/anjali/arduinoboot_ws/src/install/arduniobot_description/share/arduniobot_description/urdf/log/build_2024-07-22_13-09-10/logger_all.log
[0.322s] -- Up-to-date: /home/anjali/arduinoboot_ws/src/install/arduniobot_description/share/arduniobot_description/urdf/log/build_2024-07-22_13-33-12
[0.323s] -- Up-to-date: /home/anjali/arduinoboot_ws/src/install/arduniobot_description/share/arduniobot_description/urdf/log/build_2024-07-22_13-33-12/events.log
[0.323s] -- Up-to-date: /home/anjali/arduinoboot_ws/src/install/arduniobot_description/share/arduniobot_description/urdf/log/build_2024-07-22_13-33-12/logger_all.log
[0.323s] -- Up-to-date: /home/anjali/arduinoboot_ws/src/install/arduniobot_description/share/arduniobot_description/urdf/log/latest_build
[0.324s] -- Up-to-date: /home/anjali/arduinoboot_ws/src/install/arduniobot_description/share/arduniobot_description/urdf/log/build_2024-07-22_22-49-53
[0.324s] -- Up-to-date: /home/anjali/arduinoboot_ws/src/install/arduniobot_description/share/arduniobot_description/urdf/log/build_2024-07-22_22-49-53/events.log
[0.325s] -- Up-to-date: /home/anjali/arduinoboot_ws/src/install/arduniobot_description/share/arduniobot_description/urdf/log/build_2024-07-22_22-49-53/logger_all.log
[0.325s] -- Up-to-date: /home/anjali/arduinoboot_ws/src/install/arduniobot_description/share/arduniobot_description/urdf/arduniobot.urdf
[0.325s] -- Up-to-date: /home/anjali/arduinoboot_ws/src/install/arduniobot_description/share/arduniobot_description/urdf/build
[0.326s] -- Up-to-date: /home/anjali/arduinoboot_ws/src/install/arduniobot_description/share/arduniobot_description/urdf/build/COLCON_IGNORE
[0.326s] -- Up-to-date: /home/anjali/arduinoboot_ws/src/install/arduniobot_description/share/arduniobot_description/urdf/build/.built_by
[0.326s] -- Up-to-date: /home/anjali/arduinoboot_ws/src/install/arduniobot_description/share/arduniobot_description/urdf/arduniobot.urdf.xacro
[0.327s] -- Up-to-date: /home/anjali/arduinoboot_ws/src/install/arduniobot_description/share/ament_index/resource_index/package_run_dependencies/arduniobot_description
[0.327s] -- Up-to-date: /home/anjali/arduinoboot_ws/src/install/arduniobot_description/share/ament_index/resource_index/parent_prefix_path/arduniobot_description
[0.327s] -- Up-to-date: /home/anjali/arduinoboot_ws/src/install/arduniobot_description/share/arduniobot_description/environment/ament_prefix_path.sh
[0.328s] -- Up-to-date: /home/anjali/arduinoboot_ws/src/install/arduniobot_description/share/arduniobot_description/environment/ament_prefix_path.dsv
[0.328s] -- Up-to-date: /home/anjali/arduinoboot_ws/src/install/arduniobot_description/share/arduniobot_description/environment/path.sh
[0.328s] -- Up-to-date: /home/anjali/arduinoboot_ws/src/install/arduniobot_description/share/arduniobot_description/environment/path.dsv
[0.329s] -- Up-to-date: /home/anjali/arduinoboot_ws/src/install/arduniobot_description/share/arduniobot_description/local_setup.bash
[0.329s] -- Up-to-date: /home/anjali/arduinoboot_ws/src/install/arduniobot_description/share/arduniobot_description/local_setup.sh
[0.329s] -- Up-to-date: /home/anjali/arduinoboot_ws/src/install/arduniobot_description/share/arduniobot_description/local_setup.zsh
[0.329s] -- Up-to-date: /home/anjali/arduinoboot_ws/src/install/arduniobot_description/share/arduniobot_description/local_setup.dsv
[0.330s] -- Installing: /home/anjali/arduinoboot_ws/src/install/arduniobot_description/share/arduniobot_description/package.dsv
[0.330s] -- Up-to-date: /home/anjali/arduinoboot_ws/src/install/arduniobot_description/share/ament_index/resource_index/packages/arduniobot_description
[0.330s] -- Up-to-date: /home/anjali/arduinoboot_ws/src/install/arduniobot_description/share/arduniobot_description/cmake/arduniobot_descriptionConfig.cmake
[0.331s] -- Up-to-date: /home/anjali/arduinoboot_ws/src/install/arduniobot_description/share/arduniobot_description/cmake/arduniobot_descriptionConfig-version.cmake
[0.331s] -- Up-to-date: /home/anjali/arduinoboot_ws/src/install/arduniobot_description/share/arduniobot_description/package.xml
[0.335s] Invoked command in '/home/anjali/arduinoboot_ws/src/build/arduniobot_description' returned '0': CMAKE_PREFIX_PATH=${CMAKE_PREFIX_PATH}:/home/anjali/arduinoboot_ws/install/arduinoboot_py_examples:/opt/ros/humble /usr/bin/cmake --install /home/anjali/arduinoboot_ws/src/build/arduniobot_description
