[0.025s] Invoking command in '/home/nextup/ros2_ws2/build/my_robot_interfaces': CMAKE_PREFIX_PATH=${CMAKE_PREFIX_PATH}:/home/nextup/ros2_ws2/src/install/actions_py:/home/nextup/ros2_ws2/src/install/lifecycle_py:/home/nextup/ros2_ws2/src/install/executors_py:/opt/ros/humble /usr/bin/cmake /home/nextup/ros2_ws2/src/my_robot_interfaces -DCMAKE_INSTALL_PREFIX=/home/nextup/ros2_ws2/install/my_robot_interfaces
[0.187s] -- The C compiler identification is GNU 11.4.0
[0.187s] -- The CXX compiler identification is GNU 11.4.0
[0.187s] -- Detecting C compiler ABI info
[0.190s] -- Detecting C compiler ABI info - done
[0.195s] -- Check for working C compiler: /usr/bin/cc - skipped
[0.196s] -- Detecting C compile features
[0.196s] -- Detecting C compile features - done
[0.199s] -- Detecting CXX compiler ABI info
[0.265s] -- Detecting CXX compiler ABI info - done
[0.273s] -- Check for working CXX compiler: /usr/bin/c++ - skipped
[0.273s] -- Detecting CXX compile features
[0.274s] -- Detecting CXX compile features - done
[0.277s] -- Found ament_cmake: 1.3.9 (/opt/ros/humble/share/ament_cmake/cmake)
[0.689s] -- Found Python3: /usr/bin/python3 (found version "3.10.12") found components: Interpreter 
[0.803s] -- Found rosidl_default_generators: 1.2.0 (/opt/ros/humble/share/rosidl_default_generators/cmake)
[0.807s] -- Using all available rosidl_typesupport_c: rosidl_typesupport_fastrtps_c;rosidl_typesupport_introspection_c
[0.813s] -- Found rosidl_adapter: 3.1.5 (/opt/ros/humble/share/rosidl_adapter/cmake)
[0.848s] -- Using all available rosidl_typesupport_cpp: rosidl_typesupport_fastrtps_cpp;rosidl_typesupport_introspection_cpp
[1.235s] -- Found ament_cmake_ros: 0.10.0 (/opt/ros/humble/share/ament_cmake_ros/cmake)
[1.394s] -- Using all available rosidl_typesupport_c: rosidl_typesupport_fastrtps_c;rosidl_typesupport_introspection_c
[1.631s] -- Using all available rosidl_typesupport_cpp: rosidl_typesupport_fastrtps_cpp;rosidl_typesupport_introspection_cpp
[1.654s] -- Found PythonInterp: /usr/bin/python3 (found suitable version "3.10.12", minimum required is "3.6") 
[1.655s] -- Found python_cmake_module: 0.10.0 (/opt/ros/humble/share/python_cmake_module/cmake)
[1.679s] -- Found PythonLibs: /usr/lib/x86_64-linux-gnu/libpython3.10.so (found suitable version "3.10.12", minimum required is "3.5") 
[1.680s] -- Using PYTHON_EXECUTABLE: /usr/bin/python3
[1.680s] -- Using PYTHON_INCLUDE_DIRS: /usr/include/python3.10
[1.680s] -- Using PYTHON_LIBRARIES: /usr/lib/x86_64-linux-gnu/libpython3.10.so
[1.700s] -- Found PythonExtra: .so  
[1.756s] -- Configuring done
[1.797s] -- Generating done
[1.799s] -- Build files have been written to: /home/nextup/ros2_ws2/build/my_robot_interfaces
[1.809s] Invoked command in '/home/nextup/ros2_ws2/build/my_robot_interfaces' returned '0': CMAKE_PREFIX_PATH=${CMAKE_PREFIX_PATH}:/home/nextup/ros2_ws2/src/install/actions_py:/home/nextup/ros2_ws2/src/install/lifecycle_py:/home/nextup/ros2_ws2/src/install/executors_py:/opt/ros/humble /usr/bin/cmake /home/nextup/ros2_ws2/src/my_robot_interfaces -DCMAKE_INSTALL_PREFIX=/home/nextup/ros2_ws2/install/my_robot_interfaces
[1.811s] Invoking command in '/home/nextup/ros2_ws2/build/my_robot_interfaces': CMAKE_PREFIX_PATH=${CMAKE_PREFIX_PATH}:/home/nextup/ros2_ws2/src/install/actions_py:/home/nextup/ros2_ws2/src/install/lifecycle_py:/home/nextup/ros2_ws2/src/install/executors_py:/opt/ros/humble /usr/bin/cmake --build /home/nextup/ros2_ws2/build/my_robot_interfaces -- -j16 -l16
[1.865s] [  2%] [34m[1mGenerating C code for ROS interfaces[0m
[1.878s] [  4%] [34m[1mGenerating C++ code for ROS interfaces[0m
[1.892s] [  4%] Built target ament_cmake_python_copy_my_robot_interfaces
[2.250s] running egg_info
[2.252s] creating my_robot_interfaces.egg-info
[2.276s] writing my_robot_interfaces.egg-info/PKG-INFO
[2.277s] writing dependency_links to my_robot_interfaces.egg-info/dependency_links.txt
[2.277s] writing top-level names to my_robot_interfaces.egg-info/top_level.txt
[2.278s] writing manifest file 'my_robot_interfaces.egg-info/SOURCES.txt'
[2.351s] reading manifest file 'my_robot_interfaces.egg-info/SOURCES.txt'
[2.352s] writing manifest file 'my_robot_interfaces.egg-info/SOURCES.txt'
[2.443s] [  4%] Built target ament_cmake_python_build_my_robot_interfaces_egg
[3.131s] [  8%] [32mBuilding C object CMakeFiles/my_robot_interfaces__rosidl_generator_c.dir/rosidl_generator_c/my_robot_interfaces/action/detail/move_turtle__functions.c.o[0m
[3.131s] [  8%] [32mBuilding C object CMakeFiles/my_robot_interfaces__rosidl_generator_c.dir/rosidl_generator_c/my_robot_interfaces/action/detail/count_until__functions.c.o[0m
[3.141s] [ 10%] [32mBuilding C object CMakeFiles/my_robot_interfaces__rosidl_generator_c.dir/rosidl_generator_c/my_robot_interfaces/action/detail/move_robot__functions.c.o[0m
[3.173s] [ 10%] Built target my_robot_interfaces__cpp
[3.195s] [ 17%] [34m[1mGenerating C++ type support dispatch for ROS interfaces[0m
[3.195s] [ 17%] [34m[1mGenerating C++ type support for eProsima Fast-RTPS[0m
[3.195s] [ 17%] [34m[1mGenerating C++ introspection for ROS interfaces[0m
[3.374s] [ 19%] [32m[1mLinking C shared library libmy_robot_interfaces__rosidl_generator_c.so[0m
[3.458s] [ 19%] Built target my_robot_interfaces__rosidl_generator_c
[3.480s] [ 25%] [34m[1mGenerating C type support for eProsima Fast-RTPS[0m
[3.480s] [ 25%] [34m[1mGenerating C introspection for ROS interfaces[0m
[3.480s] [ 25%] [34m[1mGenerating C type support dispatch for ROS interfaces[0m
[4.050s] [ 27%] [32mBuilding CXX object CMakeFiles/my_robot_interfaces__rosidl_typesupport_cpp.dir/rosidl_typesupport_cpp/my_robot_interfaces/action/count_until__type_support.cpp.o[0m
[4.070s] [ 29%] [32mBuilding CXX object CMakeFiles/my_robot_interfaces__rosidl_typesupport_cpp.dir/rosidl_typesupport_cpp/my_robot_interfaces/action/move_turtle__type_support.cpp.o[0m
[4.077s] [ 31%] [32mBuilding CXX object CMakeFiles/my_robot_interfaces__rosidl_typesupport_cpp.dir/rosidl_typesupport_cpp/my_robot_interfaces/action/move_robot__type_support.cpp.o[0m
[4.385s] [ 34%] [32mBuilding CXX object CMakeFiles/my_robot_interfaces__rosidl_typesupport_introspection_cpp.dir/rosidl_typesupport_introspection_cpp/my_robot_interfaces/action/detail/count_until__type_support.cpp.o[0m
[4.414s] [ 36%] [32mBuilding CXX object CMakeFiles/my_robot_interfaces__rosidl_typesupport_introspection_cpp.dir/rosidl_typesupport_introspection_cpp/my_robot_interfaces/action/detail/move_robot__type_support.cpp.o[0m
[4.423s] [ 38%] [32mBuilding CXX object CMakeFiles/my_robot_interfaces__rosidl_typesupport_c.dir/rosidl_typesupport_c/my_robot_interfaces/action/move_turtle__type_support.cpp.o[0m
[4.440s] [ 40%] [32mBuilding CXX object CMakeFiles/my_robot_interfaces__rosidl_typesupport_c.dir/rosidl_typesupport_c/my_robot_interfaces/action/count_until__type_support.cpp.o[0m
[4.464s] [ 42%] [32mBuilding CXX object CMakeFiles/my_robot_interfaces__rosidl_typesupport_c.dir/rosidl_typesupport_c/my_robot_interfaces/action/move_robot__type_support.cpp.o[0m
[4.473s] [ 44%] [32mBuilding CXX object CMakeFiles/my_robot_interfaces__rosidl_typesupport_introspection_cpp.dir/rosidl_typesupport_introspection_cpp/my_robot_interfaces/action/detail/move_turtle__type_support.cpp.o[0m
[4.738s] [ 46%] [32mBuilding CXX object CMakeFiles/my_robot_interfaces__rosidl_typesupport_fastrtps_cpp.dir/rosidl_typesupport_fastrtps_cpp/my_robot_interfaces/action/detail/dds_fastrtps/count_until__type_support.cpp.o[0m
[4.756s] [ 48%] [32mBuilding CXX object CMakeFiles/my_robot_interfaces__rosidl_typesupport_fastrtps_cpp.dir/rosidl_typesupport_fastrtps_cpp/my_robot_interfaces/action/detail/dds_fastrtps/move_robot__type_support.cpp.o[0m
[4.771s] [ 51%] [32mBuilding CXX object CMakeFiles/my_robot_interfaces__rosidl_typesupport_fastrtps_cpp.dir/rosidl_typesupport_fastrtps_cpp/my_robot_interfaces/action/detail/dds_fastrtps/move_turtle__type_support.cpp.o[0m
[4.846s] [ 53%] [32mBuilding C object CMakeFiles/my_robot_interfaces__rosidl_typesupport_introspection_c.dir/rosidl_typesupport_introspection_c/my_robot_interfaces/action/detail/count_until__type_support.c.o[0m
[4.851s] [ 57%] [32mBuilding C object CMakeFiles/my_robot_interfaces__rosidl_typesupport_introspection_c.dir/rosidl_typesupport_introspection_c/my_robot_interfaces/action/detail/move_robot__type_support.c.o[0m
[4.851s] [ 55%] [32m[1mLinking CXX shared library libmy_robot_interfaces__rosidl_typesupport_c.so[0m
[4.854s] [ 59%] [32mBuilding C object CMakeFiles/my_robot_interfaces__rosidl_typesupport_introspection_c.dir/rosidl_typesupport_introspection_c/my_robot_interfaces/action/detail/move_turtle__type_support.c.o[0m
[4.910s] [ 61%] [32mBuilding CXX object CMakeFiles/my_robot_interfaces__rosidl_typesupport_fastrtps_c.dir/rosidl_typesupport_fastrtps_c/my_robot_interfaces/action/detail/count_until__type_support_c.cpp.o[0m
[4.960s] [ 63%] [32mBuilding CXX object CMakeFiles/my_robot_interfaces__rosidl_typesupport_fastrtps_c.dir/rosidl_typesupport_fastrtps_c/my_robot_interfaces/action/detail/move_turtle__type_support_c.cpp.o[0m
[4.960s] [ 65%] [32mBuilding CXX object CMakeFiles/my_robot_interfaces__rosidl_typesupport_fastrtps_c.dir/rosidl_typesupport_fastrtps_c/my_robot_interfaces/action/detail/move_robot__type_support_c.cpp.o[0m
[5.110s] [ 68%] [32m[1mLinking C shared library libmy_robot_interfaces__rosidl_typesupport_introspection_c.so[0m
[5.153s] [ 68%] Built target my_robot_interfaces__rosidl_typesupport_c
[5.210s] [ 70%] [32m[1mLinking CXX shared library libmy_robot_interfaces__rosidl_typesupport_cpp.so[0m
[5.289s] [ 70%] Built target my_robot_interfaces__rosidl_typesupport_introspection_c
[5.381s] [ 70%] Built target my_robot_interfaces__rosidl_typesupport_cpp
[5.829s] [ 72%] [32m[1mLinking CXX shared library libmy_robot_interfaces__rosidl_typesupport_fastrtps_c.so[0m
[5.873s] [ 74%] [32m[1mLinking CXX shared library libmy_robot_interfaces__rosidl_typesupport_introspection_cpp.so[0m
[6.073s] [ 74%] Built target my_robot_interfaces__rosidl_typesupport_fastrtps_c
[6.079s] [ 74%] Built target my_robot_interfaces__rosidl_typesupport_introspection_cpp
[6.119s] [ 76%] [32m[1mLinking CXX shared library libmy_robot_interfaces__rosidl_typesupport_fastrtps_cpp.so[0m
[6.339s] [ 76%] Built target my_robot_interfaces__rosidl_typesupport_fastrtps_cpp
[6.368s] [ 76%] Built target my_robot_interfaces
[6.395s] [ 78%] [34m[1mGenerating Python code for ROS interfaces[0m
[7.653s] [ 78%] Built target my_robot_interfaces__py
[7.671s] [ 82%] [32mBuilding C object CMakeFiles/my_robot_interfaces__rosidl_generator_py.dir/rosidl_generator_py/my_robot_interfaces/action/_count_until_s.c.o[0m
[7.671s] [ 82%] [32mBuilding C object CMakeFiles/my_robot_interfaces__rosidl_generator_py.dir/rosidl_generator_py/my_robot_interfaces/action/_move_robot_s.c.o[0m
[7.672s] [ 85%] [32mBuilding C object CMakeFiles/my_robot_interfaces__rosidl_generator_py.dir/rosidl_generator_py/my_robot_interfaces/action/_move_turtle_s.c.o[0m
[7.826s] [ 87%] [32m[1mLinking C shared library rosidl_generator_py/my_robot_interfaces/libmy_robot_interfaces__rosidl_generator_py.so[0m
[7.862s] [ 87%] Built target my_robot_interfaces__rosidl_generator_py
[7.887s] [ 91%] [32mBuilding C object CMakeFiles/my_robot_interfaces__rosidl_typesupport_introspection_c__pyext.dir/rosidl_generator_py/my_robot_interfaces/_my_robot_interfaces_s.ep.rosidl_typesupport_introspection_c.c.o[0m
[7.887s] [ 91%] [32mBuilding C object CMakeFiles/my_robot_interfaces__rosidl_typesupport_fastrtps_c__pyext.dir/rosidl_generator_py/my_robot_interfaces/_my_robot_interfaces_s.ep.rosidl_typesupport_fastrtps_c.c.o[0m
[7.890s] [ 93%] [32mBuilding C object CMakeFiles/my_robot_interfaces__rosidl_typesupport_c__pyext.dir/rosidl_generator_py/my_robot_interfaces/_my_robot_interfaces_s.ep.rosidl_typesupport_c.c.o[0m
[8.042s] [ 97%] [32m[1mLinking C shared library rosidl_generator_py/my_robot_interfaces/my_robot_interfaces_s__rosidl_typesupport_fastrtps_c.cpython-310-x86_64-linux-gnu.so[0m
[8.042s] [ 97%] [32m[1mLinking C shared library rosidl_generator_py/my_robot_interfaces/my_robot_interfaces_s__rosidl_typesupport_introspection_c.cpython-310-x86_64-linux-gnu.so[0m
[8.071s] [100%] [32m[1mLinking C shared library rosidl_generator_py/my_robot_interfaces/my_robot_interfaces_s__rosidl_typesupport_c.cpython-310-x86_64-linux-gnu.so[0m
[8.079s] [100%] Built target my_robot_interfaces__rosidl_typesupport_introspection_c__pyext
[8.080s] [100%] Built target my_robot_interfaces__rosidl_typesupport_fastrtps_c__pyext
[8.104s] [100%] Built target my_robot_interfaces__rosidl_typesupport_c__pyext
[8.115s] Invoked command in '/home/nextup/ros2_ws2/build/my_robot_interfaces' returned '0': CMAKE_PREFIX_PATH=${CMAKE_PREFIX_PATH}:/home/nextup/ros2_ws2/src/install/actions_py:/home/nextup/ros2_ws2/src/install/lifecycle_py:/home/nextup/ros2_ws2/src/install/executors_py:/opt/ros/humble /usr/bin/cmake --build /home/nextup/ros2_ws2/build/my_robot_interfaces -- -j16 -l16
[8.181s] Invoking command in '/home/nextup/ros2_ws2/build/my_robot_interfaces': CMAKE_PREFIX_PATH=${CMAKE_PREFIX_PATH}:/home/nextup/ros2_ws2/src/install/actions_py:/home/nextup/ros2_ws2/src/install/lifecycle_py:/home/nextup/ros2_ws2/src/install/executors_py:/opt/ros/humble /usr/bin/cmake --install /home/nextup/ros2_ws2/build/my_robot_interfaces
[8.188s] -- Install configuration: ""
[8.188s] -- Installing: /home/nextup/ros2_ws2/install/my_robot_interfaces/share/ament_index/resource_index/rosidl_interfaces/my_robot_interfaces
[8.188s] -- Installing: /home/nextup/ros2_ws2/install/my_robot_interfaces/include/my_robot_interfaces/my_robot_interfaces
[8.189s] -- Installing: /home/nextup/ros2_ws2/install/my_robot_interfaces/include/my_robot_interfaces/my_robot_interfaces/action
[8.189s] -- Installing: /home/nextup/ros2_ws2/install/my_robot_interfaces/include/my_robot_interfaces/my_robot_interfaces/action/move_robot.h
[8.189s] -- Installing: /home/nextup/ros2_ws2/install/my_robot_interfaces/include/my_robot_interfaces/my_robot_interfaces/action/move_turtle.h
[8.189s] -- Installing: /home/nextup/ros2_ws2/install/my_robot_interfaces/include/my_robot_interfaces/my_robot_interfaces/action/detail
[8.189s] -- Installing: /home/nextup/ros2_ws2/install/my_robot_interfaces/include/my_robot_interfaces/my_robot_interfaces/action/detail/count_until__type_support.h
[8.189s] -- Installing: /home/nextup/ros2_ws2/install/my_robot_interfaces/include/my_robot_interfaces/my_robot_interfaces/action/detail/move_turtle__functions.h
[8.189s] -- Installing: /home/nextup/ros2_ws2/install/my_robot_interfaces/include/my_robot_interfaces/my_robot_interfaces/action/detail/move_robot__functions.h
[8.189s] -- Installing: /home/nextup/ros2_ws2/install/my_robot_interfaces/include/my_robot_interfaces/my_robot_interfaces/action/detail/move_robot__functions.c
[8.189s] -- Installing: /home/nextup/ros2_ws2/install/my_robot_interfaces/include/my_robot_interfaces/my_robot_interfaces/action/detail/count_until__functions.c
[8.190s] -- Installing: /home/nextup/ros2_ws2/install/my_robot_interfaces/include/my_robot_interfaces/my_robot_interfaces/action/detail/move_robot__type_support.h
[8.190s] -- Installing: /home/nextup/ros2_ws2/install/my_robot_interfaces/include/my_robot_interfaces/my_robot_interfaces/action/detail/move_turtle__type_support.h
[8.190s] -- Installing: /home/nextup/ros2_ws2/install/my_robot_interfaces/include/my_robot_interfaces/my_robot_interfaces/action/detail/count_until__functions.h
[8.190s] -- Installing: /home/nextup/ros2_ws2/install/my_robot_interfaces/include/my_robot_interfaces/my_robot_interfaces/action/detail/move_turtle__functions.c
[8.190s] -- Installing: /home/nextup/ros2_ws2/install/my_robot_interfaces/include/my_robot_interfaces/my_robot_interfaces/action/detail/count_until__struct.h
[8.191s] -- Installing: /home/nextup/ros2_ws2/install/my_robot_interfaces/include/my_robot_interfaces/my_robot_interfaces/action/detail/move_robot__struct.h
[8.191s] -- Installing: /home/nextup/ros2_ws2/install/my_robot_interfaces/include/my_robot_interfaces/my_robot_interfaces/action/detail/move_turtle__struct.h
[8.191s] -- Installing: /home/nextup/ros2_ws2/install/my_robot_interfaces/include/my_robot_interfaces/my_robot_interfaces/action/count_until.h
[8.191s] -- Installing: /home/nextup/ros2_ws2/install/my_robot_interfaces/include/my_robot_interfaces/my_robot_interfaces/msg
[8.191s] -- Installing: /home/nextup/ros2_ws2/install/my_robot_interfaces/include/my_robot_interfaces/my_robot_interfaces/msg/rosidl_generator_c__visibility_control.h
[8.191s] -- Installing: /home/nextup/ros2_ws2/install/my_robot_interfaces/share/my_robot_interfaces/environment/library_path.sh
[8.191s] -- Installing: /home/nextup/ros2_ws2/install/my_robot_interfaces/share/my_robot_interfaces/environment/library_path.dsv
[8.191s] -- Installing: /home/nextup/ros2_ws2/install/my_robot_interfaces/lib/libmy_robot_interfaces__rosidl_generator_c.so
[8.191s] -- Set runtime path of "/home/nextup/ros2_ws2/install/my_robot_interfaces/lib/libmy_robot_interfaces__rosidl_generator_c.so" to ""
[8.192s] -- Up-to-date: /home/nextup/ros2_ws2/install/my_robot_interfaces/include/my_robot_interfaces/my_robot_interfaces
[8.192s] -- Up-to-date: /home/nextup/ros2_ws2/install/my_robot_interfaces/include/my_robot_interfaces/my_robot_interfaces/action
[8.192s] -- Up-to-date: /home/nextup/ros2_ws2/install/my_robot_interfaces/include/my_robot_interfaces/my_robot_interfaces/action/detail
[8.192s] -- Installing: /home/nextup/ros2_ws2/install/my_robot_interfaces/include/my_robot_interfaces/my_robot_interfaces/action/detail/move_robot__rosidl_typesupport_fastrtps_c.h
[8.192s] -- Installing: /home/nextup/ros2_ws2/install/my_robot_interfaces/include/my_robot_interfaces/my_robot_interfaces/action/detail/move_turtle__rosidl_typesupport_fastrtps_c.h
[8.192s] -- Installing: /home/nextup/ros2_ws2/install/my_robot_interfaces/include/my_robot_interfaces/my_robot_interfaces/action/detail/count_until__rosidl_typesupport_fastrtps_c.h
[8.192s] -- Up-to-date: /home/nextup/ros2_ws2/install/my_robot_interfaces/include/my_robot_interfaces/my_robot_interfaces/msg
[8.192s] -- Installing: /home/nextup/ros2_ws2/install/my_robot_interfaces/include/my_robot_interfaces/my_robot_interfaces/msg/rosidl_typesupport_fastrtps_c__visibility_control.h
[8.192s] -- Installing: /home/nextup/ros2_ws2/install/my_robot_interfaces/lib/libmy_robot_interfaces__rosidl_typesupport_fastrtps_c.so
[8.192s] -- Set runtime path of "/home/nextup/ros2_ws2/install/my_robot_interfaces/lib/libmy_robot_interfaces__rosidl_typesupport_fastrtps_c.so" to ""
[8.192s] -- Up-to-date: /home/nextup/ros2_ws2/install/my_robot_interfaces/include/my_robot_interfaces/my_robot_interfaces
[8.192s] -- Up-to-date: /home/nextup/ros2_ws2/install/my_robot_interfaces/include/my_robot_interfaces/my_robot_interfaces/action
[8.193s] -- Up-to-date: /home/nextup/ros2_ws2/install/my_robot_interfaces/include/my_robot_interfaces/my_robot_interfaces/action/detail
[8.193s] -- Installing: /home/nextup/ros2_ws2/install/my_robot_interfaces/include/my_robot_interfaces/my_robot_interfaces/action/detail/move_robot__rosidl_typesupport_introspection_c.h
[8.193s] -- Installing: /home/nextup/ros2_ws2/install/my_robot_interfaces/include/my_robot_interfaces/my_robot_interfaces/action/detail/count_until__type_support.c
[8.193s] -- Installing: /home/nextup/ros2_ws2/install/my_robot_interfaces/include/my_robot_interfaces/my_robot_interfaces/action/detail/count_until__rosidl_typesupport_introspection_c.h
[8.193s] -- Installing: /home/nextup/ros2_ws2/install/my_robot_interfaces/include/my_robot_interfaces/my_robot_interfaces/action/detail/move_robot__type_support.c
[8.193s] -- Installing: /home/nextup/ros2_ws2/install/my_robot_interfaces/include/my_robot_interfaces/my_robot_interfaces/action/detail/move_turtle__type_support.c
[8.193s] -- Installing: /home/nextup/ros2_ws2/install/my_robot_interfaces/include/my_robot_interfaces/my_robot_interfaces/action/detail/move_turtle__rosidl_typesupport_introspection_c.h
[8.193s] -- Up-to-date: /home/nextup/ros2_ws2/install/my_robot_interfaces/include/my_robot_interfaces/my_robot_interfaces/msg
[8.193s] -- Installing: /home/nextup/ros2_ws2/install/my_robot_interfaces/include/my_robot_interfaces/my_robot_interfaces/msg/rosidl_typesupport_introspection_c__visibility_control.h
[8.193s] -- Installing: /home/nextup/ros2_ws2/install/my_robot_interfaces/lib/libmy_robot_interfaces__rosidl_typesupport_introspection_c.so
[8.193s] -- Set runtime path of "/home/nextup/ros2_ws2/install/my_robot_interfaces/lib/libmy_robot_interfaces__rosidl_typesupport_introspection_c.so" to ""
[8.194s] -- Installing: /home/nextup/ros2_ws2/install/my_robot_interfaces/lib/libmy_robot_interfaces__rosidl_typesupport_c.so
[8.194s] -- Set runtime path of "/home/nextup/ros2_ws2/install/my_robot_interfaces/lib/libmy_robot_interfaces__rosidl_typesupport_c.so" to ""
[8.194s] -- Up-to-date: /home/nextup/ros2_ws2/install/my_robot_interfaces/include/my_robot_interfaces/my_robot_interfaces
[8.194s] -- Up-to-date: /home/nextup/ros2_ws2/install/my_robot_interfaces/include/my_robot_interfaces/my_robot_interfaces/action
[8.194s] -- Installing: /home/nextup/ros2_ws2/install/my_robot_interfaces/include/my_robot_interfaces/my_robot_interfaces/action/move_turtle.hpp
[8.194s] -- Installing: /home/nextup/ros2_ws2/install/my_robot_interfaces/include/my_robot_interfaces/my_robot_interfaces/action/count_until.hpp
[8.194s] -- Up-to-date: /home/nextup/ros2_ws2/install/my_robot_interfaces/include/my_robot_interfaces/my_robot_interfaces/action/detail
[8.194s] -- Installing: /home/nextup/ros2_ws2/install/my_robot_interfaces/include/my_robot_interfaces/my_robot_interfaces/action/detail/move_turtle__builder.hpp
[8.194s] -- Installing: /home/nextup/ros2_ws2/install/my_robot_interfaces/include/my_robot_interfaces/my_robot_interfaces/action/detail/move_turtle__struct.hpp
[8.194s] -- Installing: /home/nextup/ros2_ws2/install/my_robot_interfaces/include/my_robot_interfaces/my_robot_interfaces/action/detail/count_until__struct.hpp
[8.194s] -- Installing: /home/nextup/ros2_ws2/install/my_robot_interfaces/include/my_robot_interfaces/my_robot_interfaces/action/detail/move_robot__builder.hpp
[8.194s] -- Installing: /home/nextup/ros2_ws2/install/my_robot_interfaces/include/my_robot_interfaces/my_robot_interfaces/action/detail/move_turtle__traits.hpp
[8.194s] -- Installing: /home/nextup/ros2_ws2/install/my_robot_interfaces/include/my_robot_interfaces/my_robot_interfaces/action/detail/count_until__traits.hpp
[8.195s] -- Installing: /home/nextup/ros2_ws2/install/my_robot_interfaces/include/my_robot_interfaces/my_robot_interfaces/action/detail/move_robot__struct.hpp
[8.195s] -- Installing: /home/nextup/ros2_ws2/install/my_robot_interfaces/include/my_robot_interfaces/my_robot_interfaces/action/detail/move_robot__traits.hpp
[8.195s] -- Installing: /home/nextup/ros2_ws2/install/my_robot_interfaces/include/my_robot_interfaces/my_robot_interfaces/action/detail/count_until__builder.hpp
[8.195s] -- Installing: /home/nextup/ros2_ws2/install/my_robot_interfaces/include/my_robot_interfaces/my_robot_interfaces/action/move_robot.hpp
[8.195s] -- Up-to-date: /home/nextup/ros2_ws2/install/my_robot_interfaces/include/my_robot_interfaces/my_robot_interfaces
[8.195s] -- Up-to-date: /home/nextup/ros2_ws2/install/my_robot_interfaces/include/my_robot_interfaces/my_robot_interfaces/action
[8.195s] -- Up-to-date: /home/nextup/ros2_ws2/install/my_robot_interfaces/include/my_robot_interfaces/my_robot_interfaces/action/detail
[8.195s] -- Installing: /home/nextup/ros2_ws2/install/my_robot_interfaces/include/my_robot_interfaces/my_robot_interfaces/action/detail/move_turtle__rosidl_typesupport_fastrtps_cpp.hpp
[8.195s] -- Installing: /home/nextup/ros2_ws2/install/my_robot_interfaces/include/my_robot_interfaces/my_robot_interfaces/action/detail/move_robot__rosidl_typesupport_fastrtps_cpp.hpp
[8.195s] -- Installing: /home/nextup/ros2_ws2/install/my_robot_interfaces/include/my_robot_interfaces/my_robot_interfaces/action/detail/dds_fastrtps
[8.195s] -- Installing: /home/nextup/ros2_ws2/install/my_robot_interfaces/include/my_robot_interfaces/my_robot_interfaces/action/detail/count_until__rosidl_typesupport_fastrtps_cpp.hpp
[8.195s] -- Up-to-date: /home/nextup/ros2_ws2/install/my_robot_interfaces/include/my_robot_interfaces/my_robot_interfaces/msg
[8.196s] -- Installing: /home/nextup/ros2_ws2/install/my_robot_interfaces/include/my_robot_interfaces/my_robot_interfaces/msg/rosidl_typesupport_fastrtps_cpp__visibility_control.h
[8.196s] -- Installing: /home/nextup/ros2_ws2/install/my_robot_interfaces/lib/libmy_robot_interfaces__rosidl_typesupport_fastrtps_cpp.so
[8.196s] -- Set runtime path of "/home/nextup/ros2_ws2/install/my_robot_interfaces/lib/libmy_robot_interfaces__rosidl_typesupport_fastrtps_cpp.so" to ""
[8.196s] -- Up-to-date: /home/nextup/ros2_ws2/install/my_robot_interfaces/include/my_robot_interfaces/my_robot_interfaces
[8.196s] -- Up-to-date: /home/nextup/ros2_ws2/install/my_robot_interfaces/include/my_robot_interfaces/my_robot_interfaces/action
[8.196s] -- Up-to-date: /home/nextup/ros2_ws2/install/my_robot_interfaces/include/my_robot_interfaces/my_robot_interfaces/action/detail
[8.196s] -- Installing: /home/nextup/ros2_ws2/install/my_robot_interfaces/include/my_robot_interfaces/my_robot_interfaces/action/detail/count_until__type_support.cpp
[8.196s] -- Installing: /home/nextup/ros2_ws2/install/my_robot_interfaces/include/my_robot_interfaces/my_robot_interfaces/action/detail/move_turtle__rosidl_typesupport_introspection_cpp.hpp
[8.196s] -- Installing: /home/nextup/ros2_ws2/install/my_robot_interfaces/include/my_robot_interfaces/my_robot_interfaces/action/detail/move_robot__type_support.cpp
[8.196s] -- Installing: /home/nextup/ros2_ws2/install/my_robot_interfaces/include/my_robot_interfaces/my_robot_interfaces/action/detail/count_until__rosidl_typesupport_introspection_cpp.hpp
[8.196s] -- Installing: /home/nextup/ros2_ws2/install/my_robot_interfaces/include/my_robot_interfaces/my_robot_interfaces/action/detail/move_robot__rosidl_typesupport_introspection_cpp.hpp
[8.196s] -- Installing: /home/nextup/ros2_ws2/install/my_robot_interfaces/include/my_robot_interfaces/my_robot_interfaces/action/detail/move_turtle__type_support.cpp
[8.196s] -- Installing: /home/nextup/ros2_ws2/install/my_robot_interfaces/lib/libmy_robot_interfaces__rosidl_typesupport_introspection_cpp.so
[8.196s] -- Set runtime path of "/home/nextup/ros2_ws2/install/my_robot_interfaces/lib/libmy_robot_interfaces__rosidl_typesupport_introspection_cpp.so" to ""
[8.197s] -- Installing: /home/nextup/ros2_ws2/install/my_robot_interfaces/lib/libmy_robot_interfaces__rosidl_typesupport_cpp.so
[8.197s] -- Set runtime path of "/home/nextup/ros2_ws2/install/my_robot_interfaces/lib/libmy_robot_interfaces__rosidl_typesupport_cpp.so" to ""
[8.197s] -- Installing: /home/nextup/ros2_ws2/install/my_robot_interfaces/share/my_robot_interfaces/environment/pythonpath.sh
[8.197s] -- Installing: /home/nextup/ros2_ws2/install/my_robot_interfaces/share/my_robot_interfaces/environment/pythonpath.dsv
[8.197s] -- Installing: /home/nextup/ros2_ws2/install/my_robot_interfaces/local/lib/python3.10/dist-packages/my_robot_interfaces-0.0.0-py3.10.egg-info
[8.197s] -- Installing: /home/nextup/ros2_ws2/install/my_robot_interfaces/local/lib/python3.10/dist-packages/my_robot_interfaces-0.0.0-py3.10.egg-info/PKG-INFO
[8.197s] -- Installing: /home/nextup/ros2_ws2/install/my_robot_interfaces/local/lib/python3.10/dist-packages/my_robot_interfaces-0.0.0-py3.10.egg-info/top_level.txt
[8.197s] -- Installing: /home/nextup/ros2_ws2/install/my_robot_interfaces/local/lib/python3.10/dist-packages/my_robot_interfaces-0.0.0-py3.10.egg-info/dependency_links.txt
[8.197s] -- Installing: /home/nextup/ros2_ws2/install/my_robot_interfaces/local/lib/python3.10/dist-packages/my_robot_interfaces-0.0.0-py3.10.egg-info/SOURCES.txt
[8.198s] -- Installing: /home/nextup/ros2_ws2/install/my_robot_interfaces/local/lib/python3.10/dist-packages/my_robot_interfaces
[8.198s] -- Installing: /home/nextup/ros2_ws2/install/my_robot_interfaces/local/lib/python3.10/dist-packages/my_robot_interfaces/_my_robot_interfaces_s.ep.rosidl_typesupport_fastrtps_c.c
[8.198s] -- Installing: /home/nextup/ros2_ws2/install/my_robot_interfaces/local/lib/python3.10/dist-packages/my_robot_interfaces/my_robot_interfaces_s__rosidl_typesupport_introspection_c.cpython-310-x86_64-linux-gnu.so
[8.198s] -- Installing: /home/nextup/ros2_ws2/install/my_robot_interfaces/local/lib/python3.10/dist-packages/my_robot_interfaces/_my_robot_interfaces_s.ep.rosidl_typesupport_c.c
[8.199s] -- Installing: /home/nextup/ros2_ws2/install/my_robot_interfaces/local/lib/python3.10/dist-packages/my_robot_interfaces/action
[8.199s] -- Installing: /home/nextup/ros2_ws2/install/my_robot_interfaces/local/lib/python3.10/dist-packages/my_robot_interfaces/action/_move_turtle_s.c
[8.199s] -- Installing: /home/nextup/ros2_ws2/install/my_robot_interfaces/local/lib/python3.10/dist-packages/my_robot_interfaces/action/_move_robot.py
[8.199s] -- Installing: /home/nextup/ros2_ws2/install/my_robot_interfaces/local/lib/python3.10/dist-packages/my_robot_interfaces/action/_count_until.py
[8.199s] -- Installing: /home/nextup/ros2_ws2/install/my_robot_interfaces/local/lib/python3.10/dist-packages/my_robot_interfaces/action/_count_until_s.c
[8.199s] -- Installing: /home/nextup/ros2_ws2/install/my_robot_interfaces/local/lib/python3.10/dist-packages/my_robot_interfaces/action/__init__.py
[8.199s] -- Installing: /home/nextup/ros2_ws2/install/my_robot_interfaces/local/lib/python3.10/dist-packages/my_robot_interfaces/action/_move_turtle.py
[8.199s] -- Installing: /home/nextup/ros2_ws2/install/my_robot_interfaces/local/lib/python3.10/dist-packages/my_robot_interfaces/action/_move_robot_s.c
[8.199s] -- Installing: /home/nextup/ros2_ws2/install/my_robot_interfaces/local/lib/python3.10/dist-packages/my_robot_interfaces/libmy_robot_interfaces__rosidl_generator_py.so
[8.199s] -- Installing: /home/nextup/ros2_ws2/install/my_robot_interfaces/local/lib/python3.10/dist-packages/my_robot_interfaces/__init__.py
[8.199s] -- Installing: /home/nextup/ros2_ws2/install/my_robot_interfaces/local/lib/python3.10/dist-packages/my_robot_interfaces/_my_robot_interfaces_s.ep.rosidl_typesupport_introspection_c.c
[8.200s] -- Installing: /home/nextup/ros2_ws2/install/my_robot_interfaces/local/lib/python3.10/dist-packages/my_robot_interfaces/my_robot_interfaces_s__rosidl_typesupport_c.cpython-310-x86_64-linux-gnu.so
[8.200s] -- Installing: /home/nextup/ros2_ws2/install/my_robot_interfaces/local/lib/python3.10/dist-packages/my_robot_interfaces/my_robot_interfaces_s__rosidl_typesupport_fastrtps_c.cpython-310-x86_64-linux-gnu.so
[8.240s] Listing '/home/nextup/ros2_ws2/install/my_robot_interfaces/local/lib/python3.10/dist-packages/my_robot_interfaces'...
[8.241s] Compiling '/home/nextup/ros2_ws2/install/my_robot_interfaces/local/lib/python3.10/dist-packages/my_robot_interfaces/__init__.py'...
[8.241s] Listing '/home/nextup/ros2_ws2/install/my_robot_interfaces/local/lib/python3.10/dist-packages/my_robot_interfaces/action'...
[8.241s] Compiling '/home/nextup/ros2_ws2/install/my_robot_interfaces/local/lib/python3.10/dist-packages/my_robot_interfaces/action/__init__.py'...
[8.241s] Compiling '/home/nextup/ros2_ws2/install/my_robot_interfaces/local/lib/python3.10/dist-packages/my_robot_interfaces/action/_count_until.py'...
[8.241s] Compiling '/home/nextup/ros2_ws2/install/my_robot_interfaces/local/lib/python3.10/dist-packages/my_robot_interfaces/action/_move_robot.py'...
[8.241s] Compiling '/home/nextup/ros2_ws2/install/my_robot_interfaces/local/lib/python3.10/dist-packages/my_robot_interfaces/action/_move_turtle.py'...
[8.245s] -- Installing: /home/nextup/ros2_ws2/install/my_robot_interfaces/local/lib/python3.10/dist-packages/my_robot_interfaces/my_robot_interfaces_s__rosidl_typesupport_fastrtps_c.cpython-310-x86_64-linux-gnu.so
[8.245s] -- Set runtime path of "/home/nextup/ros2_ws2/install/my_robot_interfaces/local/lib/python3.10/dist-packages/my_robot_interfaces/my_robot_interfaces_s__rosidl_typesupport_fastrtps_c.cpython-310-x86_64-linux-gnu.so" to ""
[8.245s] -- Installing: /home/nextup/ros2_ws2/install/my_robot_interfaces/local/lib/python3.10/dist-packages/my_robot_interfaces/my_robot_interfaces_s__rosidl_typesupport_introspection_c.cpython-310-x86_64-linux-gnu.so
[8.245s] -- Set runtime path of "/home/nextup/ros2_ws2/install/my_robot_interfaces/local/lib/python3.10/dist-packages/my_robot_interfaces/my_robot_interfaces_s__rosidl_typesupport_introspection_c.cpython-310-x86_64-linux-gnu.so" to ""
[8.245s] -- Installing: /home/nextup/ros2_ws2/install/my_robot_interfaces/local/lib/python3.10/dist-packages/my_robot_interfaces/my_robot_interfaces_s__rosidl_typesupport_c.cpython-310-x86_64-linux-gnu.so
[8.245s] -- Set runtime path of "/home/nextup/ros2_ws2/install/my_robot_interfaces/local/lib/python3.10/dist-packages/my_robot_interfaces/my_robot_interfaces_s__rosidl_typesupport_c.cpython-310-x86_64-linux-gnu.so" to ""
[8.246s] -- Installing: /home/nextup/ros2_ws2/install/my_robot_interfaces/lib/libmy_robot_interfaces__rosidl_generator_py.so
[8.246s] -- Set runtime path of "/home/nextup/ros2_ws2/install/my_robot_interfaces/lib/libmy_robot_interfaces__rosidl_generator_py.so" to ""
[8.246s] -- Installing: /home/nextup/ros2_ws2/install/my_robot_interfaces/share/my_robot_interfaces/action/CountUntil.idl
[8.246s] -- Installing: /home/nextup/ros2_ws2/install/my_robot_interfaces/share/my_robot_interfaces/action/MoveRobot.idl
[8.246s] -- Installing: /home/nextup/ros2_ws2/install/my_robot_interfaces/share/my_robot_interfaces/action/MoveTurtle.idl
[8.246s] -- Installing: /home/nextup/ros2_ws2/install/my_robot_interfaces/share/my_robot_interfaces/action/CountUntil.action
[8.246s] -- Installing: /home/nextup/ros2_ws2/install/my_robot_interfaces/share/my_robot_interfaces/action/MoveRobot.action
[8.246s] -- Installing: /home/nextup/ros2_ws2/install/my_robot_interfaces/share/my_robot_interfaces/action/MoveTurtle.action
[8.247s] -- Installing: /home/nextup/ros2_ws2/install/my_robot_interfaces/share/ament_index/resource_index/package_run_dependencies/my_robot_interfaces
[8.247s] -- Installing: /home/nextup/ros2_ws2/install/my_robot_interfaces/share/ament_index/resource_index/parent_prefix_path/my_robot_interfaces
[8.247s] -- Installing: /home/nextup/ros2_ws2/install/my_robot_interfaces/share/my_robot_interfaces/environment/ament_prefix_path.sh
[8.247s] -- Installing: /home/nextup/ros2_ws2/install/my_robot_interfaces/share/my_robot_interfaces/environment/ament_prefix_path.dsv
[8.247s] -- Installing: /home/nextup/ros2_ws2/install/my_robot_interfaces/share/my_robot_interfaces/environment/path.sh
[8.247s] -- Installing: /home/nextup/ros2_ws2/install/my_robot_interfaces/share/my_robot_interfaces/environment/path.dsv
[8.247s] -- Installing: /home/nextup/ros2_ws2/install/my_robot_interfaces/share/my_robot_interfaces/local_setup.bash
[8.247s] -- Installing: /home/nextup/ros2_ws2/install/my_robot_interfaces/share/my_robot_interfaces/local_setup.sh
[8.247s] -- Installing: /home/nextup/ros2_ws2/install/my_robot_interfaces/share/my_robot_interfaces/local_setup.zsh
[8.247s] -- Installing: /home/nextup/ros2_ws2/install/my_robot_interfaces/share/my_robot_interfaces/local_setup.dsv
[8.248s] -- Installing: /home/nextup/ros2_ws2/install/my_robot_interfaces/share/my_robot_interfaces/package.dsv
[8.248s] -- Installing: /home/nextup/ros2_ws2/install/my_robot_interfaces/share/ament_index/resource_index/packages/my_robot_interfaces
[8.248s] -- Installing: /home/nextup/ros2_ws2/install/my_robot_interfaces/share/my_robot_interfaces/cmake/export_my_robot_interfaces__rosidl_generator_cExport.cmake
[8.248s] -- Installing: /home/nextup/ros2_ws2/install/my_robot_interfaces/share/my_robot_interfaces/cmake/export_my_robot_interfaces__rosidl_generator_cExport-noconfig.cmake
[8.248s] -- Installing: /home/nextup/ros2_ws2/install/my_robot_interfaces/share/my_robot_interfaces/cmake/export_my_robot_interfaces__rosidl_typesupport_fastrtps_cExport.cmake
[8.248s] -- Installing: /home/nextup/ros2_ws2/install/my_robot_interfaces/share/my_robot_interfaces/cmake/export_my_robot_interfaces__rosidl_typesupport_fastrtps_cExport-noconfig.cmake
[8.248s] -- Installing: /home/nextup/ros2_ws2/install/my_robot_interfaces/share/my_robot_interfaces/cmake/my_robot_interfaces__rosidl_typesupport_introspection_cExport.cmake
[8.248s] -- Installing: /home/nextup/ros2_ws2/install/my_robot_interfaces/share/my_robot_interfaces/cmake/my_robot_interfaces__rosidl_typesupport_introspection_cExport-noconfig.cmake
[8.248s] -- Installing: /home/nextup/ros2_ws2/install/my_robot_interfaces/share/my_robot_interfaces/cmake/my_robot_interfaces__rosidl_typesupport_cExport.cmake
[8.249s] -- Installing: /home/nextup/ros2_ws2/install/my_robot_interfaces/share/my_robot_interfaces/cmake/my_robot_interfaces__rosidl_typesupport_cExport-noconfig.cmake
[8.249s] -- Installing: /home/nextup/ros2_ws2/install/my_robot_interfaces/share/my_robot_interfaces/cmake/export_my_robot_interfaces__rosidl_generator_cppExport.cmake
[8.249s] -- Installing: /home/nextup/ros2_ws2/install/my_robot_interfaces/share/my_robot_interfaces/cmake/export_my_robot_interfaces__rosidl_typesupport_fastrtps_cppExport.cmake
[8.249s] -- Installing: /home/nextup/ros2_ws2/install/my_robot_interfaces/share/my_robot_interfaces/cmake/export_my_robot_interfaces__rosidl_typesupport_fastrtps_cppExport-noconfig.cmake
[8.249s] -- Installing: /home/nextup/ros2_ws2/install/my_robot_interfaces/share/my_robot_interfaces/cmake/my_robot_interfaces__rosidl_typesupport_introspection_cppExport.cmake
[8.249s] -- Installing: /home/nextup/ros2_ws2/install/my_robot_interfaces/share/my_robot_interfaces/cmake/my_robot_interfaces__rosidl_typesupport_introspection_cppExport-noconfig.cmake
[8.249s] -- Installing: /home/nextup/ros2_ws2/install/my_robot_interfaces/share/my_robot_interfaces/cmake/my_robot_interfaces__rosidl_typesupport_cppExport.cmake
[8.249s] -- Installing: /home/nextup/ros2_ws2/install/my_robot_interfaces/share/my_robot_interfaces/cmake/my_robot_interfaces__rosidl_typesupport_cppExport-noconfig.cmake
[8.249s] -- Installing: /home/nextup/ros2_ws2/install/my_robot_interfaces/share/my_robot_interfaces/cmake/export_my_robot_interfaces__rosidl_generator_pyExport.cmake
[8.250s] -- Installing: /home/nextup/ros2_ws2/install/my_robot_interfaces/share/my_robot_interfaces/cmake/export_my_robot_interfaces__rosidl_generator_pyExport-noconfig.cmake
[8.250s] -- Installing: /home/nextup/ros2_ws2/install/my_robot_interfaces/share/my_robot_interfaces/cmake/rosidl_cmake-extras.cmake
[8.250s] -- Installing: /home/nextup/ros2_ws2/install/my_robot_interfaces/share/my_robot_interfaces/cmake/ament_cmake_export_dependencies-extras.cmake
[8.250s] -- Installing: /home/nextup/ros2_ws2/install/my_robot_interfaces/share/my_robot_interfaces/cmake/ament_cmake_export_include_directories-extras.cmake
[8.250s] -- Installing: /home/nextup/ros2_ws2/install/my_robot_interfaces/share/my_robot_interfaces/cmake/ament_cmake_export_libraries-extras.cmake
[8.250s] -- Installing: /home/nextup/ros2_ws2/install/my_robot_interfaces/share/my_robot_interfaces/cmake/ament_cmake_export_targets-extras.cmake
[8.250s] -- Installing: /home/nextup/ros2_ws2/install/my_robot_interfaces/share/my_robot_interfaces/cmake/rosidl_cmake_export_typesupport_targets-extras.cmake
[8.250s] -- Installing: /home/nextup/ros2_ws2/install/my_robot_interfaces/share/my_robot_interfaces/cmake/rosidl_cmake_export_typesupport_libraries-extras.cmake
[8.250s] -- Installing: /home/nextup/ros2_ws2/install/my_robot_interfaces/share/my_robot_interfaces/cmake/my_robot_interfacesConfig.cmake
[8.251s] -- Installing: /home/nextup/ros2_ws2/install/my_robot_interfaces/share/my_robot_interfaces/cmake/my_robot_interfacesConfig-version.cmake
[8.251s] -- Installing: /home/nextup/ros2_ws2/install/my_robot_interfaces/share/my_robot_interfaces/package.xml
[8.254s] Invoked command in '/home/nextup/ros2_ws2/build/my_robot_interfaces' returned '0': CMAKE_PREFIX_PATH=${CMAKE_PREFIX_PATH}:/home/nextup/ros2_ws2/src/install/actions_py:/home/nextup/ros2_ws2/src/install/lifecycle_py:/home/nextup/ros2_ws2/src/install/executors_py:/opt/ros/humble /usr/bin/cmake --install /home/nextup/ros2_ws2/build/my_robot_interfaces
