[35m[1mConsolidate compiler generated dependencies of target simple_service_server[0m
[35m[1mConsolidate compiler generated dependencies of target simple_action_client_node[0m
[35m[1mConsolidate compiler generated dependencies of target simple_action_server_node[0m
[35m[1mConsolidate compiler generated dependencies of target simple_parameter[0m
[35m[1mConsolidate compiler generated dependencies of target simple_service_client[0m
[35m[1mConsolidate compiler generated dependencies of target simple_subscriber[0m
[35m[1mConsolidate compiler generated dependencies of target simple_moveit_interface[0m
[  5%] [32mBuilding CXX object CMakeFiles/simple_action_client.dir/src/simple_action_client.cpp.o[0m
[ 10%] [32mBuilding CXX object CMakeFiles/simple_action_server.dir/src/simple_action_server.cpp.o[0m
[35m[1mConsolidate compiler generated dependencies of target simple_publisher[0m
[ 40%] Built target simple_service_client
[ 40%] Built target simple_service_server
[ 40%] Built target simple_parameter
[ 50%] Built target simple_action_client_node
[ 60%] Built target simple_subscriber
[ 70%] Built target simple_action_server_node
[ 80%] Built target simple_moveit_interface
[ 90%] Built target simple_publisher
[01m[K/home/anjali/arduinoboot_ws/src/ardunio_cpp_examples/src/simple_action_client.cpp:4:10:[m[K [01;31m[Kfatal error: [m[Karduniobot_msgs/action/fibonacci.hpp: No such file or directory
    4 | #include [01;31m[K"arduniobot_msgs/action/fibonacci.hpp"[m[K
      |          [01;31m[K^~~~~~~~~~~~~~~~~~~~~~~~~~~~~~~~~~~~~~[m[K
compilation terminated.
gmake[2]: *** [CMakeFiles/simple_action_client.dir/build.make:76: CMakeFiles/simple_action_client.dir/src/simple_action_client.cpp.o] Error 1
gmake[1]: *** [CMakeFiles/Makefile2:337: CMakeFiles/simple_action_client.dir/all] Error 2
gmake[1]: *** Waiting for unfinished jobs....
[01m[K/home/anjali/arduinoboot_ws/src/ardunio_cpp_examples/src/simple_action_server.cpp:4:10:[m[K [01;31m[Kfatal error: [m[Karduniobot_msgs/action/fibonacci.hpp: No such file or directory
    4 | #include [01;31m[K"arduniobot_msgs/action/fibonacci.hpp"[m[K
      |          [01;31m[K^~~~~~~~~~~~~~~~~~~~~~~~~~~~~~~~~~~~~~[m[K
compilation terminated.
gmake[2]: *** [CMakeFiles/simple_action_server.dir/build.make:76: CMakeFiles/simple_action_server.dir/src/simple_action_server.cpp.o] Error 1
gmake[1]: *** [CMakeFiles/Makefile2:285: CMakeFiles/simple_action_server.dir/all] Error 2
gmake: *** [Makefile:146: all] Error 2
