[0.442s] Invoking command in '/home/nextup/ros2_ws2/src/lifecycle_py': PYTHONPATH=/home/nextup/ros2_ws2/src/build/lifecycle_py/prefix_override:/home/nextup/ros2_ws2/src/install/lifecycle_py/lib/python3.10/site-packages:${PYTHONPATH} /usr/bin/python3 -W ignore:setup.py install is deprecated setup.py egg_info --egg-base ../build/lifecycle_py build --build-base /home/nextup/ros2_ws2/src/build/lifecycle_py/build install --record /home/nextup/ros2_ws2/src/build/lifecycle_py/install.log --single-version-externally-managed install_data
[0.572s] running egg_info
[0.579s] writing ../build/lifecycle_py/lifecycle_py.egg-info/PKG-INFO
[0.579s] writing dependency_links to ../build/lifecycle_py/lifecycle_py.egg-info/dependency_links.txt
[0.579s] writing entry points to ../build/lifecycle_py/lifecycle_py.egg-info/entry_points.txt
[0.579s] writing requirements to ../build/lifecycle_py/lifecycle_py.egg-info/requires.txt
[0.579s] writing top-level names to ../build/lifecycle_py/lifecycle_py.egg-info/top_level.txt
[0.593s] reading manifest file '../build/lifecycle_py/lifecycle_py.egg-info/SOURCES.txt'
[0.594s] writing manifest file '../build/lifecycle_py/lifecycle_py.egg-info/SOURCES.txt'
[0.594s] running build
[0.594s] running build_py
[0.594s] running install
[0.597s] running install_lib
[0.604s] running install_data
[0.604s] running install_egg_info
[0.611s] removing '/home/nextup/ros2_ws2/src/install/lifecycle_py/lib/python3.10/site-packages/lifecycle_py-0.0.0-py3.10.egg-info' (and everything under it)
[0.611s] Copying ../build/lifecycle_py/lifecycle_py.egg-info to /home/nextup/ros2_ws2/src/install/lifecycle_py/lib/python3.10/site-packages/lifecycle_py-0.0.0-py3.10.egg-info
[0.612s] running install_scripts
[0.676s] Installing lifecycle_node_manager script to /home/nextup/ros2_ws2/src/install/lifecycle_py/lib/lifecycle_py
[0.676s] Installing number_publisher script to /home/nextup/ros2_ws2/src/install/lifecycle_py/lib/lifecycle_py
[0.676s] writing list of installed files to '/home/nextup/ros2_ws2/src/build/lifecycle_py/install.log'
[0.696s] Invoked command in '/home/nextup/ros2_ws2/src/lifecycle_py' returned '0': PYTHONPATH=/home/nextup/ros2_ws2/src/build/lifecycle_py/prefix_override:/home/nextup/ros2_ws2/src/install/lifecycle_py/lib/python3.10/site-packages:${PYTHONPATH} /usr/bin/python3 -W ignore:setup.py install is deprecated setup.py egg_info --egg-base ../build/lifecycle_py build --build-base /home/nextup/ros2_ws2/src/build/lifecycle_py/build install --record /home/nextup/ros2_ws2/src/build/lifecycle_py/install.log --single-version-externally-managed install_data
