-- The C compiler identification is GNU 11.4.0
-- The CXX compiler identification is GNU 11.4.0
-- Detecting C compiler ABI info
-- Detecting C compiler ABI info - done
-- Check for working C compiler: /usr/bin/cc - skipped
-- Detecting C compile features
-- Detecting C compile features - done
-- Detecting CXX compiler ABI info
-- Detecting CXX compiler ABI info - done
-- Check for working CXX compiler: /usr/bin/c++ - skipped
-- Detecting CXX compile features
-- Detecting CXX compile features - done
-- Found ament_cmake: 1.3.9 (/opt/ros/humble/share/ament_cmake/cmake)
-- Found Python3: /usr/bin/python3 (found version "3.10.12") found components: Interpreter 
-- Found std_msgs: 4.2.4 (/opt/ros/humble/share/std_msgs/cmake)
-- Found rosidl_generator_c: 3.1.5 (/opt/ros/humble/share/rosidl_generator_c/cmake)
-- Found rosidl_adapter: 3.1.5 (/opt/ros/humble/share/rosidl_adapter/cmake)
-- Found rosidl_generator_cpp: 3.1.5 (/opt/ros/humble/share/rosidl_generator_cpp/cmake)
-- Using all available rosidl_typesupport_c: rosidl_typesupport_fastrtps_c;rosidl_typesupport_introspection_c
-- Using all available rosidl_typesupport_cpp: rosidl_typesupport_fastrtps_cpp;rosidl_typesupport_introspection_cpp
-- Found rosidl_default_generators: 1.2.0 (/opt/ros/humble/share/rosidl_default_generators/cmake)
-- Found ament_cmake_ros: 0.10.0 (/opt/ros/humble/share/ament_cmake_ros/cmake)
-- Using all available rosidl_typesupport_c: rosidl_typesupport_fastrtps_c;rosidl_typesupport_introspection_c
-- Using all available rosidl_typesupport_cpp: rosidl_typesupport_fastrtps_cpp;rosidl_typesupport_introspection_cpp
-- Found PythonInterp: /usr/bin/python3 (found suitable version "3.10.12", minimum required is "3.6") 
-- Found python_cmake_module: 0.10.0 (/opt/ros/humble/share/python_cmake_module/cmake)
-- Found PythonLibs: /usr/lib/x86_64-linux-gnu/libpython3.10.so (found suitable version "3.10.12", minimum required is "3.5") 
-- Using PYTHON_EXECUTABLE: /usr/bin/python3
-- Using PYTHON_INCLUDE_DIRS: /usr/include/python3.10
-- Using PYTHON_LIBRARIES: /usr/lib/x86_64-linux-gnu/libpython3.10.so
-- Found PythonExtra: .so  
-- Configuring done
-- Generating done
-- Build files have been written to: /home/anjali/arduinoboot_ws/src/build/arduniobot_msgs
[  2%] [34m[1mGenerating C code for ROS interfaces[0m
[  4%] [34m[1mGenerating C++ code for ROS interfaces[0m
[  4%] Built target ament_cmake_python_copy_arduniobot_msgs
running egg_info
creating arduniobot_msgs.egg-info
writing arduniobot_msgs.egg-info/PKG-INFO
writing dependency_links to arduniobot_msgs.egg-info/dependency_links.txt
writing top-level names to arduniobot_msgs.egg-info/top_level.txt
writing manifest file 'arduniobot_msgs.egg-info/SOURCES.txt'
reading manifest file 'arduniobot_msgs.egg-info/SOURCES.txt'
writing manifest file 'arduniobot_msgs.egg-info/SOURCES.txt'
[  4%] Built target arduniobot_msgs__cpp
[  6%] [34m[1mGenerating C++ type support dispatch for ROS interfaces[0m
[ 10%] [34m[1mGenerating C++ introspection for ROS interfaces[0m
[ 10%] [34m[1mGenerating C++ type support for eProsima Fast-RTPS[0m
[ 10%] Built target ament_cmake_python_build_arduniobot_msgs_egg
[ 12%] [32mBuilding C object CMakeFiles/arduniobot_msgs__rosidl_generator_c.dir/rosidl_generator_c/arduniobot_msgs/srv/detail/add_two_ints__functions.c.o[0m
[ 17%] [32mBuilding C object CMakeFiles/arduniobot_msgs__rosidl_generator_c.dir/rosidl_generator_c/arduniobot_msgs/srv/detail/euler_to_quaternion__functions.c.o[0m
[ 17%] [32mBuilding C object CMakeFiles/arduniobot_msgs__rosidl_generator_c.dir/rosidl_generator_c/arduniobot_msgs/srv/detail/quaternion_to_euler__functions.c.o[0m
[ 19%] [32m[1mLinking C shared library libarduniobot_msgs__rosidl_generator_c.so[0m
[ 19%] Built target arduniobot_msgs__rosidl_generator_c
[ 23%] [34m[1mGenerating C introspection for ROS interfaces[0m
[ 23%] [34m[1mGenerating C type support for eProsima Fast-RTPS[0m
[ 25%] [34m[1mGenerating C type support dispatch for ROS interfaces[0m
[ 29%] [32mBuilding CXX object CMakeFiles/arduniobot_msgs__rosidl_typesupport_cpp.dir/rosidl_typesupport_cpp/arduniobot_msgs/srv/euler_to_quaternion__type_support.cpp.o[0m
[ 29%] [32mBuilding CXX object CMakeFiles/arduniobot_msgs__rosidl_typesupport_cpp.dir/rosidl_typesupport_cpp/arduniobot_msgs/srv/add_two_ints__type_support.cpp.o[0m
[ 31%] [32mBuilding CXX object CMakeFiles/arduniobot_msgs__rosidl_typesupport_cpp.dir/rosidl_typesupport_cpp/arduniobot_msgs/srv/quaternion_to_euler__type_support.cpp.o[0m
[ 34%] [32mBuilding CXX object CMakeFiles/arduniobot_msgs__rosidl_typesupport_introspection_cpp.dir/rosidl_typesupport_introspection_cpp/arduniobot_msgs/srv/detail/add_two_ints__type_support.cpp.o[0m
[ 38%] [32mBuilding CXX object CMakeFiles/arduniobot_msgs__rosidl_typesupport_introspection_cpp.dir/rosidl_typesupport_introspection_cpp/arduniobot_msgs/srv/detail/euler_to_quaternion__type_support.cpp.o[0m
[ 38%] [32mBuilding CXX object CMakeFiles/arduniobot_msgs__rosidl_typesupport_introspection_cpp.dir/rosidl_typesupport_introspection_cpp/arduniobot_msgs/srv/detail/quaternion_to_euler__type_support.cpp.o[0m
[ 40%] [32mBuilding C object CMakeFiles/arduniobot_msgs__rosidl_typesupport_introspection_c.dir/rosidl_typesupport_introspection_c/arduniobot_msgs/srv/detail/add_two_ints__type_support.c.o[0m
[ 42%] [32mBuilding C object CMakeFiles/arduniobot_msgs__rosidl_typesupport_introspection_c.dir/rosidl_typesupport_introspection_c/arduniobot_msgs/srv/detail/quaternion_to_euler__type_support.c.o[0m
[ 44%] [32mBuilding C object CMakeFiles/arduniobot_msgs__rosidl_typesupport_introspection_c.dir/rosidl_typesupport_introspection_c/arduniobot_msgs/srv/detail/euler_to_quaternion__type_support.c.o[0m
[ 48%] [32mBuilding CXX object CMakeFiles/arduniobot_msgs__rosidl_typesupport_fastrtps_cpp.dir/rosidl_typesupport_fastrtps_cpp/arduniobot_msgs/srv/detail/dds_fastrtps/quaternion_to_euler__type_support.cpp.o[0m
[ 48%] [32mBuilding CXX object CMakeFiles/arduniobot_msgs__rosidl_typesupport_fastrtps_cpp.dir/rosidl_typesupport_fastrtps_cpp/arduniobot_msgs/srv/detail/dds_fastrtps/add_two_ints__type_support.cpp.o[0m
[ 51%] [32mBuilding CXX object CMakeFiles/arduniobot_msgs__rosidl_typesupport_fastrtps_cpp.dir/rosidl_typesupport_fastrtps_cpp/arduniobot_msgs/srv/detail/dds_fastrtps/euler_to_quaternion__type_support.cpp.o[0m
[ 53%] [32m[1mLinking C shared library libarduniobot_msgs__rosidl_typesupport_introspection_c.so[0m
[ 59%] [32mBuilding CXX object CMakeFiles/arduniobot_msgs__rosidl_typesupport_fastrtps_c.dir/rosidl_typesupport_fastrtps_c/arduniobot_msgs/srv/detail/quaternion_to_euler__type_support_c.cpp.o[0m
[ 59%] [32mBuilding CXX object CMakeFiles/arduniobot_msgs__rosidl_typesupport_fastrtps_c.dir/rosidl_typesupport_fastrtps_c/arduniobot_msgs/srv/detail/euler_to_quaternion__type_support_c.cpp.o[0m
[ 59%] [32mBuilding CXX object CMakeFiles/arduniobot_msgs__rosidl_typesupport_fastrtps_c.dir/rosidl_typesupport_fastrtps_c/arduniobot_msgs/srv/detail/add_two_ints__type_support_c.cpp.o[0m
[ 63%] [32mBuilding CXX object CMakeFiles/arduniobot_msgs__rosidl_typesupport_c.dir/rosidl_typesupport_c/arduniobot_msgs/srv/add_two_ints__type_support.cpp.o[0m
[ 63%] [32mBuilding CXX object CMakeFiles/arduniobot_msgs__rosidl_typesupport_c.dir/rosidl_typesupport_c/arduniobot_msgs/srv/euler_to_quaternion__type_support.cpp.o[0m
[ 65%] [32mBuilding CXX object CMakeFiles/arduniobot_msgs__rosidl_typesupport_c.dir/rosidl_typesupport_c/arduniobot_msgs/srv/quaternion_to_euler__type_support.cpp.o[0m
[ 65%] Built target arduniobot_msgs__rosidl_typesupport_introspection_c
[ 68%] [32m[1mLinking CXX shared library libarduniobot_msgs__rosidl_typesupport_cpp.so[0m
[ 70%] [32m[1mLinking CXX shared library libarduniobot_msgs__rosidl_typesupport_c.so[0m
[ 70%] Built target arduniobot_msgs__rosidl_typesupport_cpp
[ 70%] Built target arduniobot_msgs__rosidl_typesupport_c
[ 72%] [32m[1mLinking CXX shared library libarduniobot_msgs__rosidl_typesupport_introspection_cpp.so[0m
[ 72%] Built target arduniobot_msgs__rosidl_typesupport_introspection_cpp
[ 74%] [32m[1mLinking CXX shared library libarduniobot_msgs__rosidl_typesupport_fastrtps_c.so[0m
[ 76%] [32m[1mLinking CXX shared library libarduniobot_msgs__rosidl_typesupport_fastrtps_cpp.so[0m
[ 76%] Built target arduniobot_msgs__rosidl_typesupport_fastrtps_c
[ 76%] Built target arduniobot_msgs__rosidl_typesupport_fastrtps_cpp
[ 76%] Built target arduniobot_msgs
[ 78%] [34m[1mGenerating Python code for ROS interfaces[0m
[ 78%] Built target arduniobot_msgs__py
[ 85%] [32mBuilding C object CMakeFiles/arduniobot_msgs__rosidl_generator_py.dir/rosidl_generator_py/arduniobot_msgs/srv/_add_two_ints_s.c.o[0m
[ 85%] [32mBuilding C object CMakeFiles/arduniobot_msgs__rosidl_generator_py.dir/rosidl_generator_py/arduniobot_msgs/srv/_quaternion_to_euler_s.c.o[0m
[ 85%] [32mBuilding C object CMakeFiles/arduniobot_msgs__rosidl_generator_py.dir/rosidl_generator_py/arduniobot_msgs/srv/_euler_to_quaternion_s.c.o[0m
[ 87%] [32m[1mLinking C shared library rosidl_generator_py/arduniobot_msgs/libarduniobot_msgs__rosidl_generator_py.so[0m
[ 87%] Built target arduniobot_msgs__rosidl_generator_py
[ 93%] [32mBuilding C object CMakeFiles/arduniobot_msgs__rosidl_typesupport_fastrtps_c__pyext.dir/rosidl_generator_py/arduniobot_msgs/_arduniobot_msgs_s.ep.rosidl_typesupport_fastrtps_c.c.o[0m
[ 93%] [32mBuilding C object CMakeFiles/arduniobot_msgs__rosidl_typesupport_introspection_c__pyext.dir/rosidl_generator_py/arduniobot_msgs/_arduniobot_msgs_s.ep.rosidl_typesupport_introspection_c.c.o[0m
[ 93%] [32mBuilding C object CMakeFiles/arduniobot_msgs__rosidl_typesupport_c__pyext.dir/rosidl_generator_py/arduniobot_msgs/_arduniobot_msgs_s.ep.rosidl_typesupport_c.c.o[0m
[100%] [32m[1mLinking C shared library rosidl_generator_py/arduniobot_msgs/arduniobot_msgs_s__rosidl_typesupport_fastrtps_c.cpython-310-x86_64-linux-gnu.so[0m
[100%] [32m[1mLinking C shared library rosidl_generator_py/arduniobot_msgs/arduniobot_msgs_s__rosidl_typesupport_c.cpython-310-x86_64-linux-gnu.so[0m
[100%] [32m[1mLinking C shared library rosidl_generator_py/arduniobot_msgs/arduniobot_msgs_s__rosidl_typesupport_introspection_c.cpython-310-x86_64-linux-gnu.so[0m
[100%] Built target arduniobot_msgs__rosidl_typesupport_c__pyext
[100%] Built target arduniobot_msgs__rosidl_typesupport_fastrtps_c__pyext
[100%] Built target arduniobot_msgs__rosidl_typesupport_introspection_c__pyext
-- Install configuration: ""
-- Installing: /home/anjali/arduinoboot_ws/src/install/arduniobot_msgs/share/ament_index/resource_index/rosidl_interfaces/arduniobot_msgs
-- Installing: /home/anjali/arduinoboot_ws/src/install/arduniobot_msgs/include/arduniobot_msgs/arduniobot_msgs
-- Installing: /home/anjali/arduinoboot_ws/src/install/arduniobot_msgs/include/arduniobot_msgs/arduniobot_msgs/msg
-- Installing: /home/anjali/arduinoboot_ws/src/install/arduniobot_msgs/include/arduniobot_msgs/arduniobot_msgs/msg/rosidl_generator_c__visibility_control.h
-- Installing: /home/anjali/arduinoboot_ws/src/install/arduniobot_msgs/include/arduniobot_msgs/arduniobot_msgs/srv
-- Installing: /home/anjali/arduinoboot_ws/src/install/arduniobot_msgs/include/arduniobot_msgs/arduniobot_msgs/srv/detail
-- Installing: /home/anjali/arduinoboot_ws/src/install/arduniobot_msgs/include/arduniobot_msgs/arduniobot_msgs/srv/detail/euler_to_quaternion__functions.c
-- Installing: /home/anjali/arduinoboot_ws/src/install/arduniobot_msgs/include/arduniobot_msgs/arduniobot_msgs/srv/detail/euler_to_quaternion__type_support.h
-- Installing: /home/anjali/arduinoboot_ws/src/install/arduniobot_msgs/include/arduniobot_msgs/arduniobot_msgs/srv/detail/add_two_ints__type_support.h
-- Installing: /home/anjali/arduinoboot_ws/src/install/arduniobot_msgs/include/arduniobot_msgs/arduniobot_msgs/srv/detail/quaternion_to_euler__struct.h
-- Installing: /home/anjali/arduinoboot_ws/src/install/arduniobot_msgs/include/arduniobot_msgs/arduniobot_msgs/srv/detail/add_two_ints__struct.h
-- Installing: /home/anjali/arduinoboot_ws/src/install/arduniobot_msgs/include/arduniobot_msgs/arduniobot_msgs/srv/detail/euler_to_quaternion__functions.h
-- Installing: /home/anjali/arduinoboot_ws/src/install/arduniobot_msgs/include/arduniobot_msgs/arduniobot_msgs/srv/detail/quaternion_to_euler__functions.h
-- Installing: /home/anjali/arduinoboot_ws/src/install/arduniobot_msgs/include/arduniobot_msgs/arduniobot_msgs/srv/detail/euler_to_quaternion__struct.h
-- Installing: /home/anjali/arduinoboot_ws/src/install/arduniobot_msgs/include/arduniobot_msgs/arduniobot_msgs/srv/detail/add_two_ints__functions.c
-- Installing: /home/anjali/arduinoboot_ws/src/install/arduniobot_msgs/include/arduniobot_msgs/arduniobot_msgs/srv/detail/quaternion_to_euler__functions.c
-- Installing: /home/anjali/arduinoboot_ws/src/install/arduniobot_msgs/include/arduniobot_msgs/arduniobot_msgs/srv/detail/add_two_ints__functions.h
-- Installing: /home/anjali/arduinoboot_ws/src/install/arduniobot_msgs/include/arduniobot_msgs/arduniobot_msgs/srv/detail/quaternion_to_euler__type_support.h
-- Installing: /home/anjali/arduinoboot_ws/src/install/arduniobot_msgs/include/arduniobot_msgs/arduniobot_msgs/srv/euler_to_quaternion.h
-- Installing: /home/anjali/arduinoboot_ws/src/install/arduniobot_msgs/include/arduniobot_msgs/arduniobot_msgs/srv/add_two_ints.h
-- Installing: /home/anjali/arduinoboot_ws/src/install/arduniobot_msgs/include/arduniobot_msgs/arduniobot_msgs/srv/quaternion_to_euler.h
-- Installing: /home/anjali/arduinoboot_ws/src/install/arduniobot_msgs/share/arduniobot_msgs/environment/library_path.sh
-- Installing: /home/anjali/arduinoboot_ws/src/install/arduniobot_msgs/share/arduniobot_msgs/environment/library_path.dsv
-- Installing: /home/anjali/arduinoboot_ws/src/install/arduniobot_msgs/lib/libarduniobot_msgs__rosidl_generator_c.so
-- Set runtime path of "/home/anjali/arduinoboot_ws/src/install/arduniobot_msgs/lib/libarduniobot_msgs__rosidl_generator_c.so" to ""
-- Up-to-date: /home/anjali/arduinoboot_ws/src/install/arduniobot_msgs/include/arduniobot_msgs/arduniobot_msgs
-- Up-to-date: /home/anjali/arduinoboot_ws/src/install/arduniobot_msgs/include/arduniobot_msgs/arduniobot_msgs/msg
-- Installing: /home/anjali/arduinoboot_ws/src/install/arduniobot_msgs/include/arduniobot_msgs/arduniobot_msgs/msg/rosidl_typesupport_fastrtps_c__visibility_control.h
-- Up-to-date: /home/anjali/arduinoboot_ws/src/install/arduniobot_msgs/include/arduniobot_msgs/arduniobot_msgs/srv
-- Up-to-date: /home/anjali/arduinoboot_ws/src/install/arduniobot_msgs/include/arduniobot_msgs/arduniobot_msgs/srv/detail
-- Installing: /home/anjali/arduinoboot_ws/src/install/arduniobot_msgs/include/arduniobot_msgs/arduniobot_msgs/srv/detail/euler_to_quaternion__rosidl_typesupport_fastrtps_c.h
-- Installing: /home/anjali/arduinoboot_ws/src/install/arduniobot_msgs/include/arduniobot_msgs/arduniobot_msgs/srv/detail/add_two_ints__rosidl_typesupport_fastrtps_c.h
-- Installing: /home/anjali/arduinoboot_ws/src/install/arduniobot_msgs/include/arduniobot_msgs/arduniobot_msgs/srv/detail/quaternion_to_euler__rosidl_typesupport_fastrtps_c.h
-- Installing: /home/anjali/arduinoboot_ws/src/install/arduniobot_msgs/lib/libarduniobot_msgs__rosidl_typesupport_fastrtps_c.so
-- Set runtime path of "/home/anjali/arduinoboot_ws/src/install/arduniobot_msgs/lib/libarduniobot_msgs__rosidl_typesupport_fastrtps_c.so" to ""
-- Up-to-date: /home/anjali/arduinoboot_ws/src/install/arduniobot_msgs/include/arduniobot_msgs/arduniobot_msgs
-- Up-to-date: /home/anjali/arduinoboot_ws/src/install/arduniobot_msgs/include/arduniobot_msgs/arduniobot_msgs/srv
-- Up-to-date: /home/anjali/arduinoboot_ws/src/install/arduniobot_msgs/include/arduniobot_msgs/arduniobot_msgs/srv/detail
-- Installing: /home/anjali/arduinoboot_ws/src/install/arduniobot_msgs/include/arduniobot_msgs/arduniobot_msgs/srv/detail/quaternion_to_euler__traits.hpp
-- Installing: /home/anjali/arduinoboot_ws/src/install/arduniobot_msgs/include/arduniobot_msgs/arduniobot_msgs/srv/detail/euler_to_quaternion__struct.hpp
-- Installing: /home/anjali/arduinoboot_ws/src/install/arduniobot_msgs/include/arduniobot_msgs/arduniobot_msgs/srv/detail/add_two_ints__struct.hpp
-- Installing: /home/anjali/arduinoboot_ws/src/install/arduniobot_msgs/include/arduniobot_msgs/arduniobot_msgs/srv/detail/quaternion_to_euler__builder.hpp
-- Installing: /home/anjali/arduinoboot_ws/src/install/arduniobot_msgs/include/arduniobot_msgs/arduniobot_msgs/srv/detail/euler_to_quaternion__traits.hpp
-- Installing: /home/anjali/arduinoboot_ws/src/install/arduniobot_msgs/include/arduniobot_msgs/arduniobot_msgs/srv/detail/quaternion_to_euler__struct.hpp
-- Installing: /home/anjali/arduinoboot_ws/src/install/arduniobot_msgs/include/arduniobot_msgs/arduniobot_msgs/srv/detail/euler_to_quaternion__builder.hpp
-- Installing: /home/anjali/arduinoboot_ws/src/install/arduniobot_msgs/include/arduniobot_msgs/arduniobot_msgs/srv/detail/add_two_ints__traits.hpp
-- Installing: /home/anjali/arduinoboot_ws/src/install/arduniobot_msgs/include/arduniobot_msgs/arduniobot_msgs/srv/detail/add_two_ints__builder.hpp
-- Installing: /home/anjali/arduinoboot_ws/src/install/arduniobot_msgs/include/arduniobot_msgs/arduniobot_msgs/srv/quaternion_to_euler.hpp
-- Installing: /home/anjali/arduinoboot_ws/src/install/arduniobot_msgs/include/arduniobot_msgs/arduniobot_msgs/srv/add_two_ints.hpp
-- Installing: /home/anjali/arduinoboot_ws/src/install/arduniobot_msgs/include/arduniobot_msgs/arduniobot_msgs/srv/euler_to_quaternion.hpp
-- Up-to-date: /home/anjali/arduinoboot_ws/src/install/arduniobot_msgs/include/arduniobot_msgs/arduniobot_msgs
-- Up-to-date: /home/anjali/arduinoboot_ws/src/install/arduniobot_msgs/include/arduniobot_msgs/arduniobot_msgs/msg
-- Installing: /home/anjali/arduinoboot_ws/src/install/arduniobot_msgs/include/arduniobot_msgs/arduniobot_msgs/msg/rosidl_typesupport_fastrtps_cpp__visibility_control.h
-- Up-to-date: /home/anjali/arduinoboot_ws/src/install/arduniobot_msgs/include/arduniobot_msgs/arduniobot_msgs/srv
-- Up-to-date: /home/anjali/arduinoboot_ws/src/install/arduniobot_msgs/include/arduniobot_msgs/arduniobot_msgs/srv/detail
-- Installing: /home/anjali/arduinoboot_ws/src/install/arduniobot_msgs/include/arduniobot_msgs/arduniobot_msgs/srv/detail/quaternion_to_euler__rosidl_typesupport_fastrtps_cpp.hpp
-- Installing: /home/anjali/arduinoboot_ws/src/install/arduniobot_msgs/include/arduniobot_msgs/arduniobot_msgs/srv/detail/dds_fastrtps
-- Installing: /home/anjali/arduinoboot_ws/src/install/arduniobot_msgs/include/arduniobot_msgs/arduniobot_msgs/srv/detail/euler_to_quaternion__rosidl_typesupport_fastrtps_cpp.hpp
-- Installing: /home/anjali/arduinoboot_ws/src/install/arduniobot_msgs/include/arduniobot_msgs/arduniobot_msgs/srv/detail/add_two_ints__rosidl_typesupport_fastrtps_cpp.hpp
-- Installing: /home/anjali/arduinoboot_ws/src/install/arduniobot_msgs/lib/libarduniobot_msgs__rosidl_typesupport_fastrtps_cpp.so
-- Set runtime path of "/home/anjali/arduinoboot_ws/src/install/arduniobot_msgs/lib/libarduniobot_msgs__rosidl_typesupport_fastrtps_cpp.so" to ""
-- Up-to-date: /home/anjali/arduinoboot_ws/src/install/arduniobot_msgs/include/arduniobot_msgs/arduniobot_msgs
-- Up-to-date: /home/anjali/arduinoboot_ws/src/install/arduniobot_msgs/include/arduniobot_msgs/arduniobot_msgs/msg
-- Installing: /home/anjali/arduinoboot_ws/src/install/arduniobot_msgs/include/arduniobot_msgs/arduniobot_msgs/msg/rosidl_typesupport_introspection_c__visibility_control.h
-- Up-to-date: /home/anjali/arduinoboot_ws/src/install/arduniobot_msgs/include/arduniobot_msgs/arduniobot_msgs/srv
-- Up-to-date: /home/anjali/arduinoboot_ws/src/install/arduniobot_msgs/include/arduniobot_msgs/arduniobot_msgs/srv/detail
-- Installing: /home/anjali/arduinoboot_ws/src/install/arduniobot_msgs/include/arduniobot_msgs/arduniobot_msgs/srv/detail/euler_to_quaternion__rosidl_typesupport_introspection_c.h
-- Installing: /home/anjali/arduinoboot_ws/src/install/arduniobot_msgs/include/arduniobot_msgs/arduniobot_msgs/srv/detail/quaternion_to_euler__type_support.c
-- Installing: /home/anjali/arduinoboot_ws/src/install/arduniobot_msgs/include/arduniobot_msgs/arduniobot_msgs/srv/detail/add_two_ints__rosidl_typesupport_introspection_c.h
-- Installing: /home/anjali/arduinoboot_ws/src/install/arduniobot_msgs/include/arduniobot_msgs/arduniobot_msgs/srv/detail/quaternion_to_euler__rosidl_typesupport_introspection_c.h
-- Installing: /home/anjali/arduinoboot_ws/src/install/arduniobot_msgs/include/arduniobot_msgs/arduniobot_msgs/srv/detail/add_two_ints__type_support.c
-- Installing: /home/anjali/arduinoboot_ws/src/install/arduniobot_msgs/include/arduniobot_msgs/arduniobot_msgs/srv/detail/euler_to_quaternion__type_support.c
-- Installing: /home/anjali/arduinoboot_ws/src/install/arduniobot_msgs/lib/libarduniobot_msgs__rosidl_typesupport_introspection_c.so
-- Set runtime path of "/home/anjali/arduinoboot_ws/src/install/arduniobot_msgs/lib/libarduniobot_msgs__rosidl_typesupport_introspection_c.so" to ""
-- Installing: /home/anjali/arduinoboot_ws/src/install/arduniobot_msgs/lib/libarduniobot_msgs__rosidl_typesupport_c.so
-- Set runtime path of "/home/anjali/arduinoboot_ws/src/install/arduniobot_msgs/lib/libarduniobot_msgs__rosidl_typesupport_c.so" to ""
-- Up-to-date: /home/anjali/arduinoboot_ws/src/install/arduniobot_msgs/include/arduniobot_msgs/arduniobot_msgs
-- Up-to-date: /home/anjali/arduinoboot_ws/src/install/arduniobot_msgs/include/arduniobot_msgs/arduniobot_msgs/srv
-- Up-to-date: /home/anjali/arduinoboot_ws/src/install/arduniobot_msgs/include/arduniobot_msgs/arduniobot_msgs/srv/detail
-- Installing: /home/anjali/arduinoboot_ws/src/install/arduniobot_msgs/include/arduniobot_msgs/arduniobot_msgs/srv/detail/add_two_ints__type_support.cpp
-- Installing: /home/anjali/arduinoboot_ws/src/install/arduniobot_msgs/include/arduniobot_msgs/arduniobot_msgs/srv/detail/quaternion_to_euler__type_support.cpp
-- Installing: /home/anjali/arduinoboot_ws/src/install/arduniobot_msgs/include/arduniobot_msgs/arduniobot_msgs/srv/detail/euler_to_quaternion__rosidl_typesupport_introspection_cpp.hpp
-- Installing: /home/anjali/arduinoboot_ws/src/install/arduniobot_msgs/include/arduniobot_msgs/arduniobot_msgs/srv/detail/euler_to_quaternion__type_support.cpp
-- Installing: /home/anjali/arduinoboot_ws/src/install/arduniobot_msgs/include/arduniobot_msgs/arduniobot_msgs/srv/detail/quaternion_to_euler__rosidl_typesupport_introspection_cpp.hpp
-- Installing: /home/anjali/arduinoboot_ws/src/install/arduniobot_msgs/include/arduniobot_msgs/arduniobot_msgs/srv/detail/add_two_ints__rosidl_typesupport_introspection_cpp.hpp
-- Installing: /home/anjali/arduinoboot_ws/src/install/arduniobot_msgs/lib/libarduniobot_msgs__rosidl_typesupport_introspection_cpp.so
-- Set runtime path of "/home/anjali/arduinoboot_ws/src/install/arduniobot_msgs/lib/libarduniobot_msgs__rosidl_typesupport_introspection_cpp.so" to ""
-- Installing: /home/anjali/arduinoboot_ws/src/install/arduniobot_msgs/lib/libarduniobot_msgs__rosidl_typesupport_cpp.so
-- Set runtime path of "/home/anjali/arduinoboot_ws/src/install/arduniobot_msgs/lib/libarduniobot_msgs__rosidl_typesupport_cpp.so" to ""
-- Installing: /home/anjali/arduinoboot_ws/src/install/arduniobot_msgs/share/arduniobot_msgs/environment/pythonpath.sh
-- Installing: /home/anjali/arduinoboot_ws/src/install/arduniobot_msgs/share/arduniobot_msgs/environment/pythonpath.dsv
-- Installing: /home/anjali/arduinoboot_ws/src/install/arduniobot_msgs/local/lib/python3.10/dist-packages/arduniobot_msgs-0.0.0-py3.10.egg-info
-- Installing: /home/anjali/arduinoboot_ws/src/install/arduniobot_msgs/local/lib/python3.10/dist-packages/arduniobot_msgs-0.0.0-py3.10.egg-info/dependency_links.txt
-- Installing: /home/anjali/arduinoboot_ws/src/install/arduniobot_msgs/local/lib/python3.10/dist-packages/arduniobot_msgs-0.0.0-py3.10.egg-info/SOURCES.txt
-- Installing: /home/anjali/arduinoboot_ws/src/install/arduniobot_msgs/local/lib/python3.10/dist-packages/arduniobot_msgs-0.0.0-py3.10.egg-info/top_level.txt
-- Installing: /home/anjali/arduinoboot_ws/src/install/arduniobot_msgs/local/lib/python3.10/dist-packages/arduniobot_msgs-0.0.0-py3.10.egg-info/PKG-INFO
-- Installing: /home/anjali/arduinoboot_ws/src/install/arduniobot_msgs/local/lib/python3.10/dist-packages/arduniobot_msgs
-- Installing: /home/anjali/arduinoboot_ws/src/install/arduniobot_msgs/local/lib/python3.10/dist-packages/arduniobot_msgs/__init__.py
-- Installing: /home/anjali/arduinoboot_ws/src/install/arduniobot_msgs/local/lib/python3.10/dist-packages/arduniobot_msgs/_arduniobot_msgs_s.ep.rosidl_typesupport_c.c
-- Installing: /home/anjali/arduinoboot_ws/src/install/arduniobot_msgs/local/lib/python3.10/dist-packages/arduniobot_msgs/arduniobot_msgs_s__rosidl_typesupport_fastrtps_c.cpython-310-x86_64-linux-gnu.so
-- Installing: /home/anjali/arduinoboot_ws/src/install/arduniobot_msgs/local/lib/python3.10/dist-packages/arduniobot_msgs/arduniobot_msgs_s__rosidl_typesupport_c.cpython-310-x86_64-linux-gnu.so
-- Installing: /home/anjali/arduinoboot_ws/src/install/arduniobot_msgs/local/lib/python3.10/dist-packages/arduniobot_msgs/_arduniobot_msgs_s.ep.rosidl_typesupport_fastrtps_c.c
-- Installing: /home/anjali/arduinoboot_ws/src/install/arduniobot_msgs/local/lib/python3.10/dist-packages/arduniobot_msgs/srv
-- Installing: /home/anjali/arduinoboot_ws/src/install/arduniobot_msgs/local/lib/python3.10/dist-packages/arduniobot_msgs/srv/__init__.py
-- Installing: /home/anjali/arduinoboot_ws/src/install/arduniobot_msgs/local/lib/python3.10/dist-packages/arduniobot_msgs/srv/_add_two_ints.py
-- Installing: /home/anjali/arduinoboot_ws/src/install/arduniobot_msgs/local/lib/python3.10/dist-packages/arduniobot_msgs/srv/_euler_to_quaternion.py
-- Installing: /home/anjali/arduinoboot_ws/src/install/arduniobot_msgs/local/lib/python3.10/dist-packages/arduniobot_msgs/srv/_add_two_ints_s.c
-- Installing: /home/anjali/arduinoboot_ws/src/install/arduniobot_msgs/local/lib/python3.10/dist-packages/arduniobot_msgs/srv/_quaternion_to_euler_s.c
-- Installing: /home/anjali/arduinoboot_ws/src/install/arduniobot_msgs/local/lib/python3.10/dist-packages/arduniobot_msgs/srv/_quaternion_to_euler.py
-- Installing: /home/anjali/arduinoboot_ws/src/install/arduniobot_msgs/local/lib/python3.10/dist-packages/arduniobot_msgs/srv/_euler_to_quaternion_s.c
-- Installing: /home/anjali/arduinoboot_ws/src/install/arduniobot_msgs/local/lib/python3.10/dist-packages/arduniobot_msgs/arduniobot_msgs_s__rosidl_typesupport_introspection_c.cpython-310-x86_64-linux-gnu.so
-- Installing: /home/anjali/arduinoboot_ws/src/install/arduniobot_msgs/local/lib/python3.10/dist-packages/arduniobot_msgs/_arduniobot_msgs_s.ep.rosidl_typesupport_introspection_c.c
-- Installing: /home/anjali/arduinoboot_ws/src/install/arduniobot_msgs/local/lib/python3.10/dist-packages/arduniobot_msgs/libarduniobot_msgs__rosidl_generator_py.so
Listing '/home/anjali/arduinoboot_ws/src/install/arduniobot_msgs/local/lib/python3.10/dist-packages/arduniobot_msgs'...
Compiling '/home/anjali/arduinoboot_ws/src/install/arduniobot_msgs/local/lib/python3.10/dist-packages/arduniobot_msgs/__init__.py'...
Listing '/home/anjali/arduinoboot_ws/src/install/arduniobot_msgs/local/lib/python3.10/dist-packages/arduniobot_msgs/srv'...
Compiling '/home/anjali/arduinoboot_ws/src/install/arduniobot_msgs/local/lib/python3.10/dist-packages/arduniobot_msgs/srv/__init__.py'...
Compiling '/home/anjali/arduinoboot_ws/src/install/arduniobot_msgs/local/lib/python3.10/dist-packages/arduniobot_msgs/srv/_add_two_ints.py'...
Compiling '/home/anjali/arduinoboot_ws/src/install/arduniobot_msgs/local/lib/python3.10/dist-packages/arduniobot_msgs/srv/_euler_to_quaternion.py'...
Compiling '/home/anjali/arduinoboot_ws/src/install/arduniobot_msgs/local/lib/python3.10/dist-packages/arduniobot_msgs/srv/_quaternion_to_euler.py'...
-- Installing: /home/anjali/arduinoboot_ws/src/install/arduniobot_msgs/local/lib/python3.10/dist-packages/arduniobot_msgs/arduniobot_msgs_s__rosidl_typesupport_fastrtps_c.cpython-310-x86_64-linux-gnu.so
-- Set runtime path of "/home/anjali/arduinoboot_ws/src/install/arduniobot_msgs/local/lib/python3.10/dist-packages/arduniobot_msgs/arduniobot_msgs_s__rosidl_typesupport_fastrtps_c.cpython-310-x86_64-linux-gnu.so" to ""
-- Installing: /home/anjali/arduinoboot_ws/src/install/arduniobot_msgs/local/lib/python3.10/dist-packages/arduniobot_msgs/arduniobot_msgs_s__rosidl_typesupport_introspection_c.cpython-310-x86_64-linux-gnu.so
-- Set runtime path of "/home/anjali/arduinoboot_ws/src/install/arduniobot_msgs/local/lib/python3.10/dist-packages/arduniobot_msgs/arduniobot_msgs_s__rosidl_typesupport_introspection_c.cpython-310-x86_64-linux-gnu.so" to ""
-- Installing: /home/anjali/arduinoboot_ws/src/install/arduniobot_msgs/local/lib/python3.10/dist-packages/arduniobot_msgs/arduniobot_msgs_s__rosidl_typesupport_c.cpython-310-x86_64-linux-gnu.so
-- Set runtime path of "/home/anjali/arduinoboot_ws/src/install/arduniobot_msgs/local/lib/python3.10/dist-packages/arduniobot_msgs/arduniobot_msgs_s__rosidl_typesupport_c.cpython-310-x86_64-linux-gnu.so" to ""
-- Installing: /home/anjali/arduinoboot_ws/src/install/arduniobot_msgs/lib/libarduniobot_msgs__rosidl_generator_py.so
-- Set runtime path of "/home/anjali/arduinoboot_ws/src/install/arduniobot_msgs/lib/libarduniobot_msgs__rosidl_generator_py.so" to ""
-- Installing: /home/anjali/arduinoboot_ws/src/install/arduniobot_msgs/share/arduniobot_msgs/srv/AddTwoInts.idl
-- Installing: /home/anjali/arduinoboot_ws/src/install/arduniobot_msgs/share/arduniobot_msgs/srv/EulerToQuaternion.idl
-- Installing: /home/anjali/arduinoboot_ws/src/install/arduniobot_msgs/share/arduniobot_msgs/srv/QuaternionToEuler.idl
-- Installing: /home/anjali/arduinoboot_ws/src/install/arduniobot_msgs/share/arduniobot_msgs/srv/AddTwoInts.srv
-- Installing: /home/anjali/arduinoboot_ws/src/install/arduniobot_msgs/share/arduniobot_msgs/srv/AddTwoInts_Request.msg
-- Installing: /home/anjali/arduinoboot_ws/src/install/arduniobot_msgs/share/arduniobot_msgs/srv/AddTwoInts_Response.msg
-- Installing: /home/anjali/arduinoboot_ws/src/install/arduniobot_msgs/share/arduniobot_msgs/srv/EulerToQuaternion.srv
-- Installing: /home/anjali/arduinoboot_ws/src/install/arduniobot_msgs/share/arduniobot_msgs/srv/EulerToQuaternion_Request.msg
-- Installing: /home/anjali/arduinoboot_ws/src/install/arduniobot_msgs/share/arduniobot_msgs/srv/EulerToQuaternion_Response.msg
-- Installing: /home/anjali/arduinoboot_ws/src/install/arduniobot_msgs/share/arduniobot_msgs/srv/QuaternionToEuler.srv
-- Installing: /home/anjali/arduinoboot_ws/src/install/arduniobot_msgs/share/arduniobot_msgs/srv/QuaternionToEuler_Request.msg
-- Installing: /home/anjali/arduinoboot_ws/src/install/arduniobot_msgs/share/arduniobot_msgs/srv/QuaternionToEuler_Response.msg
-- Up-to-date: /home/anjali/arduinoboot_ws/src/install/arduniobot_msgs/share/arduniobot_msgs/srv
-- Up-to-date: /home/anjali/arduinoboot_ws/src/install/arduniobot_msgs/share/arduniobot_msgs/srv/EulerToQuaternion.srv
-- Up-to-date: /home/anjali/arduinoboot_ws/src/install/arduniobot_msgs/share/arduniobot_msgs/srv/AddTwoInts.srv
-- Up-to-date: /home/anjali/arduinoboot_ws/src/install/arduniobot_msgs/share/arduniobot_msgs/srv/QuaternionToEuler.srv
-- Installing: /home/anjali/arduinoboot_ws/src/install/arduniobot_msgs/share/ament_index/resource_index/package_run_dependencies/arduniobot_msgs
-- Installing: /home/anjali/arduinoboot_ws/src/install/arduniobot_msgs/share/ament_index/resource_index/parent_prefix_path/arduniobot_msgs
-- Installing: /home/anjali/arduinoboot_ws/src/install/arduniobot_msgs/share/arduniobot_msgs/environment/ament_prefix_path.sh
-- Installing: /home/anjali/arduinoboot_ws/src/install/arduniobot_msgs/share/arduniobot_msgs/environment/ament_prefix_path.dsv
-- Installing: /home/anjali/arduinoboot_ws/src/install/arduniobot_msgs/share/arduniobot_msgs/environment/path.sh
-- Installing: /home/anjali/arduinoboot_ws/src/install/arduniobot_msgs/share/arduniobot_msgs/environment/path.dsv
-- Installing: /home/anjali/arduinoboot_ws/src/install/arduniobot_msgs/share/arduniobot_msgs/local_setup.bash
-- Installing: /home/anjali/arduinoboot_ws/src/install/arduniobot_msgs/share/arduniobot_msgs/local_setup.sh
-- Installing: /home/anjali/arduinoboot_ws/src/install/arduniobot_msgs/share/arduniobot_msgs/local_setup.zsh
-- Installing: /home/anjali/arduinoboot_ws/src/install/arduniobot_msgs/share/arduniobot_msgs/local_setup.dsv
-- Installing: /home/anjali/arduinoboot_ws/src/install/arduniobot_msgs/share/arduniobot_msgs/package.dsv
-- Installing: /home/anjali/arduinoboot_ws/src/install/arduniobot_msgs/share/ament_index/resource_index/packages/arduniobot_msgs
-- Installing: /home/anjali/arduinoboot_ws/src/install/arduniobot_msgs/share/arduniobot_msgs/cmake/export_arduniobot_msgs__rosidl_generator_cExport.cmake
-- Installing: /home/anjali/arduinoboot_ws/src/install/arduniobot_msgs/share/arduniobot_msgs/cmake/export_arduniobot_msgs__rosidl_generator_cExport-noconfig.cmake
-- Installing: /home/anjali/arduinoboot_ws/src/install/arduniobot_msgs/share/arduniobot_msgs/cmake/export_arduniobot_msgs__rosidl_typesupport_fastrtps_cExport.cmake
-- Installing: /home/anjali/arduinoboot_ws/src/install/arduniobot_msgs/share/arduniobot_msgs/cmake/export_arduniobot_msgs__rosidl_typesupport_fastrtps_cExport-noconfig.cmake
-- Installing: /home/anjali/arduinoboot_ws/src/install/arduniobot_msgs/share/arduniobot_msgs/cmake/export_arduniobot_msgs__rosidl_generator_cppExport.cmake
-- Installing: /home/anjali/arduinoboot_ws/src/install/arduniobot_msgs/share/arduniobot_msgs/cmake/export_arduniobot_msgs__rosidl_typesupport_fastrtps_cppExport.cmake
-- Installing: /home/anjali/arduinoboot_ws/src/install/arduniobot_msgs/share/arduniobot_msgs/cmake/export_arduniobot_msgs__rosidl_typesupport_fastrtps_cppExport-noconfig.cmake
-- Installing: /home/anjali/arduinoboot_ws/src/install/arduniobot_msgs/share/arduniobot_msgs/cmake/arduniobot_msgs__rosidl_typesupport_introspection_cExport.cmake
-- Installing: /home/anjali/arduinoboot_ws/src/install/arduniobot_msgs/share/arduniobot_msgs/cmake/arduniobot_msgs__rosidl_typesupport_introspection_cExport-noconfig.cmake
-- Installing: /home/anjali/arduinoboot_ws/src/install/arduniobot_msgs/share/arduniobot_msgs/cmake/arduniobot_msgs__rosidl_typesupport_cExport.cmake
-- Installing: /home/anjali/arduinoboot_ws/src/install/arduniobot_msgs/share/arduniobot_msgs/cmake/arduniobot_msgs__rosidl_typesupport_cExport-noconfig.cmake
-- Installing: /home/anjali/arduinoboot_ws/src/install/arduniobot_msgs/share/arduniobot_msgs/cmake/arduniobot_msgs__rosidl_typesupport_introspection_cppExport.cmake
-- Installing: /home/anjali/arduinoboot_ws/src/install/arduniobot_msgs/share/arduniobot_msgs/cmake/arduniobot_msgs__rosidl_typesupport_introspection_cppExport-noconfig.cmake
-- Installing: /home/anjali/arduinoboot_ws/src/install/arduniobot_msgs/share/arduniobot_msgs/cmake/arduniobot_msgs__rosidl_typesupport_cppExport.cmake
-- Installing: /home/anjali/arduinoboot_ws/src/install/arduniobot_msgs/share/arduniobot_msgs/cmake/arduniobot_msgs__rosidl_typesupport_cppExport-noconfig.cmake
-- Installing: /home/anjali/arduinoboot_ws/src/install/arduniobot_msgs/share/arduniobot_msgs/cmake/export_arduniobot_msgs__rosidl_generator_pyExport.cmake
-- Installing: /home/anjali/arduinoboot_ws/src/install/arduniobot_msgs/share/arduniobot_msgs/cmake/export_arduniobot_msgs__rosidl_generator_pyExport-noconfig.cmake
-- Installing: /home/anjali/arduinoboot_ws/src/install/arduniobot_msgs/share/arduniobot_msgs/cmake/rosidl_cmake-extras.cmake
-- Installing: /home/anjali/arduinoboot_ws/src/install/arduniobot_msgs/share/arduniobot_msgs/cmake/ament_cmake_export_include_directories-extras.cmake
-- Installing: /home/anjali/arduinoboot_ws/src/install/arduniobot_msgs/share/arduniobot_msgs/cmake/ament_cmake_export_libraries-extras.cmake
-- Installing: /home/anjali/arduinoboot_ws/src/install/arduniobot_msgs/share/arduniobot_msgs/cmake/ament_cmake_export_targets-extras.cmake
-- Installing: /home/anjali/arduinoboot_ws/src/install/arduniobot_msgs/share/arduniobot_msgs/cmake/rosidl_cmake_export_typesupport_targets-extras.cmake
-- Installing: /home/anjali/arduinoboot_ws/src/install/arduniobot_msgs/share/arduniobot_msgs/cmake/ament_cmake_export_dependencies-extras.cmake
-- Installing: /home/anjali/arduinoboot_ws/src/install/arduniobot_msgs/share/arduniobot_msgs/cmake/rosidl_cmake_export_typesupport_libraries-extras.cmake
-- Installing: /home/anjali/arduinoboot_ws/src/install/arduniobot_msgs/share/arduniobot_msgs/cmake/arduniobot_msgsConfig.cmake
-- Installing: /home/anjali/arduinoboot_ws/src/install/arduniobot_msgs/share/arduniobot_msgs/cmake/arduniobot_msgsConfig-version.cmake
-- Installing: /home/anjali/arduinoboot_ws/src/install/arduniobot_msgs/share/arduniobot_msgs/package.xml
