[0.020s] Invoking command in '/home/anjali/arduinoboot_ws/src/build/arduniobot_msgs': CMAKE_PREFIX_PATH=${CMAKE_PREFIX_PATH}:/home/anjali/arduinoboot_ws/install/arduinoboot_py_examples:/opt/ros/humble /usr/bin/cmake /home/anjali/arduinoboot_ws/src/arduniobot_msgs -DCMAKE_INSTALL_PREFIX=/home/anjali/arduinoboot_ws/src/install/arduniobot_msgs
[0.255s] -- The C compiler identification is GNU 11.4.0
[0.255s] -- The CXX compiler identification is GNU 11.4.0
[0.255s] -- Detecting C compiler ABI info
[0.263s] -- Detecting C compiler ABI info - done
[0.268s] -- Check for working C compiler: /usr/bin/cc - skipped
[0.269s] -- Detecting C compile features
[0.269s] -- Detecting C compile features - done
[0.273s] -- Detecting CXX compiler ABI info
[0.360s] -- Detecting CXX compiler ABI info - done
[0.368s] -- Check for working CXX compiler: /usr/bin/c++ - skipped
[0.368s] -- Detecting CXX compile features
[0.368s] -- Detecting CXX compile features - done
[0.377s] -- Found ament_cmake: 1.3.9 (/opt/ros/humble/share/ament_cmake/cmake)
[0.993s] -- Found Python3: /usr/bin/python3 (found version "3.10.12") found components: Interpreter 
[1.088s] -- Found std_msgs: 4.2.4 (/opt/ros/humble/share/std_msgs/cmake)
[1.134s] -- Found rosidl_generator_c: 3.1.5 (/opt/ros/humble/share/rosidl_generator_c/cmake)
[1.143s] -- Found rosidl_adapter: 3.1.5 (/opt/ros/humble/share/rosidl_adapter/cmake)
[1.154s] -- Found rosidl_generator_cpp: 3.1.5 (/opt/ros/humble/share/rosidl_generator_cpp/cmake)
[1.174s] -- Using all available rosidl_typesupport_c: rosidl_typesupport_fastrtps_c;rosidl_typesupport_introspection_c
[1.201s] -- Using all available rosidl_typesupport_cpp: rosidl_typesupport_fastrtps_cpp;rosidl_typesupport_introspection_cpp
[1.270s] -- Found rosidl_default_generators: 1.2.0 (/opt/ros/humble/share/rosidl_default_generators/cmake)
[1.507s] -- Found ament_cmake_ros: 0.10.0 (/opt/ros/humble/share/ament_cmake_ros/cmake)
[1.736s] -- Using all available rosidl_typesupport_c: rosidl_typesupport_fastrtps_c;rosidl_typesupport_introspection_c
[1.813s] -- Using all available rosidl_typesupport_cpp: rosidl_typesupport_fastrtps_cpp;rosidl_typesupport_introspection_cpp
[1.828s] -- Found PythonInterp: /usr/bin/python3 (found suitable version "3.10.12", minimum required is "3.6") 
[1.830s] -- Found python_cmake_module: 0.10.0 (/opt/ros/humble/share/python_cmake_module/cmake)
[1.850s] -- Found PythonLibs: /usr/lib/x86_64-linux-gnu/libpython3.10.so (found suitable version "3.10.12", minimum required is "3.5") 
[1.850s] -- Using PYTHON_EXECUTABLE: /usr/bin/python3
[1.850s] -- Using PYTHON_INCLUDE_DIRS: /usr/include/python3.10
[1.850s] -- Using PYTHON_LIBRARIES: /usr/lib/x86_64-linux-gnu/libpython3.10.so
[1.864s] -- Found PythonExtra: .so  
[1.893s] -- Configuring done
[1.921s] -- Generating done
[1.922s] -- Build files have been written to: /home/anjali/arduinoboot_ws/src/build/arduniobot_msgs
[1.928s] Invoked command in '/home/anjali/arduinoboot_ws/src/build/arduniobot_msgs' returned '0': CMAKE_PREFIX_PATH=${CMAKE_PREFIX_PATH}:/home/anjali/arduinoboot_ws/install/arduinoboot_py_examples:/opt/ros/humble /usr/bin/cmake /home/anjali/arduinoboot_ws/src/arduniobot_msgs -DCMAKE_INSTALL_PREFIX=/home/anjali/arduinoboot_ws/src/install/arduniobot_msgs
[1.929s] Invoking command in '/home/anjali/arduinoboot_ws/src/build/arduniobot_msgs': CMAKE_PREFIX_PATH=${CMAKE_PREFIX_PATH}:/home/anjali/arduinoboot_ws/install/arduinoboot_py_examples:/opt/ros/humble /usr/bin/cmake --build /home/anjali/arduinoboot_ws/src/build/arduniobot_msgs -- -j16 -l16
[1.957s] [  2%] [34m[1mGenerating C code for ROS interfaces[0m
[1.964s] [  4%] [34m[1mGenerating C++ code for ROS interfaces[0m
[1.971s] [  4%] Built target ament_cmake_python_copy_arduniobot_msgs
[2.203s] running egg_info
[2.203s] creating arduniobot_msgs.egg-info
[2.211s] writing arduniobot_msgs.egg-info/PKG-INFO
[2.212s] writing dependency_links to arduniobot_msgs.egg-info/dependency_links.txt
[2.212s] writing top-level names to arduniobot_msgs.egg-info/top_level.txt
[2.212s] writing manifest file 'arduniobot_msgs.egg-info/SOURCES.txt'
[2.236s] reading manifest file 'arduniobot_msgs.egg-info/SOURCES.txt'
[2.236s] writing manifest file 'arduniobot_msgs.egg-info/SOURCES.txt'
[2.275s] [  4%] Built target arduniobot_msgs__cpp
[2.285s] [  6%] [34m[1mGenerating C++ type support dispatch for ROS interfaces[0m
[2.288s] [ 10%] [34m[1mGenerating C++ introspection for ROS interfaces[0m
[2.288s] [ 10%] [34m[1mGenerating C++ type support for eProsima Fast-RTPS[0m
[2.298s] [ 10%] Built target ament_cmake_python_build_arduniobot_msgs_egg
[2.350s] [ 12%] [32mBuilding C object CMakeFiles/arduniobot_msgs__rosidl_generator_c.dir/rosidl_generator_c/arduniobot_msgs/srv/detail/add_two_ints__functions.c.o[0m
[2.352s] [ 17%] [32mBuilding C object CMakeFiles/arduniobot_msgs__rosidl_generator_c.dir/rosidl_generator_c/arduniobot_msgs/srv/detail/euler_to_quaternion__functions.c.o[0m
[2.352s] [ 17%] [32mBuilding C object CMakeFiles/arduniobot_msgs__rosidl_generator_c.dir/rosidl_generator_c/arduniobot_msgs/srv/detail/quaternion_to_euler__functions.c.o[0m
[2.405s] [ 19%] [32m[1mLinking C shared library libarduniobot_msgs__rosidl_generator_c.so[0m
[2.433s] [ 19%] Built target arduniobot_msgs__rosidl_generator_c
[2.442s] [ 23%] [34m[1mGenerating C introspection for ROS interfaces[0m
[2.442s] [ 23%] [34m[1mGenerating C type support for eProsima Fast-RTPS[0m
[2.444s] [ 25%] [34m[1mGenerating C type support dispatch for ROS interfaces[0m
[2.557s] [ 29%] [32mBuilding CXX object CMakeFiles/arduniobot_msgs__rosidl_typesupport_cpp.dir/rosidl_typesupport_cpp/arduniobot_msgs/srv/euler_to_quaternion__type_support.cpp.o[0m
[2.557s] [ 29%] [32mBuilding CXX object CMakeFiles/arduniobot_msgs__rosidl_typesupport_cpp.dir/rosidl_typesupport_cpp/arduniobot_msgs/srv/add_two_ints__type_support.cpp.o[0m
[2.559s] [ 31%] [32mBuilding CXX object CMakeFiles/arduniobot_msgs__rosidl_typesupport_cpp.dir/rosidl_typesupport_cpp/arduniobot_msgs/srv/quaternion_to_euler__type_support.cpp.o[0m
[2.633s] [ 34%] [32mBuilding CXX object CMakeFiles/arduniobot_msgs__rosidl_typesupport_introspection_cpp.dir/rosidl_typesupport_introspection_cpp/arduniobot_msgs/srv/detail/add_two_ints__type_support.cpp.o[0m
[2.637s] [ 38%] [32mBuilding CXX object CMakeFiles/arduniobot_msgs__rosidl_typesupport_introspection_cpp.dir/rosidl_typesupport_introspection_cpp/arduniobot_msgs/srv/detail/euler_to_quaternion__type_support.cpp.o[0m
[2.637s] [ 38%] [32mBuilding CXX object CMakeFiles/arduniobot_msgs__rosidl_typesupport_introspection_cpp.dir/rosidl_typesupport_introspection_cpp/arduniobot_msgs/srv/detail/quaternion_to_euler__type_support.cpp.o[0m
[2.795s] [ 40%] [32mBuilding C object CMakeFiles/arduniobot_msgs__rosidl_typesupport_introspection_c.dir/rosidl_typesupport_introspection_c/arduniobot_msgs/srv/detail/add_two_ints__type_support.c.o[0m
[2.806s] [ 42%] [32mBuilding C object CMakeFiles/arduniobot_msgs__rosidl_typesupport_introspection_c.dir/rosidl_typesupport_introspection_c/arduniobot_msgs/srv/detail/quaternion_to_euler__type_support.c.o[0m
[2.807s] [ 44%] [32mBuilding C object CMakeFiles/arduniobot_msgs__rosidl_typesupport_introspection_c.dir/rosidl_typesupport_introspection_c/arduniobot_msgs/srv/detail/euler_to_quaternion__type_support.c.o[0m
[2.838s] [ 48%] [32mBuilding CXX object CMakeFiles/arduniobot_msgs__rosidl_typesupport_fastrtps_cpp.dir/rosidl_typesupport_fastrtps_cpp/arduniobot_msgs/srv/detail/dds_fastrtps/quaternion_to_euler__type_support.cpp.o[0m
[2.838s] [ 48%] [32mBuilding CXX object CMakeFiles/arduniobot_msgs__rosidl_typesupport_fastrtps_cpp.dir/rosidl_typesupport_fastrtps_cpp/arduniobot_msgs/srv/detail/dds_fastrtps/add_two_ints__type_support.cpp.o[0m
[2.838s] [ 51%] [32mBuilding CXX object CMakeFiles/arduniobot_msgs__rosidl_typesupport_fastrtps_cpp.dir/rosidl_typesupport_fastrtps_cpp/arduniobot_msgs/srv/detail/dds_fastrtps/euler_to_quaternion__type_support.cpp.o[0m
[2.867s] [ 53%] [32m[1mLinking C shared library libarduniobot_msgs__rosidl_typesupport_introspection_c.so[0m
[2.872s] [ 59%] [32mBuilding CXX object CMakeFiles/arduniobot_msgs__rosidl_typesupport_fastrtps_c.dir/rosidl_typesupport_fastrtps_c/arduniobot_msgs/srv/detail/quaternion_to_euler__type_support_c.cpp.o[0m
[2.874s] [ 59%] [32mBuilding CXX object CMakeFiles/arduniobot_msgs__rosidl_typesupport_fastrtps_c.dir/rosidl_typesupport_fastrtps_c/arduniobot_msgs/srv/detail/euler_to_quaternion__type_support_c.cpp.o[0m
[2.875s] [ 59%] [32mBuilding CXX object CMakeFiles/arduniobot_msgs__rosidl_typesupport_fastrtps_c.dir/rosidl_typesupport_fastrtps_c/arduniobot_msgs/srv/detail/add_two_ints__type_support_c.cpp.o[0m
[2.919s] [ 63%] [32mBuilding CXX object CMakeFiles/arduniobot_msgs__rosidl_typesupport_c.dir/rosidl_typesupport_c/arduniobot_msgs/srv/add_two_ints__type_support.cpp.o[0m
[2.920s] [ 63%] [32mBuilding CXX object CMakeFiles/arduniobot_msgs__rosidl_typesupport_c.dir/rosidl_typesupport_c/arduniobot_msgs/srv/euler_to_quaternion__type_support.cpp.o[0m
[2.926s] [ 65%] [32mBuilding CXX object CMakeFiles/arduniobot_msgs__rosidl_typesupport_c.dir/rosidl_typesupport_c/arduniobot_msgs/srv/quaternion_to_euler__type_support.cpp.o[0m
[2.930s] [ 65%] Built target arduniobot_msgs__rosidl_typesupport_introspection_c
[2.978s] [ 68%] [32m[1mLinking CXX shared library libarduniobot_msgs__rosidl_typesupport_cpp.so[0m
[2.983s] [ 70%] [32m[1mLinking CXX shared library libarduniobot_msgs__rosidl_typesupport_c.so[0m
[3.059s] [ 70%] Built target arduniobot_msgs__rosidl_typesupport_cpp
[3.059s] [ 70%] Built target arduniobot_msgs__rosidl_typesupport_c
[3.240s] [ 72%] [32m[1mLinking CXX shared library libarduniobot_msgs__rosidl_typesupport_introspection_cpp.so[0m
[3.278s] [ 72%] Built target arduniobot_msgs__rosidl_typesupport_introspection_cpp
[3.316s] [ 74%] [32m[1mLinking CXX shared library libarduniobot_msgs__rosidl_typesupport_fastrtps_c.so[0m
[3.343s] [ 76%] [32m[1mLinking CXX shared library libarduniobot_msgs__rosidl_typesupport_fastrtps_cpp.so[0m
[3.378s] [ 76%] Built target arduniobot_msgs__rosidl_typesupport_fastrtps_c
[3.400s] [ 76%] Built target arduniobot_msgs__rosidl_typesupport_fastrtps_cpp
[3.413s] [ 76%] Built target arduniobot_msgs
[3.426s] [ 78%] [34m[1mGenerating Python code for ROS interfaces[0m
[3.829s] [ 78%] Built target arduniobot_msgs__py
[3.844s] [ 85%] [32mBuilding C object CMakeFiles/arduniobot_msgs__rosidl_generator_py.dir/rosidl_generator_py/arduniobot_msgs/srv/_add_two_ints_s.c.o[0m
[3.844s] [ 85%] [32mBuilding C object CMakeFiles/arduniobot_msgs__rosidl_generator_py.dir/rosidl_generator_py/arduniobot_msgs/srv/_quaternion_to_euler_s.c.o[0m
[3.844s] [ 85%] [32mBuilding C object CMakeFiles/arduniobot_msgs__rosidl_generator_py.dir/rosidl_generator_py/arduniobot_msgs/srv/_euler_to_quaternion_s.c.o[0m
[3.949s] [ 87%] [32m[1mLinking C shared library rosidl_generator_py/arduniobot_msgs/libarduniobot_msgs__rosidl_generator_py.so[0m
[3.976s] [ 87%] Built target arduniobot_msgs__rosidl_generator_py
[3.992s] [ 93%] [32mBuilding C object CMakeFiles/arduniobot_msgs__rosidl_typesupport_fastrtps_c__pyext.dir/rosidl_generator_py/arduniobot_msgs/_arduniobot_msgs_s.ep.rosidl_typesupport_fastrtps_c.c.o[0m
[3.992s] [ 93%] [32mBuilding C object CMakeFiles/arduniobot_msgs__rosidl_typesupport_introspection_c__pyext.dir/rosidl_generator_py/arduniobot_msgs/_arduniobot_msgs_s.ep.rosidl_typesupport_introspection_c.c.o[0m
[3.992s] [ 93%] [32mBuilding C object CMakeFiles/arduniobot_msgs__rosidl_typesupport_c__pyext.dir/rosidl_generator_py/arduniobot_msgs/_arduniobot_msgs_s.ep.rosidl_typesupport_c.c.o[0m
[4.070s] [100%] [32m[1mLinking C shared library rosidl_generator_py/arduniobot_msgs/arduniobot_msgs_s__rosidl_typesupport_fastrtps_c.cpython-310-x86_64-linux-gnu.so[0m
[4.070s] [100%] [32m[1mLinking C shared library rosidl_generator_py/arduniobot_msgs/arduniobot_msgs_s__rosidl_typesupport_c.cpython-310-x86_64-linux-gnu.so[0m
[4.070s] [100%] [32m[1mLinking C shared library rosidl_generator_py/arduniobot_msgs/arduniobot_msgs_s__rosidl_typesupport_introspection_c.cpython-310-x86_64-linux-gnu.so[0m
[4.096s] [100%] Built target arduniobot_msgs__rosidl_typesupport_c__pyext
[4.097s] [100%] Built target arduniobot_msgs__rosidl_typesupport_fastrtps_c__pyext
[4.097s] [100%] Built target arduniobot_msgs__rosidl_typesupport_introspection_c__pyext
[4.106s] Invoked command in '/home/anjali/arduinoboot_ws/src/build/arduniobot_msgs' returned '0': CMAKE_PREFIX_PATH=${CMAKE_PREFIX_PATH}:/home/anjali/arduinoboot_ws/install/arduinoboot_py_examples:/opt/ros/humble /usr/bin/cmake --build /home/anjali/arduinoboot_ws/src/build/arduniobot_msgs -- -j16 -l16
[4.160s] Invoking command in '/home/anjali/arduinoboot_ws/src/build/arduniobot_msgs': CMAKE_PREFIX_PATH=${CMAKE_PREFIX_PATH}:/home/anjali/arduinoboot_ws/install/arduinoboot_py_examples:/opt/ros/humble /usr/bin/cmake --install /home/anjali/arduinoboot_ws/src/build/arduniobot_msgs
[4.166s] -- Install configuration: ""
[4.166s] -- Installing: /home/anjali/arduinoboot_ws/src/install/arduniobot_msgs/share/ament_index/resource_index/rosidl_interfaces/arduniobot_msgs
[4.166s] -- Installing: /home/anjali/arduinoboot_ws/src/install/arduniobot_msgs/include/arduniobot_msgs/arduniobot_msgs
[4.166s] -- Installing: /home/anjali/arduinoboot_ws/src/install/arduniobot_msgs/include/arduniobot_msgs/arduniobot_msgs/msg
[4.166s] -- Installing: /home/anjali/arduinoboot_ws/src/install/arduniobot_msgs/include/arduniobot_msgs/arduniobot_msgs/msg/rosidl_generator_c__visibility_control.h
[4.166s] -- Installing: /home/anjali/arduinoboot_ws/src/install/arduniobot_msgs/include/arduniobot_msgs/arduniobot_msgs/srv
[4.167s] -- Installing: /home/anjali/arduinoboot_ws/src/install/arduniobot_msgs/include/arduniobot_msgs/arduniobot_msgs/srv/detail
[4.167s] -- Installing: /home/anjali/arduinoboot_ws/src/install/arduniobot_msgs/include/arduniobot_msgs/arduniobot_msgs/srv/detail/euler_to_quaternion__functions.c
[4.167s] -- Installing: /home/anjali/arduinoboot_ws/src/install/arduniobot_msgs/include/arduniobot_msgs/arduniobot_msgs/srv/detail/euler_to_quaternion__type_support.h
[4.167s] -- Installing: /home/anjali/arduinoboot_ws/src/install/arduniobot_msgs/include/arduniobot_msgs/arduniobot_msgs/srv/detail/add_two_ints__type_support.h
[4.167s] -- Installing: /home/anjali/arduinoboot_ws/src/install/arduniobot_msgs/include/arduniobot_msgs/arduniobot_msgs/srv/detail/quaternion_to_euler__struct.h
[4.167s] -- Installing: /home/anjali/arduinoboot_ws/src/install/arduniobot_msgs/include/arduniobot_msgs/arduniobot_msgs/srv/detail/add_two_ints__struct.h
[4.167s] -- Installing: /home/anjali/arduinoboot_ws/src/install/arduniobot_msgs/include/arduniobot_msgs/arduniobot_msgs/srv/detail/euler_to_quaternion__functions.h
[4.167s] -- Installing: /home/anjali/arduinoboot_ws/src/install/arduniobot_msgs/include/arduniobot_msgs/arduniobot_msgs/srv/detail/quaternion_to_euler__functions.h
[4.167s] -- Installing: /home/anjali/arduinoboot_ws/src/install/arduniobot_msgs/include/arduniobot_msgs/arduniobot_msgs/srv/detail/euler_to_quaternion__struct.h
[4.168s] -- Installing: /home/anjali/arduinoboot_ws/src/install/arduniobot_msgs/include/arduniobot_msgs/arduniobot_msgs/srv/detail/add_two_ints__functions.c
[4.168s] -- Installing: /home/anjali/arduinoboot_ws/src/install/arduniobot_msgs/include/arduniobot_msgs/arduniobot_msgs/srv/detail/quaternion_to_euler__functions.c
[4.168s] -- Installing: /home/anjali/arduinoboot_ws/src/install/arduniobot_msgs/include/arduniobot_msgs/arduniobot_msgs/srv/detail/add_two_ints__functions.h
[4.168s] -- Installing: /home/anjali/arduinoboot_ws/src/install/arduniobot_msgs/include/arduniobot_msgs/arduniobot_msgs/srv/detail/quaternion_to_euler__type_support.h
[4.168s] -- Installing: /home/anjali/arduinoboot_ws/src/install/arduniobot_msgs/include/arduniobot_msgs/arduniobot_msgs/srv/euler_to_quaternion.h
[4.168s] -- Installing: /home/anjali/arduinoboot_ws/src/install/arduniobot_msgs/include/arduniobot_msgs/arduniobot_msgs/srv/add_two_ints.h
[4.168s] -- Installing: /home/anjali/arduinoboot_ws/src/install/arduniobot_msgs/include/arduniobot_msgs/arduniobot_msgs/srv/quaternion_to_euler.h
[4.169s] -- Installing: /home/anjali/arduinoboot_ws/src/install/arduniobot_msgs/share/arduniobot_msgs/environment/library_path.sh
[4.169s] -- Installing: /home/anjali/arduinoboot_ws/src/install/arduniobot_msgs/share/arduniobot_msgs/environment/library_path.dsv
[4.169s] -- Installing: /home/anjali/arduinoboot_ws/src/install/arduniobot_msgs/lib/libarduniobot_msgs__rosidl_generator_c.so
[4.169s] -- Set runtime path of "/home/anjali/arduinoboot_ws/src/install/arduniobot_msgs/lib/libarduniobot_msgs__rosidl_generator_c.so" to ""
[4.169s] -- Up-to-date: /home/anjali/arduinoboot_ws/src/install/arduniobot_msgs/include/arduniobot_msgs/arduniobot_msgs
[4.169s] -- Up-to-date: /home/anjali/arduinoboot_ws/src/install/arduniobot_msgs/include/arduniobot_msgs/arduniobot_msgs/msg
[4.169s] -- Installing: /home/anjali/arduinoboot_ws/src/install/arduniobot_msgs/include/arduniobot_msgs/arduniobot_msgs/msg/rosidl_typesupport_fastrtps_c__visibility_control.h
[4.169s] -- Up-to-date: /home/anjali/arduinoboot_ws/src/install/arduniobot_msgs/include/arduniobot_msgs/arduniobot_msgs/srv
[4.169s] -- Up-to-date: /home/anjali/arduinoboot_ws/src/install/arduniobot_msgs/include/arduniobot_msgs/arduniobot_msgs/srv/detail
[4.169s] -- Installing: /home/anjali/arduinoboot_ws/src/install/arduniobot_msgs/include/arduniobot_msgs/arduniobot_msgs/srv/detail/euler_to_quaternion__rosidl_typesupport_fastrtps_c.h
[4.169s] -- Installing: /home/anjali/arduinoboot_ws/src/install/arduniobot_msgs/include/arduniobot_msgs/arduniobot_msgs/srv/detail/add_two_ints__rosidl_typesupport_fastrtps_c.h
[4.169s] -- Installing: /home/anjali/arduinoboot_ws/src/install/arduniobot_msgs/include/arduniobot_msgs/arduniobot_msgs/srv/detail/quaternion_to_euler__rosidl_typesupport_fastrtps_c.h
[4.169s] -- Installing: /home/anjali/arduinoboot_ws/src/install/arduniobot_msgs/lib/libarduniobot_msgs__rosidl_typesupport_fastrtps_c.so
[4.169s] -- Set runtime path of "/home/anjali/arduinoboot_ws/src/install/arduniobot_msgs/lib/libarduniobot_msgs__rosidl_typesupport_fastrtps_c.so" to ""
[4.169s] -- Up-to-date: /home/anjali/arduinoboot_ws/src/install/arduniobot_msgs/include/arduniobot_msgs/arduniobot_msgs
[4.169s] -- Up-to-date: /home/anjali/arduinoboot_ws/src/install/arduniobot_msgs/include/arduniobot_msgs/arduniobot_msgs/srv
[4.169s] -- Up-to-date: /home/anjali/arduinoboot_ws/src/install/arduniobot_msgs/include/arduniobot_msgs/arduniobot_msgs/srv/detail
[4.169s] -- Installing: /home/anjali/arduinoboot_ws/src/install/arduniobot_msgs/include/arduniobot_msgs/arduniobot_msgs/srv/detail/quaternion_to_euler__traits.hpp
[4.169s] -- Installing: /home/anjali/arduinoboot_ws/src/install/arduniobot_msgs/include/arduniobot_msgs/arduniobot_msgs/srv/detail/euler_to_quaternion__struct.hpp
[4.170s] -- Installing: /home/anjali/arduinoboot_ws/src/install/arduniobot_msgs/include/arduniobot_msgs/arduniobot_msgs/srv/detail/add_two_ints__struct.hpp
[4.170s] -- Installing: /home/anjali/arduinoboot_ws/src/install/arduniobot_msgs/include/arduniobot_msgs/arduniobot_msgs/srv/detail/quaternion_to_euler__builder.hpp
[4.170s] -- Installing: /home/anjali/arduinoboot_ws/src/install/arduniobot_msgs/include/arduniobot_msgs/arduniobot_msgs/srv/detail/euler_to_quaternion__traits.hpp
[4.170s] -- Installing: /home/anjali/arduinoboot_ws/src/install/arduniobot_msgs/include/arduniobot_msgs/arduniobot_msgs/srv/detail/quaternion_to_euler__struct.hpp
[4.170s] -- Installing: /home/anjali/arduinoboot_ws/src/install/arduniobot_msgs/include/arduniobot_msgs/arduniobot_msgs/srv/detail/euler_to_quaternion__builder.hpp
[4.170s] -- Installing: /home/anjali/arduinoboot_ws/src/install/arduniobot_msgs/include/arduniobot_msgs/arduniobot_msgs/srv/detail/add_two_ints__traits.hpp
[4.170s] -- Installing: /home/anjali/arduinoboot_ws/src/install/arduniobot_msgs/include/arduniobot_msgs/arduniobot_msgs/srv/detail/add_two_ints__builder.hpp
[4.170s] -- Installing: /home/anjali/arduinoboot_ws/src/install/arduniobot_msgs/include/arduniobot_msgs/arduniobot_msgs/srv/quaternion_to_euler.hpp
[4.170s] -- Installing: /home/anjali/arduinoboot_ws/src/install/arduniobot_msgs/include/arduniobot_msgs/arduniobot_msgs/srv/add_two_ints.hpp
[4.170s] -- Installing: /home/anjali/arduinoboot_ws/src/install/arduniobot_msgs/include/arduniobot_msgs/arduniobot_msgs/srv/euler_to_quaternion.hpp
[4.170s] -- Up-to-date: /home/anjali/arduinoboot_ws/src/install/arduniobot_msgs/include/arduniobot_msgs/arduniobot_msgs
[4.170s] -- Up-to-date: /home/anjali/arduinoboot_ws/src/install/arduniobot_msgs/include/arduniobot_msgs/arduniobot_msgs/msg
[4.171s] -- Installing: /home/anjali/arduinoboot_ws/src/install/arduniobot_msgs/include/arduniobot_msgs/arduniobot_msgs/msg/rosidl_typesupport_fastrtps_cpp__visibility_control.h
[4.171s] -- Up-to-date: /home/anjali/arduinoboot_ws/src/install/arduniobot_msgs/include/arduniobot_msgs/arduniobot_msgs/srv
[4.171s] -- Up-to-date: /home/anjali/arduinoboot_ws/src/install/arduniobot_msgs/include/arduniobot_msgs/arduniobot_msgs/srv/detail
[4.171s] -- Installing: /home/anjali/arduinoboot_ws/src/install/arduniobot_msgs/include/arduniobot_msgs/arduniobot_msgs/srv/detail/quaternion_to_euler__rosidl_typesupport_fastrtps_cpp.hpp
[4.171s] -- Installing: /home/anjali/arduinoboot_ws/src/install/arduniobot_msgs/include/arduniobot_msgs/arduniobot_msgs/srv/detail/dds_fastrtps
[4.171s] -- Installing: /home/anjali/arduinoboot_ws/src/install/arduniobot_msgs/include/arduniobot_msgs/arduniobot_msgs/srv/detail/euler_to_quaternion__rosidl_typesupport_fastrtps_cpp.hpp
[4.171s] -- Installing: /home/anjali/arduinoboot_ws/src/install/arduniobot_msgs/include/arduniobot_msgs/arduniobot_msgs/srv/detail/add_two_ints__rosidl_typesupport_fastrtps_cpp.hpp
[4.171s] -- Installing: /home/anjali/arduinoboot_ws/src/install/arduniobot_msgs/lib/libarduniobot_msgs__rosidl_typesupport_fastrtps_cpp.so
[4.171s] -- Set runtime path of "/home/anjali/arduinoboot_ws/src/install/arduniobot_msgs/lib/libarduniobot_msgs__rosidl_typesupport_fastrtps_cpp.so" to ""
[4.171s] -- Up-to-date: /home/anjali/arduinoboot_ws/src/install/arduniobot_msgs/include/arduniobot_msgs/arduniobot_msgs
[4.171s] -- Up-to-date: /home/anjali/arduinoboot_ws/src/install/arduniobot_msgs/include/arduniobot_msgs/arduniobot_msgs/msg
[4.171s] -- Installing: /home/anjali/arduinoboot_ws/src/install/arduniobot_msgs/include/arduniobot_msgs/arduniobot_msgs/msg/rosidl_typesupport_introspection_c__visibility_control.h
[4.171s] -- Up-to-date: /home/anjali/arduinoboot_ws/src/install/arduniobot_msgs/include/arduniobot_msgs/arduniobot_msgs/srv
[4.172s] -- Up-to-date: /home/anjali/arduinoboot_ws/src/install/arduniobot_msgs/include/arduniobot_msgs/arduniobot_msgs/srv/detail
[4.172s] -- Installing: /home/anjali/arduinoboot_ws/src/install/arduniobot_msgs/include/arduniobot_msgs/arduniobot_msgs/srv/detail/euler_to_quaternion__rosidl_typesupport_introspection_c.h
[4.172s] -- Installing: /home/anjali/arduinoboot_ws/src/install/arduniobot_msgs/include/arduniobot_msgs/arduniobot_msgs/srv/detail/quaternion_to_euler__type_support.c
[4.172s] -- Installing: /home/anjali/arduinoboot_ws/src/install/arduniobot_msgs/include/arduniobot_msgs/arduniobot_msgs/srv/detail/add_two_ints__rosidl_typesupport_introspection_c.h
[4.172s] -- Installing: /home/anjali/arduinoboot_ws/src/install/arduniobot_msgs/include/arduniobot_msgs/arduniobot_msgs/srv/detail/quaternion_to_euler__rosidl_typesupport_introspection_c.h
[4.172s] -- Installing: /home/anjali/arduinoboot_ws/src/install/arduniobot_msgs/include/arduniobot_msgs/arduniobot_msgs/srv/detail/add_two_ints__type_support.c
[4.172s] -- Installing: /home/anjali/arduinoboot_ws/src/install/arduniobot_msgs/include/arduniobot_msgs/arduniobot_msgs/srv/detail/euler_to_quaternion__type_support.c
[4.172s] -- Installing: /home/anjali/arduinoboot_ws/src/install/arduniobot_msgs/lib/libarduniobot_msgs__rosidl_typesupport_introspection_c.so
[4.172s] -- Set runtime path of "/home/anjali/arduinoboot_ws/src/install/arduniobot_msgs/lib/libarduniobot_msgs__rosidl_typesupport_introspection_c.so" to ""
[4.172s] -- Installing: /home/anjali/arduinoboot_ws/src/install/arduniobot_msgs/lib/libarduniobot_msgs__rosidl_typesupport_c.so
[4.172s] -- Set runtime path of "/home/anjali/arduinoboot_ws/src/install/arduniobot_msgs/lib/libarduniobot_msgs__rosidl_typesupport_c.so" to ""
[4.172s] -- Up-to-date: /home/anjali/arduinoboot_ws/src/install/arduniobot_msgs/include/arduniobot_msgs/arduniobot_msgs
[4.172s] -- Up-to-date: /home/anjali/arduinoboot_ws/src/install/arduniobot_msgs/include/arduniobot_msgs/arduniobot_msgs/srv
[4.173s] -- Up-to-date: /home/anjali/arduinoboot_ws/src/install/arduniobot_msgs/include/arduniobot_msgs/arduniobot_msgs/srv/detail
[4.173s] -- Installing: /home/anjali/arduinoboot_ws/src/install/arduniobot_msgs/include/arduniobot_msgs/arduniobot_msgs/srv/detail/add_two_ints__type_support.cpp
[4.173s] -- Installing: /home/anjali/arduinoboot_ws/src/install/arduniobot_msgs/include/arduniobot_msgs/arduniobot_msgs/srv/detail/quaternion_to_euler__type_support.cpp
[4.173s] -- Installing: /home/anjali/arduinoboot_ws/src/install/arduniobot_msgs/include/arduniobot_msgs/arduniobot_msgs/srv/detail/euler_to_quaternion__rosidl_typesupport_introspection_cpp.hpp
[4.173s] -- Installing: /home/anjali/arduinoboot_ws/src/install/arduniobot_msgs/include/arduniobot_msgs/arduniobot_msgs/srv/detail/euler_to_quaternion__type_support.cpp
[4.173s] -- Installing: /home/anjali/arduinoboot_ws/src/install/arduniobot_msgs/include/arduniobot_msgs/arduniobot_msgs/srv/detail/quaternion_to_euler__rosidl_typesupport_introspection_cpp.hpp
[4.173s] -- Installing: /home/anjali/arduinoboot_ws/src/install/arduniobot_msgs/include/arduniobot_msgs/arduniobot_msgs/srv/detail/add_two_ints__rosidl_typesupport_introspection_cpp.hpp
[4.173s] -- Installing: /home/anjali/arduinoboot_ws/src/install/arduniobot_msgs/lib/libarduniobot_msgs__rosidl_typesupport_introspection_cpp.so
[4.173s] -- Set runtime path of "/home/anjali/arduinoboot_ws/src/install/arduniobot_msgs/lib/libarduniobot_msgs__rosidl_typesupport_introspection_cpp.so" to ""
[4.173s] -- Installing: /home/anjali/arduinoboot_ws/src/install/arduniobot_msgs/lib/libarduniobot_msgs__rosidl_typesupport_cpp.so
[4.173s] -- Set runtime path of "/home/anjali/arduinoboot_ws/src/install/arduniobot_msgs/lib/libarduniobot_msgs__rosidl_typesupport_cpp.so" to ""
[4.173s] -- Installing: /home/anjali/arduinoboot_ws/src/install/arduniobot_msgs/share/arduniobot_msgs/environment/pythonpath.sh
[4.173s] -- Installing: /home/anjali/arduinoboot_ws/src/install/arduniobot_msgs/share/arduniobot_msgs/environment/pythonpath.dsv
[4.173s] -- Installing: /home/anjali/arduinoboot_ws/src/install/arduniobot_msgs/local/lib/python3.10/dist-packages/arduniobot_msgs-0.0.0-py3.10.egg-info
[4.173s] -- Installing: /home/anjali/arduinoboot_ws/src/install/arduniobot_msgs/local/lib/python3.10/dist-packages/arduniobot_msgs-0.0.0-py3.10.egg-info/dependency_links.txt
[4.173s] -- Installing: /home/anjali/arduinoboot_ws/src/install/arduniobot_msgs/local/lib/python3.10/dist-packages/arduniobot_msgs-0.0.0-py3.10.egg-info/SOURCES.txt
[4.173s] -- Installing: /home/anjali/arduinoboot_ws/src/install/arduniobot_msgs/local/lib/python3.10/dist-packages/arduniobot_msgs-0.0.0-py3.10.egg-info/top_level.txt
[4.173s] -- Installing: /home/anjali/arduinoboot_ws/src/install/arduniobot_msgs/local/lib/python3.10/dist-packages/arduniobot_msgs-0.0.0-py3.10.egg-info/PKG-INFO
[4.173s] -- Installing: /home/anjali/arduinoboot_ws/src/install/arduniobot_msgs/local/lib/python3.10/dist-packages/arduniobot_msgs
[4.173s] -- Installing: /home/anjali/arduinoboot_ws/src/install/arduniobot_msgs/local/lib/python3.10/dist-packages/arduniobot_msgs/__init__.py
[4.173s] -- Installing: /home/anjali/arduinoboot_ws/src/install/arduniobot_msgs/local/lib/python3.10/dist-packages/arduniobot_msgs/_arduniobot_msgs_s.ep.rosidl_typesupport_c.c
[4.173s] -- Installing: /home/anjali/arduinoboot_ws/src/install/arduniobot_msgs/local/lib/python3.10/dist-packages/arduniobot_msgs/arduniobot_msgs_s__rosidl_typesupport_fastrtps_c.cpython-310-x86_64-linux-gnu.so
[4.173s] -- Installing: /home/anjali/arduinoboot_ws/src/install/arduniobot_msgs/local/lib/python3.10/dist-packages/arduniobot_msgs/arduniobot_msgs_s__rosidl_typesupport_c.cpython-310-x86_64-linux-gnu.so
[4.173s] -- Installing: /home/anjali/arduinoboot_ws/src/install/arduniobot_msgs/local/lib/python3.10/dist-packages/arduniobot_msgs/_arduniobot_msgs_s.ep.rosidl_typesupport_fastrtps_c.c
[4.173s] -- Installing: /home/anjali/arduinoboot_ws/src/install/arduniobot_msgs/local/lib/python3.10/dist-packages/arduniobot_msgs/srv
[4.173s] -- Installing: /home/anjali/arduinoboot_ws/src/install/arduniobot_msgs/local/lib/python3.10/dist-packages/arduniobot_msgs/srv/__init__.py
[4.173s] -- Installing: /home/anjali/arduinoboot_ws/src/install/arduniobot_msgs/local/lib/python3.10/dist-packages/arduniobot_msgs/srv/_add_two_ints.py
[4.173s] -- Installing: /home/anjali/arduinoboot_ws/src/install/arduniobot_msgs/local/lib/python3.10/dist-packages/arduniobot_msgs/srv/_euler_to_quaternion.py
[4.173s] -- Installing: /home/anjali/arduinoboot_ws/src/install/arduniobot_msgs/local/lib/python3.10/dist-packages/arduniobot_msgs/srv/_add_two_ints_s.c
[4.173s] -- Installing: /home/anjali/arduinoboot_ws/src/install/arduniobot_msgs/local/lib/python3.10/dist-packages/arduniobot_msgs/srv/_quaternion_to_euler_s.c
[4.173s] -- Installing: /home/anjali/arduinoboot_ws/src/install/arduniobot_msgs/local/lib/python3.10/dist-packages/arduniobot_msgs/srv/_quaternion_to_euler.py
[4.173s] -- Installing: /home/anjali/arduinoboot_ws/src/install/arduniobot_msgs/local/lib/python3.10/dist-packages/arduniobot_msgs/srv/_euler_to_quaternion_s.c
[4.174s] -- Installing: /home/anjali/arduinoboot_ws/src/install/arduniobot_msgs/local/lib/python3.10/dist-packages/arduniobot_msgs/arduniobot_msgs_s__rosidl_typesupport_introspection_c.cpython-310-x86_64-linux-gnu.so
[4.174s] -- Installing: /home/anjali/arduinoboot_ws/src/install/arduniobot_msgs/local/lib/python3.10/dist-packages/arduniobot_msgs/_arduniobot_msgs_s.ep.rosidl_typesupport_introspection_c.c
[4.174s] -- Installing: /home/anjali/arduinoboot_ws/src/install/arduniobot_msgs/local/lib/python3.10/dist-packages/arduniobot_msgs/libarduniobot_msgs__rosidl_generator_py.so
[4.198s] Listing '/home/anjali/arduinoboot_ws/src/install/arduniobot_msgs/local/lib/python3.10/dist-packages/arduniobot_msgs'...
[4.198s] Compiling '/home/anjali/arduinoboot_ws/src/install/arduniobot_msgs/local/lib/python3.10/dist-packages/arduniobot_msgs/__init__.py'...
[4.198s] Listing '/home/anjali/arduinoboot_ws/src/install/arduniobot_msgs/local/lib/python3.10/dist-packages/arduniobot_msgs/srv'...
[4.199s] Compiling '/home/anjali/arduinoboot_ws/src/install/arduniobot_msgs/local/lib/python3.10/dist-packages/arduniobot_msgs/srv/__init__.py'...
[4.199s] Compiling '/home/anjali/arduinoboot_ws/src/install/arduniobot_msgs/local/lib/python3.10/dist-packages/arduniobot_msgs/srv/_add_two_ints.py'...
[4.199s] Compiling '/home/anjali/arduinoboot_ws/src/install/arduniobot_msgs/local/lib/python3.10/dist-packages/arduniobot_msgs/srv/_euler_to_quaternion.py'...
[4.199s] Compiling '/home/anjali/arduinoboot_ws/src/install/arduniobot_msgs/local/lib/python3.10/dist-packages/arduniobot_msgs/srv/_quaternion_to_euler.py'...
[4.202s] -- Installing: /home/anjali/arduinoboot_ws/src/install/arduniobot_msgs/local/lib/python3.10/dist-packages/arduniobot_msgs/arduniobot_msgs_s__rosidl_typesupport_fastrtps_c.cpython-310-x86_64-linux-gnu.so
[4.202s] -- Set runtime path of "/home/anjali/arduinoboot_ws/src/install/arduniobot_msgs/local/lib/python3.10/dist-packages/arduniobot_msgs/arduniobot_msgs_s__rosidl_typesupport_fastrtps_c.cpython-310-x86_64-linux-gnu.so" to ""
[4.202s] -- Installing: /home/anjali/arduinoboot_ws/src/install/arduniobot_msgs/local/lib/python3.10/dist-packages/arduniobot_msgs/arduniobot_msgs_s__rosidl_typesupport_introspection_c.cpython-310-x86_64-linux-gnu.so
[4.202s] -- Set runtime path of "/home/anjali/arduinoboot_ws/src/install/arduniobot_msgs/local/lib/python3.10/dist-packages/arduniobot_msgs/arduniobot_msgs_s__rosidl_typesupport_introspection_c.cpython-310-x86_64-linux-gnu.so" to ""
[4.202s] -- Installing: /home/anjali/arduinoboot_ws/src/install/arduniobot_msgs/local/lib/python3.10/dist-packages/arduniobot_msgs/arduniobot_msgs_s__rosidl_typesupport_c.cpython-310-x86_64-linux-gnu.so
[4.202s] -- Set runtime path of "/home/anjali/arduinoboot_ws/src/install/arduniobot_msgs/local/lib/python3.10/dist-packages/arduniobot_msgs/arduniobot_msgs_s__rosidl_typesupport_c.cpython-310-x86_64-linux-gnu.so" to ""
[4.203s] -- Installing: /home/anjali/arduinoboot_ws/src/install/arduniobot_msgs/lib/libarduniobot_msgs__rosidl_generator_py.so
[4.203s] -- Set runtime path of "/home/anjali/arduinoboot_ws/src/install/arduniobot_msgs/lib/libarduniobot_msgs__rosidl_generator_py.so" to ""
[4.203s] -- Installing: /home/anjali/arduinoboot_ws/src/install/arduniobot_msgs/share/arduniobot_msgs/srv/AddTwoInts.idl
[4.203s] -- Installing: /home/anjali/arduinoboot_ws/src/install/arduniobot_msgs/share/arduniobot_msgs/srv/EulerToQuaternion.idl
[4.203s] -- Installing: /home/anjali/arduinoboot_ws/src/install/arduniobot_msgs/share/arduniobot_msgs/srv/QuaternionToEuler.idl
[4.203s] -- Installing: /home/anjali/arduinoboot_ws/src/install/arduniobot_msgs/share/arduniobot_msgs/srv/AddTwoInts.srv
[4.203s] -- Installing: /home/anjali/arduinoboot_ws/src/install/arduniobot_msgs/share/arduniobot_msgs/srv/AddTwoInts_Request.msg
[4.203s] -- Installing: /home/anjali/arduinoboot_ws/src/install/arduniobot_msgs/share/arduniobot_msgs/srv/AddTwoInts_Response.msg
[4.203s] -- Installing: /home/anjali/arduinoboot_ws/src/install/arduniobot_msgs/share/arduniobot_msgs/srv/EulerToQuaternion.srv
[4.203s] -- Installing: /home/anjali/arduinoboot_ws/src/install/arduniobot_msgs/share/arduniobot_msgs/srv/EulerToQuaternion_Request.msg
[4.203s] -- Installing: /home/anjali/arduinoboot_ws/src/install/arduniobot_msgs/share/arduniobot_msgs/srv/EulerToQuaternion_Response.msg
[4.203s] -- Installing: /home/anjali/arduinoboot_ws/src/install/arduniobot_msgs/share/arduniobot_msgs/srv/QuaternionToEuler.srv
[4.203s] -- Installing: /home/anjali/arduinoboot_ws/src/install/arduniobot_msgs/share/arduniobot_msgs/srv/QuaternionToEuler_Request.msg
[4.204s] -- Installing: /home/anjali/arduinoboot_ws/src/install/arduniobot_msgs/share/arduniobot_msgs/srv/QuaternionToEuler_Response.msg
[4.204s] -- Up-to-date: /home/anjali/arduinoboot_ws/src/install/arduniobot_msgs/share/arduniobot_msgs/srv
[4.204s] -- Up-to-date: /home/anjali/arduinoboot_ws/src/install/arduniobot_msgs/share/arduniobot_msgs/srv/EulerToQuaternion.srv
[4.204s] -- Up-to-date: /home/anjali/arduinoboot_ws/src/install/arduniobot_msgs/share/arduniobot_msgs/srv/AddTwoInts.srv
[4.204s] -- Up-to-date: /home/anjali/arduinoboot_ws/src/install/arduniobot_msgs/share/arduniobot_msgs/srv/QuaternionToEuler.srv
[4.204s] -- Installing: /home/anjali/arduinoboot_ws/src/install/arduniobot_msgs/share/ament_index/resource_index/package_run_dependencies/arduniobot_msgs
[4.204s] -- Installing: /home/anjali/arduinoboot_ws/src/install/arduniobot_msgs/share/ament_index/resource_index/parent_prefix_path/arduniobot_msgs
[4.204s] -- Installing: /home/anjali/arduinoboot_ws/src/install/arduniobot_msgs/share/arduniobot_msgs/environment/ament_prefix_path.sh
[4.204s] -- Installing: /home/anjali/arduinoboot_ws/src/install/arduniobot_msgs/share/arduniobot_msgs/environment/ament_prefix_path.dsv
[4.204s] -- Installing: /home/anjali/arduinoboot_ws/src/install/arduniobot_msgs/share/arduniobot_msgs/environment/path.sh
[4.204s] -- Installing: /home/anjali/arduinoboot_ws/src/install/arduniobot_msgs/share/arduniobot_msgs/environment/path.dsv
[4.204s] -- Installing: /home/anjali/arduinoboot_ws/src/install/arduniobot_msgs/share/arduniobot_msgs/local_setup.bash
[4.205s] -- Installing: /home/anjali/arduinoboot_ws/src/install/arduniobot_msgs/share/arduniobot_msgs/local_setup.sh
[4.205s] -- Installing: /home/anjali/arduinoboot_ws/src/install/arduniobot_msgs/share/arduniobot_msgs/local_setup.zsh
[4.205s] -- Installing: /home/anjali/arduinoboot_ws/src/install/arduniobot_msgs/share/arduniobot_msgs/local_setup.dsv
[4.205s] -- Installing: /home/anjali/arduinoboot_ws/src/install/arduniobot_msgs/share/arduniobot_msgs/package.dsv
[4.205s] -- Installing: /home/anjali/arduinoboot_ws/src/install/arduniobot_msgs/share/ament_index/resource_index/packages/arduniobot_msgs
[4.205s] -- Installing: /home/anjali/arduinoboot_ws/src/install/arduniobot_msgs/share/arduniobot_msgs/cmake/export_arduniobot_msgs__rosidl_generator_cExport.cmake
[4.205s] -- Installing: /home/anjali/arduinoboot_ws/src/install/arduniobot_msgs/share/arduniobot_msgs/cmake/export_arduniobot_msgs__rosidl_generator_cExport-noconfig.cmake
[4.205s] -- Installing: /home/anjali/arduinoboot_ws/src/install/arduniobot_msgs/share/arduniobot_msgs/cmake/export_arduniobot_msgs__rosidl_typesupport_fastrtps_cExport.cmake
[4.205s] -- Installing: /home/anjali/arduinoboot_ws/src/install/arduniobot_msgs/share/arduniobot_msgs/cmake/export_arduniobot_msgs__rosidl_typesupport_fastrtps_cExport-noconfig.cmake
[4.205s] -- Installing: /home/anjali/arduinoboot_ws/src/install/arduniobot_msgs/share/arduniobot_msgs/cmake/export_arduniobot_msgs__rosidl_generator_cppExport.cmake
[4.205s] -- Installing: /home/anjali/arduinoboot_ws/src/install/arduniobot_msgs/share/arduniobot_msgs/cmake/export_arduniobot_msgs__rosidl_typesupport_fastrtps_cppExport.cmake
[4.206s] -- Installing: /home/anjali/arduinoboot_ws/src/install/arduniobot_msgs/share/arduniobot_msgs/cmake/export_arduniobot_msgs__rosidl_typesupport_fastrtps_cppExport-noconfig.cmake
[4.206s] -- Installing: /home/anjali/arduinoboot_ws/src/install/arduniobot_msgs/share/arduniobot_msgs/cmake/arduniobot_msgs__rosidl_typesupport_introspection_cExport.cmake
[4.206s] -- Installing: /home/anjali/arduinoboot_ws/src/install/arduniobot_msgs/share/arduniobot_msgs/cmake/arduniobot_msgs__rosidl_typesupport_introspection_cExport-noconfig.cmake
[4.206s] -- Installing: /home/anjali/arduinoboot_ws/src/install/arduniobot_msgs/share/arduniobot_msgs/cmake/arduniobot_msgs__rosidl_typesupport_cExport.cmake
[4.206s] -- Installing: /home/anjali/arduinoboot_ws/src/install/arduniobot_msgs/share/arduniobot_msgs/cmake/arduniobot_msgs__rosidl_typesupport_cExport-noconfig.cmake
[4.206s] -- Installing: /home/anjali/arduinoboot_ws/src/install/arduniobot_msgs/share/arduniobot_msgs/cmake/arduniobot_msgs__rosidl_typesupport_introspection_cppExport.cmake
[4.206s] -- Installing: /home/anjali/arduinoboot_ws/src/install/arduniobot_msgs/share/arduniobot_msgs/cmake/arduniobot_msgs__rosidl_typesupport_introspection_cppExport-noconfig.cmake
[4.206s] -- Installing: /home/anjali/arduinoboot_ws/src/install/arduniobot_msgs/share/arduniobot_msgs/cmake/arduniobot_msgs__rosidl_typesupport_cppExport.cmake
[4.206s] -- Installing: /home/anjali/arduinoboot_ws/src/install/arduniobot_msgs/share/arduniobot_msgs/cmake/arduniobot_msgs__rosidl_typesupport_cppExport-noconfig.cmake
[4.206s] -- Installing: /home/anjali/arduinoboot_ws/src/install/arduniobot_msgs/share/arduniobot_msgs/cmake/export_arduniobot_msgs__rosidl_generator_pyExport.cmake
[4.206s] -- Installing: /home/anjali/arduinoboot_ws/src/install/arduniobot_msgs/share/arduniobot_msgs/cmake/export_arduniobot_msgs__rosidl_generator_pyExport-noconfig.cmake
[4.206s] -- Installing: /home/anjali/arduinoboot_ws/src/install/arduniobot_msgs/share/arduniobot_msgs/cmake/rosidl_cmake-extras.cmake
[4.206s] -- Installing: /home/anjali/arduinoboot_ws/src/install/arduniobot_msgs/share/arduniobot_msgs/cmake/ament_cmake_export_include_directories-extras.cmake
[4.206s] -- Installing: /home/anjali/arduinoboot_ws/src/install/arduniobot_msgs/share/arduniobot_msgs/cmake/ament_cmake_export_libraries-extras.cmake
[4.207s] -- Installing: /home/anjali/arduinoboot_ws/src/install/arduniobot_msgs/share/arduniobot_msgs/cmake/ament_cmake_export_targets-extras.cmake
[4.207s] -- Installing: /home/anjali/arduinoboot_ws/src/install/arduniobot_msgs/share/arduniobot_msgs/cmake/rosidl_cmake_export_typesupport_targets-extras.cmake
[4.207s] -- Installing: /home/anjali/arduinoboot_ws/src/install/arduniobot_msgs/share/arduniobot_msgs/cmake/ament_cmake_export_dependencies-extras.cmake
[4.207s] -- Installing: /home/anjali/arduinoboot_ws/src/install/arduniobot_msgs/share/arduniobot_msgs/cmake/rosidl_cmake_export_typesupport_libraries-extras.cmake
[4.207s] -- Installing: /home/anjali/arduinoboot_ws/src/install/arduniobot_msgs/share/arduniobot_msgs/cmake/arduniobot_msgsConfig.cmake
[4.207s] -- Installing: /home/anjali/arduinoboot_ws/src/install/arduniobot_msgs/share/arduniobot_msgs/cmake/arduniobot_msgsConfig-version.cmake
[4.207s] -- Installing: /home/anjali/arduinoboot_ws/src/install/arduniobot_msgs/share/arduniobot_msgs/package.xml
[4.208s] Invoked command in '/home/anjali/arduinoboot_ws/src/build/arduniobot_msgs' returned '0': CMAKE_PREFIX_PATH=${CMAKE_PREFIX_PATH}:/home/anjali/arduinoboot_ws/install/arduinoboot_py_examples:/opt/ros/humble /usr/bin/cmake --install /home/anjali/arduinoboot_ws/src/build/arduniobot_msgs
