[0.014s] Invoking command in '/home/nextup/ros2_ws/src/build/my_robot_interfaces': CMAKE_PREFIX_PATH=${CMAKE_PREFIX_PATH}:/home/nextup/ros_ws/install/turtlesim_catch_them_all:/opt/ros/humble /usr/bin/cmake /home/nextup/ros2_ws/src/my_robot_interfaces -DCMAKE_INSTALL_PREFIX=/home/nextup/ros2_ws/src/install/my_robot_interfaces
[0.171s] -- Found ament_cmake: 1.3.9 (/opt/ros/humble/share/ament_cmake/cmake)
[0.171s] -- Found rosidl_default_generators: 1.2.0 (/opt/ros/humble/share/rosidl_default_generators/cmake)
[0.171s] -- Using all available rosidl_typesupport_c: rosidl_typesupport_fastrtps_c;rosidl_typesupport_introspection_c
[0.172s] -- Found rosidl_adapter: 3.1.5 (/opt/ros/humble/share/rosidl_adapter/cmake)
[0.172s] -- Using all available rosidl_typesupport_cpp: rosidl_typesupport_fastrtps_cpp;rosidl_typesupport_introspection_cpp
[0.280s] [31mCMake Error at /opt/ros/humble/share/rosidl_adapter/cmake/rosidl_adapt_interfaces.cmake:59 (message):
[0.280s]   execute_process(/usr/bin/python3 -m rosidl_adapter --package-name
[0.280s]   my_robot_interfaces --arguments-file
[0.280s]   /home/nextup/ros2_ws/src/build/my_robot_interfaces/rosidl_adapter__arguments__my_robot_interfaces.json
[0.280s]   --output-dir
[0.280s]   /home/nextup/ros2_ws/src/build/my_robot_interfaces/rosidl_adapter/my_robot_interfaces
[0.280s]   --output-file
[0.280s]   /home/nextup/ros2_ws/src/build/my_robot_interfaces/rosidl_adapter/my_robot_interfaces.idls)
[0.280s]   returned error code 1:
[0.280s] 
[0.280s]   Traceback (most recent call last):
[0.280s] 
[0.281s]     File "/usr/lib/python3.10/runpy.py", line 196, in _run_module_as_main
[0.281s]       return _run_code(code, main_globals, None,
[0.281s]     File "/usr/lib/python3.10/runpy.py", line 86, in _run_code
[0.281s]       exec(code, run_globals)
[0.281s]     File "/opt/ros/humble/local/lib/python3.10/dist-packages/rosidl_adapter/__main__.py", line 19, in <module>
[0.281s]       sys.exit(main())
[0.281s]     File "/opt/ros/humble/local/lib/python3.10/dist-packages/rosidl_adapter/main.py", line 53, in main
[0.281s]       abs_idl_file = convert_to_idl(
[0.281s]     File "/opt/ros/humble/local/lib/python3.10/dist-packages/rosidl_adapter/__init__.py", line 24, in convert_to_idl
[0.281s]       return convert_srv_to_idl(
[0.281s]     File "/opt/ros/humble/local/lib/python3.10/dist-packages/rosidl_adapter/srv/__init__.py", line 28, in convert_srv_to_idl
[0.281s]       srv = parse_service_string(package_name, input_file.stem, content)
[0.281s]     File "/opt/ros/humble/local/lib/python3.10/dist-packages/rosidl_adapter/parser.py", line 859, in parse_service_string
[0.281s]       request_message = parse_message_string(
[0.281s]     File "/opt/ros/humble/local/lib/python3.10/dist-packages/rosidl_adapter/parser.py", line 544, in parse_message_string
[0.281s]       msg = MessageSpecification(pkg_name, msg_name, fields, constants)
[0.281s]     File "/opt/ros/humble/local/lib/python3.10/dist-packages/rosidl_adapter/parser.py", line 388, in __init__
[0.281s]       self.base_type = BaseType(
[0.281s]     File "/opt/ros/humble/local/lib/python3.10/dist-packages/rosidl_adapter/parser.py", line 205, in __init__
[0.281s]       raise InvalidResourceName(
[0.281s] 
[0.281s]   rosidl_adapter.parser.InvalidResourceName: 'catch_turtle_Request' is an
[0.281s]   invalid message name.  It should have the pattern '^[A-Z][A-Za-z0-9]*$'
[0.282s] 
[0.282s] Call Stack (most recent call first):
[0.282s]   /opt/ros/humble/share/rosidl_cmake/cmake/rosidl_generate_interfaces.cmake:130 (rosidl_adapt_interfaces)
[0.282s]   CMakeLists.txt:17 (rosidl_generate_interfaces)
[0.282s] 
[0.282s] [0m
[0.282s] -- Configuring incomplete, errors occurred!
[0.282s] See also "/home/nextup/ros2_ws/src/build/my_robot_interfaces/CMakeFiles/CMakeOutput.log".
[0.346s] Invoked command in '/home/nextup/ros2_ws/src/build/my_robot_interfaces' returned '1': CMAKE_PREFIX_PATH=${CMAKE_PREFIX_PATH}:/home/nextup/ros_ws/install/turtlesim_catch_them_all:/opt/ros/humble /usr/bin/cmake /home/nextup/ros2_ws/src/my_robot_interfaces -DCMAKE_INSTALL_PREFIX=/home/nextup/ros2_ws/src/install/my_robot_interfaces
