[100%] Built target final_project_component
[100%] Built target turtlebot_control_component
[100%] Built target final_project_step3
-- Install configuration: ""
-- Up-to-date: /home/nextup/ros2_ws2/src/install/final_project/lib/libfinal_project_component.so
-- Up-to-date: /home/nextup/ros2_ws2/src/install/final_project/lib/libturtlebot_control_component.so
-- Up-to-date: /home/nextup/ros2_ws2/src/install/final_project/lib/final_project/final_project_step3
-- Up-to-date: /home/nextup/ros2_ws2/src/install/final_project/share/ament_index/resource_index/package_run_dependencies/final_project
-- Up-to-date: /home/nextup/ros2_ws2/src/install/final_project/share/ament_index/resource_index/parent_prefix_path/final_project
-- Up-to-date: /home/nextup/ros2_ws2/src/install/final_project/share/final_project/environment/ament_prefix_path.sh
-- Up-to-date: /home/nextup/ros2_ws2/src/install/final_project/share/final_project/environment/ament_prefix_path.dsv
-- Up-to-date: /home/nextup/ros2_ws2/src/install/final_project/share/final_project/environment/path.sh
-- Up-to-date: /home/nextup/ros2_ws2/src/install/final_project/share/final_project/environment/path.dsv
-- Up-to-date: /home/nextup/ros2_ws2/src/install/final_project/share/final_project/local_setup.bash
-- Up-to-date: /home/nextup/ros2_ws2/src/install/final_project/share/final_project/local_setup.sh
-- Up-to-date: /home/nextup/ros2_ws2/src/install/final_project/share/final_project/local_setup.zsh
-- Up-to-date: /home/nextup/ros2_ws2/src/install/final_project/share/final_project/local_setup.dsv
-- Installing: /home/nextup/ros2_ws2/src/install/final_project/share/final_project/package.dsv
-- Up-to-date: /home/nextup/ros2_ws2/src/install/final_project/share/ament_index/resource_index/packages/final_project
-- Up-to-date: /home/nextup/ros2_ws2/src/install/final_project/share/ament_index/resource_index/rclcpp_components/final_project
-- Up-to-date: /home/nextup/ros2_ws2/src/install/final_project/share/final_project/cmake/final_projectConfig.cmake
-- Up-to-date: /home/nextup/ros2_ws2/src/install/final_project/share/final_project/cmake/final_projectConfig-version.cmake
-- Up-to-date: /home/nextup/ros2_ws2/src/install/final_project/share/final_project/package.xml
