/home/nextup/ros2_ws/src/install/my_py_pkg/lib/python3.10/site-packages/my_py_pkg/ledpanel.py
/home/nextup/ros2_ws/src/install/my_py_pkg/lib/python3.10/site-packages/my_py_pkg/turtle_controller.py
/home/nextup/ros2_ws/src/install/my_py_pkg/lib/python3.10/site-packages/my_py_pkg/robot_news_station.py
/home/nextup/ros2_ws/src/install/my_py_pkg/lib/python3.10/site-packages/my_py_pkg/add_two_ints_client.py
/home/nextup/ros2_ws/src/install/my_py_pkg/lib/python3.10/site-packages/my_py_pkg/smartphone.py
/home/nextup/ros2_ws/src/install/my_py_pkg/lib/python3.10/site-packages/my_py_pkg/__init__.py
/home/nextup/ros2_ws/src/install/my_py_pkg/lib/python3.10/site-packages/my_py_pkg/number_publisher.py
/home/nextup/ros2_ws/src/install/my_py_pkg/lib/python3.10/site-packages/my_py_pkg/add_two_ints_server.py
/home/nextup/ros2_ws/src/install/my_py_pkg/lib/python3.10/site-packages/my_py_pkg/my_first_node.py
/home/nextup/ros2_ws/src/install/my_py_pkg/lib/python3.10/site-packages/my_py_pkg/add_two_ints_client_no_oop.py
/home/nextup/ros2_ws/src/install/my_py_pkg/lib/python3.10/site-packages/my_py_pkg/turtle_spawner.py
/home/nextup/ros2_ws/src/install/my_py_pkg/lib/python3.10/site-packages/my_py_pkg/__pycache__/ledpanel.cpython-310.pyc
/home/nextup/ros2_ws/src/install/my_py_pkg/lib/python3.10/site-packages/my_py_pkg/__pycache__/turtle_controller.cpython-310.pyc
/home/nextup/ros2_ws/src/install/my_py_pkg/lib/python3.10/site-packages/my_py_pkg/__pycache__/robot_news_station.cpython-310.pyc
/home/nextup/ros2_ws/src/install/my_py_pkg/lib/python3.10/site-packages/my_py_pkg/__pycache__/add_two_ints_client.cpython-310.pyc
/home/nextup/ros2_ws/src/install/my_py_pkg/lib/python3.10/site-packages/my_py_pkg/__pycache__/smartphone.cpython-310.pyc
/home/nextup/ros2_ws/src/install/my_py_pkg/lib/python3.10/site-packages/my_py_pkg/__pycache__/__init__.cpython-310.pyc
/home/nextup/ros2_ws/src/install/my_py_pkg/lib/python3.10/site-packages/my_py_pkg/__pycache__/number_publisher.cpython-310.pyc
/home/nextup/ros2_ws/src/install/my_py_pkg/lib/python3.10/site-packages/my_py_pkg/__pycache__/add_two_ints_server.cpython-310.pyc
/home/nextup/ros2_ws/src/install/my_py_pkg/lib/python3.10/site-packages/my_py_pkg/__pycache__/my_first_node.cpython-310.pyc
/home/nextup/ros2_ws/src/install/my_py_pkg/lib/python3.10/site-packages/my_py_pkg/__pycache__/add_two_ints_client_no_oop.cpython-310.pyc
/home/nextup/ros2_ws/src/install/my_py_pkg/lib/python3.10/site-packages/my_py_pkg/__pycache__/turtle_spawner.cpython-310.pyc
/home/nextup/ros2_ws/src/install/my_py_pkg/share/ament_index/resource_index/packages/my_py_pkg
/home/nextup/ros2_ws/src/install/my_py_pkg/share/my_py_pkg/package.xml
/home/nextup/ros2_ws/src/install/my_py_pkg/lib/python3.10/site-packages/my_py_pkg-0.0.0-py3.10.egg-info/entry_points.txt
/home/nextup/ros2_ws/src/install/my_py_pkg/lib/python3.10/site-packages/my_py_pkg-0.0.0-py3.10.egg-info/PKG-INFO
/home/nextup/ros2_ws/src/install/my_py_pkg/lib/python3.10/site-packages/my_py_pkg-0.0.0-py3.10.egg-info/top_level.txt
/home/nextup/ros2_ws/src/install/my_py_pkg/lib/python3.10/site-packages/my_py_pkg-0.0.0-py3.10.egg-info/requires.txt
/home/nextup/ros2_ws/src/install/my_py_pkg/lib/python3.10/site-packages/my_py_pkg-0.0.0-py3.10.egg-info/zip-safe
/home/nextup/ros2_ws/src/install/my_py_pkg/lib/python3.10/site-packages/my_py_pkg-0.0.0-py3.10.egg-info/dependency_links.txt
/home/nextup/ros2_ws/src/install/my_py_pkg/lib/python3.10/site-packages/my_py_pkg-0.0.0-py3.10.egg-info/SOURCES.txt
/home/nextup/ros2_ws/src/install/my_py_pkg/lib/my_py_pkg/add_two_ints_client_no_oop
/home/nextup/ros2_ws/src/install/my_py_pkg/lib/my_py_pkg/add_two_ints_server
/home/nextup/ros2_ws/src/install/my_py_pkg/lib/my_py_pkg/ledpanel
/home/nextup/ros2_ws/src/install/my_py_pkg/lib/my_py_pkg/number_app= my_robot_bringup.number_app:mainturtle_controller= my_py_pkg.turtle_controller:mainturtle_spawner
/home/nextup/ros2_ws/src/install/my_py_pkg/lib/my_py_pkg/py_node
/home/nextup/ros2_ws/src/install/my_py_pkg/lib/my_py_pkg/robot_news_station
/home/nextup/ros2_ws/src/install/my_py_pkg/lib/my_py_pkg/smartphone
