-- Found ament_cmake: 1.3.9 (/opt/ros/humble/share/ament_cmake/cmake)
-- Found rclcpp: 16.0.9 (/opt/ros/humble/share/rclcpp/cmake)
-- Found rosidl_generator_c: 3.1.5 (/opt/ros/humble/share/rosidl_generator_c/cmake)
-- Found rosidl_adapter: 3.1.5 (/opt/ros/humble/share/rosidl_adapter/cmake)
-- Found rosidl_generator_cpp: 3.1.5 (/opt/ros/humble/share/rosidl_generator_cpp/cmake)
-- Using all available rosidl_typesupport_c: rosidl_typesupport_fastrtps_c;rosidl_typesupport_introspection_c
-- Using all available rosidl_typesupport_cpp: rosidl_typesupport_fastrtps_cpp;rosidl_typesupport_introspection_cpp
-- Found rmw_implementation_cmake: 6.1.2 (/opt/ros/humble/share/rmw_implementation_cmake/cmake)
-- Found rmw_fastrtps_cpp: 6.2.6 (/opt/ros/humble/share/rmw_fastrtps_cpp/cmake)
-- Using RMW implementation 'rmw_fastrtps_cpp' as default
-- Found rclcpp_action: 16.0.9 (/opt/ros/humble/share/rclcpp_action/cmake)
-- Found rclcpp_lifecycle: 16.0.9 (/opt/ros/humble/share/rclcpp_lifecycle/cmake)
-- Found rclcpp_components: 16.0.9 (/opt/ros/humble/share/rclcpp_components/cmake)
-- Found turtlesim: 1.4.2 (/opt/ros/humble/share/turtlesim/cmake)
-- Found geometry_msgs: 4.2.4 (/opt/ros/humble/share/geometry_msgs/cmake)
-- Found my_robot_interfaces: 0.0.0 (/home/nextup/ros2_ws2/src/install/my_robot_interfaces/share/my_robot_interfaces/cmake)
-- Configuring done
-- Generating done
-- Build files have been written to: /home/nextup/ros2_ws2/src/build/final_project
[ 50%] [32mBuilding CXX object CMakeFiles/final_project_component.dir/src/final_project.cpp.o[0m
[ 50%] [32mBuilding CXX object CMakeFiles/final_project_step3.dir/src/final_project_step3.cpp.o[0m
[ 50%] [32mBuilding CXX object CMakeFiles/turtlebot_control_component.dir/src/final_project_turtlebot.cpp.o[0m
[ 66%] [32m[1mLinking CXX shared library libfinal_project_component.so[0m
[ 66%] Built target final_project_component
[ 83%] [32m[1mLinking CXX shared library libturtlebot_control_component.so[0m
[100%] [32m[1mLinking CXX executable final_project_step3[0m
[100%] Built target turtlebot_control_component
[100%] Built target final_project_step3
-- Install configuration: ""
-- Installing: /home/nextup/ros2_ws2/src/install/final_project/lib/libfinal_project_component.so
-- Set runtime path of "/home/nextup/ros2_ws2/src/install/final_project/lib/libfinal_project_component.so" to ""
-- Installing: /home/nextup/ros2_ws2/src/install/final_project/lib/libturtlebot_control_component.so
-- Set runtime path of "/home/nextup/ros2_ws2/src/install/final_project/lib/libturtlebot_control_component.so" to ""
-- Installing: /home/nextup/ros2_ws2/src/install/final_project/lib/final_project/final_project_step3
-- Set runtime path of "/home/nextup/ros2_ws2/src/install/final_project/lib/final_project/final_project_step3" to ""
-- Installing: /home/nextup/ros2_ws2/src/install/final_project/share/ament_index/resource_index/package_run_dependencies/final_project
-- Installing: /home/nextup/ros2_ws2/src/install/final_project/share/ament_index/resource_index/parent_prefix_path/final_project
-- Installing: /home/nextup/ros2_ws2/src/install/final_project/share/final_project/environment/ament_prefix_path.sh
-- Installing: /home/nextup/ros2_ws2/src/install/final_project/share/final_project/environment/ament_prefix_path.dsv
-- Installing: /home/nextup/ros2_ws2/src/install/final_project/share/final_project/environment/path.sh
-- Installing: /home/nextup/ros2_ws2/src/install/final_project/share/final_project/environment/path.dsv
-- Installing: /home/nextup/ros2_ws2/src/install/final_project/share/final_project/local_setup.bash
-- Installing: /home/nextup/ros2_ws2/src/install/final_project/share/final_project/local_setup.sh
-- Installing: /home/nextup/ros2_ws2/src/install/final_project/share/final_project/local_setup.zsh
-- Installing: /home/nextup/ros2_ws2/src/install/final_project/share/final_project/local_setup.dsv
-- Installing: /home/nextup/ros2_ws2/src/install/final_project/share/final_project/package.dsv
-- Installing: /home/nextup/ros2_ws2/src/install/final_project/share/ament_index/resource_index/packages/final_project
-- Installing: /home/nextup/ros2_ws2/src/install/final_project/share/ament_index/resource_index/rclcpp_components/final_project
-- Installing: /home/nextup/ros2_ws2/src/install/final_project/share/final_project/cmake/final_projectConfig.cmake
-- Installing: /home/nextup/ros2_ws2/src/install/final_project/share/final_project/cmake/final_projectConfig-version.cmake
-- Installing: /home/nextup/ros2_ws2/src/install/final_project/share/final_project/package.xml
