[0.417s] Invoking command in '/home/nextup/ros2_ws2/src/actions_py': PYTHONPATH=/home/nextup/ros2_ws2/src/build/actions_py/prefix_override:/home/nextup/ros2_ws2/src/install/actions_py/lib/python3.10/site-packages:${PYTHONPATH} /usr/bin/python3 -W ignore:setup.py install is deprecated setup.py egg_info --egg-base ../build/actions_py build --build-base /home/nextup/ros2_ws2/src/build/actions_py/build install --record /home/nextup/ros2_ws2/src/build/actions_py/install.log --single-version-externally-managed install_data
[0.549s] running egg_info
[0.550s] creating ../build/actions_py/actions_py.egg-info
[0.556s] writing ../build/actions_py/actions_py.egg-info/PKG-INFO
[0.557s] writing dependency_links to ../build/actions_py/actions_py.egg-info/dependency_links.txt
[0.557s] writing entry points to ../build/actions_py/actions_py.egg-info/entry_points.txt
[0.557s] writing requirements to ../build/actions_py/actions_py.egg-info/requires.txt
[0.557s] writing top-level names to ../build/actions_py/actions_py.egg-info/top_level.txt
[0.557s] writing manifest file '../build/actions_py/actions_py.egg-info/SOURCES.txt'
[0.571s] reading manifest file '../build/actions_py/actions_py.egg-info/SOURCES.txt'
[0.571s] writing manifest file '../build/actions_py/actions_py.egg-info/SOURCES.txt'
[0.571s] running build
[0.571s] running build_py
[0.571s] creating /home/nextup/ros2_ws2/src/build/actions_py/build
[0.571s] creating /home/nextup/ros2_ws2/src/build/actions_py/build/lib
[0.571s] creating /home/nextup/ros2_ws2/src/build/actions_py/build/lib/actions_py
[0.571s] copying actions_py/count_until_server.py -> /home/nextup/ros2_ws2/src/build/actions_py/build/lib/actions_py
[0.572s] copying actions_py/count_until_client.py -> /home/nextup/ros2_ws2/src/build/actions_py/build/lib/actions_py
[0.572s] copying actions_py/__init__.py -> /home/nextup/ros2_ws2/src/build/actions_py/build/lib/actions_py
[0.572s] running install
[0.575s] running install_lib
[0.581s] creating /home/nextup/ros2_ws2/src/install/actions_py/lib/python3.10/site-packages/actions_py
[0.581s] copying /home/nextup/ros2_ws2/src/build/actions_py/build/lib/actions_py/count_until_server.py -> /home/nextup/ros2_ws2/src/install/actions_py/lib/python3.10/site-packages/actions_py
[0.581s] copying /home/nextup/ros2_ws2/src/build/actions_py/build/lib/actions_py/count_until_client.py -> /home/nextup/ros2_ws2/src/install/actions_py/lib/python3.10/site-packages/actions_py
[0.581s] copying /home/nextup/ros2_ws2/src/build/actions_py/build/lib/actions_py/__init__.py -> /home/nextup/ros2_ws2/src/install/actions_py/lib/python3.10/site-packages/actions_py
[0.581s] byte-compiling /home/nextup/ros2_ws2/src/install/actions_py/lib/python3.10/site-packages/actions_py/count_until_server.py to count_until_server.cpython-310.pyc
[0.582s] byte-compiling /home/nextup/ros2_ws2/src/install/actions_py/lib/python3.10/site-packages/actions_py/count_until_client.py to count_until_client.cpython-310.pyc
[0.582s] byte-compiling /home/nextup/ros2_ws2/src/install/actions_py/lib/python3.10/site-packages/actions_py/__init__.py to __init__.cpython-310.pyc
[0.582s] running install_data
[0.582s] creating /home/nextup/ros2_ws2/src/install/actions_py/share/ament_index
[0.582s] creating /home/nextup/ros2_ws2/src/install/actions_py/share/ament_index/resource_index
[0.582s] creating /home/nextup/ros2_ws2/src/install/actions_py/share/ament_index/resource_index/packages
[0.583s] copying resource/actions_py -> /home/nextup/ros2_ws2/src/install/actions_py/share/ament_index/resource_index/packages
[0.583s] copying package.xml -> /home/nextup/ros2_ws2/src/install/actions_py/share/actions_py
[0.583s] running install_egg_info
[0.589s] Copying ../build/actions_py/actions_py.egg-info to /home/nextup/ros2_ws2/src/install/actions_py/lib/python3.10/site-packages/actions_py-0.0.0-py3.10.egg-info
[0.590s] running install_scripts
[0.657s] Installing count_until_client script to /home/nextup/ros2_ws2/src/install/actions_py/lib/actions_py
[0.657s] Installing count_until_server script to /home/nextup/ros2_ws2/src/install/actions_py/lib/actions_py
[0.657s] writing list of installed files to '/home/nextup/ros2_ws2/src/build/actions_py/install.log'
[0.676s] Invoked command in '/home/nextup/ros2_ws2/src/actions_py' returned '0': PYTHONPATH=/home/nextup/ros2_ws2/src/build/actions_py/prefix_override:/home/nextup/ros2_ws2/src/install/actions_py/lib/python3.10/site-packages:${PYTHONPATH} /usr/bin/python3 -W ignore:setup.py install is deprecated setup.py egg_info --egg-base ../build/actions_py build --build-base /home/nextup/ros2_ws2/src/build/actions_py/build install --record /home/nextup/ros2_ws2/src/build/actions_py/install.log --single-version-externally-managed install_data
