[0.242s] Invoking command in '/home/anjali/arduinoboot_ws/build/arduniobot_controller': CMAKE_PREFIX_PATH=${CMAKE_PREFIX_PATH}:/home/anjali/arduinoboot_ws/install/arduinoboot_py_examples:/opt/ros/humble /usr/bin/cmake /home/anjali/arduinoboot_ws/src/arduniobot_controller -DCMAKE_INSTALL_PREFIX=/home/anjali/arduinoboot_ws/install/arduniobot_controller
[0.292s] -- The C compiler identification is GNU 11.4.0
[0.352s] -- The CXX compiler identification is GNU 11.4.0
[0.362s] -- Detecting C compiler ABI info
[0.431s] -- Detecting C compiler ABI info - done
[0.437s] -- Check for working C compiler: /usr/bin/cc - skipped
[0.438s] -- Detecting C compile features
[0.438s] -- Detecting C compile features - done
[0.440s] -- Detecting CXX compiler ABI info
[0.523s] -- Detecting CXX compiler ABI info - done
[0.532s] -- Check for working CXX compiler: /usr/bin/c++ - skipped
[0.533s] -- Detecting CXX compile features
[0.533s] -- Detecting CXX compile features - done
[0.536s] -- Found ament_cmake: 1.3.9 (/opt/ros/humble/share/ament_cmake/cmake)
[1.245s] -- Found Python3: /usr/bin/python3 (found version "3.10.12") found components: Interpreter 
[1.350s] -- Found trajectory_msgs: 4.2.4 (/opt/ros/humble/share/trajectory_msgs/cmake)
[1.395s] -- Found rosidl_generator_c: 3.1.5 (/opt/ros/humble/share/rosidl_generator_c/cmake)
[1.402s] -- Found rosidl_adapter: 3.1.5 (/opt/ros/humble/share/rosidl_adapter/cmake)
[1.413s] -- Found rosidl_generator_cpp: 3.1.5 (/opt/ros/humble/share/rosidl_generator_cpp/cmake)
[1.434s] -- Using all available rosidl_typesupport_c: rosidl_typesupport_fastrtps_c;rosidl_typesupport_introspection_c
[1.461s] -- Using all available rosidl_typesupport_cpp: rosidl_typesupport_fastrtps_cpp;rosidl_typesupport_introspection_cpp
[1.653s] -- Found sensor_msgs: 4.2.4 (/opt/ros/humble/share/sensor_msgs/cmake)
[1.721s] -- Found rclcpp: 16.0.9 (/opt/ros/humble/share/rclcpp/cmake)
[1.772s] -- Found rmw_implementation_cmake: 6.1.2 (/opt/ros/humble/share/rmw_implementation_cmake/cmake)
[1.774s] -- Found rmw_fastrtps_cpp: 6.2.6 (/opt/ros/humble/share/rmw_fastrtps_cpp/cmake)
[1.850s] -- Found OpenSSL: /usr/lib/x86_64-linux-gnu/libcrypto.so (found version "3.0.2")  
[1.871s] -- Found FastRTPS: /opt/ros/humble/include  
[1.907s] -- Using RMW implementation 'rmw_fastrtps_cpp' as default
[1.914s] -- Looking for pthread.h
[1.967s] -- Looking for pthread.h - found
[1.967s] -- Performing Test CMAKE_HAVE_LIBC_PTHREAD
[2.025s] -- Performing Test CMAKE_HAVE_LIBC_PTHREAD - Success
[2.026s] -- Found Threads: TRUE  
[2.123s] -- Found rclpy: 3.3.13 (/opt/ros/humble/share/rclpy/cmake)
[2.124s] -- Found hardware_interface: 2.41.0 (/opt/ros/humble/share/hardware_interface/cmake)
[2.437s] -- Found PkgConfig: /usr/bin/pkg-config (found version "0.29.2") 
[2.437s] -- Checking for module 'libserial'
[2.448s] --   Found libserial, version 1.0.0
[2.571s] -- Configuring done
[2.588s] -- Generating done
[2.590s] -- Build files have been written to: /home/anjali/arduinoboot_ws/build/arduniobot_controller
