[0.006s] Invoking command in '/home/nextup/ros2_ws1/src/build/my_robot_description': CMAKE_PREFIX_PATH=/opt/ros/humble /usr/bin/cmake /home/nextup/ros2_ws1/src/my_robot_description -DCMAKE_INSTALL_PREFIX=/home/nextup/ros2_ws1/src/install/my_robot_description
[0.098s] -- The C compiler identification is GNU 11.4.0
[0.188s] -- The CXX compiler identification is GNU 11.4.0
[0.195s] -- Detecting C compiler ABI info
[0.243s] -- Detecting C compiler ABI info - done
[0.248s] -- Check for working C compiler: /usr/bin/cc - skipped
[0.248s] -- Detecting C compile features
[0.248s] -- Detecting C compile features - done
[0.251s] -- Detecting CXX compiler ABI info
[0.303s] -- Detecting CXX compiler ABI info - done
[0.307s] -- Check for working CXX compiler: /usr/bin/c++ - skipped
[0.308s] -- Detecting CXX compile features
[0.308s] -- Detecting CXX compile features - done
[0.310s] -- Found ament_cmake: 1.3.9 (/opt/ros/humble/share/ament_cmake/cmake)
[0.407s] -- Found Python3: /usr/bin/python3 (found version "3.10.12") found components: Interpreter 
[0.508s] -- Configuring done
[0.509s] -- Generating done
[0.510s] -- Build files have been written to: /home/nextup/ros2_ws1/src/build/my_robot_description
[0.514s] Invoked command in '/home/nextup/ros2_ws1/src/build/my_robot_description' returned '0': CMAKE_PREFIX_PATH=/opt/ros/humble /usr/bin/cmake /home/nextup/ros2_ws1/src/my_robot_description -DCMAKE_INSTALL_PREFIX=/home/nextup/ros2_ws1/src/install/my_robot_description
[0.514s] Invoking command in '/home/nextup/ros2_ws1/src/build/my_robot_description': CMAKE_PREFIX_PATH=/opt/ros/humble /usr/bin/cmake --build /home/nextup/ros2_ws1/src/build/my_robot_description -- -j16 -l16
[0.539s] Invoked command in '/home/nextup/ros2_ws1/src/build/my_robot_description' returned '0': CMAKE_PREFIX_PATH=/opt/ros/humble /usr/bin/cmake --build /home/nextup/ros2_ws1/src/build/my_robot_description -- -j16 -l16
[0.557s] Invoking command in '/home/nextup/ros2_ws1/src/build/my_robot_description': CMAKE_PREFIX_PATH=/opt/ros/humble /usr/bin/cmake --install /home/nextup/ros2_ws1/src/build/my_robot_description
[0.561s] -- Install configuration: ""
[0.562s] -- Installing: /home/nextup/ros2_ws1/src/install/my_robot_description/share/my_robot_description//urdf
[0.562s] -- Installing: /home/nextup/ros2_ws1/src/install/my_robot_description/share/my_robot_description//urdf/my_robot.urdf
[0.562s] -- Installing: /home/nextup/ros2_ws1/src/install/my_robot_description/share/ament_index/resource_index/package_run_dependencies/my_robot_description
[0.562s] -- Installing: /home/nextup/ros2_ws1/src/install/my_robot_description/share/ament_index/resource_index/parent_prefix_path/my_robot_description
[0.562s] -- Installing: /home/nextup/ros2_ws1/src/install/my_robot_description/share/my_robot_description/environment/ament_prefix_path.sh
[0.562s] -- Installing: /home/nextup/ros2_ws1/src/install/my_robot_description/share/my_robot_description/environment/ament_prefix_path.dsv
[0.562s] -- Installing: /home/nextup/ros2_ws1/src/install/my_robot_description/share/my_robot_description/environment/path.sh
[0.562s] -- Installing: /home/nextup/ros2_ws1/src/install/my_robot_description/share/my_robot_description/environment/path.dsv
[0.562s] -- Installing: /home/nextup/ros2_ws1/src/install/my_robot_description/share/my_robot_description/local_setup.bash
[0.562s] -- Installing: /home/nextup/ros2_ws1/src/install/my_robot_description/share/my_robot_description/local_setup.sh
[0.563s] -- Installing: /home/nextup/ros2_ws1/src/install/my_robot_description/share/my_robot_description/local_setup.zsh
[0.563s] -- Installing: /home/nextup/ros2_ws1/src/install/my_robot_description/share/my_robot_description/local_setup.dsv
[0.563s] -- Installing: /home/nextup/ros2_ws1/src/install/my_robot_description/share/my_robot_description/package.dsv
[0.563s] -- Installing: /home/nextup/ros2_ws1/src/install/my_robot_description/share/ament_index/resource_index/packages/my_robot_description
[0.563s] -- Installing: /home/nextup/ros2_ws1/src/install/my_robot_description/share/my_robot_description/cmake/my_robot_descriptionConfig.cmake
[0.563s] -- Installing: /home/nextup/ros2_ws1/src/install/my_robot_description/share/my_robot_description/cmake/my_robot_descriptionConfig-version.cmake
[0.563s] -- Installing: /home/nextup/ros2_ws1/src/install/my_robot_description/share/my_robot_description/package.xml
[0.564s] Invoked command in '/home/nextup/ros2_ws1/src/build/my_robot_description' returned '0': CMAKE_PREFIX_PATH=/opt/ros/humble /usr/bin/cmake --install /home/nextup/ros2_ws1/src/build/my_robot_description
