[0.007s] Invoking command in '/home/nextup/ros2_ws1/src/build/my_robot_bringup': AMENT_PREFIX_PATH=/home/nextup/ros2_ws1/src/install/my_robot_description:${AMENT_PREFIX_PATH} CMAKE_PREFIX_PATH=/home/nextup/ros2_ws1/src/install/my_robot_description:/home/nextup/ros2_ws1/install/my_robot_bringup:/home/nextup/ros2_ws1/install/my_robot_description:/opt/ros/humble /usr/bin/cmake /home/nextup/ros2_ws1/src/my_robot_bringup -DCMAKE_INSTALL_PREFIX=/home/nextup/ros2_ws1/src/install/my_robot_bringup
[0.054s] -- The C compiler identification is GNU 11.4.0
[0.094s] -- The CXX compiler identification is GNU 11.4.0
[0.098s] -- Detecting C compiler ABI info
[0.144s] -- Detecting C compiler ABI info - done
[0.151s] -- Check for working C compiler: /usr/bin/cc - skipped
[0.151s] -- Detecting C compile features
[0.151s] -- Detecting C compile features - done
[0.154s] -- Detecting CXX compiler ABI info
[0.210s] -- Detecting CXX compiler ABI info - done
[0.216s] -- Check for working CXX compiler: /usr/bin/c++ - skipped
[0.216s] -- Detecting CXX compile features
[0.216s] -- Detecting CXX compile features - done
[0.218s] -- Found ament_cmake: 1.3.9 (/opt/ros/humble/share/ament_cmake/cmake)
[0.330s] -- Found Python3: /usr/bin/python3 (found version "3.10.12") found components: Interpreter 
[0.445s] -- Configuring done
[0.447s] -- Generating done
[0.447s] -- Build files have been written to: /home/nextup/ros2_ws1/src/build/my_robot_bringup
[0.452s] Invoked command in '/home/nextup/ros2_ws1/src/build/my_robot_bringup' returned '0': AMENT_PREFIX_PATH=/home/nextup/ros2_ws1/src/install/my_robot_description:${AMENT_PREFIX_PATH} CMAKE_PREFIX_PATH=/home/nextup/ros2_ws1/src/install/my_robot_description:/home/nextup/ros2_ws1/install/my_robot_bringup:/home/nextup/ros2_ws1/install/my_robot_description:/opt/ros/humble /usr/bin/cmake /home/nextup/ros2_ws1/src/my_robot_bringup -DCMAKE_INSTALL_PREFIX=/home/nextup/ros2_ws1/src/install/my_robot_bringup
[0.454s] Invoking command in '/home/nextup/ros2_ws1/src/build/my_robot_bringup': AMENT_PREFIX_PATH=/home/nextup/ros2_ws1/src/install/my_robot_description:${AMENT_PREFIX_PATH} CMAKE_PREFIX_PATH=/home/nextup/ros2_ws1/src/install/my_robot_description:/home/nextup/ros2_ws1/install/my_robot_bringup:/home/nextup/ros2_ws1/install/my_robot_description:/opt/ros/humble /usr/bin/cmake --build /home/nextup/ros2_ws1/src/build/my_robot_bringup -- -j16 -l16
[0.480s] Invoked command in '/home/nextup/ros2_ws1/src/build/my_robot_bringup' returned '0': AMENT_PREFIX_PATH=/home/nextup/ros2_ws1/src/install/my_robot_description:${AMENT_PREFIX_PATH} CMAKE_PREFIX_PATH=/home/nextup/ros2_ws1/src/install/my_robot_description:/home/nextup/ros2_ws1/install/my_robot_bringup:/home/nextup/ros2_ws1/install/my_robot_description:/opt/ros/humble /usr/bin/cmake --build /home/nextup/ros2_ws1/src/build/my_robot_bringup -- -j16 -l16
[0.496s] Invoking command in '/home/nextup/ros2_ws1/src/build/my_robot_bringup': AMENT_PREFIX_PATH=/home/nextup/ros2_ws1/src/install/my_robot_description:${AMENT_PREFIX_PATH} CMAKE_PREFIX_PATH=/home/nextup/ros2_ws1/src/install/my_robot_description:/home/nextup/ros2_ws1/install/my_robot_bringup:/home/nextup/ros2_ws1/install/my_robot_description:/opt/ros/humble /usr/bin/cmake --install /home/nextup/ros2_ws1/src/build/my_robot_bringup
[0.503s] -- Install configuration: ""
[0.504s] -- Installing: /home/nextup/ros2_ws1/src/install/my_robot_bringup/share/my_robot_bringup//launch
[0.504s] -- Installing: /home/nextup/ros2_ws1/src/install/my_robot_bringup/share/my_robot_bringup//launch/my_robot_gazebo.launch.xml
[0.504s] -- Installing: /home/nextup/ros2_ws1/src/install/my_robot_bringup/share/my_robot_bringup//rviz
[0.504s] -- Installing: /home/nextup/ros2_ws1/src/install/my_robot_bringup/share/my_robot_bringup//rviz/urdf_config.rviz
[0.504s] -- Installing: /home/nextup/ros2_ws1/src/install/my_robot_bringup/share/ament_index/resource_index/package_run_dependencies/my_robot_bringup
[0.504s] -- Installing: /home/nextup/ros2_ws1/src/install/my_robot_bringup/share/ament_index/resource_index/parent_prefix_path/my_robot_bringup
[0.504s] -- Installing: /home/nextup/ros2_ws1/src/install/my_robot_bringup/share/my_robot_bringup/environment/ament_prefix_path.sh
[0.504s] -- Installing: /home/nextup/ros2_ws1/src/install/my_robot_bringup/share/my_robot_bringup/environment/ament_prefix_path.dsv
[0.504s] -- Installing: /home/nextup/ros2_ws1/src/install/my_robot_bringup/share/my_robot_bringup/environment/path.sh
[0.504s] -- Installing: /home/nextup/ros2_ws1/src/install/my_robot_bringup/share/my_robot_bringup/environment/path.dsv
[0.504s] -- Installing: /home/nextup/ros2_ws1/src/install/my_robot_bringup/share/my_robot_bringup/local_setup.bash
[0.505s] -- Installing: /home/nextup/ros2_ws1/src/install/my_robot_bringup/share/my_robot_bringup/local_setup.sh
[0.505s] -- Installing: /home/nextup/ros2_ws1/src/install/my_robot_bringup/share/my_robot_bringup/local_setup.zsh
[0.505s] -- Installing: /home/nextup/ros2_ws1/src/install/my_robot_bringup/share/my_robot_bringup/local_setup.dsv
[0.505s] -- Installing: /home/nextup/ros2_ws1/src/install/my_robot_bringup/share/my_robot_bringup/package.dsv
[0.505s] -- Installing: /home/nextup/ros2_ws1/src/install/my_robot_bringup/share/ament_index/resource_index/packages/my_robot_bringup
[0.505s] -- Installing: /home/nextup/ros2_ws1/src/install/my_robot_bringup/share/my_robot_bringup/cmake/my_robot_bringupConfig.cmake
[0.505s] -- Installing: /home/nextup/ros2_ws1/src/install/my_robot_bringup/share/my_robot_bringup/cmake/my_robot_bringupConfig-version.cmake
[0.506s] -- Installing: /home/nextup/ros2_ws1/src/install/my_robot_bringup/share/my_robot_bringup/package.xml
[0.507s] Invoked command in '/home/nextup/ros2_ws1/src/build/my_robot_bringup' returned '0': AMENT_PREFIX_PATH=/home/nextup/ros2_ws1/src/install/my_robot_description:${AMENT_PREFIX_PATH} CMAKE_PREFIX_PATH=/home/nextup/ros2_ws1/src/install/my_robot_description:/home/nextup/ros2_ws1/install/my_robot_bringup:/home/nextup/ros2_ws1/install/my_robot_description:/opt/ros/humble /usr/bin/cmake --install /home/nextup/ros2_ws1/src/build/my_robot_bringup
