[0.015s] Invoking command in '/home/nextup/ros2_ws2/src/build/my_robot_interfaces': CMAKE_PREFIX_PATH=${CMAKE_PREFIX_PATH}:/home/nextup/ros2_ws2/install/actions_py:/home/nextup/ros2_ws2/src/install/actions_py:/opt/ros/humble /usr/bin/cmake --build /home/nextup/ros2_ws2/src/build/my_robot_interfaces -- -j16 -l16
[0.049s] [35m[1mConsolidate compiler generated dependencies of target my_robot_interfaces__rosidl_generator_c[0m
[0.056s] [  2%] Built target my_robot_interfaces__cpp
[0.061s] [ 12%] Built target my_robot_interfaces__rosidl_generator_c
[0.068s] [35m[1mConsolidate compiler generated dependencies of target my_robot_interfaces__rosidl_typesupport_cpp[0m
[0.069s] [35m[1mConsolidate compiler generated dependencies of target my_robot_interfaces__rosidl_typesupport_introspection_cpp[0m
[0.070s] [35m[1mConsolidate compiler generated dependencies of target my_robot_interfaces__rosidl_typesupport_fastrtps_cpp[0m
[0.071s] [ 12%] Built target ament_cmake_python_copy_my_robot_interfaces
[0.073s] [35m[1mConsolidate compiler generated dependencies of target my_robot_interfaces__rosidl_typesupport_fastrtps_c[0m
[0.074s] [35m[1mConsolidate compiler generated dependencies of target my_robot_interfaces__rosidl_typesupport_introspection_c[0m
[0.074s] [35m[1mConsolidate compiler generated dependencies of target my_robot_interfaces__rosidl_typesupport_c[0m
[0.082s] [ 23%] Built target my_robot_interfaces__rosidl_typesupport_cpp
[0.083s] [ 33%] Built target my_robot_interfaces__rosidl_typesupport_introspection_cpp
[0.088s] [ 56%] Built target my_robot_interfaces__rosidl_typesupport_fastrtps_cpp
[0.088s] [ 69%] Built target my_robot_interfaces__rosidl_typesupport_introspection_c
[0.088s] [ 69%] Built target my_robot_interfaces__rosidl_typesupport_fastrtps_c
[0.088s] [ 74%] Built target my_robot_interfaces__rosidl_typesupport_c
[0.104s] [ 74%] Built target my_robot_interfaces
[0.122s] [ 76%] Built target my_robot_interfaces__py
[0.132s] [35m[1mConsolidate compiler generated dependencies of target my_robot_interfaces__rosidl_generator_py[0m
[0.143s] [ 84%] Built target my_robot_interfaces__rosidl_generator_py
[0.153s] [35m[1mConsolidate compiler generated dependencies of target my_robot_interfaces__rosidl_typesupport_fastrtps_c__pyext[0m
[0.155s] [35m[1mConsolidate compiler generated dependencies of target my_robot_interfaces__rosidl_typesupport_c__pyext[0m
[0.155s] [35m[1mConsolidate compiler generated dependencies of target my_robot_interfaces__rosidl_typesupport_introspection_c__pyext[0m
[0.163s] [ 89%] Built target my_robot_interfaces__rosidl_typesupport_fastrtps_c__pyext
[0.169s] [100%] Built target my_robot_interfaces__rosidl_typesupport_introspection_c__pyext
[0.169s] [100%] Built target my_robot_interfaces__rosidl_typesupport_c__pyext
[0.232s] running egg_info
[0.241s] writing my_robot_interfaces.egg-info/PKG-INFO
[0.241s] writing dependency_links to my_robot_interfaces.egg-info/dependency_links.txt
[0.242s] writing top-level names to my_robot_interfaces.egg-info/top_level.txt
[0.267s] reading manifest file 'my_robot_interfaces.egg-info/SOURCES.txt'
[0.269s] writing manifest file 'my_robot_interfaces.egg-info/SOURCES.txt'
[0.300s] [100%] Built target ament_cmake_python_build_my_robot_interfaces_egg
[0.309s] Invoked command in '/home/nextup/ros2_ws2/src/build/my_robot_interfaces' returned '0': CMAKE_PREFIX_PATH=${CMAKE_PREFIX_PATH}:/home/nextup/ros2_ws2/install/actions_py:/home/nextup/ros2_ws2/src/install/actions_py:/opt/ros/humble /usr/bin/cmake --build /home/nextup/ros2_ws2/src/build/my_robot_interfaces -- -j16 -l16
[0.372s] Invoking command in '/home/nextup/ros2_ws2/src/build/my_robot_interfaces': CMAKE_PREFIX_PATH=${CMAKE_PREFIX_PATH}:/home/nextup/ros2_ws2/install/actions_py:/home/nextup/ros2_ws2/src/install/actions_py:/opt/ros/humble /usr/bin/cmake --install /home/nextup/ros2_ws2/src/build/my_robot_interfaces
[0.379s] -- Install configuration: ""
[0.379s] -- Up-to-date: /home/nextup/ros2_ws2/src/install/my_robot_interfaces/share/ament_index/resource_index/rosidl_interfaces/my_robot_interfaces
[0.379s] -- Up-to-date: /home/nextup/ros2_ws2/src/install/my_robot_interfaces/include/my_robot_interfaces/my_robot_interfaces
[0.379s] -- Up-to-date: /home/nextup/ros2_ws2/src/install/my_robot_interfaces/include/my_robot_interfaces/my_robot_interfaces/action
[0.379s] -- Up-to-date: /home/nextup/ros2_ws2/src/install/my_robot_interfaces/include/my_robot_interfaces/my_robot_interfaces/action/move_robot.h
[0.379s] -- Up-to-date: /home/nextup/ros2_ws2/src/install/my_robot_interfaces/include/my_robot_interfaces/my_robot_interfaces/action/detail
[0.379s] -- Up-to-date: /home/nextup/ros2_ws2/src/install/my_robot_interfaces/include/my_robot_interfaces/my_robot_interfaces/action/detail/count_until__type_support.h
[0.379s] -- Up-to-date: /home/nextup/ros2_ws2/src/install/my_robot_interfaces/include/my_robot_interfaces/my_robot_interfaces/action/detail/move_robot__functions.h
[0.379s] -- Up-to-date: /home/nextup/ros2_ws2/src/install/my_robot_interfaces/include/my_robot_interfaces/my_robot_interfaces/action/detail/move_robot__functions.c
[0.379s] -- Up-to-date: /home/nextup/ros2_ws2/src/install/my_robot_interfaces/include/my_robot_interfaces/my_robot_interfaces/action/detail/count_until__functions.c
[0.380s] -- Up-to-date: /home/nextup/ros2_ws2/src/install/my_robot_interfaces/include/my_robot_interfaces/my_robot_interfaces/action/detail/move_robot__type_support.h
[0.380s] -- Up-to-date: /home/nextup/ros2_ws2/src/install/my_robot_interfaces/include/my_robot_interfaces/my_robot_interfaces/action/detail/count_until__functions.h
[0.380s] -- Up-to-date: /home/nextup/ros2_ws2/src/install/my_robot_interfaces/include/my_robot_interfaces/my_robot_interfaces/action/detail/count_until__struct.h
[0.380s] -- Up-to-date: /home/nextup/ros2_ws2/src/install/my_robot_interfaces/include/my_robot_interfaces/my_robot_interfaces/action/detail/move_robot__struct.h
[0.380s] -- Up-to-date: /home/nextup/ros2_ws2/src/install/my_robot_interfaces/include/my_robot_interfaces/my_robot_interfaces/action/count_until.h
[0.380s] -- Up-to-date: /home/nextup/ros2_ws2/src/install/my_robot_interfaces/include/my_robot_interfaces/my_robot_interfaces/msg
[0.380s] -- Up-to-date: /home/nextup/ros2_ws2/src/install/my_robot_interfaces/include/my_robot_interfaces/my_robot_interfaces/msg/rosidl_generator_c__visibility_control.h
[0.380s] -- Up-to-date: /home/nextup/ros2_ws2/src/install/my_robot_interfaces/share/my_robot_interfaces/environment/library_path.sh
[0.380s] -- Up-to-date: /home/nextup/ros2_ws2/src/install/my_robot_interfaces/share/my_robot_interfaces/environment/library_path.dsv
[0.380s] -- Up-to-date: /home/nextup/ros2_ws2/src/install/my_robot_interfaces/lib/libmy_robot_interfaces__rosidl_generator_c.so
[0.380s] -- Up-to-date: /home/nextup/ros2_ws2/src/install/my_robot_interfaces/include/my_robot_interfaces/my_robot_interfaces
[0.380s] -- Up-to-date: /home/nextup/ros2_ws2/src/install/my_robot_interfaces/include/my_robot_interfaces/my_robot_interfaces/action
[0.380s] -- Up-to-date: /home/nextup/ros2_ws2/src/install/my_robot_interfaces/include/my_robot_interfaces/my_robot_interfaces/action/detail
[0.380s] -- Up-to-date: /home/nextup/ros2_ws2/src/install/my_robot_interfaces/include/my_robot_interfaces/my_robot_interfaces/action/detail/move_robot__rosidl_typesupport_fastrtps_c.h
[0.381s] -- Up-to-date: /home/nextup/ros2_ws2/src/install/my_robot_interfaces/include/my_robot_interfaces/my_robot_interfaces/action/detail/count_until__rosidl_typesupport_fastrtps_c.h
[0.381s] -- Up-to-date: /home/nextup/ros2_ws2/src/install/my_robot_interfaces/include/my_robot_interfaces/my_robot_interfaces/msg
[0.381s] -- Up-to-date: /home/nextup/ros2_ws2/src/install/my_robot_interfaces/include/my_robot_interfaces/my_robot_interfaces/msg/rosidl_typesupport_fastrtps_c__visibility_control.h
[0.381s] -- Up-to-date: /home/nextup/ros2_ws2/src/install/my_robot_interfaces/lib/libmy_robot_interfaces__rosidl_typesupport_fastrtps_c.so
[0.381s] -- Up-to-date: /home/nextup/ros2_ws2/src/install/my_robot_interfaces/include/my_robot_interfaces/my_robot_interfaces
[0.381s] -- Up-to-date: /home/nextup/ros2_ws2/src/install/my_robot_interfaces/include/my_robot_interfaces/my_robot_interfaces/action
[0.381s] -- Up-to-date: /home/nextup/ros2_ws2/src/install/my_robot_interfaces/include/my_robot_interfaces/my_robot_interfaces/action/detail
[0.381s] -- Up-to-date: /home/nextup/ros2_ws2/src/install/my_robot_interfaces/include/my_robot_interfaces/my_robot_interfaces/action/detail/move_robot__rosidl_typesupport_introspection_c.h
[0.381s] -- Up-to-date: /home/nextup/ros2_ws2/src/install/my_robot_interfaces/include/my_robot_interfaces/my_robot_interfaces/action/detail/count_until__type_support.c
[0.381s] -- Up-to-date: /home/nextup/ros2_ws2/src/install/my_robot_interfaces/include/my_robot_interfaces/my_robot_interfaces/action/detail/count_until__rosidl_typesupport_introspection_c.h
[0.381s] -- Up-to-date: /home/nextup/ros2_ws2/src/install/my_robot_interfaces/include/my_robot_interfaces/my_robot_interfaces/action/detail/move_robot__type_support.c
[0.381s] -- Up-to-date: /home/nextup/ros2_ws2/src/install/my_robot_interfaces/include/my_robot_interfaces/my_robot_interfaces/msg
[0.382s] -- Up-to-date: /home/nextup/ros2_ws2/src/install/my_robot_interfaces/include/my_robot_interfaces/my_robot_interfaces/msg/rosidl_typesupport_introspection_c__visibility_control.h
[0.382s] -- Up-to-date: /home/nextup/ros2_ws2/src/install/my_robot_interfaces/lib/libmy_robot_interfaces__rosidl_typesupport_introspection_c.so
[0.382s] -- Up-to-date: /home/nextup/ros2_ws2/src/install/my_robot_interfaces/lib/libmy_robot_interfaces__rosidl_typesupport_c.so
[0.382s] -- Up-to-date: /home/nextup/ros2_ws2/src/install/my_robot_interfaces/include/my_robot_interfaces/my_robot_interfaces
[0.382s] -- Up-to-date: /home/nextup/ros2_ws2/src/install/my_robot_interfaces/include/my_robot_interfaces/my_robot_interfaces/action
[0.382s] -- Up-to-date: /home/nextup/ros2_ws2/src/install/my_robot_interfaces/include/my_robot_interfaces/my_robot_interfaces/action/count_until.hpp
[0.382s] -- Up-to-date: /home/nextup/ros2_ws2/src/install/my_robot_interfaces/include/my_robot_interfaces/my_robot_interfaces/action/detail
[0.382s] -- Up-to-date: /home/nextup/ros2_ws2/src/install/my_robot_interfaces/include/my_robot_interfaces/my_robot_interfaces/action/detail/count_until__struct.hpp
[0.382s] -- Up-to-date: /home/nextup/ros2_ws2/src/install/my_robot_interfaces/include/my_robot_interfaces/my_robot_interfaces/action/detail/move_robot__builder.hpp
[0.382s] -- Up-to-date: /home/nextup/ros2_ws2/src/install/my_robot_interfaces/include/my_robot_interfaces/my_robot_interfaces/action/detail/count_until__traits.hpp
[0.382s] -- Up-to-date: /home/nextup/ros2_ws2/src/install/my_robot_interfaces/include/my_robot_interfaces/my_robot_interfaces/action/detail/move_robot__struct.hpp
[0.382s] -- Up-to-date: /home/nextup/ros2_ws2/src/install/my_robot_interfaces/include/my_robot_interfaces/my_robot_interfaces/action/detail/move_robot__traits.hpp
[0.382s] -- Up-to-date: /home/nextup/ros2_ws2/src/install/my_robot_interfaces/include/my_robot_interfaces/my_robot_interfaces/action/detail/count_until__builder.hpp
[0.382s] -- Up-to-date: /home/nextup/ros2_ws2/src/install/my_robot_interfaces/include/my_robot_interfaces/my_robot_interfaces/action/move_robot.hpp
[0.383s] -- Up-to-date: /home/nextup/ros2_ws2/src/install/my_robot_interfaces/include/my_robot_interfaces/my_robot_interfaces
[0.383s] -- Up-to-date: /home/nextup/ros2_ws2/src/install/my_robot_interfaces/include/my_robot_interfaces/my_robot_interfaces/action
[0.383s] -- Up-to-date: /home/nextup/ros2_ws2/src/install/my_robot_interfaces/include/my_robot_interfaces/my_robot_interfaces/action/detail
[0.383s] -- Up-to-date: /home/nextup/ros2_ws2/src/install/my_robot_interfaces/include/my_robot_interfaces/my_robot_interfaces/action/detail/move_robot__rosidl_typesupport_fastrtps_cpp.hpp
[0.383s] -- Up-to-date: /home/nextup/ros2_ws2/src/install/my_robot_interfaces/include/my_robot_interfaces/my_robot_interfaces/action/detail/dds_fastrtps
[0.383s] -- Up-to-date: /home/nextup/ros2_ws2/src/install/my_robot_interfaces/include/my_robot_interfaces/my_robot_interfaces/action/detail/count_until__rosidl_typesupport_fastrtps_cpp.hpp
[0.383s] -- Up-to-date: /home/nextup/ros2_ws2/src/install/my_robot_interfaces/include/my_robot_interfaces/my_robot_interfaces/msg
[0.383s] -- Up-to-date: /home/nextup/ros2_ws2/src/install/my_robot_interfaces/include/my_robot_interfaces/my_robot_interfaces/msg/rosidl_typesupport_fastrtps_cpp__visibility_control.h
[0.383s] -- Up-to-date: /home/nextup/ros2_ws2/src/install/my_robot_interfaces/lib/libmy_robot_interfaces__rosidl_typesupport_fastrtps_cpp.so
[0.383s] -- Up-to-date: /home/nextup/ros2_ws2/src/install/my_robot_interfaces/include/my_robot_interfaces/my_robot_interfaces
[0.383s] -- Up-to-date: /home/nextup/ros2_ws2/src/install/my_robot_interfaces/include/my_robot_interfaces/my_robot_interfaces/action
[0.384s] -- Up-to-date: /home/nextup/ros2_ws2/src/install/my_robot_interfaces/include/my_robot_interfaces/my_robot_interfaces/action/detail
[0.384s] -- Up-to-date: /home/nextup/ros2_ws2/src/install/my_robot_interfaces/include/my_robot_interfaces/my_robot_interfaces/action/detail/count_until__type_support.cpp
[0.384s] -- Up-to-date: /home/nextup/ros2_ws2/src/install/my_robot_interfaces/include/my_robot_interfaces/my_robot_interfaces/action/detail/move_robot__type_support.cpp
[0.384s] -- Up-to-date: /home/nextup/ros2_ws2/src/install/my_robot_interfaces/include/my_robot_interfaces/my_robot_interfaces/action/detail/count_until__rosidl_typesupport_introspection_cpp.hpp
[0.384s] -- Up-to-date: /home/nextup/ros2_ws2/src/install/my_robot_interfaces/include/my_robot_interfaces/my_robot_interfaces/action/detail/move_robot__rosidl_typesupport_introspection_cpp.hpp
[0.384s] -- Up-to-date: /home/nextup/ros2_ws2/src/install/my_robot_interfaces/lib/libmy_robot_interfaces__rosidl_typesupport_introspection_cpp.so
[0.384s] -- Up-to-date: /home/nextup/ros2_ws2/src/install/my_robot_interfaces/lib/libmy_robot_interfaces__rosidl_typesupport_cpp.so
[0.384s] -- Up-to-date: /home/nextup/ros2_ws2/src/install/my_robot_interfaces/share/my_robot_interfaces/environment/pythonpath.sh
[0.384s] -- Up-to-date: /home/nextup/ros2_ws2/src/install/my_robot_interfaces/share/my_robot_interfaces/environment/pythonpath.dsv
[0.384s] -- Up-to-date: /home/nextup/ros2_ws2/src/install/my_robot_interfaces/local/lib/python3.10/dist-packages/my_robot_interfaces-0.0.0-py3.10.egg-info
[0.384s] -- Installing: /home/nextup/ros2_ws2/src/install/my_robot_interfaces/local/lib/python3.10/dist-packages/my_robot_interfaces-0.0.0-py3.10.egg-info/PKG-INFO
[0.384s] -- Installing: /home/nextup/ros2_ws2/src/install/my_robot_interfaces/local/lib/python3.10/dist-packages/my_robot_interfaces-0.0.0-py3.10.egg-info/top_level.txt
[0.384s] -- Installing: /home/nextup/ros2_ws2/src/install/my_robot_interfaces/local/lib/python3.10/dist-packages/my_robot_interfaces-0.0.0-py3.10.egg-info/dependency_links.txt
[0.384s] -- Installing: /home/nextup/ros2_ws2/src/install/my_robot_interfaces/local/lib/python3.10/dist-packages/my_robot_interfaces-0.0.0-py3.10.egg-info/SOURCES.txt
[0.385s] -- Up-to-date: /home/nextup/ros2_ws2/src/install/my_robot_interfaces/local/lib/python3.10/dist-packages/my_robot_interfaces
[0.385s] -- Up-to-date: /home/nextup/ros2_ws2/src/install/my_robot_interfaces/local/lib/python3.10/dist-packages/my_robot_interfaces/_my_robot_interfaces_s.ep.rosidl_typesupport_fastrtps_c.c
[0.385s] -- Up-to-date: /home/nextup/ros2_ws2/src/install/my_robot_interfaces/local/lib/python3.10/dist-packages/my_robot_interfaces/my_robot_interfaces_s__rosidl_typesupport_introspection_c.cpython-310-x86_64-linux-gnu.so
[0.385s] -- Up-to-date: /home/nextup/ros2_ws2/src/install/my_robot_interfaces/local/lib/python3.10/dist-packages/my_robot_interfaces/_my_robot_interfaces_s.ep.rosidl_typesupport_c.c
[0.385s] -- Up-to-date: /home/nextup/ros2_ws2/src/install/my_robot_interfaces/local/lib/python3.10/dist-packages/my_robot_interfaces/action
[0.385s] -- Up-to-date: /home/nextup/ros2_ws2/src/install/my_robot_interfaces/local/lib/python3.10/dist-packages/my_robot_interfaces/action/_move_robot.py
[0.385s] -- Up-to-date: /home/nextup/ros2_ws2/src/install/my_robot_interfaces/local/lib/python3.10/dist-packages/my_robot_interfaces/action/_count_until.py
[0.385s] -- Up-to-date: /home/nextup/ros2_ws2/src/install/my_robot_interfaces/local/lib/python3.10/dist-packages/my_robot_interfaces/action/_count_until_s.c
[0.385s] -- Up-to-date: /home/nextup/ros2_ws2/src/install/my_robot_interfaces/local/lib/python3.10/dist-packages/my_robot_interfaces/action/__init__.py
[0.385s] -- Up-to-date: /home/nextup/ros2_ws2/src/install/my_robot_interfaces/local/lib/python3.10/dist-packages/my_robot_interfaces/action/_move_robot_s.c
[0.385s] -- Up-to-date: /home/nextup/ros2_ws2/src/install/my_robot_interfaces/local/lib/python3.10/dist-packages/my_robot_interfaces/libmy_robot_interfaces__rosidl_generator_py.so
[0.385s] -- Up-to-date: /home/nextup/ros2_ws2/src/install/my_robot_interfaces/local/lib/python3.10/dist-packages/my_robot_interfaces/__init__.py
[0.385s] -- Up-to-date: /home/nextup/ros2_ws2/src/install/my_robot_interfaces/local/lib/python3.10/dist-packages/my_robot_interfaces/_my_robot_interfaces_s.ep.rosidl_typesupport_introspection_c.c
[0.385s] -- Up-to-date: /home/nextup/ros2_ws2/src/install/my_robot_interfaces/local/lib/python3.10/dist-packages/my_robot_interfaces/my_robot_interfaces_s__rosidl_typesupport_c.cpython-310-x86_64-linux-gnu.so
[0.385s] -- Up-to-date: /home/nextup/ros2_ws2/src/install/my_robot_interfaces/local/lib/python3.10/dist-packages/my_robot_interfaces/my_robot_interfaces_s__rosidl_typesupport_fastrtps_c.cpython-310-x86_64-linux-gnu.so
[0.410s] Listing '/home/nextup/ros2_ws2/src/install/my_robot_interfaces/local/lib/python3.10/dist-packages/my_robot_interfaces'...
[0.410s] Listing '/home/nextup/ros2_ws2/src/install/my_robot_interfaces/local/lib/python3.10/dist-packages/my_robot_interfaces/action'...
[0.414s] -- Up-to-date: /home/nextup/ros2_ws2/src/install/my_robot_interfaces/local/lib/python3.10/dist-packages/my_robot_interfaces/my_robot_interfaces_s__rosidl_typesupport_fastrtps_c.cpython-310-x86_64-linux-gnu.so
[0.415s] -- Up-to-date: /home/nextup/ros2_ws2/src/install/my_robot_interfaces/local/lib/python3.10/dist-packages/my_robot_interfaces/my_robot_interfaces_s__rosidl_typesupport_introspection_c.cpython-310-x86_64-linux-gnu.so
[0.415s] -- Up-to-date: /home/nextup/ros2_ws2/src/install/my_robot_interfaces/local/lib/python3.10/dist-packages/my_robot_interfaces/my_robot_interfaces_s__rosidl_typesupport_c.cpython-310-x86_64-linux-gnu.so
[0.416s] -- Up-to-date: /home/nextup/ros2_ws2/src/install/my_robot_interfaces/lib/libmy_robot_interfaces__rosidl_generator_py.so
[0.416s] -- Up-to-date: /home/nextup/ros2_ws2/src/install/my_robot_interfaces/share/my_robot_interfaces/action/CountUntil.idl
[0.416s] -- Up-to-date: /home/nextup/ros2_ws2/src/install/my_robot_interfaces/share/my_robot_interfaces/action/MoveRobot.idl
[0.416s] -- Up-to-date: /home/nextup/ros2_ws2/src/install/my_robot_interfaces/share/my_robot_interfaces/action/CountUntil.action
[0.416s] -- Up-to-date: /home/nextup/ros2_ws2/src/install/my_robot_interfaces/share/my_robot_interfaces/action/MoveRobot.action
[0.417s] -- Up-to-date: /home/nextup/ros2_ws2/src/install/my_robot_interfaces/share/ament_index/resource_index/package_run_dependencies/my_robot_interfaces
[0.417s] -- Up-to-date: /home/nextup/ros2_ws2/src/install/my_robot_interfaces/share/ament_index/resource_index/parent_prefix_path/my_robot_interfaces
[0.417s] -- Up-to-date: /home/nextup/ros2_ws2/src/install/my_robot_interfaces/share/my_robot_interfaces/environment/ament_prefix_path.sh
[0.417s] -- Up-to-date: /home/nextup/ros2_ws2/src/install/my_robot_interfaces/share/my_robot_interfaces/environment/ament_prefix_path.dsv
[0.417s] -- Up-to-date: /home/nextup/ros2_ws2/src/install/my_robot_interfaces/share/my_robot_interfaces/environment/path.sh
[0.417s] -- Up-to-date: /home/nextup/ros2_ws2/src/install/my_robot_interfaces/share/my_robot_interfaces/environment/path.dsv
[0.417s] -- Up-to-date: /home/nextup/ros2_ws2/src/install/my_robot_interfaces/share/my_robot_interfaces/local_setup.bash
[0.417s] -- Up-to-date: /home/nextup/ros2_ws2/src/install/my_robot_interfaces/share/my_robot_interfaces/local_setup.sh
[0.417s] -- Up-to-date: /home/nextup/ros2_ws2/src/install/my_robot_interfaces/share/my_robot_interfaces/local_setup.zsh
[0.417s] -- Up-to-date: /home/nextup/ros2_ws2/src/install/my_robot_interfaces/share/my_robot_interfaces/local_setup.dsv
[0.417s] -- Installing: /home/nextup/ros2_ws2/src/install/my_robot_interfaces/share/my_robot_interfaces/package.dsv
[0.417s] -- Up-to-date: /home/nextup/ros2_ws2/src/install/my_robot_interfaces/share/ament_index/resource_index/packages/my_robot_interfaces
[0.417s] -- Up-to-date: /home/nextup/ros2_ws2/src/install/my_robot_interfaces/share/my_robot_interfaces/cmake/export_my_robot_interfaces__rosidl_generator_cExport.cmake
[0.417s] -- Up-to-date: /home/nextup/ros2_ws2/src/install/my_robot_interfaces/share/my_robot_interfaces/cmake/export_my_robot_interfaces__rosidl_generator_cExport-noconfig.cmake
[0.418s] -- Up-to-date: /home/nextup/ros2_ws2/src/install/my_robot_interfaces/share/my_robot_interfaces/cmake/export_my_robot_interfaces__rosidl_typesupport_fastrtps_cExport.cmake
[0.418s] -- Up-to-date: /home/nextup/ros2_ws2/src/install/my_robot_interfaces/share/my_robot_interfaces/cmake/export_my_robot_interfaces__rosidl_typesupport_fastrtps_cExport-noconfig.cmake
[0.418s] -- Up-to-date: /home/nextup/ros2_ws2/src/install/my_robot_interfaces/share/my_robot_interfaces/cmake/my_robot_interfaces__rosidl_typesupport_introspection_cExport.cmake
[0.418s] -- Up-to-date: /home/nextup/ros2_ws2/src/install/my_robot_interfaces/share/my_robot_interfaces/cmake/my_robot_interfaces__rosidl_typesupport_introspection_cExport-noconfig.cmake
[0.418s] -- Up-to-date: /home/nextup/ros2_ws2/src/install/my_robot_interfaces/share/my_robot_interfaces/cmake/my_robot_interfaces__rosidl_typesupport_cExport.cmake
[0.418s] -- Up-to-date: /home/nextup/ros2_ws2/src/install/my_robot_interfaces/share/my_robot_interfaces/cmake/my_robot_interfaces__rosidl_typesupport_cExport-noconfig.cmake
[0.418s] -- Up-to-date: /home/nextup/ros2_ws2/src/install/my_robot_interfaces/share/my_robot_interfaces/cmake/export_my_robot_interfaces__rosidl_generator_cppExport.cmake
[0.418s] -- Up-to-date: /home/nextup/ros2_ws2/src/install/my_robot_interfaces/share/my_robot_interfaces/cmake/export_my_robot_interfaces__rosidl_typesupport_fastrtps_cppExport.cmake
[0.418s] -- Up-to-date: /home/nextup/ros2_ws2/src/install/my_robot_interfaces/share/my_robot_interfaces/cmake/export_my_robot_interfaces__rosidl_typesupport_fastrtps_cppExport-noconfig.cmake
[0.418s] -- Up-to-date: /home/nextup/ros2_ws2/src/install/my_robot_interfaces/share/my_robot_interfaces/cmake/my_robot_interfaces__rosidl_typesupport_introspection_cppExport.cmake
[0.418s] -- Up-to-date: /home/nextup/ros2_ws2/src/install/my_robot_interfaces/share/my_robot_interfaces/cmake/my_robot_interfaces__rosidl_typesupport_introspection_cppExport-noconfig.cmake
[0.418s] -- Up-to-date: /home/nextup/ros2_ws2/src/install/my_robot_interfaces/share/my_robot_interfaces/cmake/my_robot_interfaces__rosidl_typesupport_cppExport.cmake
[0.418s] -- Up-to-date: /home/nextup/ros2_ws2/src/install/my_robot_interfaces/share/my_robot_interfaces/cmake/my_robot_interfaces__rosidl_typesupport_cppExport-noconfig.cmake
[0.418s] -- Up-to-date: /home/nextup/ros2_ws2/src/install/my_robot_interfaces/share/my_robot_interfaces/cmake/export_my_robot_interfaces__rosidl_generator_pyExport.cmake
[0.418s] -- Up-to-date: /home/nextup/ros2_ws2/src/install/my_robot_interfaces/share/my_robot_interfaces/cmake/export_my_robot_interfaces__rosidl_generator_pyExport-noconfig.cmake
[0.418s] -- Up-to-date: /home/nextup/ros2_ws2/src/install/my_robot_interfaces/share/my_robot_interfaces/cmake/rosidl_cmake-extras.cmake
[0.418s] -- Up-to-date: /home/nextup/ros2_ws2/src/install/my_robot_interfaces/share/my_robot_interfaces/cmake/ament_cmake_export_dependencies-extras.cmake
[0.419s] -- Up-to-date: /home/nextup/ros2_ws2/src/install/my_robot_interfaces/share/my_robot_interfaces/cmake/ament_cmake_export_include_directories-extras.cmake
[0.419s] -- Up-to-date: /home/nextup/ros2_ws2/src/install/my_robot_interfaces/share/my_robot_interfaces/cmake/ament_cmake_export_libraries-extras.cmake
[0.419s] -- Up-to-date: /home/nextup/ros2_ws2/src/install/my_robot_interfaces/share/my_robot_interfaces/cmake/ament_cmake_export_targets-extras.cmake
[0.419s] -- Up-to-date: /home/nextup/ros2_ws2/src/install/my_robot_interfaces/share/my_robot_interfaces/cmake/rosidl_cmake_export_typesupport_targets-extras.cmake
[0.419s] -- Up-to-date: /home/nextup/ros2_ws2/src/install/my_robot_interfaces/share/my_robot_interfaces/cmake/rosidl_cmake_export_typesupport_libraries-extras.cmake
[0.419s] -- Up-to-date: /home/nextup/ros2_ws2/src/install/my_robot_interfaces/share/my_robot_interfaces/cmake/my_robot_interfacesConfig.cmake
[0.419s] -- Up-to-date: /home/nextup/ros2_ws2/src/install/my_robot_interfaces/share/my_robot_interfaces/cmake/my_robot_interfacesConfig-version.cmake
[0.419s] -- Up-to-date: /home/nextup/ros2_ws2/src/install/my_robot_interfaces/share/my_robot_interfaces/package.xml
[0.421s] Invoked command in '/home/nextup/ros2_ws2/src/build/my_robot_interfaces' returned '0': CMAKE_PREFIX_PATH=${CMAKE_PREFIX_PATH}:/home/nextup/ros2_ws2/install/actions_py:/home/nextup/ros2_ws2/src/install/actions_py:/opt/ros/humble /usr/bin/cmake --install /home/nextup/ros2_ws2/src/build/my_robot_interfaces
