[0.252s] Invoking command in '/home/anjali/arduinoboot_ws/build/arduniobot_movelt': CMAKE_PREFIX_PATH=${CMAKE_PREFIX_PATH}:/home/anjali/arduinoboot_ws/install/arduinoboot_py_examples:/opt/ros/humble /usr/bin/cmake /home/anjali/arduinoboot_ws/src/arduniobot_movelt -DCMAKE_INSTALL_PREFIX=/home/anjali/arduinoboot_ws/install/arduniobot_movelt
[0.306s] -- The C compiler identification is GNU 11.4.0
[0.373s] -- The CXX compiler identification is GNU 11.4.0
[0.381s] -- Detecting C compiler ABI info
[0.460s] -- Detecting C compiler ABI info - done
[0.470s] -- Check for working C compiler: /usr/bin/cc - skipped
[0.470s] -- Detecting C compile features
[0.470s] -- Detecting C compile features - done
[0.474s] -- Detecting CXX compiler ABI info
[0.561s] -- Detecting CXX compiler ABI info - done
[0.570s] -- Check for working CXX compiler: /usr/bin/c++ - skipped
[0.570s] -- Detecting CXX compile features
[0.571s] -- Detecting CXX compile features - done
[0.574s] -- Found ament_cmake: 1.3.9 (/opt/ros/humble/share/ament_cmake/cmake)
[1.465s] -- Found Python3: /usr/bin/python3 (found version "3.10.12") found components: Interpreter 
[1.645s] -- Configuring done
[1.648s] -- Generating done
[1.648s] -- Build files have been written to: /home/anjali/arduinoboot_ws/build/arduniobot_movelt
[1.656s] Invoked command in '/home/anjali/arduinoboot_ws/build/arduniobot_movelt' returned '0': CMAKE_PREFIX_PATH=${CMAKE_PREFIX_PATH}:/home/anjali/arduinoboot_ws/install/arduinoboot_py_examples:/opt/ros/humble /usr/bin/cmake /home/anjali/arduinoboot_ws/src/arduniobot_movelt -DCMAKE_INSTALL_PREFIX=/home/anjali/arduinoboot_ws/install/arduniobot_movelt
[1.659s] Invoking command in '/home/anjali/arduinoboot_ws/build/arduniobot_movelt': CMAKE_PREFIX_PATH=${CMAKE_PREFIX_PATH}:/home/anjali/arduinoboot_ws/install/arduinoboot_py_examples:/opt/ros/humble /usr/bin/cmake --build /home/anjali/arduinoboot_ws/build/arduniobot_movelt -- -j16 -l16
[1.691s] Invoked command in '/home/anjali/arduinoboot_ws/build/arduniobot_movelt' returned '0': CMAKE_PREFIX_PATH=${CMAKE_PREFIX_PATH}:/home/anjali/arduinoboot_ws/install/arduinoboot_py_examples:/opt/ros/humble /usr/bin/cmake --build /home/anjali/arduinoboot_ws/build/arduniobot_movelt -- -j16 -l16
[1.713s] Invoking command in '/home/anjali/arduinoboot_ws/build/arduniobot_movelt': CMAKE_PREFIX_PATH=${CMAKE_PREFIX_PATH}:/home/anjali/arduinoboot_ws/install/arduinoboot_py_examples:/opt/ros/humble /usr/bin/cmake --install /home/anjali/arduinoboot_ws/build/arduniobot_movelt
[1.721s] -- Install configuration: ""
[1.722s] -- Installing: /home/anjali/arduinoboot_ws/install/arduniobot_movelt/share/arduniobot_movelt/launch
[1.722s] -- Installing: /home/anjali/arduinoboot_ws/install/arduniobot_movelt/share/arduniobot_movelt/launch/moveit.launch.py
[1.722s] -- Installing: /home/anjali/arduinoboot_ws/install/arduniobot_movelt/share/arduniobot_movelt/config
[1.722s] -- Installing: /home/anjali/arduinoboot_ws/install/arduniobot_movelt/share/arduniobot_movelt/config/kinematic.yaml
[1.722s] -- Installing: /home/anjali/arduinoboot_ws/install/arduniobot_movelt/share/arduniobot_movelt/config/initial_positions.yaml
[1.723s] -- Installing: /home/anjali/arduinoboot_ws/install/arduniobot_movelt/share/arduniobot_movelt/config/joint_limits.yaml
[1.723s] -- Installing: /home/anjali/arduinoboot_ws/install/arduniobot_movelt/share/arduniobot_movelt/config/moveit_controller.yaml
[1.723s] -- Installing: /home/anjali/arduinoboot_ws/install/arduniobot_movelt/share/arduniobot_movelt/config/arduniobot_movelt
[1.723s] -- Installing: /home/anjali/arduinoboot_ws/install/arduniobot_movelt/share/arduniobot_movelt/config/pliz_cartesian_limits.yaml
[1.724s] -- Installing: /home/anjali/arduinoboot_ws/install/arduniobot_movelt/share/arduniobot_movelt/config/arduniobot.srdf
[1.724s] -- Installing: /home/anjali/arduinoboot_ws/install/arduniobot_movelt/share/ament_index/resource_index/package_run_dependencies/arduniobot_movelt
[1.725s] -- Installing: /home/anjali/arduinoboot_ws/install/arduniobot_movelt/share/ament_index/resource_index/parent_prefix_path/arduniobot_movelt
[1.725s] -- Installing: /home/anjali/arduinoboot_ws/install/arduniobot_movelt/share/arduniobot_movelt/environment/ament_prefix_path.sh
[1.725s] -- Installing: /home/anjali/arduinoboot_ws/install/arduniobot_movelt/share/arduniobot_movelt/environment/ament_prefix_path.dsv
[1.725s] -- Installing: /home/anjali/arduinoboot_ws/install/arduniobot_movelt/share/arduniobot_movelt/environment/path.sh
[1.726s] -- Installing: /home/anjali/arduinoboot_ws/install/arduniobot_movelt/share/arduniobot_movelt/environment/path.dsv
[1.726s] -- Installing: /home/anjali/arduinoboot_ws/install/arduniobot_movelt/share/arduniobot_movelt/local_setup.bash
[1.726s] -- Installing: /home/anjali/arduinoboot_ws/install/arduniobot_movelt/share/arduniobot_movelt/local_setup.sh
[1.726s] -- Installing: /home/anjali/arduinoboot_ws/install/arduniobot_movelt/share/arduniobot_movelt/local_setup.zsh
[1.726s] -- Installing: /home/anjali/arduinoboot_ws/install/arduniobot_movelt/share/arduniobot_movelt/local_setup.dsv
[1.726s] -- Installing: /home/anjali/arduinoboot_ws/install/arduniobot_movelt/share/arduniobot_movelt/package.dsv
[1.726s] -- Installing: /home/anjali/arduinoboot_ws/install/arduniobot_movelt/share/ament_index/resource_index/packages/arduniobot_movelt
[1.726s] -- Installing: /home/anjali/arduinoboot_ws/install/arduniobot_movelt/share/arduniobot_movelt/cmake/ament_cmake_export_dependencies-extras.cmake
[1.727s] -- Installing: /home/anjali/arduinoboot_ws/install/arduniobot_movelt/share/arduniobot_movelt/cmake/arduniobot_moveltConfig.cmake
[1.727s] -- Installing: /home/anjali/arduinoboot_ws/install/arduniobot_movelt/share/arduniobot_movelt/cmake/arduniobot_moveltConfig-version.cmake
[1.727s] -- Installing: /home/anjali/arduinoboot_ws/install/arduniobot_movelt/share/arduniobot_movelt/package.xml
[1.732s] Invoked command in '/home/anjali/arduinoboot_ws/build/arduniobot_movelt' returned '0': CMAKE_PREFIX_PATH=${CMAKE_PREFIX_PATH}:/home/anjali/arduinoboot_ws/install/arduinoboot_py_examples:/opt/ros/humble /usr/bin/cmake --install /home/anjali/arduinoboot_ws/build/arduniobot_movelt
