-- Found ament_cmake: 1.3.9 (/opt/ros/humble/share/ament_cmake/cmake)
-- Found rclcpp: 16.0.9 (/opt/ros/humble/share/rclcpp/cmake)
-- Found rosidl_generator_c: 3.1.5 (/opt/ros/humble/share/rosidl_generator_c/cmake)
-- Found rosidl_adapter: 3.1.5 (/opt/ros/humble/share/rosidl_adapter/cmake)
-- Found rosidl_generator_cpp: 3.1.5 (/opt/ros/humble/share/rosidl_generator_cpp/cmake)
-- Using all available rosidl_typesupport_c: rosidl_typesupport_fastrtps_c;rosidl_typesupport_introspection_c
-- Using all available rosidl_typesupport_cpp: rosidl_typesupport_fastrtps_cpp;rosidl_typesupport_introspection_cpp
-- Found rmw_implementation_cmake: 6.1.2 (/opt/ros/humble/share/rmw_implementation_cmake/cmake)
-- Found rmw_fastrtps_cpp: 6.2.6 (/opt/ros/humble/share/rmw_fastrtps_cpp/cmake)
-- Using RMW implementation 'rmw_fastrtps_cpp' as default
-- Found my_robot_interfaces: 0.0.0 (/home/nextup/ros2_ws/install/my_robot_interfaces/share/my_robot_interfaces/cmake)
[31mCMake Error at /home/nextup/ros2_ws/install/my_robot_interfaces/share/my_robot_interfaces/cmake/ament_cmake_export_dependencies-extras.cmake:21 (find_package):
  By not providing "Findrosdil_default_runtime.cmake" in CMAKE_MODULE_PATH
  this project has asked CMake to find a package configuration file provided
  by "rosdil_default_runtime", but CMake did not find one.

  Could not find a package configuration file provided by
  "rosdil_default_runtime" with any of the following names:

    rosdil_default_runtimeConfig.cmake
    rosdil_default_runtime-config.cmake

  Add the installation prefix of "rosdil_default_runtime" to
  CMAKE_PREFIX_PATH or set "rosdil_default_runtime_DIR" to a directory
  containing one of the above files.  If "rosdil_default_runtime" provides a
  separate development package or SDK, be sure it has been installed.
Call Stack (most recent call first):
  /home/nextup/ros2_ws/install/my_robot_interfaces/share/my_robot_interfaces/cmake/my_robot_interfacesConfig.cmake:41 (include)
  CMakeLists.txt:11 (find_package)

[0m
-- Configuring incomplete, errors occurred!
See also "/home/nextup/ros2_ws/src/my_cpp_pkg/build/my_cpp_pkg/CMakeFiles/CMakeOutput.log".
