[0.007s] Invoking command in '/home/nextup/ros2_ws/src/my_cpp_pkg/build/my_cpp_pkg': CMAKE_PREFIX_PATH=${CMAKE_PREFIX_PATH}:/home/nextup/ros2_ws/install/my_py_pkg:/opt/ros/humble /usr/bin/cmake /home/nextup/ros2_ws/src/my_cpp_pkg -DCMAKE_INSTALL_PREFIX=/home/nextup/ros2_ws/src/my_cpp_pkg/install/my_cpp_pkg
[0.016s] -- Found ament_cmake: 1.3.9 (/opt/ros/humble/share/ament_cmake/cmake)
[0.094s] -- Found rclcpp: 16.0.9 (/opt/ros/humble/share/rclcpp/cmake)
[0.111s] -- Found rosidl_generator_c: 3.1.5 (/opt/ros/humble/share/rosidl_generator_c/cmake)
[0.112s] -- Found rosidl_adapter: 3.1.5 (/opt/ros/humble/share/rosidl_adapter/cmake)
[0.116s] -- Found rosidl_generator_cpp: 3.1.5 (/opt/ros/humble/share/rosidl_generator_cpp/cmake)
[0.123s] -- Using all available rosidl_typesupport_c: rosidl_typesupport_fastrtps_c;rosidl_typesupport_introspection_c
[0.132s] -- Using all available rosidl_typesupport_cpp: rosidl_typesupport_fastrtps_cpp;rosidl_typesupport_introspection_cpp
[0.166s] -- Found rmw_implementation_cmake: 6.1.2 (/opt/ros/humble/share/rmw_implementation_cmake/cmake)
[0.167s] -- Found rmw_fastrtps_cpp: 6.2.6 (/opt/ros/humble/share/rmw_fastrtps_cpp/cmake)
[0.234s] -- Using RMW implementation 'rmw_fastrtps_cpp' as default
[0.324s] -- Found my_robot_interfaces: 0.0.0 (/home/nextup/ros2_ws/install/my_robot_interfaces/share/my_robot_interfaces/cmake)
[0.337s] [31mCMake Error at /home/nextup/ros2_ws/install/my_robot_interfaces/share/my_robot_interfaces/cmake/ament_cmake_export_dependencies-extras.cmake:21 (find_package):
[0.338s]   By not providing "Findrosdil_default_runtime.cmake" in CMAKE_MODULE_PATH
[0.338s]   this project has asked CMake to find a package configuration file provided
[0.338s]   by "rosdil_default_runtime", but CMake did not find one.
[0.338s] 
[0.338s]   Could not find a package configuration file provided by
[0.338s]   "rosdil_default_runtime" with any of the following names:
[0.338s] 
[0.338s]     rosdil_default_runtimeConfig.cmake
[0.338s]     rosdil_default_runtime-config.cmake
[0.338s] 
[0.338s]   Add the installation prefix of "rosdil_default_runtime" to
[0.338s]   CMAKE_PREFIX_PATH or set "rosdil_default_runtime_DIR" to a directory
[0.338s]   containing one of the above files.  If "rosdil_default_runtime" provides a
[0.338s]   separate development package or SDK, be sure it has been installed.
[0.338s] Call Stack (most recent call first):
[0.339s]   /home/nextup/ros2_ws/install/my_robot_interfaces/share/my_robot_interfaces/cmake/my_robot_interfacesConfig.cmake:41 (include)
[0.339s]   CMakeLists.txt:11 (find_package)
[0.339s] 
[0.339s] [0m
[0.339s] -- Configuring incomplete, errors occurred!
[0.339s] See also "/home/nextup/ros2_ws/src/my_cpp_pkg/build/my_cpp_pkg/CMakeFiles/CMakeOutput.log".
[0.344s] Invoked command in '/home/nextup/ros2_ws/src/my_cpp_pkg/build/my_cpp_pkg' returned '1': CMAKE_PREFIX_PATH=${CMAKE_PREFIX_PATH}:/home/nextup/ros2_ws/install/my_py_pkg:/opt/ros/humble /usr/bin/cmake /home/nextup/ros2_ws/src/my_cpp_pkg -DCMAKE_INSTALL_PREFIX=/home/nextup/ros2_ws/src/my_cpp_pkg/install/my_cpp_pkg
