[0.167s] Invoking command in '/home/nextup/ros2_ws/build/my_robot_bringup': /usr/bin/cmake /home/nextup/ros2_ws/src/my_robot_bringup -DCMAKE_INSTALL_PREFIX=/home/nextup/ros2_ws/install/my_robot_bringup
[0.206s] -- The C compiler identification is GNU 11.4.0
[0.247s] -- The CXX compiler identification is GNU 11.4.0
[0.254s] -- Detecting C compiler ABI info
[0.304s] -- Detecting C compiler ABI info - done
[0.309s] -- Check for working C compiler: /usr/bin/cc - skipped
[0.309s] -- Detecting C compile features
[0.309s] -- Detecting C compile features - done
[0.311s] -- Detecting CXX compiler ABI info
[0.368s] -- Detecting CXX compiler ABI info - done
[0.373s] -- Check for working CXX compiler: /usr/bin/c++ - skipped
[0.374s] -- Detecting CXX compile features
[0.374s] -- Detecting CXX compile features - done
[0.375s] -- Found ament_cmake: 1.3.9 (/opt/ros/humble/share/ament_cmake/cmake)
[0.485s] -- Found Python3: /usr/bin/python3 (found version "3.10.12") found components: Interpreter 
[0.586s] Error parsing '/home/nextup/ros2_ws/src/my_robot_bringup/package.xml':
[0.616s] Traceback (most recent call last):
[0.616s]   File "/opt/ros/humble/share/ament_cmake_core/cmake/core/package_xml_2_cmake.py", line 150, in <module>
[0.616s]     main()
[0.616s]   File "/opt/ros/humble/share/ament_cmake_core/cmake/core/package_xml_2_cmake.py", line 53, in main
[0.616s]     raise e
[0.616s]   File "/opt/ros/humble/share/ament_cmake_core/cmake/core/package_xml_2_cmake.py", line 49, in main
[0.616s]     package = parse_package_string(
[0.616s]   File "/usr/lib/python3/dist-packages/catkin_pkg/package.py", line 786, in parse_package_string
[0.616s]     raise InvalidPackage('Error(s):%s' % (''.join(['\n- %s' % e for e in errors])), filename)
[0.616s] catkin_pkg.package.InvalidPackage: Error(s) in package '/home/nextup/ros2_ws/src/my_robot_bringup/package.xml':
[0.616s] Error(s):
[0.616s] - The generic dependency on 'rclpy' is redundant with: exec_depend
[0.616s] - The generic dependency on 'turtlesim' is redundant with: exec_depend
[0.616s] - The generic dependency on 'geometry_msgs' is redundant with: exec_depend
[0.626s] [31mCMake Error at /opt/ros/humble/share/ament_cmake_core/cmake/core/ament_package_xml.cmake:95 (message):
[0.627s]   execute_process(/usr/bin/python3
[0.627s]   /opt/ros/humble/share/ament_cmake_core/cmake/core/package_xml_2_cmake.py
[0.627s]   /home/nextup/ros2_ws/src/my_robot_bringup/package.xml
[0.627s]   /home/nextup/ros2_ws/build/my_robot_bringup/ament_cmake_core/package.cmake)
[0.627s]   returned error code 1
[0.627s] Call Stack (most recent call first):
[0.627s]   /opt/ros/humble/share/ament_cmake_core/cmake/core/ament_package_xml.cmake:49 (_ament_package_xml)
[0.627s]   /opt/ros/humble/share/ament_cmake_core/cmake/core/ament_package.cmake:63 (ament_package_xml)
[0.627s]   CMakeLists.txt:16 (ament_package)
[0.627s] 
[0.627s] [0m
[0.627s] -- Configuring incomplete, errors occurred!
[0.627s] See also "/home/nextup/ros2_ws/build/my_robot_bringup/CMakeFiles/CMakeOutput.log".
