[0.711s] Invoking command in '/home/nextup/ros2_ws2/src/actions_py': AMENT_PREFIX_PATH=/home/nextup/ros2_ws2/install/my_robot_interfaces:${AMENT_PREFIX_PATH} CMAKE_PREFIX_PATH=/home/nextup/ros2_ws2/install/my_robot_interfaces:${CMAKE_PREFIX_PATH} LD_LIBRARY_PATH=/home/nextup/ros2_ws2/install/my_robot_interfaces/lib:${LD_LIBRARY_PATH} PYTHONPATH=/home/nextup/ros2_ws2/build/actions_py/prefix_override:/home/nextup/ros2_ws2/install/actions_py/lib/python3.10/site-packages:/home/nextup/ros2_ws2/install/my_robot_interfaces/local/lib/python3.10/dist-packages:${PYTHONPATH} /usr/bin/python3 -W ignore:setup.py install is deprecated setup.py egg_info --egg-base ../../build/actions_py build --build-base /home/nextup/ros2_ws2/build/actions_py/build install --record /home/nextup/ros2_ws2/build/actions_py/install.log --single-version-externally-managed install_data
[0.842s] running egg_info
[0.842s] creating ../../build/actions_py/actions_py.egg-info
[0.849s] writing ../../build/actions_py/actions_py.egg-info/PKG-INFO
[0.849s] writing dependency_links to ../../build/actions_py/actions_py.egg-info/dependency_links.txt
[0.850s] writing entry points to ../../build/actions_py/actions_py.egg-info/entry_points.txt
[0.850s] writing requirements to ../../build/actions_py/actions_py.egg-info/requires.txt
[0.850s] writing top-level names to ../../build/actions_py/actions_py.egg-info/top_level.txt
[0.850s] writing manifest file '../../build/actions_py/actions_py.egg-info/SOURCES.txt'
[0.864s] reading manifest file '../../build/actions_py/actions_py.egg-info/SOURCES.txt'
[0.864s] writing manifest file '../../build/actions_py/actions_py.egg-info/SOURCES.txt'
[0.865s] running build
[0.865s] running build_py
[0.865s] creating /home/nextup/ros2_ws2/build/actions_py/build
[0.865s] creating /home/nextup/ros2_ws2/build/actions_py/build/lib
[0.865s] creating /home/nextup/ros2_ws2/build/actions_py/build/lib/actions_py
[0.865s] copying actions_py/move_robot_client.py -> /home/nextup/ros2_ws2/build/actions_py/build/lib/actions_py
[0.865s] copying actions_py/count_until_server.py -> /home/nextup/ros2_ws2/build/actions_py/build/lib/actions_py
[0.865s] copying actions_py/count_until_client.py -> /home/nextup/ros2_ws2/build/actions_py/build/lib/actions_py
[0.865s] copying actions_py/__init__.py -> /home/nextup/ros2_ws2/build/actions_py/build/lib/actions_py
[0.865s] copying actions_py/move_robot_server.py -> /home/nextup/ros2_ws2/build/actions_py/build/lib/actions_py
[0.866s] running install
[0.868s] running install_lib
[0.875s] creating /home/nextup/ros2_ws2/install/actions_py/lib/python3.10/site-packages/actions_py
[0.875s] copying /home/nextup/ros2_ws2/build/actions_py/build/lib/actions_py/move_robot_client.py -> /home/nextup/ros2_ws2/install/actions_py/lib/python3.10/site-packages/actions_py
[0.875s] copying /home/nextup/ros2_ws2/build/actions_py/build/lib/actions_py/count_until_server.py -> /home/nextup/ros2_ws2/install/actions_py/lib/python3.10/site-packages/actions_py
[0.875s] copying /home/nextup/ros2_ws2/build/actions_py/build/lib/actions_py/count_until_client.py -> /home/nextup/ros2_ws2/install/actions_py/lib/python3.10/site-packages/actions_py
[0.875s] copying /home/nextup/ros2_ws2/build/actions_py/build/lib/actions_py/__init__.py -> /home/nextup/ros2_ws2/install/actions_py/lib/python3.10/site-packages/actions_py
[0.876s] copying /home/nextup/ros2_ws2/build/actions_py/build/lib/actions_py/move_robot_server.py -> /home/nextup/ros2_ws2/install/actions_py/lib/python3.10/site-packages/actions_py
[0.876s] byte-compiling /home/nextup/ros2_ws2/install/actions_py/lib/python3.10/site-packages/actions_py/move_robot_client.py to move_robot_client.cpython-310.pyc
[0.876s] byte-compiling /home/nextup/ros2_ws2/install/actions_py/lib/python3.10/site-packages/actions_py/count_until_server.py to count_until_server.cpython-310.pyc
[0.876s] byte-compiling /home/nextup/ros2_ws2/install/actions_py/lib/python3.10/site-packages/actions_py/count_until_client.py to count_until_client.cpython-310.pyc
[0.877s] byte-compiling /home/nextup/ros2_ws2/install/actions_py/lib/python3.10/site-packages/actions_py/__init__.py to __init__.cpython-310.pyc
[0.877s] byte-compiling /home/nextup/ros2_ws2/install/actions_py/lib/python3.10/site-packages/actions_py/move_robot_server.py to move_robot_server.cpython-310.pyc
[0.877s] running install_data
[0.877s] creating /home/nextup/ros2_ws2/install/actions_py/share/ament_index
[0.877s] creating /home/nextup/ros2_ws2/install/actions_py/share/ament_index/resource_index
[0.878s] creating /home/nextup/ros2_ws2/install/actions_py/share/ament_index/resource_index/packages
[0.878s] copying resource/actions_py -> /home/nextup/ros2_ws2/install/actions_py/share/ament_index/resource_index/packages
[0.878s] copying package.xml -> /home/nextup/ros2_ws2/install/actions_py/share/actions_py
[0.878s] running install_egg_info
[0.885s] Copying ../../build/actions_py/actions_py.egg-info to /home/nextup/ros2_ws2/install/actions_py/lib/python3.10/site-packages/actions_py-0.0.0-py3.10.egg-info
[0.885s] running install_scripts
[0.957s] Installing count_until_client script to /home/nextup/ros2_ws2/install/actions_py/lib/actions_py
[0.957s] Installing count_until_server script to /home/nextup/ros2_ws2/install/actions_py/lib/actions_py
[0.957s] Installing move_robot_client script to /home/nextup/ros2_ws2/install/actions_py/lib/actions_py
[0.957s] Installing move_robot_server script to /home/nextup/ros2_ws2/install/actions_py/lib/actions_py
[0.957s] writing list of installed files to '/home/nextup/ros2_ws2/build/actions_py/install.log'
[0.977s] Invoked command in '/home/nextup/ros2_ws2/src/actions_py' returned '0': AMENT_PREFIX_PATH=/home/nextup/ros2_ws2/install/my_robot_interfaces:${AMENT_PREFIX_PATH} CMAKE_PREFIX_PATH=/home/nextup/ros2_ws2/install/my_robot_interfaces:${CMAKE_PREFIX_PATH} LD_LIBRARY_PATH=/home/nextup/ros2_ws2/install/my_robot_interfaces/lib:${LD_LIBRARY_PATH} PYTHONPATH=/home/nextup/ros2_ws2/build/actions_py/prefix_override:/home/nextup/ros2_ws2/install/actions_py/lib/python3.10/site-packages:/home/nextup/ros2_ws2/install/my_robot_interfaces/local/lib/python3.10/dist-packages:${PYTHONPATH} /usr/bin/python3 -W ignore:setup.py install is deprecated setup.py egg_info --egg-base ../../build/actions_py build --build-base /home/nextup/ros2_ws2/build/actions_py/build install --record /home/nextup/ros2_ws2/build/actions_py/install.log --single-version-externally-managed install_data
