[0.026s] Invoking command in '/home/nextup/ros2_ws2/src/build/actions_cpp': CMAKE_PREFIX_PATH=/home/nextup/ros2_ws2/src/install/my_robot_interfaces:/home/nextup/ros2_ws2/install/final_project:/home/nextup/ros2_ws2/install/actions_cpp:/home/nextup/ros2_ws2/install/my_robot_interfaces:/home/nextup/ros2_ws2/install/my_robot_bringup:/home/nextup/ros2_ws2/install/lifecycle_cpp:/home/nextup/ros2_ws2/install/executors_cpp:/home/nextup/ros2_ws2/install/components_cpp:/home/nextup/ros2_ws2/src/install/final_project:/home/nextup/ros2_ws2/src/install/actions_cpp:/home/nextup/ros2_ws2/src/install/my_robot_bringup:/home/nextup/ros2_ws2/src/install/lifecycle_cpp:/home/nextup/ros2_ws2/src/install/executors_cpp:/home/nextup/ros2_ws2/src/install/components_cpp:/home/nextup/ros2_ws1/install/my_robot_bringup:/home/nextup/ros2_ws1/install/my_robot_description:/home/nextup/ros2_ws2/install/actions_py:/home/nextup/ros2_ws2/install/lifecycle_py:/home/nextup/ros2_ws2/install/executors_py:/home/nextup/ros2_ws2/src/install/actions_py:/home/nextup/ros2_ws2/src/install/lifecycle_py:/home/nextup/ros2_ws2/src/install/executors_py:/opt/ros/humble LD_LIBRARY_PATH=/home/nextup/ros2_ws2/src/install/my_robot_interfaces/lib:/home/nextup/ros2_ws2/install/final_project/lib:/home/nextup/ros2_ws2/install/my_robot_interfaces/lib:/home/nextup/ros2_ws2/install/components_cpp/lib:/home/nextup/ros2_ws2/src/install/final_project/lib:/home/nextup/ros2_ws2/src/install/components_cpp/lib:/usr/lib/x86_64-linux-gnu/gazebo-11/plugins:/opt/ros/humble/opt/rviz_ogre_vendor/lib:/opt/ros/humble/lib/x86_64-linux-gnu:/opt/ros/humble/lib /usr/bin/cmake --build /home/nextup/ros2_ws2/src/build/actions_cpp -- -j16 -l16
[0.253s] [35m[1mConsolidate compiler generated dependencies of target count_until_server_queue_goals[0m
[0.254s] [35m[1mConsolidate compiler generated dependencies of target count_until_client[0m
[0.254s] [35m[1mConsolidate compiler generated dependencies of target move_robot_client[0m
[0.254s] [35m[1mConsolidate compiler generated dependencies of target count_until_server[0m
[0.255s] [35m[1mConsolidate compiler generated dependencies of target move_robot_server[0m
[0.257s] [ 20%] Built target count_until_server_queue_goals
[0.258s] [ 60%] Built target move_robot_client
[0.258s] [ 60%] Built target move_robot_server
[0.259s] [100%] Built target count_until_client
[0.260s] [100%] Built target count_until_server
[0.266s] Invoked command in '/home/nextup/ros2_ws2/src/build/actions_cpp' returned '0': CMAKE_PREFIX_PATH=/home/nextup/ros2_ws2/src/install/my_robot_interfaces:/home/nextup/ros2_ws2/install/final_project:/home/nextup/ros2_ws2/install/actions_cpp:/home/nextup/ros2_ws2/install/my_robot_interfaces:/home/nextup/ros2_ws2/install/my_robot_bringup:/home/nextup/ros2_ws2/install/lifecycle_cpp:/home/nextup/ros2_ws2/install/executors_cpp:/home/nextup/ros2_ws2/install/components_cpp:/home/nextup/ros2_ws2/src/install/final_project:/home/nextup/ros2_ws2/src/install/actions_cpp:/home/nextup/ros2_ws2/src/install/my_robot_bringup:/home/nextup/ros2_ws2/src/install/lifecycle_cpp:/home/nextup/ros2_ws2/src/install/executors_cpp:/home/nextup/ros2_ws2/src/install/components_cpp:/home/nextup/ros2_ws1/install/my_robot_bringup:/home/nextup/ros2_ws1/install/my_robot_description:/home/nextup/ros2_ws2/install/actions_py:/home/nextup/ros2_ws2/install/lifecycle_py:/home/nextup/ros2_ws2/install/executors_py:/home/nextup/ros2_ws2/src/install/actions_py:/home/nextup/ros2_ws2/src/install/lifecycle_py:/home/nextup/ros2_ws2/src/install/executors_py:/opt/ros/humble LD_LIBRARY_PATH=/home/nextup/ros2_ws2/src/install/my_robot_interfaces/lib:/home/nextup/ros2_ws2/install/final_project/lib:/home/nextup/ros2_ws2/install/my_robot_interfaces/lib:/home/nextup/ros2_ws2/install/components_cpp/lib:/home/nextup/ros2_ws2/src/install/final_project/lib:/home/nextup/ros2_ws2/src/install/components_cpp/lib:/usr/lib/x86_64-linux-gnu/gazebo-11/plugins:/opt/ros/humble/opt/rviz_ogre_vendor/lib:/opt/ros/humble/lib/x86_64-linux-gnu:/opt/ros/humble/lib /usr/bin/cmake --build /home/nextup/ros2_ws2/src/build/actions_cpp -- -j16 -l16
[0.324s] Invoking command in '/home/nextup/ros2_ws2/src/build/actions_cpp': CMAKE_PREFIX_PATH=/home/nextup/ros2_ws2/src/install/my_robot_interfaces:/home/nextup/ros2_ws2/install/final_project:/home/nextup/ros2_ws2/install/actions_cpp:/home/nextup/ros2_ws2/install/my_robot_interfaces:/home/nextup/ros2_ws2/install/my_robot_bringup:/home/nextup/ros2_ws2/install/lifecycle_cpp:/home/nextup/ros2_ws2/install/executors_cpp:/home/nextup/ros2_ws2/install/components_cpp:/home/nextup/ros2_ws2/src/install/final_project:/home/nextup/ros2_ws2/src/install/actions_cpp:/home/nextup/ros2_ws2/src/install/my_robot_bringup:/home/nextup/ros2_ws2/src/install/lifecycle_cpp:/home/nextup/ros2_ws2/src/install/executors_cpp:/home/nextup/ros2_ws2/src/install/components_cpp:/home/nextup/ros2_ws1/install/my_robot_bringup:/home/nextup/ros2_ws1/install/my_robot_description:/home/nextup/ros2_ws2/install/actions_py:/home/nextup/ros2_ws2/install/lifecycle_py:/home/nextup/ros2_ws2/install/executors_py:/home/nextup/ros2_ws2/src/install/actions_py:/home/nextup/ros2_ws2/src/install/lifecycle_py:/home/nextup/ros2_ws2/src/install/executors_py:/opt/ros/humble LD_LIBRARY_PATH=/home/nextup/ros2_ws2/src/install/my_robot_interfaces/lib:/home/nextup/ros2_ws2/install/final_project/lib:/home/nextup/ros2_ws2/install/my_robot_interfaces/lib:/home/nextup/ros2_ws2/install/components_cpp/lib:/home/nextup/ros2_ws2/src/install/final_project/lib:/home/nextup/ros2_ws2/src/install/components_cpp/lib:/usr/lib/x86_64-linux-gnu/gazebo-11/plugins:/opt/ros/humble/opt/rviz_ogre_vendor/lib:/opt/ros/humble/lib/x86_64-linux-gnu:/opt/ros/humble/lib /usr/bin/cmake --install /home/nextup/ros2_ws2/src/build/actions_cpp
[0.337s] -- Install configuration: ""
[0.337s] -- Up-to-date: /home/nextup/ros2_ws2/src/install/actions_cpp/lib/actions_cpp/count_until_server
[0.337s] -- Up-to-date: /home/nextup/ros2_ws2/src/install/actions_cpp/lib/actions_cpp/count_until_server_queue_goals
[0.337s] -- Up-to-date: /home/nextup/ros2_ws2/src/install/actions_cpp/lib/actions_cpp/count_until_client
[0.338s] -- Up-to-date: /home/nextup/ros2_ws2/src/install/actions_cpp/lib/actions_cpp/move_robot_server
[0.338s] -- Up-to-date: /home/nextup/ros2_ws2/src/install/actions_cpp/lib/actions_cpp/move_robot_client
[0.338s] -- Up-to-date: /home/nextup/ros2_ws2/src/install/actions_cpp/share/ament_index/resource_index/package_run_dependencies/actions_cpp
[0.338s] -- Up-to-date: /home/nextup/ros2_ws2/src/install/actions_cpp/share/ament_index/resource_index/parent_prefix_path/actions_cpp
[0.339s] -- Up-to-date: /home/nextup/ros2_ws2/src/install/actions_cpp/share/actions_cpp/environment/ament_prefix_path.sh
[0.339s] -- Up-to-date: /home/nextup/ros2_ws2/src/install/actions_cpp/share/actions_cpp/environment/ament_prefix_path.dsv
[0.339s] -- Up-to-date: /home/nextup/ros2_ws2/src/install/actions_cpp/share/actions_cpp/environment/path.sh
[0.339s] -- Up-to-date: /home/nextup/ros2_ws2/src/install/actions_cpp/share/actions_cpp/environment/path.dsv
[0.339s] -- Up-to-date: /home/nextup/ros2_ws2/src/install/actions_cpp/share/actions_cpp/local_setup.bash
[0.339s] -- Up-to-date: /home/nextup/ros2_ws2/src/install/actions_cpp/share/actions_cpp/local_setup.sh
[0.339s] -- Up-to-date: /home/nextup/ros2_ws2/src/install/actions_cpp/share/actions_cpp/local_setup.zsh
[0.340s] -- Up-to-date: /home/nextup/ros2_ws2/src/install/actions_cpp/share/actions_cpp/local_setup.dsv
[0.340s] -- Installing: /home/nextup/ros2_ws2/src/install/actions_cpp/share/actions_cpp/package.dsv
[0.340s] -- Up-to-date: /home/nextup/ros2_ws2/src/install/actions_cpp/share/ament_index/resource_index/packages/actions_cpp
[0.340s] -- Up-to-date: /home/nextup/ros2_ws2/src/install/actions_cpp/share/actions_cpp/cmake/actions_cppConfig.cmake
[0.340s] -- Up-to-date: /home/nextup/ros2_ws2/src/install/actions_cpp/share/actions_cpp/cmake/actions_cppConfig-version.cmake
[0.340s] -- Up-to-date: /home/nextup/ros2_ws2/src/install/actions_cpp/share/actions_cpp/package.xml
[0.343s] Invoked command in '/home/nextup/ros2_ws2/src/build/actions_cpp' returned '0': CMAKE_PREFIX_PATH=/home/nextup/ros2_ws2/src/install/my_robot_interfaces:/home/nextup/ros2_ws2/install/final_project:/home/nextup/ros2_ws2/install/actions_cpp:/home/nextup/ros2_ws2/install/my_robot_interfaces:/home/nextup/ros2_ws2/install/my_robot_bringup:/home/nextup/ros2_ws2/install/lifecycle_cpp:/home/nextup/ros2_ws2/install/executors_cpp:/home/nextup/ros2_ws2/install/components_cpp:/home/nextup/ros2_ws2/src/install/final_project:/home/nextup/ros2_ws2/src/install/actions_cpp:/home/nextup/ros2_ws2/src/install/my_robot_bringup:/home/nextup/ros2_ws2/src/install/lifecycle_cpp:/home/nextup/ros2_ws2/src/install/executors_cpp:/home/nextup/ros2_ws2/src/install/components_cpp:/home/nextup/ros2_ws1/install/my_robot_bringup:/home/nextup/ros2_ws1/install/my_robot_description:/home/nextup/ros2_ws2/install/actions_py:/home/nextup/ros2_ws2/install/lifecycle_py:/home/nextup/ros2_ws2/install/executors_py:/home/nextup/ros2_ws2/src/install/actions_py:/home/nextup/ros2_ws2/src/install/lifecycle_py:/home/nextup/ros2_ws2/src/install/executors_py:/opt/ros/humble LD_LIBRARY_PATH=/home/nextup/ros2_ws2/src/install/my_robot_interfaces/lib:/home/nextup/ros2_ws2/install/final_project/lib:/home/nextup/ros2_ws2/install/my_robot_interfaces/lib:/home/nextup/ros2_ws2/install/components_cpp/lib:/home/nextup/ros2_ws2/src/install/final_project/lib:/home/nextup/ros2_ws2/src/install/components_cpp/lib:/usr/lib/x86_64-linux-gnu/gazebo-11/plugins:/opt/ros/humble/opt/rviz_ogre_vendor/lib:/opt/ros/humble/lib/x86_64-linux-gnu:/opt/ros/humble/lib /usr/bin/cmake --install /home/nextup/ros2_ws2/src/build/actions_cpp
