[  1%] [34m[1mGenerating C code for ROS interfaces[0m
[  3%] [34m[1mGenerating C++ code for ROS interfaces[0m
[  3%] Built target ament_cmake_python_copy_arduniobot_msgs
running egg_info
creating arduniobot_msgs.egg-info
writing arduniobot_msgs.egg-info/PKG-INFO
writing dependency_links to arduniobot_msgs.egg-info/dependency_links.txt
writing top-level names to arduniobot_msgs.egg-info/top_level.txt
writing manifest file 'arduniobot_msgs.egg-info/SOURCES.txt'
reading manifest file 'arduniobot_msgs.egg-info/SOURCES.txt'
writing manifest file 'arduniobot_msgs.egg-info/SOURCES.txt'
[  3%] Built target ament_cmake_python_build_arduniobot_msgs_egg
[  4%] [32mBuilding C object CMakeFiles/arduniobot_msgs__rosidl_generator_c.dir/rosidl_generator_c/arduniobot_msgs/srv/detail/add_two_ints__functions.c.o[0m
[ 11%] [32mBuilding C object CMakeFiles/arduniobot_msgs__rosidl_generator_c.dir/rosidl_generator_c/arduniobot_msgs/srv/detail/euler_to_quaternion__functions.c.o[0m
[ 11%] [32mBuilding C object CMakeFiles/arduniobot_msgs__rosidl_generator_c.dir/rosidl_generator_c/arduniobot_msgs/action/detail/fibonacci__functions.c.o[0m
[ 11%] [32mBuilding C object CMakeFiles/arduniobot_msgs__rosidl_generator_c.dir/rosidl_generator_c/arduniobot_msgs/action/detail/arduniobot_task__functions.c.o[0m
[ 11%] [32mBuilding C object CMakeFiles/arduniobot_msgs__rosidl_generator_c.dir/rosidl_generator_c/arduniobot_msgs/srv/detail/quaternion_to_euler__functions.c.o[0m
[ 11%] Built target arduniobot_msgs__cpp
[ 14%] [34m[1mGenerating C++ type support for eProsima Fast-RTPS[0m
[ 14%] [34m[1mGenerating C++ type support dispatch for ROS interfaces[0m
[ 15%] [34m[1mGenerating C++ introspection for ROS interfaces[0m
[ 17%] [32m[1mLinking C shared library libarduniobot_msgs__rosidl_generator_c.so[0m
[ 17%] Built target arduniobot_msgs__rosidl_generator_c
[ 22%] [34m[1mGenerating C type support dispatch for ROS interfaces[0m
[ 22%] [34m[1mGenerating C type support for eProsima Fast-RTPS[0m
[ 22%] [34m[1mGenerating C introspection for ROS interfaces[0m
[ 23%] [32mBuilding CXX object CMakeFiles/arduniobot_msgs__rosidl_typesupport_cpp.dir/rosidl_typesupport_cpp/arduniobot_msgs/action/fibonacci__type_support.cpp.o[0m
[ 30%] [32mBuilding CXX object CMakeFiles/arduniobot_msgs__rosidl_typesupport_cpp.dir/rosidl_typesupport_cpp/arduniobot_msgs/srv/quaternion_to_euler__type_support.cpp.o[0m
[ 30%] [32mBuilding CXX object CMakeFiles/arduniobot_msgs__rosidl_typesupport_cpp.dir/rosidl_typesupport_cpp/arduniobot_msgs/srv/euler_to_quaternion__type_support.cpp.o[0m
[ 30%] [32mBuilding CXX object CMakeFiles/arduniobot_msgs__rosidl_typesupport_cpp.dir/rosidl_typesupport_cpp/arduniobot_msgs/srv/add_two_ints__type_support.cpp.o[0m
[ 30%] [32mBuilding CXX object CMakeFiles/arduniobot_msgs__rosidl_typesupport_cpp.dir/rosidl_typesupport_cpp/arduniobot_msgs/action/arduniobot_task__type_support.cpp.o[0m
[ 34%] [32mBuilding CXX object CMakeFiles/arduniobot_msgs__rosidl_typesupport_c.dir/rosidl_typesupport_c/arduniobot_msgs/action/fibonacci__type_support.cpp.o[0m
[ 34%] [32mBuilding CXX object CMakeFiles/arduniobot_msgs__rosidl_typesupport_c.dir/rosidl_typesupport_c/arduniobot_msgs/srv/quaternion_to_euler__type_support.cpp.o[0m
[ 34%] [32mBuilding CXX object CMakeFiles/arduniobot_msgs__rosidl_typesupport_c.dir/rosidl_typesupport_c/arduniobot_msgs/srv/euler_to_quaternion__type_support.cpp.o[0m
[ 36%] [32mBuilding CXX object CMakeFiles/arduniobot_msgs__rosidl_typesupport_c.dir/rosidl_typesupport_c/arduniobot_msgs/srv/add_two_ints__type_support.cpp.o[0m
[ 38%] [32mBuilding CXX object CMakeFiles/arduniobot_msgs__rosidl_typesupport_c.dir/rosidl_typesupport_c/arduniobot_msgs/action/arduniobot_task__type_support.cpp.o[0m
[ 39%] [32m[1mLinking CXX shared library libarduniobot_msgs__rosidl_typesupport_c.so[0m
[ 39%] Built target arduniobot_msgs__rosidl_typesupport_c
[ 47%] [32mBuilding CXX object CMakeFiles/arduniobot_msgs__rosidl_typesupport_fastrtps_cpp.dir/rosidl_typesupport_fastrtps_cpp/arduniobot_msgs/srv/detail/dds_fastrtps/quaternion_to_euler__type_support.cpp.o[0m
[ 47%] [32mBuilding CXX object CMakeFiles/arduniobot_msgs__rosidl_typesupport_fastrtps_cpp.dir/rosidl_typesupport_fastrtps_cpp/arduniobot_msgs/srv/detail/dds_fastrtps/add_two_ints__type_support.cpp.o[0m
[ 47%] [32mBuilding CXX object CMakeFiles/arduniobot_msgs__rosidl_typesupport_fastrtps_cpp.dir/rosidl_typesupport_fastrtps_cpp/arduniobot_msgs/srv/detail/dds_fastrtps/euler_to_quaternion__type_support.cpp.o[0m
[ 47%] [32mBuilding CXX object CMakeFiles/arduniobot_msgs__rosidl_typesupport_fastrtps_cpp.dir/rosidl_typesupport_fastrtps_cpp/arduniobot_msgs/action/detail/dds_fastrtps/arduniobot_task__type_support.cpp.o[0m
[ 47%] [32mBuilding CXX object CMakeFiles/arduniobot_msgs__rosidl_typesupport_fastrtps_cpp.dir/rosidl_typesupport_fastrtps_cpp/arduniobot_msgs/action/detail/dds_fastrtps/fibonacci__type_support.cpp.o[0m
[ 50%] [32mBuilding CXX object CMakeFiles/arduniobot_msgs__rosidl_typesupport_introspection_cpp.dir/rosidl_typesupport_introspection_cpp/arduniobot_msgs/srv/detail/add_two_ints__type_support.cpp.o[0m
[ 52%] [32mBuilding CXX object CMakeFiles/arduniobot_msgs__rosidl_typesupport_introspection_cpp.dir/rosidl_typesupport_introspection_cpp/arduniobot_msgs/srv/detail/euler_to_quaternion__type_support.cpp.o[0m
[ 52%] [32mBuilding CXX object CMakeFiles/arduniobot_msgs__rosidl_typesupport_introspection_cpp.dir/rosidl_typesupport_introspection_cpp/arduniobot_msgs/srv/detail/quaternion_to_euler__type_support.cpp.o[0m
[ 53%] [32mBuilding CXX object CMakeFiles/arduniobot_msgs__rosidl_typesupport_introspection_cpp.dir/rosidl_typesupport_introspection_cpp/arduniobot_msgs/action/detail/arduniobot_task__type_support.cpp.o[0m
[ 55%] [32mBuilding CXX object CMakeFiles/arduniobot_msgs__rosidl_typesupport_introspection_cpp.dir/rosidl_typesupport_introspection_cpp/arduniobot_msgs/action/detail/fibonacci__type_support.cpp.o[0m
[ 57%] [32mBuilding C object CMakeFiles/arduniobot_msgs__rosidl_typesupport_introspection_c.dir/rosidl_typesupport_introspection_c/arduniobot_msgs/srv/detail/euler_to_quaternion__type_support.c.o[0m
[ 60%] [32mBuilding C object CMakeFiles/arduniobot_msgs__rosidl_typesupport_introspection_c.dir/rosidl_typesupport_introspection_c/arduniobot_msgs/srv/detail/add_two_ints__type_support.c.o[0m
[ 60%] [32mBuilding C object CMakeFiles/arduniobot_msgs__rosidl_typesupport_introspection_c.dir/rosidl_typesupport_introspection_c/arduniobot_msgs/srv/detail/quaternion_to_euler__type_support.c.o[0m
[ 61%] [32mBuilding C object CMakeFiles/arduniobot_msgs__rosidl_typesupport_introspection_c.dir/rosidl_typesupport_introspection_c/arduniobot_msgs/action/detail/fibonacci__type_support.c.o[0m
[ 63%] [32mBuilding C object CMakeFiles/arduniobot_msgs__rosidl_typesupport_introspection_c.dir/rosidl_typesupport_introspection_c/arduniobot_msgs/action/detail/arduniobot_task__type_support.c.o[0m
[ 65%] [32m[1mLinking CXX shared library libarduniobot_msgs__rosidl_typesupport_cpp.so[0m
[ 66%] [32m[1mLinking C shared library libarduniobot_msgs__rosidl_typesupport_introspection_c.so[0m
[ 68%] [32mBuilding CXX object CMakeFiles/arduniobot_msgs__rosidl_typesupport_fastrtps_c.dir/rosidl_typesupport_fastrtps_c/arduniobot_msgs/srv/detail/quaternion_to_euler__type_support_c.cpp.o[0m
[ 69%] [32mBuilding CXX object CMakeFiles/arduniobot_msgs__rosidl_typesupport_fastrtps_c.dir/rosidl_typesupport_fastrtps_c/arduniobot_msgs/srv/detail/add_two_ints__type_support_c.cpp.o[0m
[ 71%] [32mBuilding CXX object CMakeFiles/arduniobot_msgs__rosidl_typesupport_fastrtps_c.dir/rosidl_typesupport_fastrtps_c/arduniobot_msgs/srv/detail/euler_to_quaternion__type_support_c.cpp.o[0m
[ 71%] Built target arduniobot_msgs__rosidl_typesupport_cpp
[ 73%] [32mBuilding CXX object CMakeFiles/arduniobot_msgs__rosidl_typesupport_fastrtps_c.dir/rosidl_typesupport_fastrtps_c/arduniobot_msgs/action/detail/fibonacci__type_support_c.cpp.o[0m
[ 74%] [32mBuilding CXX object CMakeFiles/arduniobot_msgs__rosidl_typesupport_fastrtps_c.dir/rosidl_typesupport_fastrtps_c/arduniobot_msgs/action/detail/arduniobot_task__type_support_c.cpp.o[0m
[ 74%] Built target arduniobot_msgs__rosidl_typesupport_introspection_c
[ 76%] [32m[1mLinking CXX shared library libarduniobot_msgs__rosidl_typesupport_fastrtps_cpp.so[0m
[ 77%] [32m[1mLinking CXX shared library libarduniobot_msgs__rosidl_typesupport_introspection_cpp.so[0m
[ 77%] Built target arduniobot_msgs__rosidl_typesupport_fastrtps_cpp
[ 77%] Built target arduniobot_msgs__rosidl_typesupport_introspection_cpp
[ 79%] [32m[1mLinking CXX shared library libarduniobot_msgs__rosidl_typesupport_fastrtps_c.so[0m
[ 79%] Built target arduniobot_msgs__rosidl_typesupport_fastrtps_c
[ 79%] Built target arduniobot_msgs
[ 80%] [34m[1mGenerating Python code for ROS interfaces[0m
[ 80%] Built target arduniobot_msgs__py
[ 84%] [32mBuilding C object CMakeFiles/arduniobot_msgs__rosidl_generator_py.dir/rosidl_generator_py/arduniobot_msgs/srv/_add_two_ints_s.c.o[0m
[ 84%] [32mBuilding C object CMakeFiles/arduniobot_msgs__rosidl_generator_py.dir/rosidl_generator_py/arduniobot_msgs/action/_fibonacci_s.c.o[0m
[ 85%] [32mBuilding C object CMakeFiles/arduniobot_msgs__rosidl_generator_py.dir/rosidl_generator_py/arduniobot_msgs/srv/_euler_to_quaternion_s.c.o[0m
[ 88%] [32mBuilding C object CMakeFiles/arduniobot_msgs__rosidl_generator_py.dir/rosidl_generator_py/arduniobot_msgs/action/_arduniobot_task_s.c.o[0m
[ 88%] [32mBuilding C object CMakeFiles/arduniobot_msgs__rosidl_generator_py.dir/rosidl_generator_py/arduniobot_msgs/srv/_quaternion_to_euler_s.c.o[0m
[ 90%] [32m[1mLinking C shared library rosidl_generator_py/arduniobot_msgs/libarduniobot_msgs__rosidl_generator_py.so[0m
[ 90%] Built target arduniobot_msgs__rosidl_generator_py
[ 92%] [32mBuilding C object CMakeFiles/arduniobot_msgs__rosidl_typesupport_introspection_c__pyext.dir/rosidl_generator_py/arduniobot_msgs/_arduniobot_msgs_s.ep.rosidl_typesupport_introspection_c.c.o[0m
[ 93%] [32mBuilding C object CMakeFiles/arduniobot_msgs__rosidl_typesupport_fastrtps_c__pyext.dir/rosidl_generator_py/arduniobot_msgs/_arduniobot_msgs_s.ep.rosidl_typesupport_fastrtps_c.c.o[0m
[ 95%] [32mBuilding C object CMakeFiles/arduniobot_msgs__rosidl_typesupport_c__pyext.dir/rosidl_generator_py/arduniobot_msgs/_arduniobot_msgs_s.ep.rosidl_typesupport_c.c.o[0m
[ 96%] [32m[1mLinking C shared library rosidl_generator_py/arduniobot_msgs/arduniobot_msgs_s__rosidl_typesupport_introspection_c.cpython-310-x86_64-linux-gnu.so[0m
[ 98%] [32m[1mLinking C shared library rosidl_generator_py/arduniobot_msgs/arduniobot_msgs_s__rosidl_typesupport_c.cpython-310-x86_64-linux-gnu.so[0m
[ 98%] Built target arduniobot_msgs__rosidl_typesupport_c__pyext
[ 98%] Built target arduniobot_msgs__rosidl_typesupport_introspection_c__pyext
[100%] [32m[1mLinking C shared library rosidl_generator_py/arduniobot_msgs/arduniobot_msgs_s__rosidl_typesupport_fastrtps_c.cpython-310-x86_64-linux-gnu.so[0m
[100%] Built target arduniobot_msgs__rosidl_typesupport_fastrtps_c__pyext
