[0.007s] Invoking command in '/home/nextup/ros2_ws1/build/my_robot_bringup': CMAKE_PREFIX_PATH=/home/nextup/ros2_ws1/install/my_robot_description:/home/nextup/ros2_ws1/install/my_robot_bringup:/opt/ros/humble /usr/bin/cmake --build /home/nextup/ros2_ws1/build/my_robot_bringup -- -j16 -l16
[0.038s] Invoked command in '/home/nextup/ros2_ws1/build/my_robot_bringup' returned '0': CMAKE_PREFIX_PATH=/home/nextup/ros2_ws1/install/my_robot_description:/home/nextup/ros2_ws1/install/my_robot_bringup:/opt/ros/humble /usr/bin/cmake --build /home/nextup/ros2_ws1/build/my_robot_bringup -- -j16 -l16
[0.054s] Invoking command in '/home/nextup/ros2_ws1/build/my_robot_bringup': CMAKE_PREFIX_PATH=/home/nextup/ros2_ws1/install/my_robot_description:/home/nextup/ros2_ws1/install/my_robot_bringup:/opt/ros/humble /usr/bin/cmake --install /home/nextup/ros2_ws1/build/my_robot_bringup
[0.061s] -- Install configuration: ""
[0.061s] -- Execute custom install script
[0.061s] -- Up-to-date symlink: /home/nextup/ros2_ws1/install/my_robot_bringup/share/my_robot_bringup//launch/my_robot_gazebo.launch.xml
[0.061s] -- Up-to-date symlink: /home/nextup/ros2_ws1/install/my_robot_bringup/share/my_robot_bringup//rviz/urdf_config.rviz
[0.061s] -- Up-to-date symlink: /home/nextup/ros2_ws1/install/my_robot_bringup/share/ament_index/resource_index/package_run_dependencies/my_robot_bringup
[0.062s] -- Up-to-date symlink: /home/nextup/ros2_ws1/install/my_robot_bringup/share/ament_index/resource_index/parent_prefix_path/my_robot_bringup
[0.062s] -- Up-to-date symlink: /home/nextup/ros2_ws1/install/my_robot_bringup/share/my_robot_bringup/environment/ament_prefix_path.sh
[0.062s] -- Up-to-date symlink: /home/nextup/ros2_ws1/install/my_robot_bringup/share/my_robot_bringup/environment/ament_prefix_path.dsv
[0.062s] -- Up-to-date symlink: /home/nextup/ros2_ws1/install/my_robot_bringup/share/my_robot_bringup/environment/path.sh
[0.062s] -- Up-to-date symlink: /home/nextup/ros2_ws1/install/my_robot_bringup/share/my_robot_bringup/environment/path.dsv
[0.062s] -- Up-to-date symlink: /home/nextup/ros2_ws1/install/my_robot_bringup/share/my_robot_bringup/local_setup.bash
[0.062s] -- Up-to-date symlink: /home/nextup/ros2_ws1/install/my_robot_bringup/share/my_robot_bringup/local_setup.sh
[0.062s] -- Up-to-date symlink: /home/nextup/ros2_ws1/install/my_robot_bringup/share/my_robot_bringup/local_setup.zsh
[0.062s] -- Up-to-date symlink: /home/nextup/ros2_ws1/install/my_robot_bringup/share/my_robot_bringup/local_setup.dsv
[0.062s] -- Symlinking: /home/nextup/ros2_ws1/install/my_robot_bringup/share/my_robot_bringup/package.dsv
[0.070s] -- Up-to-date symlink: /home/nextup/ros2_ws1/install/my_robot_bringup/share/ament_index/resource_index/packages/my_robot_bringup
[0.070s] -- Up-to-date symlink: /home/nextup/ros2_ws1/install/my_robot_bringup/share/my_robot_bringup/cmake/my_robot_bringupConfig.cmake
[0.070s] -- Up-to-date symlink: /home/nextup/ros2_ws1/install/my_robot_bringup/share/my_robot_bringup/cmake/my_robot_bringupConfig-version.cmake
[0.070s] -- Up-to-date symlink: /home/nextup/ros2_ws1/install/my_robot_bringup/share/my_robot_bringup/package.xml
[0.072s] Invoked command in '/home/nextup/ros2_ws1/build/my_robot_bringup' returned '0': CMAKE_PREFIX_PATH=/home/nextup/ros2_ws1/install/my_robot_description:/home/nextup/ros2_ws1/install/my_robot_bringup:/opt/ros/humble /usr/bin/cmake --install /home/nextup/ros2_ws1/build/my_robot_bringup
