[1.032s] Invoking command in '/home/nextup/ros2_ws2/src/executors_py': PYTHONPATH=/home/nextup/ros2_ws2/src/build/executors_py/prefix_override:/home/nextup/ros2_ws2/src/install/executors_py/lib/python3.10/site-packages:${PYTHONPATH} /usr/bin/python3 -W ignore:setup.py install is deprecated setup.py egg_info --egg-base ../build/executors_py build --build-base /home/nextup/ros2_ws2/src/build/executors_py/build install --record /home/nextup/ros2_ws2/src/build/executors_py/install.log --single-version-externally-managed install_data
[1.262s] running egg_info
[1.271s] writing ../build/executors_py/executors_py.egg-info/PKG-INFO
[1.272s] writing dependency_links to ../build/executors_py/executors_py.egg-info/dependency_links.txt
[1.272s] writing entry points to ../build/executors_py/executors_py.egg-info/entry_points.txt
[1.272s] writing requirements to ../build/executors_py/executors_py.egg-info/requires.txt
[1.272s] writing top-level names to ../build/executors_py/executors_py.egg-info/top_level.txt
[1.291s] reading manifest file '../build/executors_py/executors_py.egg-info/SOURCES.txt'
[1.291s] writing manifest file '../build/executors_py/executors_py.egg-info/SOURCES.txt'
[1.292s] running build
[1.292s] running build_py
[1.292s] running install
[1.295s] running install_lib
[1.305s] running install_data
[1.306s] running install_egg_info
[1.316s] removing '/home/nextup/ros2_ws2/src/install/executors_py/lib/python3.10/site-packages/executors_py-0.0.0-py3.10.egg-info' (and everything under it)
[1.316s] Copying ../build/executors_py/executors_py.egg-info to /home/nextup/ros2_ws2/src/install/executors_py/lib/python3.10/site-packages/executors_py-0.0.0-py3.10.egg-info
[1.317s] running install_scripts
[1.415s] Installing multi_threaded_executor script to /home/nextup/ros2_ws2/src/install/executors_py/lib/executors_py
[1.415s] Installing single_threaded_executor script to /home/nextup/ros2_ws2/src/install/executors_py/lib/executors_py
[1.415s] writing list of installed files to '/home/nextup/ros2_ws2/src/build/executors_py/install.log'
[1.500s] Invoked command in '/home/nextup/ros2_ws2/src/executors_py' returned '0': PYTHONPATH=/home/nextup/ros2_ws2/src/build/executors_py/prefix_override:/home/nextup/ros2_ws2/src/install/executors_py/lib/python3.10/site-packages:${PYTHONPATH} /usr/bin/python3 -W ignore:setup.py install is deprecated setup.py egg_info --egg-base ../build/executors_py build --build-base /home/nextup/ros2_ws2/src/build/executors_py/build install --record /home/nextup/ros2_ws2/src/build/executors_py/install.log --single-version-externally-managed install_data
