-- The C compiler identification is GNU 11.4.0
-- The CXX compiler identification is GNU 11.4.0
-- Detecting C compiler ABI info
-- Detecting C compiler ABI info - done
-- Check for working C compiler: /usr/bin/cc - skipped
-- Detecting C compile features
-- Detecting C compile features - done
-- Detecting CXX compiler ABI info
-- Detecting CXX compiler ABI info - done
-- Check for working CXX compiler: /usr/bin/c++ - skipped
-- Detecting CXX compile features
-- Detecting CXX compile features - done
-- Found ament_cmake: 1.3.9 (/opt/ros/humble/share/ament_cmake/cmake)
-- Found Python3: /usr/bin/python3 (found version "3.10.12") found components: Interpreter 
-- Found rclcpp: 16.0.9 (/opt/ros/humble/share/rclcpp/cmake)
-- Found rosidl_generator_c: 3.1.5 (/opt/ros/humble/share/rosidl_generator_c/cmake)
-- Found rosidl_adapter: 3.1.5 (/opt/ros/humble/share/rosidl_adapter/cmake)
-- Found rosidl_generator_cpp: 3.1.5 (/opt/ros/humble/share/rosidl_generator_cpp/cmake)
-- Using all available rosidl_typesupport_c: rosidl_typesupport_fastrtps_c;rosidl_typesupport_introspection_c
-- Using all available rosidl_typesupport_cpp: rosidl_typesupport_fastrtps_cpp;rosidl_typesupport_introspection_cpp
-- Found rmw_implementation_cmake: 6.1.2 (/opt/ros/humble/share/rmw_implementation_cmake/cmake)
-- Found rmw_fastrtps_cpp: 6.2.6 (/opt/ros/humble/share/rmw_fastrtps_cpp/cmake)
-- Found OpenSSL: /usr/lib/x86_64-linux-gnu/libcrypto.so (found version "3.0.2")  
-- Found FastRTPS: /opt/ros/humble/include  
-- Using RMW implementation 'rmw_fastrtps_cpp' as default
-- Looking for pthread.h
-- Looking for pthread.h - found
-- Performing Test CMAKE_HAVE_LIBC_PTHREAD
-- Performing Test CMAKE_HAVE_LIBC_PTHREAD - Success
-- Found Threads: TRUE  
-- Found rclcpp_action: 16.0.9 (/opt/ros/humble/share/rclcpp_action/cmake)
-- Found my_robot_interfaces: 0.0.0 (/home/nextup/ros2_ws2/install/my_robot_interfaces/share/my_robot_interfaces/cmake)
-- Found example_interfaces: 0.9.3 (/opt/ros/humble/share/example_interfaces/cmake)
-- Configuring done
-- Generating done
-- Build files have been written to: /home/nextup/ros2_ws2/build/actions_cpp
[ 40%] [32mBuilding CXX object CMakeFiles/count_until_server_queue_goals.dir/src/count_until_server_queue_goals.cpp.o[0m
[ 40%] [32mBuilding CXX object CMakeFiles/count_until_server.dir/src/count_until_server.cpp.o[0m
[ 40%] [32mBuilding CXX object CMakeFiles/move_robot_server.dir/src/move_robot_server.cpp.o[0m
[ 40%] [32mBuilding CXX object CMakeFiles/count_until_client.dir/src/count_until_client.cpp.o[0m
[ 50%] [32mBuilding CXX object CMakeFiles/move_robot_client.dir/src/move_robot_client.cpp.o[0m
[ 60%] [32m[1mLinking CXX executable move_robot_server[0m
[ 70%] [32m[1mLinking CXX executable count_until_server[0m
[ 80%] [32m[1mLinking CXX executable count_until_server_queue_goals[0m
[ 80%] Built target move_robot_server
[ 80%] Built target count_until_server
[ 90%] [32m[1mLinking CXX executable count_until_client[0m
[ 90%] Built target count_until_server_queue_goals
[ 90%] Built target count_until_client
[100%] [32m[1mLinking CXX executable move_robot_client[0m
[100%] Built target move_robot_client
-- Install configuration: ""
-- Installing: /home/nextup/ros2_ws2/install/actions_cpp/lib/actions_cpp/count_until_server
-- Set runtime path of "/home/nextup/ros2_ws2/install/actions_cpp/lib/actions_cpp/count_until_server" to ""
-- Installing: /home/nextup/ros2_ws2/install/actions_cpp/lib/actions_cpp/count_until_server_queue_goals
-- Set runtime path of "/home/nextup/ros2_ws2/install/actions_cpp/lib/actions_cpp/count_until_server_queue_goals" to ""
-- Installing: /home/nextup/ros2_ws2/install/actions_cpp/lib/actions_cpp/count_until_client
-- Set runtime path of "/home/nextup/ros2_ws2/install/actions_cpp/lib/actions_cpp/count_until_client" to ""
-- Installing: /home/nextup/ros2_ws2/install/actions_cpp/lib/actions_cpp/move_robot_server
-- Set runtime path of "/home/nextup/ros2_ws2/install/actions_cpp/lib/actions_cpp/move_robot_server" to ""
-- Installing: /home/nextup/ros2_ws2/install/actions_cpp/lib/actions_cpp/move_robot_client
-- Set runtime path of "/home/nextup/ros2_ws2/install/actions_cpp/lib/actions_cpp/move_robot_client" to ""
-- Installing: /home/nextup/ros2_ws2/install/actions_cpp/share/ament_index/resource_index/package_run_dependencies/actions_cpp
-- Installing: /home/nextup/ros2_ws2/install/actions_cpp/share/ament_index/resource_index/parent_prefix_path/actions_cpp
-- Installing: /home/nextup/ros2_ws2/install/actions_cpp/share/actions_cpp/environment/ament_prefix_path.sh
-- Installing: /home/nextup/ros2_ws2/install/actions_cpp/share/actions_cpp/environment/ament_prefix_path.dsv
-- Installing: /home/nextup/ros2_ws2/install/actions_cpp/share/actions_cpp/environment/path.sh
-- Installing: /home/nextup/ros2_ws2/install/actions_cpp/share/actions_cpp/environment/path.dsv
-- Installing: /home/nextup/ros2_ws2/install/actions_cpp/share/actions_cpp/local_setup.bash
-- Installing: /home/nextup/ros2_ws2/install/actions_cpp/share/actions_cpp/local_setup.sh
-- Installing: /home/nextup/ros2_ws2/install/actions_cpp/share/actions_cpp/local_setup.zsh
-- Installing: /home/nextup/ros2_ws2/install/actions_cpp/share/actions_cpp/local_setup.dsv
-- Installing: /home/nextup/ros2_ws2/install/actions_cpp/share/actions_cpp/package.dsv
-- Installing: /home/nextup/ros2_ws2/install/actions_cpp/share/ament_index/resource_index/packages/actions_cpp
-- Installing: /home/nextup/ros2_ws2/install/actions_cpp/share/actions_cpp/cmake/actions_cppConfig.cmake
-- Installing: /home/nextup/ros2_ws2/install/actions_cpp/share/actions_cpp/cmake/actions_cppConfig-version.cmake
-- Installing: /home/nextup/ros2_ws2/install/actions_cpp/share/actions_cpp/package.xml
