[0.005s] Invoking command in '/home/nextup/ros2_ws1/build/my_robot_description': CMAKE_PREFIX_PATH=${CMAKE_PREFIX_PATH}:/opt/ros/humble /usr/bin/cmake /home/nextup/ros2_ws1/src/my_robot_description -DAMENT_CMAKE_SYMLINK_INSTALL=1 -DCMAKE_INSTALL_PREFIX=/home/nextup/ros2_ws1/install/my_robot_description
[0.014s] -- Found ament_cmake: 1.3.9 (/opt/ros/humble/share/ament_cmake/cmake)
[0.086s] -- Override CMake install command with custom implementation using symlinks instead of copying resources
[0.131s] -- Configuring done
[0.132s] -- Generating done
[0.132s] -- Build files have been written to: /home/nextup/ros2_ws1/build/my_robot_description
[0.136s] Invoked command in '/home/nextup/ros2_ws1/build/my_robot_description' returned '0': CMAKE_PREFIX_PATH=${CMAKE_PREFIX_PATH}:/opt/ros/humble /usr/bin/cmake /home/nextup/ros2_ws1/src/my_robot_description -DAMENT_CMAKE_SYMLINK_INSTALL=1 -DCMAKE_INSTALL_PREFIX=/home/nextup/ros2_ws1/install/my_robot_description
[0.137s] Invoking command in '/home/nextup/ros2_ws1/build/my_robot_description': CMAKE_PREFIX_PATH=${CMAKE_PREFIX_PATH}:/opt/ros/humble /usr/bin/cmake --build /home/nextup/ros2_ws1/build/my_robot_description -- -j16 -l16
[0.160s] Invoked command in '/home/nextup/ros2_ws1/build/my_robot_description' returned '0': CMAKE_PREFIX_PATH=${CMAKE_PREFIX_PATH}:/opt/ros/humble /usr/bin/cmake --build /home/nextup/ros2_ws1/build/my_robot_description -- -j16 -l16
[0.181s] Invoking command in '/home/nextup/ros2_ws1/build/my_robot_description': CMAKE_PREFIX_PATH=${CMAKE_PREFIX_PATH}:/opt/ros/humble /usr/bin/cmake --install /home/nextup/ros2_ws1/build/my_robot_description
[0.186s] -- Install configuration: ""
[0.186s] -- Execute custom install script
[0.186s] -- Symlinking: /home/nextup/ros2_ws1/install/my_robot_description/share/my_robot_description//urdf/my_robot.urdf.xacro
[0.192s] -- Symlinking: /home/nextup/ros2_ws1/install/my_robot_description/share/my_robot_description//launch/display.launch.py
[0.197s] -- Symlinking: /home/nextup/ros2_ws1/install/my_robot_description/share/my_robot_description//launch/display.launch.xml
[0.202s] -- Symlinking: /home/nextup/ros2_ws1/install/my_robot_description/share/ament_index/resource_index/package_run_dependencies/my_robot_description
[0.208s] -- Symlinking: /home/nextup/ros2_ws1/install/my_robot_description/share/ament_index/resource_index/parent_prefix_path/my_robot_description
[0.213s] -- Symlinking: /home/nextup/ros2_ws1/install/my_robot_description/share/my_robot_description/environment/ament_prefix_path.sh
[0.218s] -- Symlinking: /home/nextup/ros2_ws1/install/my_robot_description/share/my_robot_description/environment/ament_prefix_path.dsv
[0.223s] -- Symlinking: /home/nextup/ros2_ws1/install/my_robot_description/share/my_robot_description/environment/path.sh
[0.229s] -- Symlinking: /home/nextup/ros2_ws1/install/my_robot_description/share/my_robot_description/environment/path.dsv
[0.234s] -- Symlinking: /home/nextup/ros2_ws1/install/my_robot_description/share/my_robot_description/local_setup.bash
[0.239s] -- Symlinking: /home/nextup/ros2_ws1/install/my_robot_description/share/my_robot_description/local_setup.sh
[0.245s] -- Symlinking: /home/nextup/ros2_ws1/install/my_robot_description/share/my_robot_description/local_setup.zsh
[0.250s] -- Symlinking: /home/nextup/ros2_ws1/install/my_robot_description/share/my_robot_description/local_setup.dsv
[0.255s] -- Symlinking: /home/nextup/ros2_ws1/install/my_robot_description/share/my_robot_description/package.dsv
[0.261s] -- Symlinking: /home/nextup/ros2_ws1/install/my_robot_description/share/ament_index/resource_index/packages/my_robot_description
[0.266s] -- Symlinking: /home/nextup/ros2_ws1/install/my_robot_description/share/my_robot_description/cmake/my_robot_descriptionConfig.cmake
[0.271s] -- Symlinking: /home/nextup/ros2_ws1/install/my_robot_description/share/my_robot_description/cmake/my_robot_descriptionConfig-version.cmake
[0.276s] -- Symlinking: /home/nextup/ros2_ws1/install/my_robot_description/share/my_robot_description/package.xml
[0.283s] Invoked command in '/home/nextup/ros2_ws1/build/my_robot_description' returned '0': CMAKE_PREFIX_PATH=${CMAKE_PREFIX_PATH}:/opt/ros/humble /usr/bin/cmake --install /home/nextup/ros2_ws1/build/my_robot_description
