[35m[1mConsolidate compiler generated dependencies of target move_robot_server[0m
[ 50%] Built target move_robot_server
[100%] Built target number_publisher
-- Install configuration: ""
-- Up-to-date: /home/nextup/ros2_ws2/src/install/lifecycle_cpp/lib/lifecycle_cpp/number_publisher
-- Up-to-date: /home/nextup/ros2_ws2/src/install/lifecycle_cpp/lib/lifecycle_cpp/move_robot_server
-- Up-to-date: /home/nextup/ros2_ws2/src/install/lifecycle_cpp/share/ament_index/resource_index/package_run_dependencies/lifecycle_cpp
-- Up-to-date: /home/nextup/ros2_ws2/src/install/lifecycle_cpp/share/ament_index/resource_index/parent_prefix_path/lifecycle_cpp
-- Up-to-date: /home/nextup/ros2_ws2/src/install/lifecycle_cpp/share/lifecycle_cpp/environment/ament_prefix_path.sh
-- Up-to-date: /home/nextup/ros2_ws2/src/install/lifecycle_cpp/share/lifecycle_cpp/environment/ament_prefix_path.dsv
-- Up-to-date: /home/nextup/ros2_ws2/src/install/lifecycle_cpp/share/lifecycle_cpp/environment/path.sh
-- Up-to-date: /home/nextup/ros2_ws2/src/install/lifecycle_cpp/share/lifecycle_cpp/environment/path.dsv
-- Up-to-date: /home/nextup/ros2_ws2/src/install/lifecycle_cpp/share/lifecycle_cpp/local_setup.bash
-- Up-to-date: /home/nextup/ros2_ws2/src/install/lifecycle_cpp/share/lifecycle_cpp/local_setup.sh
-- Up-to-date: /home/nextup/ros2_ws2/src/install/lifecycle_cpp/share/lifecycle_cpp/local_setup.zsh
-- Up-to-date: /home/nextup/ros2_ws2/src/install/lifecycle_cpp/share/lifecycle_cpp/local_setup.dsv
-- Installing: /home/nextup/ros2_ws2/src/install/lifecycle_cpp/share/lifecycle_cpp/package.dsv
-- Up-to-date: /home/nextup/ros2_ws2/src/install/lifecycle_cpp/share/ament_index/resource_index/packages/lifecycle_cpp
-- Up-to-date: /home/nextup/ros2_ws2/src/install/lifecycle_cpp/share/lifecycle_cpp/cmake/lifecycle_cppConfig.cmake
-- Up-to-date: /home/nextup/ros2_ws2/src/install/lifecycle_cpp/share/lifecycle_cpp/cmake/lifecycle_cppConfig-version.cmake
-- Up-to-date: /home/nextup/ros2_ws2/src/install/lifecycle_cpp/share/lifecycle_cpp/package.xml
