[0.013s] Invoking command in '/home/nextup/ros2_ws2/src/build/my_robot_interfaces': CMAKE_PREFIX_PATH=${CMAKE_PREFIX_PATH}:/home/nextup/ros2_ws2/src/install/actions_py:/opt/ros/humble /usr/bin/cmake --build /home/nextup/ros2_ws2/src/build/my_robot_interfaces -- -j16 -l16
[0.064s] -- Found ament_cmake: 1.3.9 (/opt/ros/humble/share/ament_cmake/cmake)
[0.171s] -- Found rosidl_default_generators: 1.2.0 (/opt/ros/humble/share/rosidl_default_generators/cmake)
[0.175s] -- Using all available rosidl_typesupport_c: rosidl_typesupport_fastrtps_c;rosidl_typesupport_introspection_c
[0.179s] -- Found rosidl_adapter: 3.1.5 (/opt/ros/humble/share/rosidl_adapter/cmake)
[0.207s] -- Using all available rosidl_typesupport_cpp: rosidl_typesupport_fastrtps_cpp;rosidl_typesupport_introspection_cpp
[0.469s] -- Found ament_cmake_ros: 0.10.0 (/opt/ros/humble/share/ament_cmake_ros/cmake)
[0.592s] -- Using all available rosidl_typesupport_c: rosidl_typesupport_fastrtps_c;rosidl_typesupport_introspection_c
[0.760s] -- Using all available rosidl_typesupport_cpp: rosidl_typesupport_fastrtps_cpp;rosidl_typesupport_introspection_cpp
[0.776s] -- Found python_cmake_module: 0.10.0 (/opt/ros/humble/share/python_cmake_module/cmake)
[0.792s] -- Using PYTHON_EXECUTABLE: /usr/bin/python3
[0.792s] -- Using PYTHON_INCLUDE_DIRS: /usr/include/python3.10
[0.792s] -- Using PYTHON_LIBRARIES: /usr/lib/x86_64-linux-gnu/libpython3.10.so
[0.812s] -- Configuring done
[0.839s] -- Generating done
[0.840s] -- Build files have been written to: /home/nextup/ros2_ws2/src/build/my_robot_interfaces
[0.860s] [  2%] [34m[1mGenerating C code for ROS interfaces[0m
[0.867s] [  5%] [34m[1mGenerating C++ code for ROS interfaces[0m
[0.877s] [  5%] Built target ament_cmake_python_copy_my_robot_interfaces
[1.022s] running egg_info
[1.031s] writing my_robot_interfaces.egg-info/PKG-INFO
[1.031s] writing dependency_links to my_robot_interfaces.egg-info/dependency_links.txt
[1.031s] writing top-level names to my_robot_interfaces.egg-info/top_level.txt
[1.057s] reading manifest file 'my_robot_interfaces.egg-info/SOURCES.txt'
[1.058s] writing manifest file 'my_robot_interfaces.egg-info/SOURCES.txt'
[1.083s] [  5%] Built target ament_cmake_python_build_my_robot_interfaces_egg
[1.350s] [35m[1mConsolidate compiler generated dependencies of target my_robot_interfaces__rosidl_generator_c[0m
[1.354s] [  5%] Built target my_robot_interfaces__cpp
[1.359s] [  7%] [32mBuilding C object CMakeFiles/my_robot_interfaces__rosidl_generator_c.dir/rosidl_generator_c/my_robot_interfaces/action/detail/move_robot__functions.c.o[0m
[1.360s] [ 10%] [32mBuilding C object CMakeFiles/my_robot_interfaces__rosidl_generator_c.dir/rosidl_generator_c/my_robot_interfaces/action/detail/count_until__functions.c.o[0m
[1.361s] [ 15%] [34m[1mGenerating C++ type support dispatch for ROS interfaces[0m
[1.362s] [ 15%] [34m[1mGenerating C++ type support for eProsima Fast-RTPS[0m
[1.363s] [ 17%] [34m[1mGenerating C++ introspection for ROS interfaces[0m
[1.509s] [ 20%] [32m[1mLinking C shared library libmy_robot_interfaces__rosidl_generator_c.so[0m
[1.558s] [ 20%] Built target my_robot_interfaces__rosidl_generator_c
[1.569s] [ 28%] [34m[1mGenerating C introspection for ROS interfaces[0m
[1.569s] [ 28%] [34m[1mGenerating C type support dispatch for ROS interfaces[0m
[1.569s] [ 28%] [34m[1mGenerating C type support for eProsima Fast-RTPS[0m
[1.642s] [35m[1mConsolidate compiler generated dependencies of target my_robot_interfaces__rosidl_typesupport_cpp[0m
[1.652s] [ 30%] [32mBuilding CXX object CMakeFiles/my_robot_interfaces__rosidl_typesupport_cpp.dir/rosidl_typesupport_cpp/my_robot_interfaces/action/count_until__type_support.cpp.o[0m
[1.654s] [ 33%] [32mBuilding CXX object CMakeFiles/my_robot_interfaces__rosidl_typesupport_cpp.dir/rosidl_typesupport_cpp/my_robot_interfaces/action/move_robot__type_support.cpp.o[0m
[1.711s] [35m[1mConsolidate compiler generated dependencies of target my_robot_interfaces__rosidl_typesupport_introspection_cpp[0m
[1.723s] [ 38%] [32mBuilding CXX object CMakeFiles/my_robot_interfaces__rosidl_typesupport_introspection_cpp.dir/rosidl_typesupport_introspection_cpp/my_robot_interfaces/action/detail/move_robot__type_support.cpp.o[0m
[1.723s] [ 38%] [32mBuilding CXX object CMakeFiles/my_robot_interfaces__rosidl_typesupport_introspection_cpp.dir/rosidl_typesupport_introspection_cpp/my_robot_interfaces/action/detail/count_until__type_support.cpp.o[0m
[1.780s] [35m[1mConsolidate compiler generated dependencies of target my_robot_interfaces__rosidl_typesupport_fastrtps_cpp[0m
[1.794s] [ 41%] [32mBuilding CXX object CMakeFiles/my_robot_interfaces__rosidl_typesupport_fastrtps_cpp.dir/rosidl_typesupport_fastrtps_cpp/my_robot_interfaces/action/detail/dds_fastrtps/count_until__type_support.cpp.o[0m
[1.797s] [ 43%] [32mBuilding CXX object CMakeFiles/my_robot_interfaces__rosidl_typesupport_fastrtps_cpp.dir/rosidl_typesupport_fastrtps_cpp/my_robot_interfaces/action/detail/dds_fastrtps/move_robot__type_support.cpp.o[0m
[1.974s] [35m[1mConsolidate compiler generated dependencies of target my_robot_interfaces__rosidl_typesupport_c[0m
[1.988s] [ 46%] [32mBuilding CXX object CMakeFiles/my_robot_interfaces__rosidl_typesupport_c.dir/rosidl_typesupport_c/my_robot_interfaces/action/count_until__type_support.cpp.o[0m
[1.992s] [ 48%] [32mBuilding CXX object CMakeFiles/my_robot_interfaces__rosidl_typesupport_c.dir/rosidl_typesupport_c/my_robot_interfaces/action/move_robot__type_support.cpp.o[0m
[2.069s] [ 51%] [32m[1mLinking CXX shared library libmy_robot_interfaces__rosidl_typesupport_c.so[0m
[2.084s] [35m[1mConsolidate compiler generated dependencies of target my_robot_interfaces__rosidl_typesupport_introspection_c[0m
[2.103s] [ 56%] [32mBuilding C object CMakeFiles/my_robot_interfaces__rosidl_typesupport_introspection_c.dir/rosidl_typesupport_introspection_c/my_robot_interfaces/action/detail/move_robot__type_support.c.o[0m
[2.103s] [ 56%] [32mBuilding C object CMakeFiles/my_robot_interfaces__rosidl_typesupport_introspection_c.dir/rosidl_typesupport_introspection_c/my_robot_interfaces/action/detail/count_until__type_support.c.o[0m
[2.126s] [ 56%] Built target my_robot_interfaces__rosidl_typesupport_c
[2.177s] [ 58%] [32m[1mLinking C shared library libmy_robot_interfaces__rosidl_typesupport_introspection_c.so[0m
[2.211s] [ 58%] Built target my_robot_interfaces__rosidl_typesupport_introspection_c
[2.309s] [35m[1mConsolidate compiler generated dependencies of target my_robot_interfaces__rosidl_typesupport_fastrtps_c[0m
[2.321s] [ 61%] [32m[1mLinking CXX shared library libmy_robot_interfaces__rosidl_typesupport_cpp.so[0m
[2.326s] [ 66%] [32mBuilding CXX object CMakeFiles/my_robot_interfaces__rosidl_typesupport_fastrtps_c.dir/rosidl_typesupport_fastrtps_c/my_robot_interfaces/action/detail/count_until__type_support_c.cpp.o[0m
[2.327s] [ 66%] [32mBuilding CXX object CMakeFiles/my_robot_interfaces__rosidl_typesupport_fastrtps_c.dir/rosidl_typesupport_fastrtps_c/my_robot_interfaces/action/detail/move_robot__type_support_c.cpp.o[0m
[2.375s] [ 66%] Built target my_robot_interfaces__rosidl_typesupport_cpp
[2.429s] [ 69%] [32m[1mLinking CXX shared library libmy_robot_interfaces__rosidl_typesupport_introspection_cpp.so[0m
[2.520s] [ 69%] Built target my_robot_interfaces__rosidl_typesupport_introspection_cpp
[2.529s] [ 71%] [32m[1mLinking CXX shared library libmy_robot_interfaces__rosidl_typesupport_fastrtps_cpp.so[0m
[2.593s] [ 71%] Built target my_robot_interfaces__rosidl_typesupport_fastrtps_cpp
[2.663s] [ 74%] [32m[1mLinking CXX shared library libmy_robot_interfaces__rosidl_typesupport_fastrtps_c.so[0m
[2.713s] [ 74%] Built target my_robot_interfaces__rosidl_typesupport_fastrtps_c
[2.727s] [ 74%] Built target my_robot_interfaces
[2.743s] [ 76%] [34m[1mGenerating Python code for ROS interfaces[0m
[3.447s] [ 76%] Built target my_robot_interfaces__py
[3.455s] [35m[1mConsolidate compiler generated dependencies of target my_robot_interfaces__rosidl_generator_py[0m
[3.464s] [ 82%] [32mBuilding C object CMakeFiles/my_robot_interfaces__rosidl_generator_py.dir/rosidl_generator_py/my_robot_interfaces/action/_count_until_s.c.o[0m
[3.465s] [ 82%] [32mBuilding C object CMakeFiles/my_robot_interfaces__rosidl_generator_py.dir/rosidl_generator_py/my_robot_interfaces/action/_move_robot_s.c.o[0m
[3.584s] [ 84%] [32m[1mLinking C shared library rosidl_generator_py/my_robot_interfaces/libmy_robot_interfaces__rosidl_generator_py.so[0m
[3.621s] [ 84%] Built target my_robot_interfaces__rosidl_generator_py
[3.631s] [35m[1mConsolidate compiler generated dependencies of target my_robot_interfaces__rosidl_typesupport_fastrtps_c__pyext[0m
[3.632s] [35m[1mConsolidate compiler generated dependencies of target my_robot_interfaces__rosidl_typesupport_introspection_c__pyext[0m
[3.632s] [35m[1mConsolidate compiler generated dependencies of target my_robot_interfaces__rosidl_typesupport_c__pyext[0m
[3.644s] [ 87%] [32mBuilding C object CMakeFiles/my_robot_interfaces__rosidl_typesupport_fastrtps_c__pyext.dir/rosidl_generator_py/my_robot_interfaces/_my_robot_interfaces_s.ep.rosidl_typesupport_fastrtps_c.c.o[0m
[3.646s] [ 89%] [32mBuilding C object CMakeFiles/my_robot_interfaces__rosidl_typesupport_introspection_c__pyext.dir/rosidl_generator_py/my_robot_interfaces/_my_robot_interfaces_s.ep.rosidl_typesupport_introspection_c.c.o[0m
[3.648s] [ 92%] [32mBuilding C object CMakeFiles/my_robot_interfaces__rosidl_typesupport_c__pyext.dir/rosidl_generator_py/my_robot_interfaces/_my_robot_interfaces_s.ep.rosidl_typesupport_c.c.o[0m
[3.755s] [ 97%] [32m[1mLinking C shared library rosidl_generator_py/my_robot_interfaces/my_robot_interfaces_s__rosidl_typesupport_fastrtps_c.cpython-310-x86_64-linux-gnu.so[0m
[3.755s] [ 97%] [32m[1mLinking C shared library rosidl_generator_py/my_robot_interfaces/my_robot_interfaces_s__rosidl_typesupport_c.cpython-310-x86_64-linux-gnu.so[0m
[3.787s] [ 97%] Built target my_robot_interfaces__rosidl_typesupport_c__pyext
[3.787s] [ 97%] Built target my_robot_interfaces__rosidl_typesupport_fastrtps_c__pyext
[3.799s] [100%] [32m[1mLinking C shared library rosidl_generator_py/my_robot_interfaces/my_robot_interfaces_s__rosidl_typesupport_introspection_c.cpython-310-x86_64-linux-gnu.so[0m
[3.829s] [100%] Built target my_robot_interfaces__rosidl_typesupport_introspection_c__pyext
[3.837s] Invoked command in '/home/nextup/ros2_ws2/src/build/my_robot_interfaces' returned '0': CMAKE_PREFIX_PATH=${CMAKE_PREFIX_PATH}:/home/nextup/ros2_ws2/src/install/actions_py:/opt/ros/humble /usr/bin/cmake --build /home/nextup/ros2_ws2/src/build/my_robot_interfaces -- -j16 -l16
[3.896s] Invoking command in '/home/nextup/ros2_ws2/src/build/my_robot_interfaces': CMAKE_PREFIX_PATH=${CMAKE_PREFIX_PATH}:/home/nextup/ros2_ws2/src/install/actions_py:/opt/ros/humble /usr/bin/cmake --install /home/nextup/ros2_ws2/src/build/my_robot_interfaces
[3.903s] -- Install configuration: ""
[3.903s] -- Installing: /home/nextup/ros2_ws2/src/install/my_robot_interfaces/share/ament_index/resource_index/rosidl_interfaces/my_robot_interfaces
[3.904s] -- Up-to-date: /home/nextup/ros2_ws2/src/install/my_robot_interfaces/include/my_robot_interfaces/my_robot_interfaces
[3.904s] -- Up-to-date: /home/nextup/ros2_ws2/src/install/my_robot_interfaces/include/my_robot_interfaces/my_robot_interfaces/action
[3.904s] -- Installing: /home/nextup/ros2_ws2/src/install/my_robot_interfaces/include/my_robot_interfaces/my_robot_interfaces/action/move_robot.h
[3.904s] -- Up-to-date: /home/nextup/ros2_ws2/src/install/my_robot_interfaces/include/my_robot_interfaces/my_robot_interfaces/action/detail
[3.904s] -- Installing: /home/nextup/ros2_ws2/src/install/my_robot_interfaces/include/my_robot_interfaces/my_robot_interfaces/action/detail/count_until__type_support.h
[3.904s] -- Installing: /home/nextup/ros2_ws2/src/install/my_robot_interfaces/include/my_robot_interfaces/my_robot_interfaces/action/detail/move_robot__functions.h
[3.904s] -- Installing: /home/nextup/ros2_ws2/src/install/my_robot_interfaces/include/my_robot_interfaces/my_robot_interfaces/action/detail/move_robot__functions.c
[3.904s] -- Installing: /home/nextup/ros2_ws2/src/install/my_robot_interfaces/include/my_robot_interfaces/my_robot_interfaces/action/detail/count_until__functions.c
[3.904s] -- Installing: /home/nextup/ros2_ws2/src/install/my_robot_interfaces/include/my_robot_interfaces/my_robot_interfaces/action/detail/move_robot__type_support.h
[3.904s] -- Installing: /home/nextup/ros2_ws2/src/install/my_robot_interfaces/include/my_robot_interfaces/my_robot_interfaces/action/detail/count_until__functions.h
[3.904s] -- Installing: /home/nextup/ros2_ws2/src/install/my_robot_interfaces/include/my_robot_interfaces/my_robot_interfaces/action/detail/count_until__struct.h
[3.905s] -- Installing: /home/nextup/ros2_ws2/src/install/my_robot_interfaces/include/my_robot_interfaces/my_robot_interfaces/action/detail/move_robot__struct.h
[3.905s] -- Installing: /home/nextup/ros2_ws2/src/install/my_robot_interfaces/include/my_robot_interfaces/my_robot_interfaces/action/count_until.h
[3.905s] -- Up-to-date: /home/nextup/ros2_ws2/src/install/my_robot_interfaces/include/my_robot_interfaces/my_robot_interfaces/msg
[3.905s] -- Up-to-date: /home/nextup/ros2_ws2/src/install/my_robot_interfaces/include/my_robot_interfaces/my_robot_interfaces/msg/rosidl_generator_c__visibility_control.h
[3.905s] -- Up-to-date: /home/nextup/ros2_ws2/src/install/my_robot_interfaces/share/my_robot_interfaces/environment/library_path.sh
[3.905s] -- Installing: /home/nextup/ros2_ws2/src/install/my_robot_interfaces/share/my_robot_interfaces/environment/library_path.dsv
[3.905s] -- Installing: /home/nextup/ros2_ws2/src/install/my_robot_interfaces/lib/libmy_robot_interfaces__rosidl_generator_c.so
[3.906s] -- Set runtime path of "/home/nextup/ros2_ws2/src/install/my_robot_interfaces/lib/libmy_robot_interfaces__rosidl_generator_c.so" to ""
[3.906s] -- Up-to-date: /home/nextup/ros2_ws2/src/install/my_robot_interfaces/include/my_robot_interfaces/my_robot_interfaces
[3.906s] -- Up-to-date: /home/nextup/ros2_ws2/src/install/my_robot_interfaces/include/my_robot_interfaces/my_robot_interfaces/action
[3.906s] -- Up-to-date: /home/nextup/ros2_ws2/src/install/my_robot_interfaces/include/my_robot_interfaces/my_robot_interfaces/action/detail
[3.906s] -- Installing: /home/nextup/ros2_ws2/src/install/my_robot_interfaces/include/my_robot_interfaces/my_robot_interfaces/action/detail/move_robot__rosidl_typesupport_fastrtps_c.h
[3.906s] -- Installing: /home/nextup/ros2_ws2/src/install/my_robot_interfaces/include/my_robot_interfaces/my_robot_interfaces/action/detail/count_until__rosidl_typesupport_fastrtps_c.h
[3.906s] -- Up-to-date: /home/nextup/ros2_ws2/src/install/my_robot_interfaces/include/my_robot_interfaces/my_robot_interfaces/msg
[3.906s] -- Up-to-date: /home/nextup/ros2_ws2/src/install/my_robot_interfaces/include/my_robot_interfaces/my_robot_interfaces/msg/rosidl_typesupport_fastrtps_c__visibility_control.h
[3.907s] -- Installing: /home/nextup/ros2_ws2/src/install/my_robot_interfaces/lib/libmy_robot_interfaces__rosidl_typesupport_fastrtps_c.so
[3.907s] -- Set runtime path of "/home/nextup/ros2_ws2/src/install/my_robot_interfaces/lib/libmy_robot_interfaces__rosidl_typesupport_fastrtps_c.so" to ""
[3.907s] -- Up-to-date: /home/nextup/ros2_ws2/src/install/my_robot_interfaces/include/my_robot_interfaces/my_robot_interfaces
[3.907s] -- Up-to-date: /home/nextup/ros2_ws2/src/install/my_robot_interfaces/include/my_robot_interfaces/my_robot_interfaces/action
[3.908s] -- Up-to-date: /home/nextup/ros2_ws2/src/install/my_robot_interfaces/include/my_robot_interfaces/my_robot_interfaces/action/detail
[3.908s] -- Installing: /home/nextup/ros2_ws2/src/install/my_robot_interfaces/include/my_robot_interfaces/my_robot_interfaces/action/detail/move_robot__rosidl_typesupport_introspection_c.h
[3.908s] -- Installing: /home/nextup/ros2_ws2/src/install/my_robot_interfaces/include/my_robot_interfaces/my_robot_interfaces/action/detail/count_until__type_support.c
[3.908s] -- Installing: /home/nextup/ros2_ws2/src/install/my_robot_interfaces/include/my_robot_interfaces/my_robot_interfaces/action/detail/count_until__rosidl_typesupport_introspection_c.h
[3.908s] -- Installing: /home/nextup/ros2_ws2/src/install/my_robot_interfaces/include/my_robot_interfaces/my_robot_interfaces/action/detail/move_robot__type_support.c
[3.908s] -- Up-to-date: /home/nextup/ros2_ws2/src/install/my_robot_interfaces/include/my_robot_interfaces/my_robot_interfaces/msg
[3.908s] -- Up-to-date: /home/nextup/ros2_ws2/src/install/my_robot_interfaces/include/my_robot_interfaces/my_robot_interfaces/msg/rosidl_typesupport_introspection_c__visibility_control.h
[3.909s] -- Installing: /home/nextup/ros2_ws2/src/install/my_robot_interfaces/lib/libmy_robot_interfaces__rosidl_typesupport_introspection_c.so
[3.909s] -- Set runtime path of "/home/nextup/ros2_ws2/src/install/my_robot_interfaces/lib/libmy_robot_interfaces__rosidl_typesupport_introspection_c.so" to ""
[3.910s] -- Installing: /home/nextup/ros2_ws2/src/install/my_robot_interfaces/lib/libmy_robot_interfaces__rosidl_typesupport_c.so
[3.910s] -- Set runtime path of "/home/nextup/ros2_ws2/src/install/my_robot_interfaces/lib/libmy_robot_interfaces__rosidl_typesupport_c.so" to ""
[3.910s] -- Up-to-date: /home/nextup/ros2_ws2/src/install/my_robot_interfaces/include/my_robot_interfaces/my_robot_interfaces
[3.911s] -- Up-to-date: /home/nextup/ros2_ws2/src/install/my_robot_interfaces/include/my_robot_interfaces/my_robot_interfaces/action
[3.911s] -- Installing: /home/nextup/ros2_ws2/src/install/my_robot_interfaces/include/my_robot_interfaces/my_robot_interfaces/action/count_until.hpp
[3.911s] -- Up-to-date: /home/nextup/ros2_ws2/src/install/my_robot_interfaces/include/my_robot_interfaces/my_robot_interfaces/action/detail
[3.911s] -- Installing: /home/nextup/ros2_ws2/src/install/my_robot_interfaces/include/my_robot_interfaces/my_robot_interfaces/action/detail/count_until__struct.hpp
[3.911s] -- Installing: /home/nextup/ros2_ws2/src/install/my_robot_interfaces/include/my_robot_interfaces/my_robot_interfaces/action/detail/move_robot__builder.hpp
[3.911s] -- Installing: /home/nextup/ros2_ws2/src/install/my_robot_interfaces/include/my_robot_interfaces/my_robot_interfaces/action/detail/count_until__traits.hpp
[3.911s] -- Installing: /home/nextup/ros2_ws2/src/install/my_robot_interfaces/include/my_robot_interfaces/my_robot_interfaces/action/detail/move_robot__struct.hpp
[3.911s] -- Installing: /home/nextup/ros2_ws2/src/install/my_robot_interfaces/include/my_robot_interfaces/my_robot_interfaces/action/detail/move_robot__traits.hpp
[3.911s] -- Installing: /home/nextup/ros2_ws2/src/install/my_robot_interfaces/include/my_robot_interfaces/my_robot_interfaces/action/detail/count_until__builder.hpp
[3.911s] -- Installing: /home/nextup/ros2_ws2/src/install/my_robot_interfaces/include/my_robot_interfaces/my_robot_interfaces/action/move_robot.hpp
[3.912s] -- Up-to-date: /home/nextup/ros2_ws2/src/install/my_robot_interfaces/include/my_robot_interfaces/my_robot_interfaces
[3.912s] -- Up-to-date: /home/nextup/ros2_ws2/src/install/my_robot_interfaces/include/my_robot_interfaces/my_robot_interfaces/action
[3.912s] -- Up-to-date: /home/nextup/ros2_ws2/src/install/my_robot_interfaces/include/my_robot_interfaces/my_robot_interfaces/action/detail
[3.912s] -- Installing: /home/nextup/ros2_ws2/src/install/my_robot_interfaces/include/my_robot_interfaces/my_robot_interfaces/action/detail/move_robot__rosidl_typesupport_fastrtps_cpp.hpp
[3.912s] -- Up-to-date: /home/nextup/ros2_ws2/src/install/my_robot_interfaces/include/my_robot_interfaces/my_robot_interfaces/action/detail/dds_fastrtps
[3.912s] -- Installing: /home/nextup/ros2_ws2/src/install/my_robot_interfaces/include/my_robot_interfaces/my_robot_interfaces/action/detail/count_until__rosidl_typesupport_fastrtps_cpp.hpp
[3.912s] -- Up-to-date: /home/nextup/ros2_ws2/src/install/my_robot_interfaces/include/my_robot_interfaces/my_robot_interfaces/msg
[3.912s] -- Up-to-date: /home/nextup/ros2_ws2/src/install/my_robot_interfaces/include/my_robot_interfaces/my_robot_interfaces/msg/rosidl_typesupport_fastrtps_cpp__visibility_control.h
[3.913s] -- Installing: /home/nextup/ros2_ws2/src/install/my_robot_interfaces/lib/libmy_robot_interfaces__rosidl_typesupport_fastrtps_cpp.so
[3.913s] -- Set runtime path of "/home/nextup/ros2_ws2/src/install/my_robot_interfaces/lib/libmy_robot_interfaces__rosidl_typesupport_fastrtps_cpp.so" to ""
[3.913s] -- Up-to-date: /home/nextup/ros2_ws2/src/install/my_robot_interfaces/include/my_robot_interfaces/my_robot_interfaces
[3.914s] -- Up-to-date: /home/nextup/ros2_ws2/src/install/my_robot_interfaces/include/my_robot_interfaces/my_robot_interfaces/action
[3.914s] -- Up-to-date: /home/nextup/ros2_ws2/src/install/my_robot_interfaces/include/my_robot_interfaces/my_robot_interfaces/action/detail
[3.914s] -- Installing: /home/nextup/ros2_ws2/src/install/my_robot_interfaces/include/my_robot_interfaces/my_robot_interfaces/action/detail/count_until__type_support.cpp
[3.914s] -- Installing: /home/nextup/ros2_ws2/src/install/my_robot_interfaces/include/my_robot_interfaces/my_robot_interfaces/action/detail/move_robot__type_support.cpp
[3.914s] -- Installing: /home/nextup/ros2_ws2/src/install/my_robot_interfaces/include/my_robot_interfaces/my_robot_interfaces/action/detail/count_until__rosidl_typesupport_introspection_cpp.hpp
[3.914s] -- Installing: /home/nextup/ros2_ws2/src/install/my_robot_interfaces/include/my_robot_interfaces/my_robot_interfaces/action/detail/move_robot__rosidl_typesupport_introspection_cpp.hpp
[3.915s] -- Installing: /home/nextup/ros2_ws2/src/install/my_robot_interfaces/lib/libmy_robot_interfaces__rosidl_typesupport_introspection_cpp.so
[3.915s] -- Set runtime path of "/home/nextup/ros2_ws2/src/install/my_robot_interfaces/lib/libmy_robot_interfaces__rosidl_typesupport_introspection_cpp.so" to ""
[3.916s] -- Installing: /home/nextup/ros2_ws2/src/install/my_robot_interfaces/lib/libmy_robot_interfaces__rosidl_typesupport_cpp.so
[3.917s] -- Set runtime path of "/home/nextup/ros2_ws2/src/install/my_robot_interfaces/lib/libmy_robot_interfaces__rosidl_typesupport_cpp.so" to ""
[3.917s] -- Up-to-date: /home/nextup/ros2_ws2/src/install/my_robot_interfaces/share/my_robot_interfaces/environment/pythonpath.sh
[3.917s] -- Installing: /home/nextup/ros2_ws2/src/install/my_robot_interfaces/share/my_robot_interfaces/environment/pythonpath.dsv
[3.917s] -- Up-to-date: /home/nextup/ros2_ws2/src/install/my_robot_interfaces/local/lib/python3.10/dist-packages/my_robot_interfaces-0.0.0-py3.10.egg-info
[3.917s] -- Installing: /home/nextup/ros2_ws2/src/install/my_robot_interfaces/local/lib/python3.10/dist-packages/my_robot_interfaces-0.0.0-py3.10.egg-info/PKG-INFO
[3.917s] -- Installing: /home/nextup/ros2_ws2/src/install/my_robot_interfaces/local/lib/python3.10/dist-packages/my_robot_interfaces-0.0.0-py3.10.egg-info/top_level.txt
[3.917s] -- Installing: /home/nextup/ros2_ws2/src/install/my_robot_interfaces/local/lib/python3.10/dist-packages/my_robot_interfaces-0.0.0-py3.10.egg-info/dependency_links.txt
[3.917s] -- Installing: /home/nextup/ros2_ws2/src/install/my_robot_interfaces/local/lib/python3.10/dist-packages/my_robot_interfaces-0.0.0-py3.10.egg-info/SOURCES.txt
[3.917s] -- Up-to-date: /home/nextup/ros2_ws2/src/install/my_robot_interfaces/local/lib/python3.10/dist-packages/my_robot_interfaces
[3.917s] -- Installing: /home/nextup/ros2_ws2/src/install/my_robot_interfaces/local/lib/python3.10/dist-packages/my_robot_interfaces/_my_robot_interfaces_s.ep.rosidl_typesupport_fastrtps_c.c
[3.918s] -- Installing: /home/nextup/ros2_ws2/src/install/my_robot_interfaces/local/lib/python3.10/dist-packages/my_robot_interfaces/my_robot_interfaces_s__rosidl_typesupport_introspection_c.cpython-310-x86_64-linux-gnu.so
[3.918s] -- Installing: /home/nextup/ros2_ws2/src/install/my_robot_interfaces/local/lib/python3.10/dist-packages/my_robot_interfaces/_my_robot_interfaces_s.ep.rosidl_typesupport_c.c
[3.918s] -- Up-to-date: /home/nextup/ros2_ws2/src/install/my_robot_interfaces/local/lib/python3.10/dist-packages/my_robot_interfaces/action
[3.918s] -- Installing: /home/nextup/ros2_ws2/src/install/my_robot_interfaces/local/lib/python3.10/dist-packages/my_robot_interfaces/action/_move_robot.py
[3.918s] -- Installing: /home/nextup/ros2_ws2/src/install/my_robot_interfaces/local/lib/python3.10/dist-packages/my_robot_interfaces/action/_count_until.py
[3.918s] -- Installing: /home/nextup/ros2_ws2/src/install/my_robot_interfaces/local/lib/python3.10/dist-packages/my_robot_interfaces/action/_count_until_s.c
[3.919s] -- Installing: /home/nextup/ros2_ws2/src/install/my_robot_interfaces/local/lib/python3.10/dist-packages/my_robot_interfaces/action/__init__.py
[3.919s] -- Installing: /home/nextup/ros2_ws2/src/install/my_robot_interfaces/local/lib/python3.10/dist-packages/my_robot_interfaces/action/_move_robot_s.c
[3.919s] -- Installing: /home/nextup/ros2_ws2/src/install/my_robot_interfaces/local/lib/python3.10/dist-packages/my_robot_interfaces/libmy_robot_interfaces__rosidl_generator_py.so
[3.919s] -- Installing: /home/nextup/ros2_ws2/src/install/my_robot_interfaces/local/lib/python3.10/dist-packages/my_robot_interfaces/__init__.py
[3.919s] -- Installing: /home/nextup/ros2_ws2/src/install/my_robot_interfaces/local/lib/python3.10/dist-packages/my_robot_interfaces/_my_robot_interfaces_s.ep.rosidl_typesupport_introspection_c.c
[3.919s] -- Installing: /home/nextup/ros2_ws2/src/install/my_robot_interfaces/local/lib/python3.10/dist-packages/my_robot_interfaces/my_robot_interfaces_s__rosidl_typesupport_c.cpython-310-x86_64-linux-gnu.so
[3.920s] -- Installing: /home/nextup/ros2_ws2/src/install/my_robot_interfaces/local/lib/python3.10/dist-packages/my_robot_interfaces/my_robot_interfaces_s__rosidl_typesupport_fastrtps_c.cpython-310-x86_64-linux-gnu.so
[3.957s] Listing '/home/nextup/ros2_ws2/src/install/my_robot_interfaces/local/lib/python3.10/dist-packages/my_robot_interfaces'...
[3.957s] Compiling '/home/nextup/ros2_ws2/src/install/my_robot_interfaces/local/lib/python3.10/dist-packages/my_robot_interfaces/__init__.py'...
[3.957s] Listing '/home/nextup/ros2_ws2/src/install/my_robot_interfaces/local/lib/python3.10/dist-packages/my_robot_interfaces/action'...
[3.957s] Compiling '/home/nextup/ros2_ws2/src/install/my_robot_interfaces/local/lib/python3.10/dist-packages/my_robot_interfaces/action/__init__.py'...
[3.957s] Compiling '/home/nextup/ros2_ws2/src/install/my_robot_interfaces/local/lib/python3.10/dist-packages/my_robot_interfaces/action/_count_until.py'...
[3.958s] Compiling '/home/nextup/ros2_ws2/src/install/my_robot_interfaces/local/lib/python3.10/dist-packages/my_robot_interfaces/action/_move_robot.py'...
[3.962s] -- Installing: /home/nextup/ros2_ws2/src/install/my_robot_interfaces/local/lib/python3.10/dist-packages/my_robot_interfaces/my_robot_interfaces_s__rosidl_typesupport_fastrtps_c.cpython-310-x86_64-linux-gnu.so
[3.962s] -- Set runtime path of "/home/nextup/ros2_ws2/src/install/my_robot_interfaces/local/lib/python3.10/dist-packages/my_robot_interfaces/my_robot_interfaces_s__rosidl_typesupport_fastrtps_c.cpython-310-x86_64-linux-gnu.so" to ""
[3.962s] -- Installing: /home/nextup/ros2_ws2/src/install/my_robot_interfaces/local/lib/python3.10/dist-packages/my_robot_interfaces/my_robot_interfaces_s__rosidl_typesupport_introspection_c.cpython-310-x86_64-linux-gnu.so
[3.962s] -- Set runtime path of "/home/nextup/ros2_ws2/src/install/my_robot_interfaces/local/lib/python3.10/dist-packages/my_robot_interfaces/my_robot_interfaces_s__rosidl_typesupport_introspection_c.cpython-310-x86_64-linux-gnu.so" to ""
[3.962s] -- Installing: /home/nextup/ros2_ws2/src/install/my_robot_interfaces/local/lib/python3.10/dist-packages/my_robot_interfaces/my_robot_interfaces_s__rosidl_typesupport_c.cpython-310-x86_64-linux-gnu.so
[3.962s] -- Set runtime path of "/home/nextup/ros2_ws2/src/install/my_robot_interfaces/local/lib/python3.10/dist-packages/my_robot_interfaces/my_robot_interfaces_s__rosidl_typesupport_c.cpython-310-x86_64-linux-gnu.so" to ""
[3.963s] -- Installing: /home/nextup/ros2_ws2/src/install/my_robot_interfaces/lib/libmy_robot_interfaces__rosidl_generator_py.so
[3.963s] -- Set runtime path of "/home/nextup/ros2_ws2/src/install/my_robot_interfaces/lib/libmy_robot_interfaces__rosidl_generator_py.so" to ""
[3.964s] -- Up-to-date: /home/nextup/ros2_ws2/src/install/my_robot_interfaces/share/my_robot_interfaces/action/CountUntil.idl
[3.964s] -- Installing: /home/nextup/ros2_ws2/src/install/my_robot_interfaces/share/my_robot_interfaces/action/MoveRobot.idl
[3.964s] -- Up-to-date: /home/nextup/ros2_ws2/src/install/my_robot_interfaces/share/my_robot_interfaces/action/CountUntil.action
[3.964s] -- Installing: /home/nextup/ros2_ws2/src/install/my_robot_interfaces/share/my_robot_interfaces/action/MoveRobot.action
[3.964s] -- Up-to-date: /home/nextup/ros2_ws2/src/install/my_robot_interfaces/share/ament_index/resource_index/package_run_dependencies/my_robot_interfaces
[3.964s] -- Installing: /home/nextup/ros2_ws2/src/install/my_robot_interfaces/share/ament_index/resource_index/parent_prefix_path/my_robot_interfaces
[3.964s] -- Up-to-date: /home/nextup/ros2_ws2/src/install/my_robot_interfaces/share/my_robot_interfaces/environment/ament_prefix_path.sh
[3.964s] -- Installing: /home/nextup/ros2_ws2/src/install/my_robot_interfaces/share/my_robot_interfaces/environment/ament_prefix_path.dsv
[3.965s] -- Up-to-date: /home/nextup/ros2_ws2/src/install/my_robot_interfaces/share/my_robot_interfaces/environment/path.sh
[3.965s] -- Installing: /home/nextup/ros2_ws2/src/install/my_robot_interfaces/share/my_robot_interfaces/environment/path.dsv
[3.965s] -- Up-to-date: /home/nextup/ros2_ws2/src/install/my_robot_interfaces/share/my_robot_interfaces/local_setup.bash
[3.965s] -- Up-to-date: /home/nextup/ros2_ws2/src/install/my_robot_interfaces/share/my_robot_interfaces/local_setup.sh
[3.965s] -- Up-to-date: /home/nextup/ros2_ws2/src/install/my_robot_interfaces/share/my_robot_interfaces/local_setup.zsh
[3.965s] -- Installing: /home/nextup/ros2_ws2/src/install/my_robot_interfaces/share/my_robot_interfaces/local_setup.dsv
[3.965s] -- Installing: /home/nextup/ros2_ws2/src/install/my_robot_interfaces/share/my_robot_interfaces/package.dsv
[3.965s] -- Up-to-date: /home/nextup/ros2_ws2/src/install/my_robot_interfaces/share/ament_index/resource_index/packages/my_robot_interfaces
[3.965s] -- Up-to-date: /home/nextup/ros2_ws2/src/install/my_robot_interfaces/share/my_robot_interfaces/cmake/export_my_robot_interfaces__rosidl_generator_cExport.cmake
[3.965s] -- Up-to-date: /home/nextup/ros2_ws2/src/install/my_robot_interfaces/share/my_robot_interfaces/cmake/export_my_robot_interfaces__rosidl_generator_cExport-noconfig.cmake
[3.966s] -- Up-to-date: /home/nextup/ros2_ws2/src/install/my_robot_interfaces/share/my_robot_interfaces/cmake/export_my_robot_interfaces__rosidl_typesupport_fastrtps_cExport.cmake
[3.966s] -- Up-to-date: /home/nextup/ros2_ws2/src/install/my_robot_interfaces/share/my_robot_interfaces/cmake/export_my_robot_interfaces__rosidl_typesupport_fastrtps_cExport-noconfig.cmake
[3.966s] -- Up-to-date: /home/nextup/ros2_ws2/src/install/my_robot_interfaces/share/my_robot_interfaces/cmake/my_robot_interfaces__rosidl_typesupport_introspection_cExport.cmake
[3.966s] -- Up-to-date: /home/nextup/ros2_ws2/src/install/my_robot_interfaces/share/my_robot_interfaces/cmake/my_robot_interfaces__rosidl_typesupport_introspection_cExport-noconfig.cmake
[3.966s] -- Up-to-date: /home/nextup/ros2_ws2/src/install/my_robot_interfaces/share/my_robot_interfaces/cmake/my_robot_interfaces__rosidl_typesupport_cExport.cmake
[3.966s] -- Up-to-date: /home/nextup/ros2_ws2/src/install/my_robot_interfaces/share/my_robot_interfaces/cmake/my_robot_interfaces__rosidl_typesupport_cExport-noconfig.cmake
[3.966s] -- Up-to-date: /home/nextup/ros2_ws2/src/install/my_robot_interfaces/share/my_robot_interfaces/cmake/export_my_robot_interfaces__rosidl_generator_cppExport.cmake
[3.966s] -- Up-to-date: /home/nextup/ros2_ws2/src/install/my_robot_interfaces/share/my_robot_interfaces/cmake/export_my_robot_interfaces__rosidl_typesupport_fastrtps_cppExport.cmake
[3.966s] -- Up-to-date: /home/nextup/ros2_ws2/src/install/my_robot_interfaces/share/my_robot_interfaces/cmake/export_my_robot_interfaces__rosidl_typesupport_fastrtps_cppExport-noconfig.cmake
[3.966s] -- Up-to-date: /home/nextup/ros2_ws2/src/install/my_robot_interfaces/share/my_robot_interfaces/cmake/my_robot_interfaces__rosidl_typesupport_introspection_cppExport.cmake
[3.966s] -- Up-to-date: /home/nextup/ros2_ws2/src/install/my_robot_interfaces/share/my_robot_interfaces/cmake/my_robot_interfaces__rosidl_typesupport_introspection_cppExport-noconfig.cmake
[3.967s] -- Up-to-date: /home/nextup/ros2_ws2/src/install/my_robot_interfaces/share/my_robot_interfaces/cmake/my_robot_interfaces__rosidl_typesupport_cppExport.cmake
[3.967s] -- Up-to-date: /home/nextup/ros2_ws2/src/install/my_robot_interfaces/share/my_robot_interfaces/cmake/my_robot_interfaces__rosidl_typesupport_cppExport-noconfig.cmake
[3.967s] -- Up-to-date: /home/nextup/ros2_ws2/src/install/my_robot_interfaces/share/my_robot_interfaces/cmake/export_my_robot_interfaces__rosidl_generator_pyExport.cmake
[3.967s] -- Up-to-date: /home/nextup/ros2_ws2/src/install/my_robot_interfaces/share/my_robot_interfaces/cmake/export_my_robot_interfaces__rosidl_generator_pyExport-noconfig.cmake
[3.967s] -- Installing: /home/nextup/ros2_ws2/src/install/my_robot_interfaces/share/my_robot_interfaces/cmake/rosidl_cmake-extras.cmake
[3.967s] -- Installing: /home/nextup/ros2_ws2/src/install/my_robot_interfaces/share/my_robot_interfaces/cmake/ament_cmake_export_dependencies-extras.cmake
[3.967s] -- Up-to-date: /home/nextup/ros2_ws2/src/install/my_robot_interfaces/share/my_robot_interfaces/cmake/ament_cmake_export_include_directories-extras.cmake
[3.967s] -- Up-to-date: /home/nextup/ros2_ws2/src/install/my_robot_interfaces/share/my_robot_interfaces/cmake/ament_cmake_export_libraries-extras.cmake
[3.967s] -- Installing: /home/nextup/ros2_ws2/src/install/my_robot_interfaces/share/my_robot_interfaces/cmake/ament_cmake_export_targets-extras.cmake
[3.967s] -- Installing: /home/nextup/ros2_ws2/src/install/my_robot_interfaces/share/my_robot_interfaces/cmake/rosidl_cmake_export_typesupport_targets-extras.cmake
[3.967s] -- Up-to-date: /home/nextup/ros2_ws2/src/install/my_robot_interfaces/share/my_robot_interfaces/cmake/rosidl_cmake_export_typesupport_libraries-extras.cmake
[3.968s] -- Up-to-date: /home/nextup/ros2_ws2/src/install/my_robot_interfaces/share/my_robot_interfaces/cmake/my_robot_interfacesConfig.cmake
[3.968s] -- Up-to-date: /home/nextup/ros2_ws2/src/install/my_robot_interfaces/share/my_robot_interfaces/cmake/my_robot_interfacesConfig-version.cmake
[3.968s] -- Up-to-date: /home/nextup/ros2_ws2/src/install/my_robot_interfaces/share/my_robot_interfaces/package.xml
[3.970s] Invoked command in '/home/nextup/ros2_ws2/src/build/my_robot_interfaces' returned '0': CMAKE_PREFIX_PATH=${CMAKE_PREFIX_PATH}:/home/nextup/ros2_ws2/src/install/actions_py:/opt/ros/humble /usr/bin/cmake --install /home/nextup/ros2_ws2/src/build/my_robot_interfaces
