-- Install configuration: ""
-- Up-to-date: /home/anjali/arduinoboot_ws/src/install/arduniobot_controller/share/arduniobot_controller/config
-- Up-to-date: /home/anjali/arduinoboot_ws/src/install/arduniobot_controller/share/arduniobot_controller/config/arduniobot_controller.yaml
-- Up-to-date: /home/anjali/arduinoboot_ws/src/install/arduniobot_controller/share/arduniobot_controller/launch
-- Up-to-date: /home/anjali/arduinoboot_ws/src/install/arduniobot_controller/share/arduniobot_controller/launch/controller.launch.py
-- Up-to-date: /home/anjali/arduinoboot_ws/src/install/arduniobot_controller/share/ament_index/resource_index/package_run_dependencies/arduniobot_controller
-- Up-to-date: /home/anjali/arduinoboot_ws/src/install/arduniobot_controller/share/ament_index/resource_index/parent_prefix_path/arduniobot_controller
-- Up-to-date: /home/anjali/arduinoboot_ws/src/install/arduniobot_controller/share/arduniobot_controller/environment/ament_prefix_path.sh
-- Up-to-date: /home/anjali/arduinoboot_ws/src/install/arduniobot_controller/share/arduniobot_controller/environment/ament_prefix_path.dsv
-- Up-to-date: /home/anjali/arduinoboot_ws/src/install/arduniobot_controller/share/arduniobot_controller/environment/path.sh
-- Up-to-date: /home/anjali/arduinoboot_ws/src/install/arduniobot_controller/share/arduniobot_controller/environment/path.dsv
-- Up-to-date: /home/anjali/arduinoboot_ws/src/install/arduniobot_controller/share/arduniobot_controller/local_setup.bash
-- Up-to-date: /home/anjali/arduinoboot_ws/src/install/arduniobot_controller/share/arduniobot_controller/local_setup.sh
-- Up-to-date: /home/anjali/arduinoboot_ws/src/install/arduniobot_controller/share/arduniobot_controller/local_setup.zsh
-- Up-to-date: /home/anjali/arduinoboot_ws/src/install/arduniobot_controller/share/arduniobot_controller/local_setup.dsv
-- Up-to-date: /home/anjali/arduinoboot_ws/src/install/arduniobot_controller/share/arduniobot_controller/package.dsv
-- Up-to-date: /home/anjali/arduinoboot_ws/src/install/arduniobot_controller/share/ament_index/resource_index/packages/arduniobot_controller
-- Up-to-date: /home/anjali/arduinoboot_ws/src/install/arduniobot_controller/share/arduniobot_controller/cmake/arduniobot_controllerConfig.cmake
-- Up-to-date: /home/anjali/arduinoboot_ws/src/install/arduniobot_controller/share/arduniobot_controller/cmake/arduniobot_controllerConfig-version.cmake
-- Up-to-date: /home/anjali/arduinoboot_ws/src/install/arduniobot_controller/share/arduniobot_controller/package.xml
