[0.063s] DEBUG:colcon:Command line arguments: ['/usr/bin/colcon', 'build', '--allow-overriding', 'my_robot_interfaces']
[0.064s] DEBUG:colcon:Parsed command line arguments: Namespace(log_base=None, log_level=None, verb_name='build', build_base='build', install_base='install', merge_install=False, symlink_install=False, test_result_base=None, continue_on_error=False, executor='parallel', parallel_workers=16, event_handlers=None, ignore_user_meta=False, metas=['./colcon.meta'], base_paths=['.'], packages_ignore=None, packages_ignore_regex=None, paths=None, packages_up_to=None, packages_up_to_regex=None, packages_above=None, packages_above_and_dependencies=None, packages_above_depth=None, packages_select_by_dep=None, packages_skip_by_dep=None, packages_skip_up_to=None, packages_select_build_failed=False, packages_skip_build_finished=False, packages_select_test_failures=False, packages_skip_test_passed=False, packages_select=None, packages_skip=None, packages_select_regex=None, packages_skip_regex=None, packages_start=None, packages_end=None, allow_overriding=['my_robot_interfaces'], cmake_args=None, cmake_target=None, cmake_target_skip_unavailable=False, cmake_clean_cache=False, cmake_clean_first=False, cmake_force_configure=False, ament_cmake_args=None, catkin_cmake_args=None, catkin_skip_building_tests=False, verb_parser=<colcon_defaults.argument_parser.defaults.DefaultArgumentsDecorator object at 0x78e46f148070>, verb_extension=<colcon_core.verb.build.BuildVerb object at 0x78e46f117a60>, main=<bound method BuildVerb.main of <colcon_core.verb.build.BuildVerb object at 0x78e46f117a60>>)
[0.088s] Level 1:colcon.colcon_core.package_discovery:discover_packages(colcon_meta) check parameters
[0.088s] Level 1:colcon.colcon_core.package_discovery:discover_packages(recursive) check parameters
[0.088s] Level 1:colcon.colcon_core.package_discovery:discover_packages(ignore) check parameters
[0.088s] Level 1:colcon.colcon_core.package_discovery:discover_packages(path) check parameters
[0.088s] Level 1:colcon.colcon_core.package_discovery:discover_packages(colcon_meta) discover
[0.088s] Level 1:colcon.colcon_core.package_discovery:discover_packages(recursive) discover
[0.088s] INFO:colcon.colcon_core.package_discovery:Crawling recursively for packages in '/home/nextup/ros2_ws2/src'
[0.088s] Level 1:colcon.colcon_core.package_identification:_identify(.) by extensions ['ignore', 'ignore_ament_install']
[0.088s] Level 1:colcon.colcon_core.package_identification:_identify(.) by extension 'ignore'
[0.088s] Level 1:colcon.colcon_core.package_identification:_identify(.) by extension 'ignore_ament_install'
[0.088s] Level 1:colcon.colcon_core.package_identification:_identify(.) by extensions ['colcon_pkg']
[0.088s] Level 1:colcon.colcon_core.package_identification:_identify(.) by extension 'colcon_pkg'
[0.088s] Level 1:colcon.colcon_core.package_identification:_identify(.) by extensions ['colcon_meta']
[0.088s] Level 1:colcon.colcon_core.package_identification:_identify(.) by extension 'colcon_meta'
[0.088s] Level 1:colcon.colcon_core.package_identification:_identify(.) by extensions ['ros']
[0.088s] Level 1:colcon.colcon_core.package_identification:_identify(.) by extension 'ros'
[0.097s] Level 1:colcon.colcon_core.package_identification:_identify(.) by extensions ['cmake', 'python']
[0.097s] Level 1:colcon.colcon_core.package_identification:_identify(.) by extension 'cmake'
[0.097s] Level 1:colcon.colcon_core.package_identification:_identify(.) by extension 'python'
[0.097s] Level 1:colcon.colcon_core.package_identification:_identify(.) by extensions ['python_setup_py']
[0.097s] Level 1:colcon.colcon_core.package_identification:_identify(.) by extension 'python_setup_py'
[0.097s] Level 1:colcon.colcon_core.package_identification:_identify(actions_py) by extensions ['ignore', 'ignore_ament_install']
[0.097s] Level 1:colcon.colcon_core.package_identification:_identify(actions_py) by extension 'ignore'
[0.098s] Level 1:colcon.colcon_core.package_identification:_identify(actions_py) by extension 'ignore_ament_install'
[0.098s] Level 1:colcon.colcon_core.package_identification:_identify(actions_py) by extensions ['colcon_pkg']
[0.098s] Level 1:colcon.colcon_core.package_identification:_identify(actions_py) by extension 'colcon_pkg'
[0.098s] Level 1:colcon.colcon_core.package_identification:_identify(actions_py) by extensions ['colcon_meta']
[0.098s] Level 1:colcon.colcon_core.package_identification:_identify(actions_py) by extension 'colcon_meta'
[0.098s] Level 1:colcon.colcon_core.package_identification:_identify(actions_py) by extensions ['ros']
[0.098s] Level 1:colcon.colcon_core.package_identification:_identify(actions_py) by extension 'ros'
[0.099s] DEBUG:colcon.colcon_core.package_identification:Package 'actions_py' with type 'ros.ament_python' and name 'actions_py'
[0.099s] Level 1:colcon.colcon_core.package_identification:_identify(build) by extensions ['ignore', 'ignore_ament_install']
[0.099s] Level 1:colcon.colcon_core.package_identification:_identify(build) by extension 'ignore'
[0.099s] Level 1:colcon.colcon_core.package_identification:_identify(build) ignored
[0.099s] Level 1:colcon.colcon_core.package_identification:_identify(install) by extensions ['ignore', 'ignore_ament_install']
[0.099s] Level 1:colcon.colcon_core.package_identification:_identify(install) by extension 'ignore'
[0.099s] Level 1:colcon.colcon_core.package_identification:_identify(install) ignored
[0.099s] Level 1:colcon.colcon_core.package_identification:_identify(log) by extensions ['ignore', 'ignore_ament_install']
[0.099s] Level 1:colcon.colcon_core.package_identification:_identify(log) by extension 'ignore'
[0.099s] Level 1:colcon.colcon_core.package_identification:_identify(log) ignored
[0.100s] Level 1:colcon.colcon_core.package_identification:_identify(my_robot_interfaces) by extensions ['ignore', 'ignore_ament_install']
[0.100s] Level 1:colcon.colcon_core.package_identification:_identify(my_robot_interfaces) by extension 'ignore'
[0.100s] Level 1:colcon.colcon_core.package_identification:_identify(my_robot_interfaces) by extension 'ignore_ament_install'
[0.100s] Level 1:colcon.colcon_core.package_identification:_identify(my_robot_interfaces) by extensions ['colcon_pkg']
[0.100s] Level 1:colcon.colcon_core.package_identification:_identify(my_robot_interfaces) by extension 'colcon_pkg'
[0.100s] Level 1:colcon.colcon_core.package_identification:_identify(my_robot_interfaces) by extensions ['colcon_meta']
[0.100s] Level 1:colcon.colcon_core.package_identification:_identify(my_robot_interfaces) by extension 'colcon_meta'
[0.100s] Level 1:colcon.colcon_core.package_identification:_identify(my_robot_interfaces) by extensions ['ros']
[0.100s] Level 1:colcon.colcon_core.package_identification:_identify(my_robot_interfaces) by extension 'ros'
[0.100s] DEBUG:colcon.colcon_core.package_identification:Package 'my_robot_interfaces' with type 'ros.ament_cmake' and name 'my_robot_interfaces'
[0.100s] Level 1:colcon.colcon_core.package_discovery:discover_packages(recursive) using defaults
[0.100s] Level 1:colcon.colcon_core.package_discovery:discover_packages(ignore) discover
[0.100s] Level 1:colcon.colcon_core.package_discovery:discover_packages(ignore) using defaults
[0.100s] Level 1:colcon.colcon_core.package_discovery:discover_packages(path) discover
[0.100s] Level 1:colcon.colcon_core.package_discovery:discover_packages(path) using defaults
[0.112s] Level 1:colcon.colcon_core.package_discovery:discover_packages(prefix_path) check parameters
[0.112s] Level 1:colcon.colcon_core.package_discovery:discover_packages(prefix_path) discover
[0.113s] DEBUG:colcon.colcon_installed_package_information.package_discovery:Found 2 installed packages in /home/nextup/ros2_ws2/src/install
[0.113s] DEBUG:colcon.colcon_installed_package_information.package_discovery:Found 1 installed packages in /home/nextup/ros2_ws2/install
[0.113s] DEBUG:colcon.colcon_installed_package_information.package_discovery:Found 0 installed packages in /home/nextup/install
[0.114s] DEBUG:colcon.colcon_installed_package_information.package_discovery:Found 2 installed packages in /home/nextup/ros2_ws/install
[0.114s] DEBUG:colcon.colcon_installed_package_information.package_discovery:Found 2 installed packages in /home/nextup/ros2_ws1/install
[0.114s] DEBUG:colcon.colcon_installed_package_information.package_discovery:Found 282 installed packages in /opt/ros/humble
[0.115s] Level 1:colcon.colcon_core.package_discovery:discover_packages(prefix_path) using defaults
[0.134s] Level 5:colcon.colcon_core.verb:set package 'my_robot_interfaces' build argument 'cmake_args' from command line to 'None'
[0.134s] Level 5:colcon.colcon_core.verb:set package 'my_robot_interfaces' build argument 'cmake_target' from command line to 'None'
[0.134s] Level 5:colcon.colcon_core.verb:set package 'my_robot_interfaces' build argument 'cmake_target_skip_unavailable' from command line to 'False'
[0.134s] Level 5:colcon.colcon_core.verb:set package 'my_robot_interfaces' build argument 'cmake_clean_cache' from command line to 'False'
[0.135s] Level 5:colcon.colcon_core.verb:set package 'my_robot_interfaces' build argument 'cmake_clean_first' from command line to 'False'
[0.135s] Level 5:colcon.colcon_core.verb:set package 'my_robot_interfaces' build argument 'cmake_force_configure' from command line to 'False'
[0.135s] Level 5:colcon.colcon_core.verb:set package 'my_robot_interfaces' build argument 'ament_cmake_args' from command line to 'None'
[0.135s] Level 5:colcon.colcon_core.verb:set package 'my_robot_interfaces' build argument 'catkin_cmake_args' from command line to 'None'
[0.135s] Level 5:colcon.colcon_core.verb:set package 'my_robot_interfaces' build argument 'catkin_skip_building_tests' from command line to 'False'
[0.135s] DEBUG:colcon.colcon_core.verb:Building package 'my_robot_interfaces' with the following arguments: {'ament_cmake_args': None, 'build_base': '/home/nextup/ros2_ws2/src/build/my_robot_interfaces', 'catkin_cmake_args': None, 'catkin_skip_building_tests': False, 'cmake_args': None, 'cmake_clean_cache': False, 'cmake_clean_first': False, 'cmake_force_configure': False, 'cmake_target': None, 'cmake_target_skip_unavailable': False, 'install_base': '/home/nextup/ros2_ws2/src/install/my_robot_interfaces', 'merge_install': False, 'path': '/home/nextup/ros2_ws2/src/my_robot_interfaces', 'symlink_install': False, 'test_result_base': None}
[0.135s] Level 5:colcon.colcon_core.verb:set package 'actions_py' build argument 'cmake_args' from command line to 'None'
[0.135s] Level 5:colcon.colcon_core.verb:set package 'actions_py' build argument 'cmake_target' from command line to 'None'
[0.135s] Level 5:colcon.colcon_core.verb:set package 'actions_py' build argument 'cmake_target_skip_unavailable' from command line to 'False'
[0.135s] Level 5:colcon.colcon_core.verb:set package 'actions_py' build argument 'cmake_clean_cache' from command line to 'False'
[0.135s] Level 5:colcon.colcon_core.verb:set package 'actions_py' build argument 'cmake_clean_first' from command line to 'False'
[0.135s] Level 5:colcon.colcon_core.verb:set package 'actions_py' build argument 'cmake_force_configure' from command line to 'False'
[0.135s] Level 5:colcon.colcon_core.verb:set package 'actions_py' build argument 'ament_cmake_args' from command line to 'None'
[0.135s] Level 5:colcon.colcon_core.verb:set package 'actions_py' build argument 'catkin_cmake_args' from command line to 'None'
[0.135s] Level 5:colcon.colcon_core.verb:set package 'actions_py' build argument 'catkin_skip_building_tests' from command line to 'False'
[0.135s] DEBUG:colcon.colcon_core.verb:Building package 'actions_py' with the following arguments: {'ament_cmake_args': None, 'build_base': '/home/nextup/ros2_ws2/src/build/actions_py', 'catkin_cmake_args': None, 'catkin_skip_building_tests': False, 'cmake_args': None, 'cmake_clean_cache': False, 'cmake_clean_first': False, 'cmake_force_configure': False, 'cmake_target': None, 'cmake_target_skip_unavailable': False, 'install_base': '/home/nextup/ros2_ws2/src/install/actions_py', 'merge_install': False, 'path': '/home/nextup/ros2_ws2/src/actions_py', 'symlink_install': False, 'test_result_base': None}
[0.135s] INFO:colcon.colcon_core.executor:Executing jobs using 'parallel' executor
[0.136s] DEBUG:colcon.colcon_parallel_executor.executor.parallel:run_until_complete
[0.136s] INFO:colcon.colcon_ros.task.ament_cmake.build:Building ROS package in '/home/nextup/ros2_ws2/src/my_robot_interfaces' with build type 'ament_cmake'
[0.136s] INFO:colcon.colcon_cmake.task.cmake.build:Building CMake package in '/home/nextup/ros2_ws2/src/my_robot_interfaces'
[0.137s] INFO:colcon.colcon_core.plugin_system:Skipping extension 'colcon_core.shell.bat': Not used on non-Windows systems
[0.138s] INFO:colcon.colcon_core.shell:Skip shell extension 'powershell' for command environment: Not usable outside of PowerShell
[0.138s] DEBUG:colcon.colcon_core.shell:Skip shell extension 'dsv' for command environment
[0.144s] DEBUG:colcon.colcon_core.event_handler.log_command:Invoking command in '/home/nextup/ros2_ws2/src/build/my_robot_interfaces': CMAKE_PREFIX_PATH=${CMAKE_PREFIX_PATH}:/home/nextup/ros2_ws2/src/install/actions_py:/opt/ros/humble /usr/bin/cmake /home/nextup/ros2_ws2/src/my_robot_interfaces -DCMAKE_INSTALL_PREFIX=/home/nextup/ros2_ws2/src/install/my_robot_interfaces
[1.115s] DEBUG:colcon.colcon_core.event_handler.log_command:Invoked command in '/home/nextup/ros2_ws2/src/build/my_robot_interfaces' returned '0': CMAKE_PREFIX_PATH=${CMAKE_PREFIX_PATH}:/home/nextup/ros2_ws2/src/install/actions_py:/opt/ros/humble /usr/bin/cmake /home/nextup/ros2_ws2/src/my_robot_interfaces -DCMAKE_INSTALL_PREFIX=/home/nextup/ros2_ws2/src/install/my_robot_interfaces
[1.117s] DEBUG:colcon.colcon_core.event_handler.log_command:Invoking command in '/home/nextup/ros2_ws2/src/build/my_robot_interfaces': CMAKE_PREFIX_PATH=${CMAKE_PREFIX_PATH}:/home/nextup/ros2_ws2/src/install/actions_py:/opt/ros/humble /usr/bin/cmake --build /home/nextup/ros2_ws2/src/build/my_robot_interfaces -- -j16 -l16
[3.026s] DEBUG:colcon.colcon_core.event_handler.log_command:Invoked command in '/home/nextup/ros2_ws2/src/build/my_robot_interfaces' returned '0': CMAKE_PREFIX_PATH=${CMAKE_PREFIX_PATH}:/home/nextup/ros2_ws2/src/install/actions_py:/opt/ros/humble /usr/bin/cmake --build /home/nextup/ros2_ws2/src/build/my_robot_interfaces -- -j16 -l16
[3.065s] DEBUG:colcon.colcon_core.event_handler.log_command:Invoking command in '/home/nextup/ros2_ws2/src/build/my_robot_interfaces': CMAKE_PREFIX_PATH=${CMAKE_PREFIX_PATH}:/home/nextup/ros2_ws2/src/install/actions_py:/opt/ros/humble /usr/bin/cmake --install /home/nextup/ros2_ws2/src/build/my_robot_interfaces
[3.111s] Level 1:colcon.colcon_core.environment:create_environment_scripts_only(my_robot_interfaces)
[3.111s] DEBUG:colcon.colcon_core.event_handler.log_command:Invoked command in '/home/nextup/ros2_ws2/src/build/my_robot_interfaces' returned '0': CMAKE_PREFIX_PATH=${CMAKE_PREFIX_PATH}:/home/nextup/ros2_ws2/src/install/actions_py:/opt/ros/humble /usr/bin/cmake --install /home/nextup/ros2_ws2/src/build/my_robot_interfaces
[3.113s] Level 1:colcon.colcon_core.environment:checking '/home/nextup/ros2_ws2/src/install/my_robot_interfaces' for CMake module files
[3.113s] Level 1:colcon.colcon_core.environment:checking '/home/nextup/ros2_ws2/src/install/my_robot_interfaces' for CMake config files
[3.113s] Level 1:colcon.colcon_core.shell:create_environment_hook('my_robot_interfaces', 'cmake_prefix_path')
[3.114s] INFO:colcon.colcon_core.shell:Creating environment hook '/home/nextup/ros2_ws2/src/install/my_robot_interfaces/share/my_robot_interfaces/hook/cmake_prefix_path.ps1'
[3.114s] INFO:colcon.colcon_core.shell:Creating environment descriptor '/home/nextup/ros2_ws2/src/install/my_robot_interfaces/share/my_robot_interfaces/hook/cmake_prefix_path.dsv'
[3.114s] INFO:colcon.colcon_core.shell:Creating environment hook '/home/nextup/ros2_ws2/src/install/my_robot_interfaces/share/my_robot_interfaces/hook/cmake_prefix_path.sh'
[3.115s] Level 1:colcon.colcon_core.environment:checking '/home/nextup/ros2_ws2/src/install/my_robot_interfaces/lib'
[3.115s] Level 1:colcon.colcon_core.shell:create_environment_hook('my_robot_interfaces', 'ld_library_path_lib')
[3.115s] INFO:colcon.colcon_core.shell:Creating environment hook '/home/nextup/ros2_ws2/src/install/my_robot_interfaces/share/my_robot_interfaces/hook/ld_library_path_lib.ps1'
[3.115s] INFO:colcon.colcon_core.shell:Creating environment descriptor '/home/nextup/ros2_ws2/src/install/my_robot_interfaces/share/my_robot_interfaces/hook/ld_library_path_lib.dsv'
[3.115s] INFO:colcon.colcon_core.shell:Creating environment hook '/home/nextup/ros2_ws2/src/install/my_robot_interfaces/share/my_robot_interfaces/hook/ld_library_path_lib.sh'
[3.115s] Level 1:colcon.colcon_core.environment:checking '/home/nextup/ros2_ws2/src/install/my_robot_interfaces/bin'
[3.115s] Level 1:colcon.colcon_core.environment:checking '/home/nextup/ros2_ws2/src/install/my_robot_interfaces/lib/pkgconfig/my_robot_interfaces.pc'
[3.115s] Level 1:colcon.colcon_core.environment:checking '/home/nextup/ros2_ws2/src/install/my_robot_interfaces/lib/python3.10/site-packages'
[3.116s] Level 1:colcon.colcon_core.environment:checking '/home/nextup/ros2_ws2/src/install/my_robot_interfaces/bin'
[3.116s] INFO:colcon.colcon_core.shell:Creating package script '/home/nextup/ros2_ws2/src/install/my_robot_interfaces/share/my_robot_interfaces/package.ps1'
[3.116s] INFO:colcon.colcon_core.shell:Creating package descriptor '/home/nextup/ros2_ws2/src/install/my_robot_interfaces/share/my_robot_interfaces/package.dsv'
[3.116s] INFO:colcon.colcon_core.shell:Creating package script '/home/nextup/ros2_ws2/src/install/my_robot_interfaces/share/my_robot_interfaces/package.sh'
[3.117s] INFO:colcon.colcon_core.shell:Creating package script '/home/nextup/ros2_ws2/src/install/my_robot_interfaces/share/my_robot_interfaces/package.bash'
[3.117s] INFO:colcon.colcon_core.shell:Creating package script '/home/nextup/ros2_ws2/src/install/my_robot_interfaces/share/my_robot_interfaces/package.zsh'
[3.117s] Level 1:colcon.colcon_core.environment:create_file_with_runtime_dependencies(/home/nextup/ros2_ws2/src/install/my_robot_interfaces/share/colcon-core/packages/my_robot_interfaces)
[3.159s] Level 1:colcon.colcon_core.environment:create_environment_scripts_only(my_robot_interfaces)
[3.160s] Level 1:colcon.colcon_core.environment:checking '/home/nextup/ros2_ws2/src/install/my_robot_interfaces' for CMake module files
[3.160s] Level 1:colcon.colcon_core.environment:checking '/home/nextup/ros2_ws2/src/install/my_robot_interfaces' for CMake config files
[3.160s] Level 1:colcon.colcon_core.shell:create_environment_hook('my_robot_interfaces', 'cmake_prefix_path')
[3.161s] INFO:colcon.colcon_core.shell:Creating environment hook '/home/nextup/ros2_ws2/src/install/my_robot_interfaces/share/my_robot_interfaces/hook/cmake_prefix_path.ps1'
[3.161s] INFO:colcon.colcon_core.shell:Creating environment descriptor '/home/nextup/ros2_ws2/src/install/my_robot_interfaces/share/my_robot_interfaces/hook/cmake_prefix_path.dsv'
[3.161s] INFO:colcon.colcon_core.shell:Creating environment hook '/home/nextup/ros2_ws2/src/install/my_robot_interfaces/share/my_robot_interfaces/hook/cmake_prefix_path.sh'
[3.161s] Level 1:colcon.colcon_core.environment:checking '/home/nextup/ros2_ws2/src/install/my_robot_interfaces/lib'
[3.161s] Level 1:colcon.colcon_core.shell:create_environment_hook('my_robot_interfaces', 'ld_library_path_lib')
[3.162s] INFO:colcon.colcon_core.shell:Creating environment hook '/home/nextup/ros2_ws2/src/install/my_robot_interfaces/share/my_robot_interfaces/hook/ld_library_path_lib.ps1'
[3.162s] INFO:colcon.colcon_core.shell:Creating environment descriptor '/home/nextup/ros2_ws2/src/install/my_robot_interfaces/share/my_robot_interfaces/hook/ld_library_path_lib.dsv'
[3.162s] INFO:colcon.colcon_core.shell:Creating environment hook '/home/nextup/ros2_ws2/src/install/my_robot_interfaces/share/my_robot_interfaces/hook/ld_library_path_lib.sh'
[3.162s] Level 1:colcon.colcon_core.environment:checking '/home/nextup/ros2_ws2/src/install/my_robot_interfaces/bin'
[3.162s] Level 1:colcon.colcon_core.environment:checking '/home/nextup/ros2_ws2/src/install/my_robot_interfaces/lib/pkgconfig/my_robot_interfaces.pc'
[3.162s] Level 1:colcon.colcon_core.environment:checking '/home/nextup/ros2_ws2/src/install/my_robot_interfaces/lib/python3.10/site-packages'
[3.162s] Level 1:colcon.colcon_core.environment:checking '/home/nextup/ros2_ws2/src/install/my_robot_interfaces/bin'
[3.163s] INFO:colcon.colcon_core.shell:Creating package script '/home/nextup/ros2_ws2/src/install/my_robot_interfaces/share/my_robot_interfaces/package.ps1'
[3.163s] INFO:colcon.colcon_core.shell:Creating package descriptor '/home/nextup/ros2_ws2/src/install/my_robot_interfaces/share/my_robot_interfaces/package.dsv'
[3.163s] INFO:colcon.colcon_core.shell:Creating package script '/home/nextup/ros2_ws2/src/install/my_robot_interfaces/share/my_robot_interfaces/package.sh'
[3.164s] INFO:colcon.colcon_core.shell:Creating package script '/home/nextup/ros2_ws2/src/install/my_robot_interfaces/share/my_robot_interfaces/package.bash'
[3.164s] INFO:colcon.colcon_core.shell:Creating package script '/home/nextup/ros2_ws2/src/install/my_robot_interfaces/share/my_robot_interfaces/package.zsh'
[3.164s] Level 1:colcon.colcon_core.environment:create_file_with_runtime_dependencies(/home/nextup/ros2_ws2/src/install/my_robot_interfaces/share/colcon-core/packages/my_robot_interfaces)
[3.164s] INFO:colcon.colcon_ros.task.ament_python.build:Building ROS package in '/home/nextup/ros2_ws2/src/actions_py' with build type 'ament_python'
[3.164s] Level 1:colcon.colcon_core.shell:create_environment_hook('actions_py', 'ament_prefix_path')
[3.164s] INFO:colcon.colcon_core.shell:Creating environment hook '/home/nextup/ros2_ws2/src/install/actions_py/share/actions_py/hook/ament_prefix_path.ps1'
[3.165s] INFO:colcon.colcon_core.shell:Creating environment descriptor '/home/nextup/ros2_ws2/src/install/actions_py/share/actions_py/hook/ament_prefix_path.dsv'
[3.165s] INFO:colcon.colcon_core.shell:Creating environment hook '/home/nextup/ros2_ws2/src/install/actions_py/share/actions_py/hook/ament_prefix_path.sh'
[3.165s] INFO:colcon.colcon_core.shell:Skip shell extension 'powershell' for command environment: Not usable outside of PowerShell
[3.165s] DEBUG:colcon.colcon_core.shell:Skip shell extension 'dsv' for command environment
[3.306s] INFO:colcon.colcon_core.task.python.build:Building Python package in '/home/nextup/ros2_ws2/src/actions_py'
[3.306s] INFO:colcon.colcon_core.shell:Skip shell extension 'powershell' for command environment: Not usable outside of PowerShell
[3.306s] DEBUG:colcon.colcon_core.shell:Skip shell extension 'dsv' for command environment
[3.595s] DEBUG:colcon.colcon_core.event_handler.log_command:Invoking command in '/home/nextup/ros2_ws2/src/build/actions_py': AMENT_PREFIX_PATH=/home/nextup/ros2_ws2/src/install/my_robot_interfaces:${AMENT_PREFIX_PATH} CMAKE_PREFIX_PATH=/home/nextup/ros2_ws2/src/install/my_robot_interfaces:${CMAKE_PREFIX_PATH} LD_LIBRARY_PATH=/home/nextup/ros2_ws2/src/install/my_robot_interfaces/lib:${LD_LIBRARY_PATH} PYTHONPATH=/home/nextup/ros2_ws2/src/build/actions_py/prefix_override:/home/nextup/ros2_ws2/src/install/actions_py/lib/python3.10/site-packages:/home/nextup/ros2_ws2/src/install/my_robot_interfaces/local/lib/python3.10/dist-packages:${PYTHONPATH} /usr/bin/python3 -W ignore:setup.py install is deprecated setup.py develop --uninstall --editable --build-directory /home/nextup/ros2_ws2/src/build/actions_py/build
[3.878s] DEBUG:colcon.colcon_core.event_handler.log_command:Invoked command in '/home/nextup/ros2_ws2/src/build/actions_py' returned '0': AMENT_PREFIX_PATH=/home/nextup/ros2_ws2/src/install/my_robot_interfaces:${AMENT_PREFIX_PATH} CMAKE_PREFIX_PATH=/home/nextup/ros2_ws2/src/install/my_robot_interfaces:${CMAKE_PREFIX_PATH} LD_LIBRARY_PATH=/home/nextup/ros2_ws2/src/install/my_robot_interfaces/lib:${LD_LIBRARY_PATH} PYTHONPATH=/home/nextup/ros2_ws2/src/build/actions_py/prefix_override:/home/nextup/ros2_ws2/src/install/actions_py/lib/python3.10/site-packages:/home/nextup/ros2_ws2/src/install/my_robot_interfaces/local/lib/python3.10/dist-packages:${PYTHONPATH} /usr/bin/python3 -W ignore:setup.py install is deprecated setup.py develop --uninstall --editable --build-directory /home/nextup/ros2_ws2/src/build/actions_py/build
[3.880s] DEBUG:colcon.colcon_core.event_handler.log_command:Invoking command in '/home/nextup/ros2_ws2/src/actions_py': AMENT_PREFIX_PATH=/home/nextup/ros2_ws2/src/install/my_robot_interfaces:${AMENT_PREFIX_PATH} CMAKE_PREFIX_PATH=/home/nextup/ros2_ws2/src/install/my_robot_interfaces:${CMAKE_PREFIX_PATH} LD_LIBRARY_PATH=/home/nextup/ros2_ws2/src/install/my_robot_interfaces/lib:${LD_LIBRARY_PATH} PYTHONPATH=/home/nextup/ros2_ws2/src/build/actions_py/prefix_override:/home/nextup/ros2_ws2/src/install/actions_py/lib/python3.10/site-packages:/home/nextup/ros2_ws2/src/install/my_robot_interfaces/local/lib/python3.10/dist-packages:${PYTHONPATH} /usr/bin/python3 -W ignore:setup.py install is deprecated setup.py egg_info --egg-base ../build/actions_py build --build-base /home/nextup/ros2_ws2/src/build/actions_py/build install --record /home/nextup/ros2_ws2/src/build/actions_py/install.log --single-version-externally-managed install_data --force
[4.139s] Level 1:colcon.colcon_core.environment:checking '/home/nextup/ros2_ws2/src/install/actions_py' for CMake module files
[4.140s] DEBUG:colcon.colcon_core.event_handler.log_command:Invoked command in '/home/nextup/ros2_ws2/src/actions_py' returned '0': AMENT_PREFIX_PATH=/home/nextup/ros2_ws2/src/install/my_robot_interfaces:${AMENT_PREFIX_PATH} CMAKE_PREFIX_PATH=/home/nextup/ros2_ws2/src/install/my_robot_interfaces:${CMAKE_PREFIX_PATH} LD_LIBRARY_PATH=/home/nextup/ros2_ws2/src/install/my_robot_interfaces/lib:${LD_LIBRARY_PATH} PYTHONPATH=/home/nextup/ros2_ws2/src/build/actions_py/prefix_override:/home/nextup/ros2_ws2/src/install/actions_py/lib/python3.10/site-packages:/home/nextup/ros2_ws2/src/install/my_robot_interfaces/local/lib/python3.10/dist-packages:${PYTHONPATH} /usr/bin/python3 -W ignore:setup.py install is deprecated setup.py egg_info --egg-base ../build/actions_py build --build-base /home/nextup/ros2_ws2/src/build/actions_py/build install --record /home/nextup/ros2_ws2/src/build/actions_py/install.log --single-version-externally-managed install_data --force
[4.140s] Level 1:colcon.colcon_core.environment:checking '/home/nextup/ros2_ws2/src/install/actions_py' for CMake config files
[4.140s] Level 1:colcon.colcon_core.environment:checking '/home/nextup/ros2_ws2/src/install/actions_py/lib'
[4.140s] Level 1:colcon.colcon_core.environment:checking '/home/nextup/ros2_ws2/src/install/actions_py/bin'
[4.140s] Level 1:colcon.colcon_core.environment:checking '/home/nextup/ros2_ws2/src/install/actions_py/lib/pkgconfig/actions_py.pc'
[4.141s] Level 1:colcon.colcon_core.environment:checking '/home/nextup/ros2_ws2/src/install/actions_py/lib/python3.10/site-packages'
[4.141s] Level 1:colcon.colcon_core.shell:create_environment_hook('actions_py', 'pythonpath')
[4.141s] INFO:colcon.colcon_core.shell:Creating environment hook '/home/nextup/ros2_ws2/src/install/actions_py/share/actions_py/hook/pythonpath.ps1'
[4.141s] INFO:colcon.colcon_core.shell:Creating environment descriptor '/home/nextup/ros2_ws2/src/install/actions_py/share/actions_py/hook/pythonpath.dsv'
[4.142s] INFO:colcon.colcon_core.shell:Creating environment hook '/home/nextup/ros2_ws2/src/install/actions_py/share/actions_py/hook/pythonpath.sh'
[4.142s] Level 1:colcon.colcon_core.environment:checking '/home/nextup/ros2_ws2/src/install/actions_py/bin'
[4.142s] Level 1:colcon.colcon_core.environment:create_environment_scripts_only(actions_py)
[4.143s] INFO:colcon.colcon_core.shell:Creating package script '/home/nextup/ros2_ws2/src/install/actions_py/share/actions_py/package.ps1'
[4.143s] INFO:colcon.colcon_core.shell:Creating package descriptor '/home/nextup/ros2_ws2/src/install/actions_py/share/actions_py/package.dsv'
[4.143s] INFO:colcon.colcon_core.shell:Creating package script '/home/nextup/ros2_ws2/src/install/actions_py/share/actions_py/package.sh'
[4.143s] INFO:colcon.colcon_core.shell:Creating package script '/home/nextup/ros2_ws2/src/install/actions_py/share/actions_py/package.bash'
[4.143s] INFO:colcon.colcon_core.shell:Creating package script '/home/nextup/ros2_ws2/src/install/actions_py/share/actions_py/package.zsh'
[4.143s] Level 1:colcon.colcon_core.environment:create_file_with_runtime_dependencies(/home/nextup/ros2_ws2/src/install/actions_py/share/colcon-core/packages/actions_py)
[4.144s] DEBUG:colcon.colcon_parallel_executor.executor.parallel:closing loop
[4.144s] DEBUG:colcon.colcon_parallel_executor.executor.parallel:loop closed
[4.144s] DEBUG:colcon.colcon_parallel_executor.executor.parallel:run_until_complete finished with '0'
[4.144s] DEBUG:colcon.colcon_core.event_reactor:joining thread
[4.148s] INFO:colcon.colcon_core.plugin_system:Skipping extension 'colcon_notification.desktop_notification.terminal_notifier': Not used on non-Darwin systems
[4.148s] INFO:colcon.colcon_core.plugin_system:Skipping extension 'colcon_notification.desktop_notification.win32': Not used on non-Windows systems
[4.148s] INFO:colcon.colcon_notification.desktop_notification:Sending desktop notification using 'notify2'
[4.158s] DEBUG:colcon.colcon_core.event_reactor:joined thread
[4.158s] INFO:colcon.colcon_core.shell:Creating prefix script '/home/nextup/ros2_ws2/src/install/local_setup.ps1'
[4.159s] INFO:colcon.colcon_core.shell:Creating prefix util module '/home/nextup/ros2_ws2/src/install/_local_setup_util_ps1.py'
[4.160s] INFO:colcon.colcon_core.shell:Creating prefix chain script '/home/nextup/ros2_ws2/src/install/setup.ps1'
[4.160s] INFO:colcon.colcon_core.shell:Creating prefix script '/home/nextup/ros2_ws2/src/install/local_setup.sh'
[4.161s] INFO:colcon.colcon_core.shell:Creating prefix util module '/home/nextup/ros2_ws2/src/install/_local_setup_util_sh.py'
[4.161s] INFO:colcon.colcon_core.shell:Creating prefix chain script '/home/nextup/ros2_ws2/src/install/setup.sh'
[4.161s] INFO:colcon.colcon_core.shell:Creating prefix script '/home/nextup/ros2_ws2/src/install/local_setup.bash'
[4.162s] INFO:colcon.colcon_core.shell:Creating prefix chain script '/home/nextup/ros2_ws2/src/install/setup.bash'
[4.162s] INFO:colcon.colcon_core.shell:Creating prefix script '/home/nextup/ros2_ws2/src/install/local_setup.zsh'
[4.163s] INFO:colcon.colcon_core.shell:Creating prefix chain script '/home/nextup/ros2_ws2/src/install/setup.zsh'
