[0.042s] Invoking command in '/home/anjali/arduinoboot_ws/src/build/arduniobot_msgs': CMAKE_PREFIX_PATH=${CMAKE_PREFIX_PATH}:/home/anjali/arduinoboot_ws/install/arduinoboot_py_examples:/opt/ros/humble /usr/bin/cmake --build /home/anjali/arduinoboot_ws/src/build/arduniobot_msgs -- -j16 -l16
[0.264s] [31mCMake Error at /opt/ros/humble/share/rosidl_cmake/cmake/rosidl_generate_interfaces.cmake:93 (message):
[0.264s]   rosidl_generate_interfaces() the passed file 'action/ArduinobotTask.action'
[0.265s]   doesn't exist relative to the CMAKE_CURRENT_SOURCE_DIR
[0.265s]   '/home/anjali/arduinoboot_ws/src/arduniobot_msgs'
[0.265s] Call Stack (most recent call first):
[0.265s]   CMakeLists.txt:15 (rosidl_generate_interfaces)
[0.265s] 
[0.266s] [0m
[0.266s] gmake: *** [Makefile:1179: cmake_check_build_system] Error 1
[0.266s] -- Found ament_cmake: 1.3.9 (/opt/ros/humble/share/ament_cmake/cmake)
[0.266s] -- Found std_msgs: 4.2.4 (/opt/ros/humble/share/std_msgs/cmake)
[0.266s] -- Found rosidl_generator_c: 3.1.5 (/opt/ros/humble/share/rosidl_generator_c/cmake)
[0.267s] -- Found rosidl_adapter: 3.1.5 (/opt/ros/humble/share/rosidl_adapter/cmake)
[0.268s] -- Found rosidl_generator_cpp: 3.1.5 (/opt/ros/humble/share/rosidl_generator_cpp/cmake)
[0.269s] -- Using all available rosidl_typesupport_c: rosidl_typesupport_fastrtps_c;rosidl_typesupport_introspection_c
[0.269s] -- Using all available rosidl_typesupport_cpp: rosidl_typesupport_fastrtps_cpp;rosidl_typesupport_introspection_cpp
[0.270s] -- Found rosidl_default_generators: 1.2.0 (/opt/ros/humble/share/rosidl_default_generators/cmake)
[0.270s] -- Configuring incomplete, errors occurred!
[0.271s] See also "/home/anjali/arduinoboot_ws/src/build/arduniobot_msgs/CMakeFiles/CMakeOutput.log".
[0.274s] Invoked command in '/home/anjali/arduinoboot_ws/src/build/arduniobot_msgs' returned '2': CMAKE_PREFIX_PATH=${CMAKE_PREFIX_PATH}:/home/anjali/arduinoboot_ws/install/arduinoboot_py_examples:/opt/ros/humble /usr/bin/cmake --build /home/anjali/arduinoboot_ws/src/build/arduniobot_msgs -- -j16 -l16
