running egg_info
writing ../build/actions_py/actions_py.egg-info/PKG-INFO
writing dependency_links to ../build/actions_py/actions_py.egg-info/dependency_links.txt
writing entry points to ../build/actions_py/actions_py.egg-info/entry_points.txt
writing requirements to ../build/actions_py/actions_py.egg-info/requires.txt
writing top-level names to ../build/actions_py/actions_py.egg-info/top_level.txt
reading manifest file '../build/actions_py/actions_py.egg-info/SOURCES.txt'
writing manifest file '../build/actions_py/actions_py.egg-info/SOURCES.txt'
running build
running build_py
copying actions_py/move_robot_client.py -> /home/nextup/ros2_ws2/src/build/actions_py/build/lib/actions_py
copying actions_py/count_until_server.py -> /home/nextup/ros2_ws2/src/build/actions_py/build/lib/actions_py
copying actions_py/count_until_client.py -> /home/nextup/ros2_ws2/src/build/actions_py/build/lib/actions_py
copying actions_py/__init__.py -> /home/nextup/ros2_ws2/src/build/actions_py/build/lib/actions_py
copying actions_py/move_robot_server.py -> /home/nextup/ros2_ws2/src/build/actions_py/build/lib/actions_py
running install
running install_lib
copying /home/nextup/ros2_ws2/src/build/actions_py/build/lib/actions_py/move_robot_client.py -> /home/nextup/ros2_ws2/src/install/actions_py/lib/python3.10/site-packages/actions_py
copying /home/nextup/ros2_ws2/src/build/actions_py/build/lib/actions_py/count_until_server.py -> /home/nextup/ros2_ws2/src/install/actions_py/lib/python3.10/site-packages/actions_py
copying /home/nextup/ros2_ws2/src/build/actions_py/build/lib/actions_py/count_until_client.py -> /home/nextup/ros2_ws2/src/install/actions_py/lib/python3.10/site-packages/actions_py
copying /home/nextup/ros2_ws2/src/build/actions_py/build/lib/actions_py/move_robot_server.py -> /home/nextup/ros2_ws2/src/install/actions_py/lib/python3.10/site-packages/actions_py
byte-compiling /home/nextup/ros2_ws2/src/install/actions_py/lib/python3.10/site-packages/actions_py/move_robot_client.py to move_robot_client.cpython-310.pyc
byte-compiling /home/nextup/ros2_ws2/src/install/actions_py/lib/python3.10/site-packages/actions_py/count_until_server.py to count_until_server.cpython-310.pyc
byte-compiling /home/nextup/ros2_ws2/src/install/actions_py/lib/python3.10/site-packages/actions_py/count_until_client.py to count_until_client.cpython-310.pyc
byte-compiling /home/nextup/ros2_ws2/src/install/actions_py/lib/python3.10/site-packages/actions_py/move_robot_server.py to move_robot_server.cpython-310.pyc
running install_data
copying resource/actions_py -> /home/nextup/ros2_ws2/src/install/actions_py/share/ament_index/resource_index/packages
copying package.xml -> /home/nextup/ros2_ws2/src/install/actions_py/share/actions_py
running install_egg_info
removing '/home/nextup/ros2_ws2/src/install/actions_py/lib/python3.10/site-packages/actions_py-0.0.0-py3.10.egg-info' (and everything under it)
Copying ../build/actions_py/actions_py.egg-info to /home/nextup/ros2_ws2/src/install/actions_py/lib/python3.10/site-packages/actions_py-0.0.0-py3.10.egg-info
running install_scripts
Installing count_until_client script to /home/nextup/ros2_ws2/src/install/actions_py/lib/actions_py
Installing count_until_server script to /home/nextup/ros2_ws2/src/install/actions_py/lib/actions_py
Installing move_robot_client script to /home/nextup/ros2_ws2/src/install/actions_py/lib/actions_py
Installing move_robot_server script to /home/nextup/ros2_ws2/src/install/actions_py/lib/actions_py
writing list of installed files to '/home/nextup/ros2_ws2/src/build/actions_py/install.log'
