[0.005s] Invoking command in '/home/nextup/ros2_ws1/build/my_robot_bringup': CMAKE_PREFIX_PATH=/home/nextup/ros2_ws1/install/my_robot_description:/home/nextup/ros2_ws1/install/my_robot_bringup:/opt/ros/humble /usr/bin/cmake /home/nextup/ros2_ws1/src/my_robot_bringup -DCMAKE_INSTALL_PREFIX=/home/nextup/ros2_ws1/install/my_robot_bringup
[0.013s] -- Found ament_cmake: 1.3.9 (/opt/ros/humble/share/ament_cmake/cmake)
[0.085s] -- Override CMake install command with custom implementation using symlinks instead of copying resources
[0.128s] -- Configuring done
[0.129s] -- Generating done
[0.130s] -- Build files have been written to: /home/nextup/ros2_ws1/build/my_robot_bringup
[0.133s] Invoked command in '/home/nextup/ros2_ws1/build/my_robot_bringup' returned '0': CMAKE_PREFIX_PATH=/home/nextup/ros2_ws1/install/my_robot_description:/home/nextup/ros2_ws1/install/my_robot_bringup:/opt/ros/humble /usr/bin/cmake /home/nextup/ros2_ws1/src/my_robot_bringup -DCMAKE_INSTALL_PREFIX=/home/nextup/ros2_ws1/install/my_robot_bringup
[0.133s] Invoking command in '/home/nextup/ros2_ws1/build/my_robot_bringup': CMAKE_PREFIX_PATH=/home/nextup/ros2_ws1/install/my_robot_description:/home/nextup/ros2_ws1/install/my_robot_bringup:/opt/ros/humble /usr/bin/cmake --build /home/nextup/ros2_ws1/build/my_robot_bringup -- -j16 -l16
[0.157s] Invoked command in '/home/nextup/ros2_ws1/build/my_robot_bringup' returned '0': CMAKE_PREFIX_PATH=/home/nextup/ros2_ws1/install/my_robot_description:/home/nextup/ros2_ws1/install/my_robot_bringup:/opt/ros/humble /usr/bin/cmake --build /home/nextup/ros2_ws1/build/my_robot_bringup -- -j16 -l16
[0.169s] Invoking command in '/home/nextup/ros2_ws1/build/my_robot_bringup': CMAKE_PREFIX_PATH=/home/nextup/ros2_ws1/install/my_robot_description:/home/nextup/ros2_ws1/install/my_robot_bringup:/opt/ros/humble /usr/bin/cmake --install /home/nextup/ros2_ws1/build/my_robot_bringup
[0.174s] -- Install configuration: ""
[0.174s] -- Execute custom install script
[0.174s] -- Up-to-date symlink: /home/nextup/ros2_ws1/install/my_robot_bringup/share/my_robot_bringup//launch/my_robot_gazebo.launch.xml
[0.174s] -- Up-to-date symlink: /home/nextup/ros2_ws1/install/my_robot_bringup/share/my_robot_bringup//rviz/urdf_config.rviz
[0.174s] -- Up-to-date symlink: /home/nextup/ros2_ws1/install/my_robot_bringup/share/ament_index/resource_index/package_run_dependencies/my_robot_bringup
[0.174s] -- Up-to-date symlink: /home/nextup/ros2_ws1/install/my_robot_bringup/share/ament_index/resource_index/parent_prefix_path/my_robot_bringup
[0.174s] -- Up-to-date symlink: /home/nextup/ros2_ws1/install/my_robot_bringup/share/my_robot_bringup/environment/ament_prefix_path.sh
[0.174s] -- Up-to-date symlink: /home/nextup/ros2_ws1/install/my_robot_bringup/share/my_robot_bringup/environment/ament_prefix_path.dsv
[0.174s] -- Up-to-date symlink: /home/nextup/ros2_ws1/install/my_robot_bringup/share/my_robot_bringup/environment/path.sh
[0.175s] -- Up-to-date symlink: /home/nextup/ros2_ws1/install/my_robot_bringup/share/my_robot_bringup/environment/path.dsv
[0.175s] -- Up-to-date symlink: /home/nextup/ros2_ws1/install/my_robot_bringup/share/my_robot_bringup/local_setup.bash
[0.175s] -- Up-to-date symlink: /home/nextup/ros2_ws1/install/my_robot_bringup/share/my_robot_bringup/local_setup.sh
[0.175s] -- Up-to-date symlink: /home/nextup/ros2_ws1/install/my_robot_bringup/share/my_robot_bringup/local_setup.zsh
[0.175s] -- Up-to-date symlink: /home/nextup/ros2_ws1/install/my_robot_bringup/share/my_robot_bringup/local_setup.dsv
[0.175s] -- Symlinking: /home/nextup/ros2_ws1/install/my_robot_bringup/share/my_robot_bringup/package.dsv
[0.180s] -- Up-to-date symlink: /home/nextup/ros2_ws1/install/my_robot_bringup/share/ament_index/resource_index/packages/my_robot_bringup
[0.180s] -- Up-to-date symlink: /home/nextup/ros2_ws1/install/my_robot_bringup/share/my_robot_bringup/cmake/my_robot_bringupConfig.cmake
[0.180s] -- Up-to-date symlink: /home/nextup/ros2_ws1/install/my_robot_bringup/share/my_robot_bringup/cmake/my_robot_bringupConfig-version.cmake
[0.181s] -- Up-to-date symlink: /home/nextup/ros2_ws1/install/my_robot_bringup/share/my_robot_bringup/package.xml
[0.182s] Invoked command in '/home/nextup/ros2_ws1/build/my_robot_bringup' returned '0': CMAKE_PREFIX_PATH=/home/nextup/ros2_ws1/install/my_robot_description:/home/nextup/ros2_ws1/install/my_robot_bringup:/opt/ros/humble /usr/bin/cmake --install /home/nextup/ros2_ws1/build/my_robot_bringup
