[0.028s] Invoking command in '/home/nextup/ros2_ws2/src/build/lifecycle_cpp': CMAKE_PREFIX_PATH=${CMAKE_PREFIX_PATH}:/home/nextup/ros2_ws2/install/actions_py:/home/nextup/ros2_ws2/install/lifecycle_py:/home/nextup/ros2_ws2/install/executors_py:/home/nextup/ros2_ws2/src/install/actions_py:/home/nextup/ros2_ws2/src/install/lifecycle_py:/opt/ros/humble /usr/bin/cmake --build /home/nextup/ros2_ws2/src/build/lifecycle_cpp -- -j16 -l16
[0.204s] -- Found ament_cmake: 1.3.9 (/opt/ros/humble/share/ament_cmake/cmake)
[0.204s] -- Found rclcpp: 16.0.9 (/opt/ros/humble/share/rclcpp/cmake)
[0.205s] -- Found rosidl_generator_c: 3.1.5 (/opt/ros/humble/share/rosidl_generator_c/cmake)
[0.205s] -- Found rosidl_adapter: 3.1.5 (/opt/ros/humble/share/rosidl_adapter/cmake)
[0.205s] -- Found rosidl_generator_cpp: 3.1.5 (/opt/ros/humble/share/rosidl_generator_cpp/cmake)
[0.205s] -- Using all available rosidl_typesupport_c: rosidl_typesupport_fastrtps_c;rosidl_typesupport_introspection_c
[0.209s] -- Using all available rosidl_typesupport_cpp: rosidl_typesupport_fastrtps_cpp;rosidl_typesupport_introspection_cpp
[0.256s] -- Found rmw_implementation_cmake: 6.1.2 (/opt/ros/humble/share/rmw_implementation_cmake/cmake)
[0.258s] -- Found rmw_fastrtps_cpp: 6.2.6 (/opt/ros/humble/share/rmw_fastrtps_cpp/cmake)
[0.366s] -- Using RMW implementation 'rmw_fastrtps_cpp' as default
[0.491s] -- Found rclcpp_lifecycle: 16.0.9 (/opt/ros/humble/share/rclcpp_lifecycle/cmake)
[0.522s] -- Found example_interfaces: 0.9.3 (/opt/ros/humble/share/example_interfaces/cmake)
[0.715s] -- Found rclcpp_action: 16.0.9 (/opt/ros/humble/share/rclcpp_action/cmake)
[0.755s] -- Found my_robot_interfaces: 0.0.0 (/home/nextup/ros2_ws2/install/my_robot_interfaces/share/my_robot_interfaces/cmake)
[0.916s] -- Configuring done
[0.936s] -- Generating done
[0.939s] -- Build files have been written to: /home/nextup/ros2_ws2/src/build/lifecycle_cpp
[0.972s] [35m[1mConsolidate compiler generated dependencies of target number_publisher[0m
[0.980s] [ 25%] [32mBuilding CXX object CMakeFiles/move_robot_server.dir/src/move_robot_server.cpp.o[0m
[0.994s] [ 75%] Built target number_publisher
[8.953s] [100%] [32m[1mLinking CXX executable move_robot_server[0m
[9.295s] [100%] Built target move_robot_server
[9.620s] Invoked command in '/home/nextup/ros2_ws2/src/build/lifecycle_cpp' returned '0': CMAKE_PREFIX_PATH=${CMAKE_PREFIX_PATH}:/home/nextup/ros2_ws2/install/actions_py:/home/nextup/ros2_ws2/install/lifecycle_py:/home/nextup/ros2_ws2/install/executors_py:/home/nextup/ros2_ws2/src/install/actions_py:/home/nextup/ros2_ws2/src/install/lifecycle_py:/opt/ros/humble /usr/bin/cmake --build /home/nextup/ros2_ws2/src/build/lifecycle_cpp -- -j16 -l16
[9.652s] Invoking command in '/home/nextup/ros2_ws2/src/build/lifecycle_cpp': CMAKE_PREFIX_PATH=${CMAKE_PREFIX_PATH}:/home/nextup/ros2_ws2/install/actions_py:/home/nextup/ros2_ws2/install/lifecycle_py:/home/nextup/ros2_ws2/install/executors_py:/home/nextup/ros2_ws2/src/install/actions_py:/home/nextup/ros2_ws2/src/install/lifecycle_py:/opt/ros/humble /usr/bin/cmake --install /home/nextup/ros2_ws2/src/build/lifecycle_cpp
[9.661s] -- Install configuration: ""
[9.661s] -- Up-to-date: /home/nextup/ros2_ws2/src/install/lifecycle_cpp/lib/lifecycle_cpp/number_publisher
[9.662s] -- Installing: /home/nextup/ros2_ws2/src/install/lifecycle_cpp/lib/lifecycle_cpp/move_robot_server
[9.663s] -- Set runtime path of "/home/nextup/ros2_ws2/src/install/lifecycle_cpp/lib/lifecycle_cpp/move_robot_server" to ""
[9.663s] -- Up-to-date: /home/nextup/ros2_ws2/src/install/lifecycle_cpp/share/ament_index/resource_index/package_run_dependencies/lifecycle_cpp
[9.663s] -- Installing: /home/nextup/ros2_ws2/src/install/lifecycle_cpp/share/ament_index/resource_index/parent_prefix_path/lifecycle_cpp
[9.663s] -- Up-to-date: /home/nextup/ros2_ws2/src/install/lifecycle_cpp/share/lifecycle_cpp/environment/ament_prefix_path.sh
[9.664s] -- Installing: /home/nextup/ros2_ws2/src/install/lifecycle_cpp/share/lifecycle_cpp/environment/ament_prefix_path.dsv
[9.664s] -- Up-to-date: /home/nextup/ros2_ws2/src/install/lifecycle_cpp/share/lifecycle_cpp/environment/path.sh
[9.664s] -- Installing: /home/nextup/ros2_ws2/src/install/lifecycle_cpp/share/lifecycle_cpp/environment/path.dsv
[9.664s] -- Up-to-date: /home/nextup/ros2_ws2/src/install/lifecycle_cpp/share/lifecycle_cpp/local_setup.bash
[9.664s] -- Up-to-date: /home/nextup/ros2_ws2/src/install/lifecycle_cpp/share/lifecycle_cpp/local_setup.sh
[9.664s] -- Up-to-date: /home/nextup/ros2_ws2/src/install/lifecycle_cpp/share/lifecycle_cpp/local_setup.zsh
[9.664s] -- Installing: /home/nextup/ros2_ws2/src/install/lifecycle_cpp/share/lifecycle_cpp/local_setup.dsv
[9.664s] -- Installing: /home/nextup/ros2_ws2/src/install/lifecycle_cpp/share/lifecycle_cpp/package.dsv
[9.664s] -- Up-to-date: /home/nextup/ros2_ws2/src/install/lifecycle_cpp/share/ament_index/resource_index/packages/lifecycle_cpp
[9.664s] -- Up-to-date: /home/nextup/ros2_ws2/src/install/lifecycle_cpp/share/lifecycle_cpp/cmake/lifecycle_cppConfig.cmake
[9.665s] -- Up-to-date: /home/nextup/ros2_ws2/src/install/lifecycle_cpp/share/lifecycle_cpp/cmake/lifecycle_cppConfig-version.cmake
[9.665s] -- Up-to-date: /home/nextup/ros2_ws2/src/install/lifecycle_cpp/share/lifecycle_cpp/package.xml
[9.667s] Invoked command in '/home/nextup/ros2_ws2/src/build/lifecycle_cpp' returned '0': CMAKE_PREFIX_PATH=${CMAKE_PREFIX_PATH}:/home/nextup/ros2_ws2/install/actions_py:/home/nextup/ros2_ws2/install/lifecycle_py:/home/nextup/ros2_ws2/install/executors_py:/home/nextup/ros2_ws2/src/install/actions_py:/home/nextup/ros2_ws2/src/install/lifecycle_py:/opt/ros/humble /usr/bin/cmake --install /home/nextup/ros2_ws2/src/build/lifecycle_cpp
