[0.008s] Invoking command in '/home/nextup/ros2_ws2/src/build/my_robot_interfaces': CMAKE_PREFIX_PATH=${CMAKE_PREFIX_PATH}:/opt/ros/humble /usr/bin/cmake /home/nextup/ros2_ws2/src/my_robot_interfaces -DCMAKE_INSTALL_PREFIX=/home/nextup/ros2_ws2/src/install/my_robot_interfaces
[0.026s] -- Found ament_cmake: 1.3.9 (/opt/ros/humble/share/ament_cmake/cmake)
[0.134s] -- Found rclcpp: 16.0.9 (/opt/ros/humble/share/rclcpp/cmake)
[0.169s] -- Found rosidl_generator_c: 3.1.5 (/opt/ros/humble/share/rosidl_generator_c/cmake)
[0.172s] -- Found rosidl_adapter: 3.1.5 (/opt/ros/humble/share/rosidl_adapter/cmake)
[0.179s] -- Found rosidl_generator_cpp: 3.1.5 (/opt/ros/humble/share/rosidl_generator_cpp/cmake)
[0.194s] -- Using all available rosidl_typesupport_c: rosidl_typesupport_fastrtps_c;rosidl_typesupport_introspection_c
[0.213s] -- Using all available rosidl_typesupport_cpp: rosidl_typesupport_fastrtps_cpp;rosidl_typesupport_introspection_cpp
[0.263s] -- Found rmw_implementation_cmake: 6.1.2 (/opt/ros/humble/share/rmw_implementation_cmake/cmake)
[0.265s] -- Found rmw_fastrtps_cpp: 6.2.6 (/opt/ros/humble/share/rmw_fastrtps_cpp/cmake)
[0.330s] -- Found OpenSSL: /usr/lib/x86_64-linux-gnu/libcrypto.so (found version "3.0.2")  
[0.348s] -- Found FastRTPS: /opt/ros/humble/include  
[0.375s] -- Using RMW implementation 'rmw_fastrtps_cpp' as default
[0.383s] -- Looking for pthread.h
[0.473s] -- Looking for pthread.h - found
[0.473s] -- Performing Test CMAKE_HAVE_LIBC_PTHREAD
[0.522s] -- Performing Test CMAKE_HAVE_LIBC_PTHREAD - Success
[0.523s] -- Found Threads: TRUE  
[0.632s] -- Found rosidl_default_generators: 1.2.0 (/opt/ros/humble/share/rosidl_default_generators/cmake)
[0.799s] [31mCMake Error at /opt/ros/humble/share/rosidl_cmake/cmake/rosidl_generate_interfaces.cmake:229 (message):
[0.799s]   Packages installing interfaces must include
[0.799s]   '<member_of_group>rosidl_interface_packages</member_of_group>' in their
[0.799s]   package.xml
[0.799s] Call Stack (most recent call first):
[0.799s]   CMakeLists.txt:14 (rosidl_generate_interfaces)
[0.799s] 
[0.799s] [0m
[0.800s] -- Configuring incomplete, errors occurred!
[0.800s] See also "/home/nextup/ros2_ws2/src/build/my_robot_interfaces/CMakeFiles/CMakeOutput.log".
[0.807s] Invoked command in '/home/nextup/ros2_ws2/src/build/my_robot_interfaces' returned '1': CMAKE_PREFIX_PATH=${CMAKE_PREFIX_PATH}:/opt/ros/humble /usr/bin/cmake /home/nextup/ros2_ws2/src/my_robot_interfaces -DCMAKE_INSTALL_PREFIX=/home/nextup/ros2_ws2/src/install/my_robot_interfaces
