[0.011s] Invoking command in '/home/nextup/ros2_ws/build/my_robot_interfaces': CMAKE_PREFIX_PATH=${CMAKE_PREFIX_PATH}:/opt/ros/humble /usr/bin/cmake /home/nextup/ros2_ws/src/my_robot_interfaces -DCMAKE_INSTALL_PREFIX=/home/nextup/ros2_ws/install/my_robot_interfaces
[0.171s] -- The C compiler identification is GNU 11.4.0
[0.172s] -- The CXX compiler identification is GNU 11.4.0
[0.172s] -- Detecting C compiler ABI info
[0.172s] -- Detecting C compiler ABI info - done
[0.172s] -- Check for working C compiler: /usr/bin/cc - skipped
[0.172s] -- Detecting C compile features
[0.172s] -- Detecting C compile features - done
[0.172s] -- Detecting CXX compiler ABI info
[0.202s] -- Detecting CXX compiler ABI info - done
[0.209s] -- Check for working CXX compiler: /usr/bin/c++ - skipped
[0.210s] -- Detecting CXX compile features
[0.210s] -- Detecting CXX compile features - done
[0.212s] -- Found ament_cmake: 1.3.9 (/opt/ros/humble/share/ament_cmake/cmake)
[0.326s] -- Found Python3: /usr/bin/python3 (found version "3.10.12") found components: Interpreter 
[0.388s] -- Found rosidl_default_generators: 1.2.0 (/opt/ros/humble/share/rosidl_default_generators/cmake)
[0.389s] -- Using all available rosidl_typesupport_c: rosidl_typesupport_fastrtps_c;rosidl_typesupport_introspection_c
[0.393s] -- Found rosidl_adapter: 3.1.5 (/opt/ros/humble/share/rosidl_adapter/cmake)
[0.418s] -- Using all available rosidl_typesupport_cpp: rosidl_typesupport_fastrtps_cpp;rosidl_typesupport_introspection_cpp
[0.570s] [31mCMake Error at /opt/ros/humble/share/rosidl_adapter/cmake/rosidl_adapt_interfaces.cmake:59 (message):
[0.571s]   execute_process(/usr/bin/python3 -m rosidl_adapter --package-name
[0.571s]   my_robot_interfaces --arguments-file
[0.571s]   /home/nextup/ros2_ws/build/my_robot_interfaces/rosidl_adapter__arguments__my_robot_interfaces.json
[0.571s]   --output-dir
[0.571s]   /home/nextup/ros2_ws/build/my_robot_interfaces/rosidl_adapter/my_robot_interfaces
[0.571s]   --output-file
[0.571s]   /home/nextup/ros2_ws/build/my_robot_interfaces/rosidl_adapter/my_robot_interfaces.idls)
[0.571s]   returned error code 1:
[0.571s] 
[0.571s]   Traceback (most recent call last):
[0.571s] 
[0.572s]     File "/usr/lib/python3.10/runpy.py", line 196, in _run_module_as_main
[0.572s]       return _run_code(code, main_globals, None,
[0.572s]     File "/usr/lib/python3.10/runpy.py", line 86, in _run_code
[0.572s]       exec(code, run_globals)
[0.572s]     File "/opt/ros/humble/local/lib/python3.10/dist-packages/rosidl_adapter/__main__.py", line 19, in <module>
[0.572s]       sys.exit(main())
[0.572s]     File "/opt/ros/humble/local/lib/python3.10/dist-packages/rosidl_adapter/main.py", line 53, in main
[0.572s]       abs_idl_file = convert_to_idl(
[0.572s]     File "/opt/ros/humble/local/lib/python3.10/dist-packages/rosidl_adapter/__init__.py", line 19, in convert_to_idl
[0.572s]       return convert_msg_to_idl(
[0.572s]     File "/opt/ros/humble/local/lib/python3.10/dist-packages/rosidl_adapter/msg/__init__.py", line 28, in convert_msg_to_idl
[0.572s]       msg = parse_message_string(package_name, input_file.stem, content)
[0.572s]     File "/opt/ros/humble/local/lib/python3.10/dist-packages/rosidl_adapter/parser.py", line 544, in parse_message_string
[0.572s]       msg = MessageSpecification(pkg_name, msg_name, fields, constants)
[0.572s]     File "/opt/ros/humble/local/lib/python3.10/dist-packages/rosidl_adapter/parser.py", line 388, in __init__
[0.572s]       self.base_type = BaseType(
[0.573s]     File "/opt/ros/humble/local/lib/python3.10/dist-packages/rosidl_adapter/parser.py", line 205, in __init__
[0.573s]       raise InvalidResourceName(
[0.573s] 
[0.573s]   rosidl_adapter.parser.InvalidResourceName: 'turtle' is an invalid message
[0.573s]   name.  It should have the pattern '^[A-Z][A-Za-z0-9]*$'
[0.573s] 
[0.573s] Call Stack (most recent call first):
[0.573s]   /opt/ros/humble/share/rosidl_cmake/cmake/rosidl_generate_interfaces.cmake:130 (rosidl_adapt_interfaces)
[0.573s]   CMakeLists.txt:17 (rosidl_generate_interfaces)
[0.573s] 
[0.573s] [0m
[0.573s] -- Configuring incomplete, errors occurred!
[0.574s] See also "/home/nextup/ros2_ws/build/my_robot_interfaces/CMakeFiles/CMakeOutput.log".
[0.576s] Invoked command in '/home/nextup/ros2_ws/build/my_robot_interfaces' returned '1': CMAKE_PREFIX_PATH=${CMAKE_PREFIX_PATH}:/opt/ros/humble /usr/bin/cmake /home/nextup/ros2_ws/src/my_robot_interfaces -DCMAKE_INSTALL_PREFIX=/home/nextup/ros2_ws/install/my_robot_interfaces
