[0.170s] Invoking command in '/home/nextup/ros2_ws2/build/executors_cpp': CMAKE_PREFIX_PATH=${CMAKE_PREFIX_PATH}:/home/nextup/ros2_ws2/src/install/actions_py:/home/nextup/ros2_ws2/src/install/lifecycle_py:/home/nextup/ros2_ws2/src/install/executors_py:/opt/ros/humble /usr/bin/cmake /home/nextup/ros2_ws2/src/executors_cpp -DCMAKE_INSTALL_PREFIX=/home/nextup/ros2_ws2/install/executors_cpp
[0.211s] -- The C compiler identification is GNU 11.4.0
[0.254s] -- The CXX compiler identification is GNU 11.4.0
[0.260s] -- Detecting C compiler ABI info
[0.314s] -- Detecting C compiler ABI info - done
[0.321s] -- Check for working C compiler: /usr/bin/cc - skipped
[0.321s] -- Detecting C compile features
[0.321s] -- Detecting C compile features - done
[0.324s] -- Detecting CXX compiler ABI info
[0.392s] -- Detecting CXX compiler ABI info - done
[0.400s] -- Check for working CXX compiler: /usr/bin/c++ - skipped
[0.400s] -- Detecting CXX compile features
[0.401s] -- Detecting CXX compile features - done
[0.404s] -- Found ament_cmake: 1.3.9 (/opt/ros/humble/share/ament_cmake/cmake)
[0.761s] -- Found Python3: /usr/bin/python3 (found version "3.10.12") found components: Interpreter 
[0.844s] -- Found rclcpp: 16.0.9 (/opt/ros/humble/share/rclcpp/cmake)
[0.880s] -- Found rosidl_generator_c: 3.1.5 (/opt/ros/humble/share/rosidl_generator_c/cmake)
[0.884s] -- Found rosidl_adapter: 3.1.5 (/opt/ros/humble/share/rosidl_adapter/cmake)
[0.892s] -- Found rosidl_generator_cpp: 3.1.5 (/opt/ros/humble/share/rosidl_generator_cpp/cmake)
[0.903s] -- Using all available rosidl_typesupport_c: rosidl_typesupport_fastrtps_c;rosidl_typesupport_introspection_c
[0.919s] -- Using all available rosidl_typesupport_cpp: rosidl_typesupport_fastrtps_cpp;rosidl_typesupport_introspection_cpp
[0.976s] -- Found rmw_implementation_cmake: 6.1.2 (/opt/ros/humble/share/rmw_implementation_cmake/cmake)
[0.979s] -- Found rmw_fastrtps_cpp: 6.2.6 (/opt/ros/humble/share/rmw_fastrtps_cpp/cmake)
[1.058s] -- Found OpenSSL: /usr/lib/x86_64-linux-gnu/libcrypto.so (found version "3.0.2")  
[1.080s] -- Found FastRTPS: /opt/ros/humble/include  
[1.118s] -- Using RMW implementation 'rmw_fastrtps_cpp' as default
[1.127s] -- Looking for pthread.h
[1.186s] -- Looking for pthread.h - found
[1.187s] -- Performing Test CMAKE_HAVE_LIBC_PTHREAD
[1.245s] -- Performing Test CMAKE_HAVE_LIBC_PTHREAD - Success
[1.246s] -- Found Threads: TRUE  
[1.410s] -- Configuring done
[1.417s] -- Generating done
[1.419s] -- Build files have been written to: /home/nextup/ros2_ws2/build/executors_cpp
[1.429s] Invoked command in '/home/nextup/ros2_ws2/build/executors_cpp' returned '0': CMAKE_PREFIX_PATH=${CMAKE_PREFIX_PATH}:/home/nextup/ros2_ws2/src/install/actions_py:/home/nextup/ros2_ws2/src/install/lifecycle_py:/home/nextup/ros2_ws2/src/install/executors_py:/opt/ros/humble /usr/bin/cmake /home/nextup/ros2_ws2/src/executors_cpp -DCMAKE_INSTALL_PREFIX=/home/nextup/ros2_ws2/install/executors_cpp
[1.429s] Invoking command in '/home/nextup/ros2_ws2/build/executors_cpp': CMAKE_PREFIX_PATH=${CMAKE_PREFIX_PATH}:/home/nextup/ros2_ws2/src/install/actions_py:/home/nextup/ros2_ws2/src/install/lifecycle_py:/home/nextup/ros2_ws2/src/install/executors_py:/opt/ros/humble /usr/bin/cmake --build /home/nextup/ros2_ws2/build/executors_cpp -- -j16 -l16
[1.467s] [ 25%] [32mBuilding CXX object CMakeFiles/single_threaded_executor.dir/src/single_threaded_executor.cpp.o[0m
[1.471s] [ 50%] [32mBuilding CXX object CMakeFiles/multi_threaded_executor.dir/src/multi_threaded_executor.cpp.o[0m
[6.889s] [ 75%] [32m[1mLinking CXX executable single_threaded_executor[0m
[6.996s] [100%] [32m[1mLinking CXX executable multi_threaded_executor[0m
[7.110s] [100%] Built target single_threaded_executor
[7.153s] [100%] Built target multi_threaded_executor
[7.217s] Invoked command in '/home/nextup/ros2_ws2/build/executors_cpp' returned '0': CMAKE_PREFIX_PATH=${CMAKE_PREFIX_PATH}:/home/nextup/ros2_ws2/src/install/actions_py:/home/nextup/ros2_ws2/src/install/lifecycle_py:/home/nextup/ros2_ws2/src/install/executors_py:/opt/ros/humble /usr/bin/cmake --build /home/nextup/ros2_ws2/build/executors_cpp -- -j16 -l16
[7.283s] Invoking command in '/home/nextup/ros2_ws2/build/executors_cpp': CMAKE_PREFIX_PATH=${CMAKE_PREFIX_PATH}:/home/nextup/ros2_ws2/src/install/actions_py:/home/nextup/ros2_ws2/src/install/lifecycle_py:/home/nextup/ros2_ws2/src/install/executors_py:/opt/ros/humble /usr/bin/cmake --install /home/nextup/ros2_ws2/build/executors_cpp
[7.291s] -- Install configuration: ""
[7.292s] -- Installing: /home/nextup/ros2_ws2/install/executors_cpp/lib/executors_cpp/single_threaded_executor
[7.293s] -- Set runtime path of "/home/nextup/ros2_ws2/install/executors_cpp/lib/executors_cpp/single_threaded_executor" to ""
[7.293s] -- Installing: /home/nextup/ros2_ws2/install/executors_cpp/lib/executors_cpp/multi_threaded_executor
[7.293s] -- Set runtime path of "/home/nextup/ros2_ws2/install/executors_cpp/lib/executors_cpp/multi_threaded_executor" to ""
[7.293s] -- Installing: /home/nextup/ros2_ws2/install/executors_cpp/share/ament_index/resource_index/package_run_dependencies/executors_cpp
[7.294s] -- Installing: /home/nextup/ros2_ws2/install/executors_cpp/share/ament_index/resource_index/parent_prefix_path/executors_cpp
[7.294s] -- Installing: /home/nextup/ros2_ws2/install/executors_cpp/share/executors_cpp/environment/ament_prefix_path.sh
[7.295s] -- Installing: /home/nextup/ros2_ws2/install/executors_cpp/share/executors_cpp/environment/ament_prefix_path.dsv
[7.295s] -- Installing: /home/nextup/ros2_ws2/install/executors_cpp/share/executors_cpp/environment/path.sh
[7.295s] -- Installing: /home/nextup/ros2_ws2/install/executors_cpp/share/executors_cpp/environment/path.dsv
[7.295s] -- Installing: /home/nextup/ros2_ws2/install/executors_cpp/share/executors_cpp/local_setup.bash
[7.295s] -- Installing: /home/nextup/ros2_ws2/install/executors_cpp/share/executors_cpp/local_setup.sh
[7.296s] -- Installing: /home/nextup/ros2_ws2/install/executors_cpp/share/executors_cpp/local_setup.zsh
[7.296s] -- Installing: /home/nextup/ros2_ws2/install/executors_cpp/share/executors_cpp/local_setup.dsv
[7.296s] -- Installing: /home/nextup/ros2_ws2/install/executors_cpp/share/executors_cpp/package.dsv
[7.296s] -- Installing: /home/nextup/ros2_ws2/install/executors_cpp/share/ament_index/resource_index/packages/executors_cpp
[7.296s] -- Installing: /home/nextup/ros2_ws2/install/executors_cpp/share/executors_cpp/cmake/executors_cppConfig.cmake
[7.296s] -- Installing: /home/nextup/ros2_ws2/install/executors_cpp/share/executors_cpp/cmake/executors_cppConfig-version.cmake
[7.297s] -- Installing: /home/nextup/ros2_ws2/install/executors_cpp/share/executors_cpp/package.xml
[7.308s] Invoked command in '/home/nextup/ros2_ws2/build/executors_cpp' returned '0': CMAKE_PREFIX_PATH=${CMAKE_PREFIX_PATH}:/home/nextup/ros2_ws2/src/install/actions_py:/home/nextup/ros2_ws2/src/install/lifecycle_py:/home/nextup/ros2_ws2/src/install/executors_py:/opt/ros/humble /usr/bin/cmake --install /home/nextup/ros2_ws2/build/executors_cpp
