[0.007s] Invoking command in '/home/nextup/ros2_ws1/build/my_robot_description': CMAKE_PREFIX_PATH=${CMAKE_PREFIX_PATH}:/opt/ros/humble /usr/bin/cmake /home/nextup/ros2_ws1/src/my_robot_description -DCMAKE_INSTALL_PREFIX=/home/nextup/ros2_ws1/install/my_robot_description
[0.014s] -- Found ament_cmake: 1.3.9 (/opt/ros/humble/share/ament_cmake/cmake)
[0.089s] -- Override CMake install command with custom implementation using symlinks instead of copying resources
[0.132s] -- Configuring done
[0.134s] -- Generating done
[0.134s] -- Build files have been written to: /home/nextup/ros2_ws1/build/my_robot_description
[0.136s] Invoked command in '/home/nextup/ros2_ws1/build/my_robot_description' returned '0': CMAKE_PREFIX_PATH=${CMAKE_PREFIX_PATH}:/opt/ros/humble /usr/bin/cmake /home/nextup/ros2_ws1/src/my_robot_description -DCMAKE_INSTALL_PREFIX=/home/nextup/ros2_ws1/install/my_robot_description
[0.137s] Invoking command in '/home/nextup/ros2_ws1/build/my_robot_description': CMAKE_PREFIX_PATH=${CMAKE_PREFIX_PATH}:/opt/ros/humble /usr/bin/cmake --build /home/nextup/ros2_ws1/build/my_robot_description -- -j16 -l16
[0.161s] Invoked command in '/home/nextup/ros2_ws1/build/my_robot_description' returned '0': CMAKE_PREFIX_PATH=${CMAKE_PREFIX_PATH}:/opt/ros/humble /usr/bin/cmake --build /home/nextup/ros2_ws1/build/my_robot_description -- -j16 -l16
[0.179s] Invoking command in '/home/nextup/ros2_ws1/build/my_robot_description': CMAKE_PREFIX_PATH=${CMAKE_PREFIX_PATH}:/opt/ros/humble /usr/bin/cmake --install /home/nextup/ros2_ws1/build/my_robot_description
[0.184s] -- Install configuration: ""
[0.184s] -- Execute custom install script
[0.184s] -- Up-to-date symlink: /home/nextup/ros2_ws1/install/my_robot_description/share/my_robot_description//urdf/common_properties.xacro
[0.184s] -- Up-to-date symlink: /home/nextup/ros2_ws1/install/my_robot_description/share/my_robot_description//urdf/mobile_base.xacro
[0.184s] -- Up-to-date symlink: /home/nextup/ros2_ws1/install/my_robot_description/share/my_robot_description//urdf/mobile_base_gazebo.xacro
[0.184s] -- Up-to-date symlink: /home/nextup/ros2_ws1/install/my_robot_description/share/my_robot_description//urdf/my_robot.urdf.xacro
[0.184s] -- Up-to-date symlink: /home/nextup/ros2_ws1/install/my_robot_description/share/my_robot_description//launch/display.launch.py
[0.184s] -- Up-to-date symlink: /home/nextup/ros2_ws1/install/my_robot_description/share/my_robot_description//launch/display.launch.xml
[0.185s] -- Up-to-date symlink: /home/nextup/ros2_ws1/install/my_robot_description/share/ament_index/resource_index/package_run_dependencies/my_robot_description
[0.185s] -- Up-to-date symlink: /home/nextup/ros2_ws1/install/my_robot_description/share/ament_index/resource_index/parent_prefix_path/my_robot_description
[0.185s] -- Up-to-date symlink: /home/nextup/ros2_ws1/install/my_robot_description/share/my_robot_description/environment/ament_prefix_path.sh
[0.185s] -- Up-to-date symlink: /home/nextup/ros2_ws1/install/my_robot_description/share/my_robot_description/environment/ament_prefix_path.dsv
[0.185s] -- Up-to-date symlink: /home/nextup/ros2_ws1/install/my_robot_description/share/my_robot_description/environment/path.sh
[0.185s] -- Up-to-date symlink: /home/nextup/ros2_ws1/install/my_robot_description/share/my_robot_description/environment/path.dsv
[0.185s] -- Up-to-date symlink: /home/nextup/ros2_ws1/install/my_robot_description/share/my_robot_description/local_setup.bash
[0.185s] -- Up-to-date symlink: /home/nextup/ros2_ws1/install/my_robot_description/share/my_robot_description/local_setup.sh
[0.185s] -- Up-to-date symlink: /home/nextup/ros2_ws1/install/my_robot_description/share/my_robot_description/local_setup.zsh
[0.185s] -- Up-to-date symlink: /home/nextup/ros2_ws1/install/my_robot_description/share/my_robot_description/local_setup.dsv
[0.185s] -- Symlinking: /home/nextup/ros2_ws1/install/my_robot_description/share/my_robot_description/package.dsv
[0.190s] -- Up-to-date symlink: /home/nextup/ros2_ws1/install/my_robot_description/share/ament_index/resource_index/packages/my_robot_description
[0.190s] -- Up-to-date symlink: /home/nextup/ros2_ws1/install/my_robot_description/share/my_robot_description/cmake/my_robot_descriptionConfig.cmake
[0.191s] -- Up-to-date symlink: /home/nextup/ros2_ws1/install/my_robot_description/share/my_robot_description/cmake/my_robot_descriptionConfig-version.cmake
[0.191s] -- Up-to-date symlink: /home/nextup/ros2_ws1/install/my_robot_description/share/my_robot_description/package.xml
[0.192s] Invoked command in '/home/nextup/ros2_ws1/build/my_robot_description' returned '0': CMAKE_PREFIX_PATH=${CMAKE_PREFIX_PATH}:/opt/ros/humble /usr/bin/cmake --install /home/nextup/ros2_ws1/build/my_robot_description
