[0.768s] Invoking command in '/home/nextup/ros2_ws2/src/lifecycle_py': PYTHONPATH=/home/nextup/ros2_ws2/build/lifecycle_py/prefix_override:/home/nextup/ros2_ws2/install/lifecycle_py/lib/python3.10/site-packages:${PYTHONPATH} /usr/bin/python3 -W ignore:setup.py install is deprecated setup.py egg_info --egg-base ../../build/lifecycle_py build --build-base /home/nextup/ros2_ws2/build/lifecycle_py/build install --record /home/nextup/ros2_ws2/build/lifecycle_py/install.log --single-version-externally-managed install_data
[0.984s] running egg_info
[0.984s] creating ../../build/lifecycle_py/lifecycle_py.egg-info
[0.992s] writing ../../build/lifecycle_py/lifecycle_py.egg-info/PKG-INFO
[0.993s] writing dependency_links to ../../build/lifecycle_py/lifecycle_py.egg-info/dependency_links.txt
[0.993s] writing entry points to ../../build/lifecycle_py/lifecycle_py.egg-info/entry_points.txt
[0.993s] writing requirements to ../../build/lifecycle_py/lifecycle_py.egg-info/requires.txt
[0.993s] writing top-level names to ../../build/lifecycle_py/lifecycle_py.egg-info/top_level.txt
[0.993s] writing manifest file '../../build/lifecycle_py/lifecycle_py.egg-info/SOURCES.txt'
[1.011s] reading manifest file '../../build/lifecycle_py/lifecycle_py.egg-info/SOURCES.txt'
[1.012s] writing manifest file '../../build/lifecycle_py/lifecycle_py.egg-info/SOURCES.txt'
[1.012s] running build
[1.012s] running build_py
[1.012s] creating /home/nextup/ros2_ws2/build/lifecycle_py/build
[1.013s] creating /home/nextup/ros2_ws2/build/lifecycle_py/build/lib
[1.013s] creating /home/nextup/ros2_ws2/build/lifecycle_py/build/lib/lifecycle_py
[1.013s] copying lifecycle_py/move_robot_startup.py -> /home/nextup/ros2_ws2/build/lifecycle_py/build/lib/lifecycle_py
[1.013s] copying lifecycle_py/lifecycle_node_manager.py -> /home/nextup/ros2_ws2/build/lifecycle_py/build/lib/lifecycle_py
[1.013s] copying lifecycle_py/__init__.py -> /home/nextup/ros2_ws2/build/lifecycle_py/build/lib/lifecycle_py
[1.013s] copying lifecycle_py/number_publisher.py -> /home/nextup/ros2_ws2/build/lifecycle_py/build/lib/lifecycle_py
[1.013s] copying lifecycle_py/move_robot_server.py -> /home/nextup/ros2_ws2/build/lifecycle_py/build/lib/lifecycle_py
[1.013s] running install
[1.020s] running install_lib
[1.036s] creating /home/nextup/ros2_ws2/install/lifecycle_py/lib/python3.10/site-packages/lifecycle_py
[1.036s] copying /home/nextup/ros2_ws2/build/lifecycle_py/build/lib/lifecycle_py/move_robot_startup.py -> /home/nextup/ros2_ws2/install/lifecycle_py/lib/python3.10/site-packages/lifecycle_py
[1.036s] copying /home/nextup/ros2_ws2/build/lifecycle_py/build/lib/lifecycle_py/lifecycle_node_manager.py -> /home/nextup/ros2_ws2/install/lifecycle_py/lib/python3.10/site-packages/lifecycle_py
[1.036s] copying /home/nextup/ros2_ws2/build/lifecycle_py/build/lib/lifecycle_py/__init__.py -> /home/nextup/ros2_ws2/install/lifecycle_py/lib/python3.10/site-packages/lifecycle_py
[1.036s] copying /home/nextup/ros2_ws2/build/lifecycle_py/build/lib/lifecycle_py/number_publisher.py -> /home/nextup/ros2_ws2/install/lifecycle_py/lib/python3.10/site-packages/lifecycle_py
[1.036s] copying /home/nextup/ros2_ws2/build/lifecycle_py/build/lib/lifecycle_py/move_robot_server.py -> /home/nextup/ros2_ws2/install/lifecycle_py/lib/python3.10/site-packages/lifecycle_py
[1.036s] byte-compiling /home/nextup/ros2_ws2/install/lifecycle_py/lib/python3.10/site-packages/lifecycle_py/move_robot_startup.py to move_robot_startup.cpython-310.pyc
[1.037s] byte-compiling /home/nextup/ros2_ws2/install/lifecycle_py/lib/python3.10/site-packages/lifecycle_py/lifecycle_node_manager.py to lifecycle_node_manager.cpython-310.pyc
[1.037s] byte-compiling /home/nextup/ros2_ws2/install/lifecycle_py/lib/python3.10/site-packages/lifecycle_py/__init__.py to __init__.cpython-310.pyc
[1.037s] byte-compiling /home/nextup/ros2_ws2/install/lifecycle_py/lib/python3.10/site-packages/lifecycle_py/number_publisher.py to number_publisher.cpython-310.pyc
[1.038s] byte-compiling /home/nextup/ros2_ws2/install/lifecycle_py/lib/python3.10/site-packages/lifecycle_py/move_robot_server.py to move_robot_server.cpython-310.pyc
[1.039s] running install_data
[1.039s] creating /home/nextup/ros2_ws2/install/lifecycle_py/share/ament_index
[1.039s] creating /home/nextup/ros2_ws2/install/lifecycle_py/share/ament_index/resource_index
[1.039s] creating /home/nextup/ros2_ws2/install/lifecycle_py/share/ament_index/resource_index/packages
[1.039s] copying resource/lifecycle_py -> /home/nextup/ros2_ws2/install/lifecycle_py/share/ament_index/resource_index/packages
[1.039s] copying package.xml -> /home/nextup/ros2_ws2/install/lifecycle_py/share/lifecycle_py
[1.039s] running install_egg_info
[1.049s] Copying ../../build/lifecycle_py/lifecycle_py.egg-info to /home/nextup/ros2_ws2/install/lifecycle_py/lib/python3.10/site-packages/lifecycle_py-0.0.0-py3.10.egg-info
[1.050s] running install_scripts
[1.136s] Installing lifecycle_node_manager script to /home/nextup/ros2_ws2/install/lifecycle_py/lib/lifecycle_py
[1.137s] Installing move_robot_server script to /home/nextup/ros2_ws2/install/lifecycle_py/lib/lifecycle_py
[1.137s] Installing number_publisher script to /home/nextup/ros2_ws2/install/lifecycle_py/lib/lifecycle_py
[1.137s] writing list of installed files to '/home/nextup/ros2_ws2/build/lifecycle_py/install.log'
[1.173s] Invoked command in '/home/nextup/ros2_ws2/src/lifecycle_py' returned '0': PYTHONPATH=/home/nextup/ros2_ws2/build/lifecycle_py/prefix_override:/home/nextup/ros2_ws2/install/lifecycle_py/lib/python3.10/site-packages:${PYTHONPATH} /usr/bin/python3 -W ignore:setup.py install is deprecated setup.py egg_info --egg-base ../../build/lifecycle_py build --build-base /home/nextup/ros2_ws2/build/lifecycle_py/build install --record /home/nextup/ros2_ws2/build/lifecycle_py/install.log --single-version-externally-managed install_data
