[0.173s] Invoking command in '/home/nextup/ros2_ws/src/build/my_robot_bringup': /usr/bin/cmake /home/nextup/ros2_ws/src/my_robot_bringup -DCMAKE_INSTALL_PREFIX=/home/nextup/ros2_ws/src/install/my_robot_bringup
[0.210s] -- The C compiler identification is GNU 11.4.0
[0.252s] -- The CXX compiler identification is GNU 11.4.0
[0.258s] -- Detecting C compiler ABI info
[0.308s] -- Detecting C compiler ABI info - done
[0.314s] -- Check for working C compiler: /usr/bin/cc - skipped
[0.314s] -- Detecting C compile features
[0.314s] -- Detecting C compile features - done
[0.316s] -- Detecting CXX compiler ABI info
[0.377s] -- Detecting CXX compiler ABI info - done
[0.382s] -- Check for working CXX compiler: /usr/bin/c++ - skipped
[0.382s] -- Detecting CXX compile features
[0.382s] -- Detecting CXX compile features - done
[0.383s] -- Found ament_cmake: 1.3.9 (/opt/ros/humble/share/ament_cmake/cmake)
[0.508s] -- Found Python3: /usr/bin/python3 (found version "3.10.12") found components: Interpreter 
[0.619s] Error parsing '/home/nextup/ros2_ws/src/my_robot_bringup/package.xml':
[0.650s] Traceback (most recent call last):
[0.650s]   File "/opt/ros/humble/share/ament_cmake_core/cmake/core/package_xml_2_cmake.py", line 150, in <module>
[0.650s]     main()
[0.651s]   File "/opt/ros/humble/share/ament_cmake_core/cmake/core/package_xml_2_cmake.py", line 53, in main
[0.651s]     raise e
[0.651s]   File "/opt/ros/humble/share/ament_cmake_core/cmake/core/package_xml_2_cmake.py", line 49, in main
[0.651s]     package = parse_package_string(
[0.651s]   File "/usr/lib/python3/dist-packages/catkin_pkg/package.py", line 786, in parse_package_string
[0.651s]     raise InvalidPackage('Error(s):%s' % (''.join(['\n- %s' % e for e in errors])), filename)
[0.651s] catkin_pkg.package.InvalidPackage: Error(s) in package '/home/nextup/ros2_ws/src/my_robot_bringup/package.xml':
[0.651s] Error(s):
[0.651s] - The generic dependency on 'rclpy' is redundant with: exec_depend
[0.651s] - The generic dependency on 'turtlesim' is redundant with: exec_depend
[0.652s] - The generic dependency on 'geometry_msgs' is redundant with: exec_depend
[0.666s] [31mCMake Error at /opt/ros/humble/share/ament_cmake_core/cmake/core/ament_package_xml.cmake:95 (message):
[0.666s]   execute_process(/usr/bin/python3
[0.666s]   /opt/ros/humble/share/ament_cmake_core/cmake/core/package_xml_2_cmake.py
[0.666s]   /home/nextup/ros2_ws/src/my_robot_bringup/package.xml
[0.666s]   /home/nextup/ros2_ws/src/build/my_robot_bringup/ament_cmake_core/package.cmake)
[0.666s]   returned error code 1
[0.666s] Call Stack (most recent call first):
[0.666s]   /opt/ros/humble/share/ament_cmake_core/cmake/core/ament_package_xml.cmake:49 (_ament_package_xml)
[0.667s]   /opt/ros/humble/share/ament_cmake_core/cmake/core/ament_package.cmake:63 (ament_package_xml)
[0.667s]   CMakeLists.txt:16 (ament_package)
[0.667s] 
[0.667s] [0m
[0.667s] -- Configuring incomplete, errors occurred!
[0.667s] See also "/home/nextup/ros2_ws/src/build/my_robot_bringup/CMakeFiles/CMakeOutput.log".
