[0.035s] Invoking command in '/home/nextup/ros2_ws2/src/build/my_robot_interfaces': CMAKE_PREFIX_PATH=${CMAKE_PREFIX_PATH}:/home/nextup/ros2_ws2/install/actions_py:/home/nextup/ros2_ws2/install/lifecycle_py:/home/nextup/ros2_ws2/install/executors_py:/home/nextup/ros2_ws2/src/install/actions_py:/home/nextup/ros2_ws2/src/install/lifecycle_py:/home/nextup/ros2_ws2/src/install/executors_py:/opt/ros/humble /usr/bin/cmake --build /home/nextup/ros2_ws2/src/build/my_robot_interfaces -- -j16 -l16
[0.230s] [35m[1mConsolidate compiler generated dependencies of target my_robot_interfaces__rosidl_generator_c[0m
[0.230s] [  2%] Built target my_robot_interfaces__cpp
[0.231s] [ 12%] Built target my_robot_interfaces__rosidl_generator_c
[0.231s] [ 12%] Built target ament_cmake_python_copy_my_robot_interfaces
[0.232s] [35m[1mConsolidate compiler generated dependencies of target my_robot_interfaces__rosidl_typesupport_cpp[0m
[0.232s] [35m[1mConsolidate compiler generated dependencies of target my_robot_interfaces__rosidl_typesupport_introspection_cpp[0m
[0.234s] [35m[1mConsolidate compiler generated dependencies of target my_robot_interfaces__rosidl_typesupport_fastrtps_cpp[0m
[0.234s] [35m[1mConsolidate compiler generated dependencies of target my_robot_interfaces__rosidl_typesupport_introspection_c[0m
[0.235s] [35m[1mConsolidate compiler generated dependencies of target my_robot_interfaces__rosidl_typesupport_c[0m
[0.235s] [35m[1mConsolidate compiler generated dependencies of target my_robot_interfaces__rosidl_typesupport_fastrtps_c[0m
[0.235s] [ 34%] Built target my_robot_interfaces__rosidl_typesupport_cpp
[0.235s] [ 34%] Built target my_robot_interfaces__rosidl_typesupport_introspection_cpp
[0.235s] [ 44%] Built target my_robot_interfaces__rosidl_typesupport_c
[0.235s] [ 55%] Built target my_robot_interfaces__rosidl_typesupport_introspection_c
[0.235s] [ 65%] Built target my_robot_interfaces__rosidl_typesupport_fastrtps_cpp
[0.235s] [ 76%] Built target my_robot_interfaces__rosidl_typesupport_fastrtps_c
[0.235s] [ 76%] Built target my_robot_interfaces
[0.235s] [ 78%] Built target my_robot_interfaces__py
[0.235s] [35m[1mConsolidate compiler generated dependencies of target my_robot_interfaces__rosidl_generator_py[0m
[0.236s] [ 87%] Built target my_robot_interfaces__rosidl_generator_py
[0.236s] [35m[1mConsolidate compiler generated dependencies of target my_robot_interfaces__rosidl_typesupport_fastrtps_c__pyext[0m
[0.236s] [35m[1mConsolidate compiler generated dependencies of target my_robot_interfaces__rosidl_typesupport_c__pyext[0m
[0.236s] [35m[1mConsolidate compiler generated dependencies of target my_robot_interfaces__rosidl_typesupport_introspection_c__pyext[0m
[0.236s] [ 91%] Built target my_robot_interfaces__rosidl_typesupport_fastrtps_c__pyext
[0.236s] [ 95%] Built target my_robot_interfaces__rosidl_typesupport_introspection_c__pyext
[0.236s] [100%] Built target my_robot_interfaces__rosidl_typesupport_c__pyext
[0.265s] running egg_info
[0.285s] writing my_robot_interfaces.egg-info/PKG-INFO
[0.286s] writing dependency_links to my_robot_interfaces.egg-info/dependency_links.txt
[0.286s] writing top-level names to my_robot_interfaces.egg-info/top_level.txt
[0.323s] reading manifest file 'my_robot_interfaces.egg-info/SOURCES.txt'
[0.324s] writing manifest file 'my_robot_interfaces.egg-info/SOURCES.txt'
[0.351s] [100%] Built target ament_cmake_python_build_my_robot_interfaces_egg
[0.407s] Invoked command in '/home/nextup/ros2_ws2/src/build/my_robot_interfaces' returned '0': CMAKE_PREFIX_PATH=${CMAKE_PREFIX_PATH}:/home/nextup/ros2_ws2/install/actions_py:/home/nextup/ros2_ws2/install/lifecycle_py:/home/nextup/ros2_ws2/install/executors_py:/home/nextup/ros2_ws2/src/install/actions_py:/home/nextup/ros2_ws2/src/install/lifecycle_py:/home/nextup/ros2_ws2/src/install/executors_py:/opt/ros/humble /usr/bin/cmake --build /home/nextup/ros2_ws2/src/build/my_robot_interfaces -- -j16 -l16
[0.503s] Invoking command in '/home/nextup/ros2_ws2/src/build/my_robot_interfaces': CMAKE_PREFIX_PATH=${CMAKE_PREFIX_PATH}:/home/nextup/ros2_ws2/install/actions_py:/home/nextup/ros2_ws2/install/lifecycle_py:/home/nextup/ros2_ws2/install/executors_py:/home/nextup/ros2_ws2/src/install/actions_py:/home/nextup/ros2_ws2/src/install/lifecycle_py:/home/nextup/ros2_ws2/src/install/executors_py:/opt/ros/humble /usr/bin/cmake --install /home/nextup/ros2_ws2/src/build/my_robot_interfaces
[0.516s] -- Install configuration: ""
[0.516s] -- Up-to-date: /home/nextup/ros2_ws2/src/install/my_robot_interfaces/share/ament_index/resource_index/rosidl_interfaces/my_robot_interfaces
[0.517s] -- Up-to-date: /home/nextup/ros2_ws2/src/install/my_robot_interfaces/include/my_robot_interfaces/my_robot_interfaces
[0.517s] -- Up-to-date: /home/nextup/ros2_ws2/src/install/my_robot_interfaces/include/my_robot_interfaces/my_robot_interfaces/action
[0.518s] -- Up-to-date: /home/nextup/ros2_ws2/src/install/my_robot_interfaces/include/my_robot_interfaces/my_robot_interfaces/action/move_robot.h
[0.518s] -- Up-to-date: /home/nextup/ros2_ws2/src/install/my_robot_interfaces/include/my_robot_interfaces/my_robot_interfaces/action/move_turtle.h
[0.519s] -- Up-to-date: /home/nextup/ros2_ws2/src/install/my_robot_interfaces/include/my_robot_interfaces/my_robot_interfaces/action/detail
[0.519s] -- Up-to-date: /home/nextup/ros2_ws2/src/install/my_robot_interfaces/include/my_robot_interfaces/my_robot_interfaces/action/detail/count_until__type_support.h
[0.520s] -- Up-to-date: /home/nextup/ros2_ws2/src/install/my_robot_interfaces/include/my_robot_interfaces/my_robot_interfaces/action/detail/move_turtle__functions.h
[0.520s] -- Up-to-date: /home/nextup/ros2_ws2/src/install/my_robot_interfaces/include/my_robot_interfaces/my_robot_interfaces/action/detail/move_robot__functions.h
[0.521s] -- Up-to-date: /home/nextup/ros2_ws2/src/install/my_robot_interfaces/include/my_robot_interfaces/my_robot_interfaces/action/detail/move_robot__functions.c
[0.521s] -- Up-to-date: /home/nextup/ros2_ws2/src/install/my_robot_interfaces/include/my_robot_interfaces/my_robot_interfaces/action/detail/count_until__functions.c
[0.522s] -- Up-to-date: /home/nextup/ros2_ws2/src/install/my_robot_interfaces/include/my_robot_interfaces/my_robot_interfaces/action/detail/move_robot__type_support.h
[0.523s] -- Up-to-date: /home/nextup/ros2_ws2/src/install/my_robot_interfaces/include/my_robot_interfaces/my_robot_interfaces/action/detail/move_turtle__type_support.h
[0.523s] -- Up-to-date: /home/nextup/ros2_ws2/src/install/my_robot_interfaces/include/my_robot_interfaces/my_robot_interfaces/action/detail/count_until__functions.h
[0.524s] -- Up-to-date: /home/nextup/ros2_ws2/src/install/my_robot_interfaces/include/my_robot_interfaces/my_robot_interfaces/action/detail/move_turtle__functions.c
[0.524s] -- Up-to-date: /home/nextup/ros2_ws2/src/install/my_robot_interfaces/include/my_robot_interfaces/my_robot_interfaces/action/detail/count_until__struct.h
[0.525s] -- Up-to-date: /home/nextup/ros2_ws2/src/install/my_robot_interfaces/include/my_robot_interfaces/my_robot_interfaces/action/detail/move_robot__struct.h
[0.525s] -- Up-to-date: /home/nextup/ros2_ws2/src/install/my_robot_interfaces/include/my_robot_interfaces/my_robot_interfaces/action/detail/move_turtle__struct.h
[0.525s] -- Up-to-date: /home/nextup/ros2_ws2/src/install/my_robot_interfaces/include/my_robot_interfaces/my_robot_interfaces/action/count_until.h
[0.526s] -- Up-to-date: /home/nextup/ros2_ws2/src/install/my_robot_interfaces/include/my_robot_interfaces/my_robot_interfaces/msg
[0.526s] -- Up-to-date: /home/nextup/ros2_ws2/src/install/my_robot_interfaces/include/my_robot_interfaces/my_robot_interfaces/msg/rosidl_generator_c__visibility_control.h
[0.526s] -- Up-to-date: /home/nextup/ros2_ws2/src/install/my_robot_interfaces/share/my_robot_interfaces/environment/library_path.sh
[0.527s] -- Up-to-date: /home/nextup/ros2_ws2/src/install/my_robot_interfaces/share/my_robot_interfaces/environment/library_path.dsv
[0.527s] -- Up-to-date: /home/nextup/ros2_ws2/src/install/my_robot_interfaces/lib/libmy_robot_interfaces__rosidl_generator_c.so
[0.527s] -- Up-to-date: /home/nextup/ros2_ws2/src/install/my_robot_interfaces/include/my_robot_interfaces/my_robot_interfaces
[0.527s] -- Up-to-date: /home/nextup/ros2_ws2/src/install/my_robot_interfaces/include/my_robot_interfaces/my_robot_interfaces/action
[0.528s] -- Up-to-date: /home/nextup/ros2_ws2/src/install/my_robot_interfaces/include/my_robot_interfaces/my_robot_interfaces/action/detail
[0.528s] -- Up-to-date: /home/nextup/ros2_ws2/src/install/my_robot_interfaces/include/my_robot_interfaces/my_robot_interfaces/action/detail/move_robot__rosidl_typesupport_fastrtps_c.h
[0.529s] -- Up-to-date: /home/nextup/ros2_ws2/src/install/my_robot_interfaces/include/my_robot_interfaces/my_robot_interfaces/action/detail/move_turtle__rosidl_typesupport_fastrtps_c.h
[0.529s] -- Up-to-date: /home/nextup/ros2_ws2/src/install/my_robot_interfaces/include/my_robot_interfaces/my_robot_interfaces/action/detail/count_until__rosidl_typesupport_fastrtps_c.h
[0.529s] -- Up-to-date: /home/nextup/ros2_ws2/src/install/my_robot_interfaces/include/my_robot_interfaces/my_robot_interfaces/msg
[0.529s] -- Up-to-date: /home/nextup/ros2_ws2/src/install/my_robot_interfaces/include/my_robot_interfaces/my_robot_interfaces/msg/rosidl_typesupport_fastrtps_c__visibility_control.h
[0.530s] -- Up-to-date: /home/nextup/ros2_ws2/src/install/my_robot_interfaces/lib/libmy_robot_interfaces__rosidl_typesupport_fastrtps_c.so
[0.530s] -- Up-to-date: /home/nextup/ros2_ws2/src/install/my_robot_interfaces/include/my_robot_interfaces/my_robot_interfaces
[0.530s] -- Up-to-date: /home/nextup/ros2_ws2/src/install/my_robot_interfaces/include/my_robot_interfaces/my_robot_interfaces/action
[0.530s] -- Up-to-date: /home/nextup/ros2_ws2/src/install/my_robot_interfaces/include/my_robot_interfaces/my_robot_interfaces/action/detail
[0.530s] -- Up-to-date: /home/nextup/ros2_ws2/src/install/my_robot_interfaces/include/my_robot_interfaces/my_robot_interfaces/action/detail/move_robot__rosidl_typesupport_introspection_c.h
[0.530s] -- Up-to-date: /home/nextup/ros2_ws2/src/install/my_robot_interfaces/include/my_robot_interfaces/my_robot_interfaces/action/detail/count_until__type_support.c
[0.531s] -- Up-to-date: /home/nextup/ros2_ws2/src/install/my_robot_interfaces/include/my_robot_interfaces/my_robot_interfaces/action/detail/count_until__rosidl_typesupport_introspection_c.h
[0.531s] -- Up-to-date: /home/nextup/ros2_ws2/src/install/my_robot_interfaces/include/my_robot_interfaces/my_robot_interfaces/action/detail/move_robot__type_support.c
[0.531s] -- Up-to-date: /home/nextup/ros2_ws2/src/install/my_robot_interfaces/include/my_robot_interfaces/my_robot_interfaces/action/detail/move_turtle__type_support.c
[0.531s] -- Up-to-date: /home/nextup/ros2_ws2/src/install/my_robot_interfaces/include/my_robot_interfaces/my_robot_interfaces/action/detail/move_turtle__rosidl_typesupport_introspection_c.h
[0.531s] -- Up-to-date: /home/nextup/ros2_ws2/src/install/my_robot_interfaces/include/my_robot_interfaces/my_robot_interfaces/msg
[0.531s] -- Up-to-date: /home/nextup/ros2_ws2/src/install/my_robot_interfaces/include/my_robot_interfaces/my_robot_interfaces/msg/rosidl_typesupport_introspection_c__visibility_control.h
[0.531s] -- Up-to-date: /home/nextup/ros2_ws2/src/install/my_robot_interfaces/lib/libmy_robot_interfaces__rosidl_typesupport_introspection_c.so
[0.531s] -- Up-to-date: /home/nextup/ros2_ws2/src/install/my_robot_interfaces/lib/libmy_robot_interfaces__rosidl_typesupport_c.so
[0.531s] -- Up-to-date: /home/nextup/ros2_ws2/src/install/my_robot_interfaces/include/my_robot_interfaces/my_robot_interfaces
[0.532s] -- Up-to-date: /home/nextup/ros2_ws2/src/install/my_robot_interfaces/include/my_robot_interfaces/my_robot_interfaces/action
[0.532s] -- Up-to-date: /home/nextup/ros2_ws2/src/install/my_robot_interfaces/include/my_robot_interfaces/my_robot_interfaces/action/move_turtle.hpp
[0.532s] -- Up-to-date: /home/nextup/ros2_ws2/src/install/my_robot_interfaces/include/my_robot_interfaces/my_robot_interfaces/action/count_until.hpp
[0.532s] -- Up-to-date: /home/nextup/ros2_ws2/src/install/my_robot_interfaces/include/my_robot_interfaces/my_robot_interfaces/action/detail
[0.532s] -- Up-to-date: /home/nextup/ros2_ws2/src/install/my_robot_interfaces/include/my_robot_interfaces/my_robot_interfaces/action/detail/move_turtle__builder.hpp
[0.532s] -- Up-to-date: /home/nextup/ros2_ws2/src/install/my_robot_interfaces/include/my_robot_interfaces/my_robot_interfaces/action/detail/move_turtle__struct.hpp
[0.532s] -- Up-to-date: /home/nextup/ros2_ws2/src/install/my_robot_interfaces/include/my_robot_interfaces/my_robot_interfaces/action/detail/count_until__struct.hpp
[0.533s] -- Up-to-date: /home/nextup/ros2_ws2/src/install/my_robot_interfaces/include/my_robot_interfaces/my_robot_interfaces/action/detail/move_robot__builder.hpp
[0.534s] -- Up-to-date: /home/nextup/ros2_ws2/src/install/my_robot_interfaces/include/my_robot_interfaces/my_robot_interfaces/action/detail/move_turtle__traits.hpp
[0.534s] -- Up-to-date: /home/nextup/ros2_ws2/src/install/my_robot_interfaces/include/my_robot_interfaces/my_robot_interfaces/action/detail/count_until__traits.hpp
[0.535s] -- Up-to-date: /home/nextup/ros2_ws2/src/install/my_robot_interfaces/include/my_robot_interfaces/my_robot_interfaces/action/detail/move_robot__struct.hpp
[0.535s] -- Up-to-date: /home/nextup/ros2_ws2/src/install/my_robot_interfaces/include/my_robot_interfaces/my_robot_interfaces/action/detail/move_robot__traits.hpp
[0.535s] -- Up-to-date: /home/nextup/ros2_ws2/src/install/my_robot_interfaces/include/my_robot_interfaces/my_robot_interfaces/action/detail/count_until__builder.hpp
[0.535s] -- Up-to-date: /home/nextup/ros2_ws2/src/install/my_robot_interfaces/include/my_robot_interfaces/my_robot_interfaces/action/move_robot.hpp
[0.535s] -- Up-to-date: /home/nextup/ros2_ws2/src/install/my_robot_interfaces/include/my_robot_interfaces/my_robot_interfaces
[0.536s] -- Up-to-date: /home/nextup/ros2_ws2/src/install/my_robot_interfaces/include/my_robot_interfaces/my_robot_interfaces/action
[0.536s] -- Up-to-date: /home/nextup/ros2_ws2/src/install/my_robot_interfaces/include/my_robot_interfaces/my_robot_interfaces/action/detail
[0.536s] -- Up-to-date: /home/nextup/ros2_ws2/src/install/my_robot_interfaces/include/my_robot_interfaces/my_robot_interfaces/action/detail/move_turtle__rosidl_typesupport_fastrtps_cpp.hpp
[0.536s] -- Up-to-date: /home/nextup/ros2_ws2/src/install/my_robot_interfaces/include/my_robot_interfaces/my_robot_interfaces/action/detail/move_robot__rosidl_typesupport_fastrtps_cpp.hpp
[0.537s] -- Up-to-date: /home/nextup/ros2_ws2/src/install/my_robot_interfaces/include/my_robot_interfaces/my_robot_interfaces/action/detail/dds_fastrtps
[0.537s] -- Up-to-date: /home/nextup/ros2_ws2/src/install/my_robot_interfaces/include/my_robot_interfaces/my_robot_interfaces/action/detail/count_until__rosidl_typesupport_fastrtps_cpp.hpp
[0.538s] -- Up-to-date: /home/nextup/ros2_ws2/src/install/my_robot_interfaces/include/my_robot_interfaces/my_robot_interfaces/msg
[0.538s] -- Up-to-date: /home/nextup/ros2_ws2/src/install/my_robot_interfaces/include/my_robot_interfaces/my_robot_interfaces/msg/rosidl_typesupport_fastrtps_cpp__visibility_control.h
[0.539s] -- Up-to-date: /home/nextup/ros2_ws2/src/install/my_robot_interfaces/lib/libmy_robot_interfaces__rosidl_typesupport_fastrtps_cpp.so
[0.539s] -- Up-to-date: /home/nextup/ros2_ws2/src/install/my_robot_interfaces/include/my_robot_interfaces/my_robot_interfaces
[0.539s] -- Up-to-date: /home/nextup/ros2_ws2/src/install/my_robot_interfaces/include/my_robot_interfaces/my_robot_interfaces/action
[0.539s] -- Up-to-date: /home/nextup/ros2_ws2/src/install/my_robot_interfaces/include/my_robot_interfaces/my_robot_interfaces/action/detail
[0.539s] -- Up-to-date: /home/nextup/ros2_ws2/src/install/my_robot_interfaces/include/my_robot_interfaces/my_robot_interfaces/action/detail/count_until__type_support.cpp
[0.540s] -- Up-to-date: /home/nextup/ros2_ws2/src/install/my_robot_interfaces/include/my_robot_interfaces/my_robot_interfaces/action/detail/move_turtle__rosidl_typesupport_introspection_cpp.hpp
[0.540s] -- Up-to-date: /home/nextup/ros2_ws2/src/install/my_robot_interfaces/include/my_robot_interfaces/my_robot_interfaces/action/detail/move_robot__type_support.cpp
[0.540s] -- Up-to-date: /home/nextup/ros2_ws2/src/install/my_robot_interfaces/include/my_robot_interfaces/my_robot_interfaces/action/detail/count_until__rosidl_typesupport_introspection_cpp.hpp
[0.541s] -- Up-to-date: /home/nextup/ros2_ws2/src/install/my_robot_interfaces/include/my_robot_interfaces/my_robot_interfaces/action/detail/move_robot__rosidl_typesupport_introspection_cpp.hpp
[0.541s] -- Up-to-date: /home/nextup/ros2_ws2/src/install/my_robot_interfaces/include/my_robot_interfaces/my_robot_interfaces/action/detail/move_turtle__type_support.cpp
[0.541s] -- Up-to-date: /home/nextup/ros2_ws2/src/install/my_robot_interfaces/lib/libmy_robot_interfaces__rosidl_typesupport_introspection_cpp.so
[0.542s] -- Up-to-date: /home/nextup/ros2_ws2/src/install/my_robot_interfaces/lib/libmy_robot_interfaces__rosidl_typesupport_cpp.so
[0.542s] -- Up-to-date: /home/nextup/ros2_ws2/src/install/my_robot_interfaces/share/my_robot_interfaces/environment/pythonpath.sh
[0.543s] -- Up-to-date: /home/nextup/ros2_ws2/src/install/my_robot_interfaces/share/my_robot_interfaces/environment/pythonpath.dsv
[0.543s] -- Up-to-date: /home/nextup/ros2_ws2/src/install/my_robot_interfaces/local/lib/python3.10/dist-packages/my_robot_interfaces-0.0.0-py3.10.egg-info
[0.543s] -- Installing: /home/nextup/ros2_ws2/src/install/my_robot_interfaces/local/lib/python3.10/dist-packages/my_robot_interfaces-0.0.0-py3.10.egg-info/PKG-INFO
[0.543s] -- Installing: /home/nextup/ros2_ws2/src/install/my_robot_interfaces/local/lib/python3.10/dist-packages/my_robot_interfaces-0.0.0-py3.10.egg-info/top_level.txt
[0.544s] -- Installing: /home/nextup/ros2_ws2/src/install/my_robot_interfaces/local/lib/python3.10/dist-packages/my_robot_interfaces-0.0.0-py3.10.egg-info/dependency_links.txt
[0.545s] -- Installing: /home/nextup/ros2_ws2/src/install/my_robot_interfaces/local/lib/python3.10/dist-packages/my_robot_interfaces-0.0.0-py3.10.egg-info/SOURCES.txt
[0.545s] -- Up-to-date: /home/nextup/ros2_ws2/src/install/my_robot_interfaces/local/lib/python3.10/dist-packages/my_robot_interfaces
[0.545s] -- Up-to-date: /home/nextup/ros2_ws2/src/install/my_robot_interfaces/local/lib/python3.10/dist-packages/my_robot_interfaces/_my_robot_interfaces_s.ep.rosidl_typesupport_fastrtps_c.c
[0.545s] -- Up-to-date: /home/nextup/ros2_ws2/src/install/my_robot_interfaces/local/lib/python3.10/dist-packages/my_robot_interfaces/my_robot_interfaces_s__rosidl_typesupport_introspection_c.cpython-310-x86_64-linux-gnu.so
[0.545s] -- Up-to-date: /home/nextup/ros2_ws2/src/install/my_robot_interfaces/local/lib/python3.10/dist-packages/my_robot_interfaces/_my_robot_interfaces_s.ep.rosidl_typesupport_c.c
[0.546s] -- Up-to-date: /home/nextup/ros2_ws2/src/install/my_robot_interfaces/local/lib/python3.10/dist-packages/my_robot_interfaces/action
[0.546s] -- Up-to-date: /home/nextup/ros2_ws2/src/install/my_robot_interfaces/local/lib/python3.10/dist-packages/my_robot_interfaces/action/_move_turtle_s.c
[0.546s] -- Up-to-date: /home/nextup/ros2_ws2/src/install/my_robot_interfaces/local/lib/python3.10/dist-packages/my_robot_interfaces/action/_move_robot.py
[0.546s] -- Up-to-date: /home/nextup/ros2_ws2/src/install/my_robot_interfaces/local/lib/python3.10/dist-packages/my_robot_interfaces/action/_count_until.py
[0.547s] -- Up-to-date: /home/nextup/ros2_ws2/src/install/my_robot_interfaces/local/lib/python3.10/dist-packages/my_robot_interfaces/action/_count_until_s.c
[0.548s] -- Up-to-date: /home/nextup/ros2_ws2/src/install/my_robot_interfaces/local/lib/python3.10/dist-packages/my_robot_interfaces/action/__init__.py
[0.548s] -- Up-to-date: /home/nextup/ros2_ws2/src/install/my_robot_interfaces/local/lib/python3.10/dist-packages/my_robot_interfaces/action/_move_turtle.py
[0.549s] -- Up-to-date: /home/nextup/ros2_ws2/src/install/my_robot_interfaces/local/lib/python3.10/dist-packages/my_robot_interfaces/action/_move_robot_s.c
[0.549s] -- Up-to-date: /home/nextup/ros2_ws2/src/install/my_robot_interfaces/local/lib/python3.10/dist-packages/my_robot_interfaces/libmy_robot_interfaces__rosidl_generator_py.so
[0.549s] -- Up-to-date: /home/nextup/ros2_ws2/src/install/my_robot_interfaces/local/lib/python3.10/dist-packages/my_robot_interfaces/__init__.py
[0.549s] -- Up-to-date: /home/nextup/ros2_ws2/src/install/my_robot_interfaces/local/lib/python3.10/dist-packages/my_robot_interfaces/_my_robot_interfaces_s.ep.rosidl_typesupport_introspection_c.c
[0.550s] -- Up-to-date: /home/nextup/ros2_ws2/src/install/my_robot_interfaces/local/lib/python3.10/dist-packages/my_robot_interfaces/my_robot_interfaces_s__rosidl_typesupport_c.cpython-310-x86_64-linux-gnu.so
[0.550s] -- Up-to-date: /home/nextup/ros2_ws2/src/install/my_robot_interfaces/local/lib/python3.10/dist-packages/my_robot_interfaces/my_robot_interfaces_s__rosidl_typesupport_fastrtps_c.cpython-310-x86_64-linux-gnu.so
[0.576s] Listing '/home/nextup/ros2_ws2/src/install/my_robot_interfaces/local/lib/python3.10/dist-packages/my_robot_interfaces'...
[0.576s] Listing '/home/nextup/ros2_ws2/src/install/my_robot_interfaces/local/lib/python3.10/dist-packages/my_robot_interfaces/action'...
[0.582s] -- Up-to-date: /home/nextup/ros2_ws2/src/install/my_robot_interfaces/local/lib/python3.10/dist-packages/my_robot_interfaces/my_robot_interfaces_s__rosidl_typesupport_fastrtps_c.cpython-310-x86_64-linux-gnu.so
[0.582s] -- Up-to-date: /home/nextup/ros2_ws2/src/install/my_robot_interfaces/local/lib/python3.10/dist-packages/my_robot_interfaces/my_robot_interfaces_s__rosidl_typesupport_introspection_c.cpython-310-x86_64-linux-gnu.so
[0.582s] -- Up-to-date: /home/nextup/ros2_ws2/src/install/my_robot_interfaces/local/lib/python3.10/dist-packages/my_robot_interfaces/my_robot_interfaces_s__rosidl_typesupport_c.cpython-310-x86_64-linux-gnu.so
[0.583s] -- Up-to-date: /home/nextup/ros2_ws2/src/install/my_robot_interfaces/lib/libmy_robot_interfaces__rosidl_generator_py.so
[0.583s] -- Up-to-date: /home/nextup/ros2_ws2/src/install/my_robot_interfaces/share/my_robot_interfaces/action/CountUntil.idl
[0.583s] -- Up-to-date: /home/nextup/ros2_ws2/src/install/my_robot_interfaces/share/my_robot_interfaces/action/MoveRobot.idl
[0.583s] -- Up-to-date: /home/nextup/ros2_ws2/src/install/my_robot_interfaces/share/my_robot_interfaces/action/MoveTurtle.idl
[0.583s] -- Up-to-date: /home/nextup/ros2_ws2/src/install/my_robot_interfaces/share/my_robot_interfaces/action/CountUntil.action
[0.583s] -- Up-to-date: /home/nextup/ros2_ws2/src/install/my_robot_interfaces/share/my_robot_interfaces/action/MoveRobot.action
[0.583s] -- Up-to-date: /home/nextup/ros2_ws2/src/install/my_robot_interfaces/share/my_robot_interfaces/action/MoveTurtle.action
[0.584s] -- Up-to-date: /home/nextup/ros2_ws2/src/install/my_robot_interfaces/share/ament_index/resource_index/package_run_dependencies/my_robot_interfaces
[0.584s] -- Up-to-date: /home/nextup/ros2_ws2/src/install/my_robot_interfaces/share/ament_index/resource_index/parent_prefix_path/my_robot_interfaces
[0.584s] -- Up-to-date: /home/nextup/ros2_ws2/src/install/my_robot_interfaces/share/my_robot_interfaces/environment/ament_prefix_path.sh
[0.584s] -- Up-to-date: /home/nextup/ros2_ws2/src/install/my_robot_interfaces/share/my_robot_interfaces/environment/ament_prefix_path.dsv
[0.584s] -- Up-to-date: /home/nextup/ros2_ws2/src/install/my_robot_interfaces/share/my_robot_interfaces/environment/path.sh
[0.584s] -- Up-to-date: /home/nextup/ros2_ws2/src/install/my_robot_interfaces/share/my_robot_interfaces/environment/path.dsv
[0.584s] -- Up-to-date: /home/nextup/ros2_ws2/src/install/my_robot_interfaces/share/my_robot_interfaces/local_setup.bash
[0.584s] -- Up-to-date: /home/nextup/ros2_ws2/src/install/my_robot_interfaces/share/my_robot_interfaces/local_setup.sh
[0.584s] -- Up-to-date: /home/nextup/ros2_ws2/src/install/my_robot_interfaces/share/my_robot_interfaces/local_setup.zsh
[0.584s] -- Up-to-date: /home/nextup/ros2_ws2/src/install/my_robot_interfaces/share/my_robot_interfaces/local_setup.dsv
[0.584s] -- Installing: /home/nextup/ros2_ws2/src/install/my_robot_interfaces/share/my_robot_interfaces/package.dsv
[0.585s] -- Up-to-date: /home/nextup/ros2_ws2/src/install/my_robot_interfaces/share/ament_index/resource_index/packages/my_robot_interfaces
[0.585s] -- Up-to-date: /home/nextup/ros2_ws2/src/install/my_robot_interfaces/share/my_robot_interfaces/cmake/export_my_robot_interfaces__rosidl_generator_cExport.cmake
[0.585s] -- Up-to-date: /home/nextup/ros2_ws2/src/install/my_robot_interfaces/share/my_robot_interfaces/cmake/export_my_robot_interfaces__rosidl_generator_cExport-noconfig.cmake
[0.585s] -- Up-to-date: /home/nextup/ros2_ws2/src/install/my_robot_interfaces/share/my_robot_interfaces/cmake/export_my_robot_interfaces__rosidl_typesupport_fastrtps_cExport.cmake
[0.585s] -- Up-to-date: /home/nextup/ros2_ws2/src/install/my_robot_interfaces/share/my_robot_interfaces/cmake/export_my_robot_interfaces__rosidl_typesupport_fastrtps_cExport-noconfig.cmake
[0.586s] -- Up-to-date: /home/nextup/ros2_ws2/src/install/my_robot_interfaces/share/my_robot_interfaces/cmake/my_robot_interfaces__rosidl_typesupport_introspection_cExport.cmake
[0.586s] -- Up-to-date: /home/nextup/ros2_ws2/src/install/my_robot_interfaces/share/my_robot_interfaces/cmake/my_robot_interfaces__rosidl_typesupport_introspection_cExport-noconfig.cmake
[0.586s] -- Up-to-date: /home/nextup/ros2_ws2/src/install/my_robot_interfaces/share/my_robot_interfaces/cmake/my_robot_interfaces__rosidl_typesupport_cExport.cmake
[0.586s] -- Up-to-date: /home/nextup/ros2_ws2/src/install/my_robot_interfaces/share/my_robot_interfaces/cmake/my_robot_interfaces__rosidl_typesupport_cExport-noconfig.cmake
[0.586s] -- Up-to-date: /home/nextup/ros2_ws2/src/install/my_robot_interfaces/share/my_robot_interfaces/cmake/export_my_robot_interfaces__rosidl_generator_cppExport.cmake
[0.587s] -- Up-to-date: /home/nextup/ros2_ws2/src/install/my_robot_interfaces/share/my_robot_interfaces/cmake/export_my_robot_interfaces__rosidl_typesupport_fastrtps_cppExport.cmake
[0.587s] -- Up-to-date: /home/nextup/ros2_ws2/src/install/my_robot_interfaces/share/my_robot_interfaces/cmake/export_my_robot_interfaces__rosidl_typesupport_fastrtps_cppExport-noconfig.cmake
[0.587s] -- Up-to-date: /home/nextup/ros2_ws2/src/install/my_robot_interfaces/share/my_robot_interfaces/cmake/my_robot_interfaces__rosidl_typesupport_introspection_cppExport.cmake
[0.587s] -- Up-to-date: /home/nextup/ros2_ws2/src/install/my_robot_interfaces/share/my_robot_interfaces/cmake/my_robot_interfaces__rosidl_typesupport_introspection_cppExport-noconfig.cmake
[0.587s] -- Up-to-date: /home/nextup/ros2_ws2/src/install/my_robot_interfaces/share/my_robot_interfaces/cmake/my_robot_interfaces__rosidl_typesupport_cppExport.cmake
[0.588s] -- Up-to-date: /home/nextup/ros2_ws2/src/install/my_robot_interfaces/share/my_robot_interfaces/cmake/my_robot_interfaces__rosidl_typesupport_cppExport-noconfig.cmake
[0.588s] -- Up-to-date: /home/nextup/ros2_ws2/src/install/my_robot_interfaces/share/my_robot_interfaces/cmake/export_my_robot_interfaces__rosidl_generator_pyExport.cmake
[0.588s] -- Up-to-date: /home/nextup/ros2_ws2/src/install/my_robot_interfaces/share/my_robot_interfaces/cmake/export_my_robot_interfaces__rosidl_generator_pyExport-noconfig.cmake
[0.588s] -- Up-to-date: /home/nextup/ros2_ws2/src/install/my_robot_interfaces/share/my_robot_interfaces/cmake/rosidl_cmake-extras.cmake
[0.588s] -- Up-to-date: /home/nextup/ros2_ws2/src/install/my_robot_interfaces/share/my_robot_interfaces/cmake/ament_cmake_export_dependencies-extras.cmake
[0.588s] -- Up-to-date: /home/nextup/ros2_ws2/src/install/my_robot_interfaces/share/my_robot_interfaces/cmake/ament_cmake_export_include_directories-extras.cmake
[0.588s] -- Up-to-date: /home/nextup/ros2_ws2/src/install/my_robot_interfaces/share/my_robot_interfaces/cmake/ament_cmake_export_libraries-extras.cmake
[0.588s] -- Up-to-date: /home/nextup/ros2_ws2/src/install/my_robot_interfaces/share/my_robot_interfaces/cmake/ament_cmake_export_targets-extras.cmake
[0.588s] -- Up-to-date: /home/nextup/ros2_ws2/src/install/my_robot_interfaces/share/my_robot_interfaces/cmake/rosidl_cmake_export_typesupport_targets-extras.cmake
[0.588s] -- Up-to-date: /home/nextup/ros2_ws2/src/install/my_robot_interfaces/share/my_robot_interfaces/cmake/rosidl_cmake_export_typesupport_libraries-extras.cmake
[0.589s] -- Up-to-date: /home/nextup/ros2_ws2/src/install/my_robot_interfaces/share/my_robot_interfaces/cmake/my_robot_interfacesConfig.cmake
[0.589s] -- Up-to-date: /home/nextup/ros2_ws2/src/install/my_robot_interfaces/share/my_robot_interfaces/cmake/my_robot_interfacesConfig-version.cmake
[0.589s] -- Up-to-date: /home/nextup/ros2_ws2/src/install/my_robot_interfaces/share/my_robot_interfaces/package.xml
[0.592s] Invoked command in '/home/nextup/ros2_ws2/src/build/my_robot_interfaces' returned '0': CMAKE_PREFIX_PATH=${CMAKE_PREFIX_PATH}:/home/nextup/ros2_ws2/install/actions_py:/home/nextup/ros2_ws2/install/lifecycle_py:/home/nextup/ros2_ws2/install/executors_py:/home/nextup/ros2_ws2/src/install/actions_py:/home/nextup/ros2_ws2/src/install/lifecycle_py:/home/nextup/ros2_ws2/src/install/executors_py:/opt/ros/humble /usr/bin/cmake --install /home/nextup/ros2_ws2/src/build/my_robot_interfaces
