[0.008s] Invoking command in '/home/nextup/ros2_ws2/build/final_project': CMAKE_PREFIX_PATH=${CMAKE_PREFIX_PATH}:/home/nextup/ros2_ws2/src/install/actions_py:/home/nextup/ros2_ws2/src/install/lifecycle_py:/home/nextup/ros2_ws2/src/install/executors_py:/opt/ros/humble /usr/bin/cmake --build /home/nextup/ros2_ws2/build/final_project -- -j16 -l16
[0.052s] [100%] Built target turtlebot_control_component
[0.052s] [100%] Built target final_project_step3
[0.052s] [100%] Built target final_project_component
[0.060s] Invoked command in '/home/nextup/ros2_ws2/build/final_project' returned '0': CMAKE_PREFIX_PATH=${CMAKE_PREFIX_PATH}:/home/nextup/ros2_ws2/src/install/actions_py:/home/nextup/ros2_ws2/src/install/lifecycle_py:/home/nextup/ros2_ws2/src/install/executors_py:/opt/ros/humble /usr/bin/cmake --build /home/nextup/ros2_ws2/build/final_project -- -j16 -l16
[0.088s] Invoking command in '/home/nextup/ros2_ws2/build/final_project': CMAKE_PREFIX_PATH=${CMAKE_PREFIX_PATH}:/home/nextup/ros2_ws2/src/install/actions_py:/home/nextup/ros2_ws2/src/install/lifecycle_py:/home/nextup/ros2_ws2/src/install/executors_py:/opt/ros/humble /usr/bin/cmake --install /home/nextup/ros2_ws2/build/final_project
[0.093s] -- Install configuration: ""
[0.093s] -- Up-to-date: /home/nextup/ros2_ws2/install/final_project/lib/libfinal_project_component.so
[0.093s] -- Up-to-date: /home/nextup/ros2_ws2/install/final_project/lib/libturtlebot_control_component.so
[0.093s] -- Up-to-date: /home/nextup/ros2_ws2/install/final_project/lib/final_project/final_project_step3
[0.093s] -- Up-to-date: /home/nextup/ros2_ws2/install/final_project/share/ament_index/resource_index/package_run_dependencies/final_project
[0.094s] -- Up-to-date: /home/nextup/ros2_ws2/install/final_project/share/ament_index/resource_index/parent_prefix_path/final_project
[0.094s] -- Up-to-date: /home/nextup/ros2_ws2/install/final_project/share/final_project/environment/ament_prefix_path.sh
[0.094s] -- Up-to-date: /home/nextup/ros2_ws2/install/final_project/share/final_project/environment/ament_prefix_path.dsv
[0.094s] -- Up-to-date: /home/nextup/ros2_ws2/install/final_project/share/final_project/environment/path.sh
[0.094s] -- Up-to-date: /home/nextup/ros2_ws2/install/final_project/share/final_project/environment/path.dsv
[0.094s] -- Up-to-date: /home/nextup/ros2_ws2/install/final_project/share/final_project/local_setup.bash
[0.094s] -- Up-to-date: /home/nextup/ros2_ws2/install/final_project/share/final_project/local_setup.sh
[0.094s] -- Up-to-date: /home/nextup/ros2_ws2/install/final_project/share/final_project/local_setup.zsh
[0.094s] -- Up-to-date: /home/nextup/ros2_ws2/install/final_project/share/final_project/local_setup.dsv
[0.094s] -- Installing: /home/nextup/ros2_ws2/install/final_project/share/final_project/package.dsv
[0.094s] -- Up-to-date: /home/nextup/ros2_ws2/install/final_project/share/ament_index/resource_index/packages/final_project
[0.094s] -- Up-to-date: /home/nextup/ros2_ws2/install/final_project/share/ament_index/resource_index/rclcpp_components/final_project
[0.094s] -- Up-to-date: /home/nextup/ros2_ws2/install/final_project/share/final_project/cmake/final_projectConfig.cmake
[0.094s] -- Up-to-date: /home/nextup/ros2_ws2/install/final_project/share/final_project/cmake/final_projectConfig-version.cmake
[0.094s] -- Up-to-date: /home/nextup/ros2_ws2/install/final_project/share/final_project/package.xml
[0.095s] Invoked command in '/home/nextup/ros2_ws2/build/final_project' returned '0': CMAKE_PREFIX_PATH=${CMAKE_PREFIX_PATH}:/home/nextup/ros2_ws2/src/install/actions_py:/home/nextup/ros2_ws2/src/install/lifecycle_py:/home/nextup/ros2_ws2/src/install/executors_py:/opt/ros/humble /usr/bin/cmake --install /home/nextup/ros2_ws2/build/final_project
