[0.007s] Invoking command in '/home/nextup/ros2_ws2/build/final_project': CMAKE_PREFIX_PATH=${CMAKE_PREFIX_PATH}:/home/nextup/ros2_ws2/src/install/actions_py:/home/nextup/ros2_ws2/src/install/lifecycle_py:/home/nextup/ros2_ws2/src/install/executors_py:/opt/ros/humble /usr/bin/cmake /home/nextup/ros2_ws2/src/final_project -DCMAKE_INSTALL_PREFIX=/home/nextup/ros2_ws2/install/final_project
[0.132s] -- The C compiler identification is GNU 11.4.0
[0.167s] -- The CXX compiler identification is GNU 11.4.0
[0.175s] -- Detecting C compiler ABI info
[0.227s] -- Detecting C compiler ABI info - done
[0.231s] -- Check for working C compiler: /usr/bin/cc - skipped
[0.231s] -- Detecting C compile features
[0.231s] -- Detecting C compile features - done
[0.234s] -- Detecting CXX compiler ABI info
[0.285s] -- Detecting CXX compiler ABI info - done
[0.289s] -- Check for working CXX compiler: /usr/bin/c++ - skipped
[0.289s] -- Detecting CXX compile features
[0.290s] -- Detecting CXX compile features - done
[0.293s] -- Found ament_cmake: 1.3.9 (/opt/ros/humble/share/ament_cmake/cmake)
[0.535s] -- Found Python3: /usr/bin/python3 (found version "3.10.12") found components: Interpreter 
[0.616s] -- Found rclcpp: 16.0.9 (/opt/ros/humble/share/rclcpp/cmake)
[0.662s] -- Found rosidl_generator_c: 3.1.5 (/opt/ros/humble/share/rosidl_generator_c/cmake)
[0.666s] -- Found rosidl_adapter: 3.1.5 (/opt/ros/humble/share/rosidl_adapter/cmake)
[0.676s] -- Found rosidl_generator_cpp: 3.1.5 (/opt/ros/humble/share/rosidl_generator_cpp/cmake)
[0.690s] -- Using all available rosidl_typesupport_c: rosidl_typesupport_fastrtps_c;rosidl_typesupport_introspection_c
[0.708s] -- Using all available rosidl_typesupport_cpp: rosidl_typesupport_fastrtps_cpp;rosidl_typesupport_introspection_cpp
[0.760s] -- Found rmw_implementation_cmake: 6.1.2 (/opt/ros/humble/share/rmw_implementation_cmake/cmake)
[0.762s] -- Found rmw_fastrtps_cpp: 6.2.6 (/opt/ros/humble/share/rmw_fastrtps_cpp/cmake)
[0.832s] -- Found OpenSSL: /usr/lib/x86_64-linux-gnu/libcrypto.so (found version "3.0.2")  
[0.850s] -- Found FastRTPS: /opt/ros/humble/include  
[0.878s] -- Using RMW implementation 'rmw_fastrtps_cpp' as default
[0.886s] -- Looking for pthread.h
[0.934s] -- Looking for pthread.h - found
[0.934s] -- Performing Test CMAKE_HAVE_LIBC_PTHREAD
[0.987s] -- Performing Test CMAKE_HAVE_LIBC_PTHREAD - Success
[0.988s] -- Found Threads: TRUE  
[1.091s] -- Found rclcpp_action: 16.0.9 (/opt/ros/humble/share/rclcpp_action/cmake)
[1.155s] -- Found rclcpp_lifecycle: 16.0.9 (/opt/ros/humble/share/rclcpp_lifecycle/cmake)
[1.183s] -- Found rclcpp_components: 16.0.9 (/opt/ros/humble/share/rclcpp_components/cmake)
[1.226s] -- Found turtlesim: 1.4.2 (/opt/ros/humble/share/turtlesim/cmake)
[1.260s] -- Found geometry_msgs: 4.2.4 (/opt/ros/humble/share/geometry_msgs/cmake)
[1.287s] -- Found my_robot_interfaces: 0.0.0 (/home/nextup/ros2_ws2/src/install/my_robot_interfaces/share/my_robot_interfaces/cmake)
[1.368s] -- Configuring done
[1.378s] -- Generating done
[1.379s] -- Build files have been written to: /home/nextup/ros2_ws2/build/final_project
[1.388s] Invoked command in '/home/nextup/ros2_ws2/build/final_project' returned '0': CMAKE_PREFIX_PATH=${CMAKE_PREFIX_PATH}:/home/nextup/ros2_ws2/src/install/actions_py:/home/nextup/ros2_ws2/src/install/lifecycle_py:/home/nextup/ros2_ws2/src/install/executors_py:/opt/ros/humble /usr/bin/cmake /home/nextup/ros2_ws2/src/final_project -DCMAKE_INSTALL_PREFIX=/home/nextup/ros2_ws2/install/final_project
[1.389s] Invoking command in '/home/nextup/ros2_ws2/build/final_project': CMAKE_PREFIX_PATH=${CMAKE_PREFIX_PATH}:/home/nextup/ros2_ws2/src/install/actions_py:/home/nextup/ros2_ws2/src/install/lifecycle_py:/home/nextup/ros2_ws2/src/install/executors_py:/opt/ros/humble /usr/bin/cmake --build /home/nextup/ros2_ws2/build/final_project -- -j16 -l16
[1.424s] [ 50%] [32mBuilding CXX object CMakeFiles/final_project_step3.dir/src/final_project_step3.cpp.o[0m
[1.425s] [ 50%] [32mBuilding CXX object CMakeFiles/turtlebot_control_component.dir/src/final_project_turtlebot.cpp.o[0m
[1.425s] [ 50%] [32mBuilding CXX object CMakeFiles/final_project_component.dir/src/final_project.cpp.o[0m
[5.334s] [ 66%] [32m[1mLinking CXX shared library libturtlebot_control_component.so[0m
[5.539s] [ 66%] Built target turtlebot_control_component
[6.072s] [ 83%] [32m[1mLinking CXX executable final_project_step3[0m
[6.215s] [100%] [32m[1mLinking CXX shared library libfinal_project_component.so[0m
[6.292s] [100%] Built target final_project_step3
[6.422s] [100%] Built target final_project_component
[6.430s] Invoked command in '/home/nextup/ros2_ws2/build/final_project' returned '0': CMAKE_PREFIX_PATH=${CMAKE_PREFIX_PATH}:/home/nextup/ros2_ws2/src/install/actions_py:/home/nextup/ros2_ws2/src/install/lifecycle_py:/home/nextup/ros2_ws2/src/install/executors_py:/opt/ros/humble /usr/bin/cmake --build /home/nextup/ros2_ws2/build/final_project -- -j16 -l16
[6.455s] Invoking command in '/home/nextup/ros2_ws2/build/final_project': CMAKE_PREFIX_PATH=${CMAKE_PREFIX_PATH}:/home/nextup/ros2_ws2/src/install/actions_py:/home/nextup/ros2_ws2/src/install/lifecycle_py:/home/nextup/ros2_ws2/src/install/executors_py:/opt/ros/humble /usr/bin/cmake --install /home/nextup/ros2_ws2/build/final_project
[6.461s] -- Install configuration: ""
[6.461s] -- Installing: /home/nextup/ros2_ws2/install/final_project/lib/libfinal_project_component.so
[6.463s] -- Set runtime path of "/home/nextup/ros2_ws2/install/final_project/lib/libfinal_project_component.so" to ""
[6.464s] -- Installing: /home/nextup/ros2_ws2/install/final_project/lib/libturtlebot_control_component.so
[6.465s] -- Set runtime path of "/home/nextup/ros2_ws2/install/final_project/lib/libturtlebot_control_component.so" to ""
[6.465s] -- Installing: /home/nextup/ros2_ws2/install/final_project/lib/final_project/final_project_step3
[6.467s] -- Set runtime path of "/home/nextup/ros2_ws2/install/final_project/lib/final_project/final_project_step3" to ""
[6.467s] -- Installing: /home/nextup/ros2_ws2/install/final_project/share/ament_index/resource_index/package_run_dependencies/final_project
[6.467s] -- Installing: /home/nextup/ros2_ws2/install/final_project/share/ament_index/resource_index/parent_prefix_path/final_project
[6.467s] -- Installing: /home/nextup/ros2_ws2/install/final_project/share/final_project/environment/ament_prefix_path.sh
[6.467s] -- Installing: /home/nextup/ros2_ws2/install/final_project/share/final_project/environment/ament_prefix_path.dsv
[6.467s] -- Installing: /home/nextup/ros2_ws2/install/final_project/share/final_project/environment/path.sh
[6.467s] -- Installing: /home/nextup/ros2_ws2/install/final_project/share/final_project/environment/path.dsv
[6.467s] -- Installing: /home/nextup/ros2_ws2/install/final_project/share/final_project/local_setup.bash
[6.467s] -- Installing: /home/nextup/ros2_ws2/install/final_project/share/final_project/local_setup.sh
[6.467s] -- Installing: /home/nextup/ros2_ws2/install/final_project/share/final_project/local_setup.zsh
[6.467s] -- Installing: /home/nextup/ros2_ws2/install/final_project/share/final_project/local_setup.dsv
[6.468s] -- Installing: /home/nextup/ros2_ws2/install/final_project/share/final_project/package.dsv
[6.468s] -- Installing: /home/nextup/ros2_ws2/install/final_project/share/ament_index/resource_index/packages/final_project
[6.468s] -- Installing: /home/nextup/ros2_ws2/install/final_project/share/ament_index/resource_index/rclcpp_components/final_project
[6.468s] -- Installing: /home/nextup/ros2_ws2/install/final_project/share/final_project/cmake/final_projectConfig.cmake
[6.468s] -- Installing: /home/nextup/ros2_ws2/install/final_project/share/final_project/cmake/final_projectConfig-version.cmake
[6.468s] -- Installing: /home/nextup/ros2_ws2/install/final_project/share/final_project/package.xml
[6.469s] Invoked command in '/home/nextup/ros2_ws2/build/final_project' returned '0': CMAKE_PREFIX_PATH=${CMAKE_PREFIX_PATH}:/home/nextup/ros2_ws2/src/install/actions_py:/home/nextup/ros2_ws2/src/install/lifecycle_py:/home/nextup/ros2_ws2/src/install/executors_py:/opt/ros/humble /usr/bin/cmake --install /home/nextup/ros2_ws2/build/final_project
