-- Install configuration: ""
-- Up-to-date: /home/anjali/arduinoboot_ws/src/install/arduniobot_movelt/share/arduniobot_movelt/launch
-- Up-to-date: /home/anjali/arduinoboot_ws/src/install/arduniobot_movelt/share/arduniobot_movelt/launch/moveit.launch.py
-- Up-to-date: /home/anjali/arduinoboot_ws/src/install/arduniobot_movelt/share/arduniobot_movelt/config
-- Up-to-date: /home/anjali/arduinoboot_ws/src/install/arduniobot_movelt/share/arduniobot_movelt/config/kinematic.yaml
-- Up-to-date: /home/anjali/arduinoboot_ws/src/install/arduniobot_movelt/share/arduniobot_movelt/config/initial_positions.yaml
-- Up-to-date: /home/anjali/arduinoboot_ws/src/install/arduniobot_movelt/share/arduniobot_movelt/config/joint_limits.yaml
-- Up-to-date: /home/anjali/arduinoboot_ws/src/install/arduniobot_movelt/share/arduniobot_movelt/config/moveit_controller.yaml
-- Up-to-date: /home/anjali/arduinoboot_ws/src/install/arduniobot_movelt/share/arduniobot_movelt/config/arduniobot_movelt
-- Up-to-date: /home/anjali/arduinoboot_ws/src/install/arduniobot_movelt/share/arduniobot_movelt/config/pliz_cartesian_limits.yaml
-- Up-to-date: /home/anjali/arduinoboot_ws/src/install/arduniobot_movelt/share/arduniobot_movelt/config/arduniobot.srdf
-- Up-to-date: /home/anjali/arduinoboot_ws/src/install/arduniobot_movelt/share/ament_index/resource_index/package_run_dependencies/arduniobot_movelt
-- Up-to-date: /home/anjali/arduinoboot_ws/src/install/arduniobot_movelt/share/ament_index/resource_index/parent_prefix_path/arduniobot_movelt
-- Up-to-date: /home/anjali/arduinoboot_ws/src/install/arduniobot_movelt/share/arduniobot_movelt/environment/ament_prefix_path.sh
-- Up-to-date: /home/anjali/arduinoboot_ws/src/install/arduniobot_movelt/share/arduniobot_movelt/environment/ament_prefix_path.dsv
-- Up-to-date: /home/anjali/arduinoboot_ws/src/install/arduniobot_movelt/share/arduniobot_movelt/environment/path.sh
-- Up-to-date: /home/anjali/arduinoboot_ws/src/install/arduniobot_movelt/share/arduniobot_movelt/environment/path.dsv
-- Up-to-date: /home/anjali/arduinoboot_ws/src/install/arduniobot_movelt/share/arduniobot_movelt/local_setup.bash
-- Up-to-date: /home/anjali/arduinoboot_ws/src/install/arduniobot_movelt/share/arduniobot_movelt/local_setup.sh
-- Up-to-date: /home/anjali/arduinoboot_ws/src/install/arduniobot_movelt/share/arduniobot_movelt/local_setup.zsh
-- Up-to-date: /home/anjali/arduinoboot_ws/src/install/arduniobot_movelt/share/arduniobot_movelt/local_setup.dsv
-- Up-to-date: /home/anjali/arduinoboot_ws/src/install/arduniobot_movelt/share/arduniobot_movelt/package.dsv
-- Up-to-date: /home/anjali/arduinoboot_ws/src/install/arduniobot_movelt/share/ament_index/resource_index/packages/arduniobot_movelt
-- Up-to-date: /home/anjali/arduinoboot_ws/src/install/arduniobot_movelt/share/arduniobot_movelt/cmake/ament_cmake_export_dependencies-extras.cmake
-- Up-to-date: /home/anjali/arduinoboot_ws/src/install/arduniobot_movelt/share/arduniobot_movelt/cmake/arduniobot_moveltConfig.cmake
-- Up-to-date: /home/anjali/arduinoboot_ws/src/install/arduniobot_movelt/share/arduniobot_movelt/cmake/arduniobot_moveltConfig-version.cmake
-- Up-to-date: /home/anjali/arduinoboot_ws/src/install/arduniobot_movelt/share/arduniobot_movelt/package.xml
