[0.076s] Invoking command in '/home/nextup/ros2_ws/src/build/turtle_catch': CMAKE_PREFIX_PATH=${CMAKE_PREFIX_PATH}:/opt/ros/humble /usr/bin/cmake --build /home/nextup/ros2_ws/src/build/turtle_catch -- -j16 -l16
[0.101s] -- Found ament_cmake: 1.3.9 (/opt/ros/humble/share/ament_cmake/cmake)
[0.187s] -- Found rclcpp: 16.0.9 (/opt/ros/humble/share/rclcpp/cmake)
[0.208s] -- Found rosidl_generator_c: 3.1.5 (/opt/ros/humble/share/rosidl_generator_c/cmake)
[0.211s] -- Found rosidl_adapter: 3.1.5 (/opt/ros/humble/share/rosidl_adapter/cmake)
[0.215s] -- Found rosidl_generator_cpp: 3.1.5 (/opt/ros/humble/share/rosidl_generator_cpp/cmake)
[0.222s] -- Using all available rosidl_typesupport_c: rosidl_typesupport_fastrtps_c;rosidl_typesupport_introspection_c
[0.233s] -- Using all available rosidl_typesupport_cpp: rosidl_typesupport_fastrtps_cpp;rosidl_typesupport_introspection_cpp
[0.271s] -- Found rmw_implementation_cmake: 6.1.2 (/opt/ros/humble/share/rmw_implementation_cmake/cmake)
[0.272s] -- Found rmw_fastrtps_cpp: 6.2.6 (/opt/ros/humble/share/rmw_fastrtps_cpp/cmake)
[0.328s] -- Found OpenSSL: /usr/lib/x86_64-linux-gnu/libcrypto.so (found version "3.0.2")  
[0.342s] -- Found FastRTPS: /opt/ros/humble/include  
[0.369s] -- Using RMW implementation 'rmw_fastrtps_cpp' as default
[0.373s] -- Looking for pthread.h
[0.422s] -- Looking for pthread.h - found
[0.423s] -- Performing Test CMAKE_HAVE_LIBC_PTHREAD
[0.483s] -- Performing Test CMAKE_HAVE_LIBC_PTHREAD - Success
[0.485s] -- Found Threads: TRUE  
[0.579s] -- Configuring incomplete, errors occurred!
[0.580s] See also "/home/nextup/ros2_ws/src/build/turtle_catch/CMakeFiles/CMakeOutput.log".
[0.580s] [31mCMake Error at CMakeLists.txt:16 (find_package):
[0.580s]   By not providing "Findmy_robot_interfaces.cmake" in CMAKE_MODULE_PATH this
[0.580s]   project has asked CMake to find a package configuration file provided by
[0.580s]   "my_robot_interfaces", but CMake did not find one.
[0.580s] 
[0.580s]   Could not find a package configuration file provided by
[0.580s]   "my_robot_interfaces" with any of the following names:
[0.580s] 
[0.580s]     my_robot_interfacesConfig.cmake
[0.580s]     my_robot_interfaces-config.cmake
[0.580s] 
[0.580s]   Add the installation prefix of "my_robot_interfaces" to CMAKE_PREFIX_PATH
[0.580s]   or set "my_robot_interfaces_DIR" to a directory containing one of the above
[0.581s]   files.  If "my_robot_interfaces" provides a separate development package or
[0.581s]   SDK, be sure it has been installed.
[0.581s] 
[0.581s] [0m
[0.584s] gmake: *** [Makefile:226: cmake_check_build_system] Error 1
[0.587s] Invoked command in '/home/nextup/ros2_ws/src/build/turtle_catch' returned '2': CMAKE_PREFIX_PATH=${CMAKE_PREFIX_PATH}:/opt/ros/humble /usr/bin/cmake --build /home/nextup/ros2_ws/src/build/turtle_catch -- -j16 -l16
