[0.234s] Invoking command in '/home/anjali/arduinoboot_ws/src/build/arduniobot_controller': CMAKE_PREFIX_PATH=${CMAKE_PREFIX_PATH}:/home/anjali/arduinoboot_ws/install/arduinoboot_py_examples:/opt/ros/humble /usr/bin/cmake --build /home/anjali/arduinoboot_ws/src/build/arduniobot_controller -- -j16 -l16
[0.267s] Invoked command in '/home/anjali/arduinoboot_ws/src/build/arduniobot_controller' returned '0': CMAKE_PREFIX_PATH=${CMAKE_PREFIX_PATH}:/home/anjali/arduinoboot_ws/install/arduinoboot_py_examples:/opt/ros/humble /usr/bin/cmake --build /home/anjali/arduinoboot_ws/src/build/arduniobot_controller -- -j16 -l16
[0.306s] Invoking command in '/home/anjali/arduinoboot_ws/src/build/arduniobot_controller': CMAKE_PREFIX_PATH=${CMAKE_PREFIX_PATH}:/home/anjali/arduinoboot_ws/install/arduinoboot_py_examples:/opt/ros/humble /usr/bin/cmake --install /home/anjali/arduinoboot_ws/src/build/arduniobot_controller
[0.311s] -- Install configuration: ""
[0.312s] -- Up-to-date: /home/anjali/arduinoboot_ws/src/install/arduniobot_controller/share/arduniobot_controller/config
[0.312s] -- Up-to-date: /home/anjali/arduinoboot_ws/src/install/arduniobot_controller/share/arduniobot_controller/config/arduniobot_controller.yaml
[0.312s] -- Up-to-date: /home/anjali/arduinoboot_ws/src/install/arduniobot_controller/share/arduniobot_controller/launch
[0.312s] -- Up-to-date: /home/anjali/arduinoboot_ws/src/install/arduniobot_controller/share/arduniobot_controller/launch/controller.launch.py
[0.312s] -- Up-to-date: /home/anjali/arduinoboot_ws/src/install/arduniobot_controller/share/ament_index/resource_index/package_run_dependencies/arduniobot_controller
[0.312s] -- Up-to-date: /home/anjali/arduinoboot_ws/src/install/arduniobot_controller/share/ament_index/resource_index/parent_prefix_path/arduniobot_controller
[0.312s] -- Up-to-date: /home/anjali/arduinoboot_ws/src/install/arduniobot_controller/share/arduniobot_controller/environment/ament_prefix_path.sh
[0.312s] -- Up-to-date: /home/anjali/arduinoboot_ws/src/install/arduniobot_controller/share/arduniobot_controller/environment/ament_prefix_path.dsv
[0.313s] -- Up-to-date: /home/anjali/arduinoboot_ws/src/install/arduniobot_controller/share/arduniobot_controller/environment/path.sh
[0.313s] -- Up-to-date: /home/anjali/arduinoboot_ws/src/install/arduniobot_controller/share/arduniobot_controller/environment/path.dsv
[0.314s] -- Up-to-date: /home/anjali/arduinoboot_ws/src/install/arduniobot_controller/share/arduniobot_controller/local_setup.bash
[0.314s] -- Up-to-date: /home/anjali/arduinoboot_ws/src/install/arduniobot_controller/share/arduniobot_controller/local_setup.sh
[0.315s] -- Up-to-date: /home/anjali/arduinoboot_ws/src/install/arduniobot_controller/share/arduniobot_controller/local_setup.zsh
[0.315s] -- Up-to-date: /home/anjali/arduinoboot_ws/src/install/arduniobot_controller/share/arduniobot_controller/local_setup.dsv
[0.315s] -- Installing: /home/anjali/arduinoboot_ws/src/install/arduniobot_controller/share/arduniobot_controller/package.dsv
[0.316s] -- Up-to-date: /home/anjali/arduinoboot_ws/src/install/arduniobot_controller/share/ament_index/resource_index/packages/arduniobot_controller
[0.316s] -- Up-to-date: /home/anjali/arduinoboot_ws/src/install/arduniobot_controller/share/arduniobot_controller/cmake/arduniobot_controllerConfig.cmake
[0.317s] -- Up-to-date: /home/anjali/arduinoboot_ws/src/install/arduniobot_controller/share/arduniobot_controller/cmake/arduniobot_controllerConfig-version.cmake
[0.317s] -- Up-to-date: /home/anjali/arduinoboot_ws/src/install/arduniobot_controller/share/arduniobot_controller/package.xml
[0.317s] Invoked command in '/home/anjali/arduinoboot_ws/src/build/arduniobot_controller' returned '0': CMAKE_PREFIX_PATH=${CMAKE_PREFIX_PATH}:/home/anjali/arduinoboot_ws/install/arduinoboot_py_examples:/opt/ros/humble /usr/bin/cmake --install /home/anjali/arduinoboot_ws/src/build/arduniobot_controller
