[0.011s] Invoking command in '/home/nextup/ros2_ws2/src/build/my_robot_bringup': AMENT_PREFIX_PATH=/home/nextup/ros2_ws2/src/install/lifecycle_py:/home/nextup/ros2_ws2/src/install/lifecycle_cpp:${AMENT_PREFIX_PATH} CMAKE_PREFIX_PATH=/home/nextup/ros2_ws2/src/install/lifecycle_cpp:/home/nextup/ros2_ws2/install/actions_cpp:/home/nextup/ros2_ws2/install/my_robot_interfaces:/home/nextup/ros2_ws1/install/my_robot_bringup:/home/nextup/ros2_ws1/install/my_robot_description:/home/nextup/ros2_ws2/src/install/my_robot_interfaces:/home/nextup/ros2_ws2/install/actions_py:/home/nextup/ros2_ws2/src/install/actions_py:/opt/ros/humble PYTHONPATH=/home/nextup/ros2_ws2/src/install/lifecycle_py/lib/python3.10/site-packages:${PYTHONPATH} /usr/bin/cmake --build /home/nextup/ros2_ws2/src/build/my_robot_bringup -- -j16 -l16
[0.036s] Invoked command in '/home/nextup/ros2_ws2/src/build/my_robot_bringup' returned '0': AMENT_PREFIX_PATH=/home/nextup/ros2_ws2/src/install/lifecycle_py:/home/nextup/ros2_ws2/src/install/lifecycle_cpp:${AMENT_PREFIX_PATH} CMAKE_PREFIX_PATH=/home/nextup/ros2_ws2/src/install/lifecycle_cpp:/home/nextup/ros2_ws2/install/actions_cpp:/home/nextup/ros2_ws2/install/my_robot_interfaces:/home/nextup/ros2_ws1/install/my_robot_bringup:/home/nextup/ros2_ws1/install/my_robot_description:/home/nextup/ros2_ws2/src/install/my_robot_interfaces:/home/nextup/ros2_ws2/install/actions_py:/home/nextup/ros2_ws2/src/install/actions_py:/opt/ros/humble PYTHONPATH=/home/nextup/ros2_ws2/src/install/lifecycle_py/lib/python3.10/site-packages:${PYTHONPATH} /usr/bin/cmake --build /home/nextup/ros2_ws2/src/build/my_robot_bringup -- -j16 -l16
[0.060s] Invoking command in '/home/nextup/ros2_ws2/src/build/my_robot_bringup': AMENT_PREFIX_PATH=/home/nextup/ros2_ws2/src/install/lifecycle_py:/home/nextup/ros2_ws2/src/install/lifecycle_cpp:${AMENT_PREFIX_PATH} CMAKE_PREFIX_PATH=/home/nextup/ros2_ws2/src/install/lifecycle_cpp:/home/nextup/ros2_ws2/install/actions_cpp:/home/nextup/ros2_ws2/install/my_robot_interfaces:/home/nextup/ros2_ws1/install/my_robot_bringup:/home/nextup/ros2_ws1/install/my_robot_description:/home/nextup/ros2_ws2/src/install/my_robot_interfaces:/home/nextup/ros2_ws2/install/actions_py:/home/nextup/ros2_ws2/src/install/actions_py:/opt/ros/humble PYTHONPATH=/home/nextup/ros2_ws2/src/install/lifecycle_py/lib/python3.10/site-packages:${PYTHONPATH} /usr/bin/cmake --install /home/nextup/ros2_ws2/src/build/my_robot_bringup
[0.066s] -- Install configuration: ""
[0.066s] -- Up-to-date: /home/nextup/ros2_ws2/src/install/my_robot_bringup/share/my_robot_bringup//launch
[0.066s] -- Up-to-date: /home/nextup/ros2_ws2/src/install/my_robot_bringup/share/my_robot_bringup//launch/lifecycle_test.launch.xml
[0.066s] -- Up-to-date: /home/nextup/ros2_ws2/src/install/my_robot_bringup/share/my_robot_bringup//launch/lifecycle_test.launch.py
[0.066s] -- Up-to-date: /home/nextup/ros2_ws2/src/install/my_robot_bringup/share/ament_index/resource_index/package_run_dependencies/my_robot_bringup
[0.066s] -- Up-to-date: /home/nextup/ros2_ws2/src/install/my_robot_bringup/share/ament_index/resource_index/parent_prefix_path/my_robot_bringup
[0.066s] -- Up-to-date: /home/nextup/ros2_ws2/src/install/my_robot_bringup/share/my_robot_bringup/environment/ament_prefix_path.sh
[0.066s] -- Up-to-date: /home/nextup/ros2_ws2/src/install/my_robot_bringup/share/my_robot_bringup/environment/ament_prefix_path.dsv
[0.066s] -- Up-to-date: /home/nextup/ros2_ws2/src/install/my_robot_bringup/share/my_robot_bringup/environment/path.sh
[0.066s] -- Up-to-date: /home/nextup/ros2_ws2/src/install/my_robot_bringup/share/my_robot_bringup/environment/path.dsv
[0.066s] -- Up-to-date: /home/nextup/ros2_ws2/src/install/my_robot_bringup/share/my_robot_bringup/local_setup.bash
[0.067s] -- Up-to-date: /home/nextup/ros2_ws2/src/install/my_robot_bringup/share/my_robot_bringup/local_setup.sh
[0.067s] -- Up-to-date: /home/nextup/ros2_ws2/src/install/my_robot_bringup/share/my_robot_bringup/local_setup.zsh
[0.067s] -- Up-to-date: /home/nextup/ros2_ws2/src/install/my_robot_bringup/share/my_robot_bringup/local_setup.dsv
[0.067s] -- Up-to-date: /home/nextup/ros2_ws2/src/install/my_robot_bringup/share/my_robot_bringup/package.dsv
[0.067s] -- Up-to-date: /home/nextup/ros2_ws2/src/install/my_robot_bringup/share/ament_index/resource_index/packages/my_robot_bringup
[0.067s] -- Up-to-date: /home/nextup/ros2_ws2/src/install/my_robot_bringup/share/my_robot_bringup/cmake/my_robot_bringupConfig.cmake
[0.067s] -- Up-to-date: /home/nextup/ros2_ws2/src/install/my_robot_bringup/share/my_robot_bringup/cmake/my_robot_bringupConfig-version.cmake
[0.067s] -- Up-to-date: /home/nextup/ros2_ws2/src/install/my_robot_bringup/share/my_robot_bringup/package.xml
[0.068s] Invoked command in '/home/nextup/ros2_ws2/src/build/my_robot_bringup' returned '0': AMENT_PREFIX_PATH=/home/nextup/ros2_ws2/src/install/lifecycle_py:/home/nextup/ros2_ws2/src/install/lifecycle_cpp:${AMENT_PREFIX_PATH} CMAKE_PREFIX_PATH=/home/nextup/ros2_ws2/src/install/lifecycle_cpp:/home/nextup/ros2_ws2/install/actions_cpp:/home/nextup/ros2_ws2/install/my_robot_interfaces:/home/nextup/ros2_ws1/install/my_robot_bringup:/home/nextup/ros2_ws1/install/my_robot_description:/home/nextup/ros2_ws2/src/install/my_robot_interfaces:/home/nextup/ros2_ws2/install/actions_py:/home/nextup/ros2_ws2/src/install/actions_py:/opt/ros/humble PYTHONPATH=/home/nextup/ros2_ws2/src/install/lifecycle_py/lib/python3.10/site-packages:${PYTHONPATH} /usr/bin/cmake --install /home/nextup/ros2_ws2/src/build/my_robot_bringup
