[0.005s] Invoking command in '/home/nextup/ros2_ws1/build/my_robot_bringup': CMAKE_PREFIX_PATH=${CMAKE_PREFIX_PATH}:/opt/ros/humble /usr/bin/cmake /home/nextup/ros2_ws1/src/my_robot_bringup -DAMENT_CMAKE_SYMLINK_INSTALL=1 -DCMAKE_INSTALL_PREFIX=/home/nextup/ros2_ws1/install/my_robot_bringup
[0.091s] -- The C compiler identification is GNU 11.4.0
[0.185s] -- The CXX compiler identification is GNU 11.4.0
[0.192s] -- Detecting C compiler ABI info
[0.239s] -- Detecting C compiler ABI info - done
[0.243s] -- Check for working C compiler: /usr/bin/cc - skipped
[0.244s] -- Detecting C compile features
[0.244s] -- Detecting C compile features - done
[0.246s] -- Detecting CXX compiler ABI info
[0.298s] -- Detecting CXX compiler ABI info - done
[0.302s] -- Check for working CXX compiler: /usr/bin/c++ - skipped
[0.302s] -- Detecting CXX compile features
[0.302s] -- Detecting CXX compile features - done
[0.304s] -- Found ament_cmake: 1.3.9 (/opt/ros/humble/share/ament_cmake/cmake)
[0.403s] -- Found Python3: /usr/bin/python3 (found version "3.10.12") found components: Interpreter 
[0.446s] -- Override CMake install command with custom implementation using symlinks instead of copying resources
[0.503s] -- Configuring done
[0.505s] -- Generating done
[0.505s] -- Build files have been written to: /home/nextup/ros2_ws1/build/my_robot_bringup
[0.509s] Invoked command in '/home/nextup/ros2_ws1/build/my_robot_bringup' returned '0': CMAKE_PREFIX_PATH=${CMAKE_PREFIX_PATH}:/opt/ros/humble /usr/bin/cmake /home/nextup/ros2_ws1/src/my_robot_bringup -DAMENT_CMAKE_SYMLINK_INSTALL=1 -DCMAKE_INSTALL_PREFIX=/home/nextup/ros2_ws1/install/my_robot_bringup
[0.510s] Invoking command in '/home/nextup/ros2_ws1/build/my_robot_bringup': CMAKE_PREFIX_PATH=${CMAKE_PREFIX_PATH}:/opt/ros/humble /usr/bin/cmake --build /home/nextup/ros2_ws1/build/my_robot_bringup -- -j16 -l16
[0.533s] Invoked command in '/home/nextup/ros2_ws1/build/my_robot_bringup' returned '0': CMAKE_PREFIX_PATH=${CMAKE_PREFIX_PATH}:/opt/ros/humble /usr/bin/cmake --build /home/nextup/ros2_ws1/build/my_robot_bringup -- -j16 -l16
[0.547s] Invoking command in '/home/nextup/ros2_ws1/build/my_robot_bringup': CMAKE_PREFIX_PATH=${CMAKE_PREFIX_PATH}:/opt/ros/humble /usr/bin/cmake --install /home/nextup/ros2_ws1/build/my_robot_bringup
[0.552s] -- Install configuration: ""
[0.552s] -- Execute custom install script
[0.552s] -- Symlinking: /home/nextup/ros2_ws1/install/my_robot_bringup/share/my_robot_bringup//launch/my_robot_gazebo.launch.xml
[0.558s] -- Symlinking: /home/nextup/ros2_ws1/install/my_robot_bringup/share/my_robot_bringup//rviz/urdf_config.rviz
[0.563s] -- Symlinking: /home/nextup/ros2_ws1/install/my_robot_bringup/share/ament_index/resource_index/package_run_dependencies/my_robot_bringup
[0.568s] -- Symlinking: /home/nextup/ros2_ws1/install/my_robot_bringup/share/ament_index/resource_index/parent_prefix_path/my_robot_bringup
[0.573s] -- Symlinking: /home/nextup/ros2_ws1/install/my_robot_bringup/share/my_robot_bringup/environment/ament_prefix_path.sh
[0.578s] -- Symlinking: /home/nextup/ros2_ws1/install/my_robot_bringup/share/my_robot_bringup/environment/ament_prefix_path.dsv
[0.583s] -- Symlinking: /home/nextup/ros2_ws1/install/my_robot_bringup/share/my_robot_bringup/environment/path.sh
[0.589s] -- Symlinking: /home/nextup/ros2_ws1/install/my_robot_bringup/share/my_robot_bringup/environment/path.dsv
[0.594s] -- Symlinking: /home/nextup/ros2_ws1/install/my_robot_bringup/share/my_robot_bringup/local_setup.bash
[0.599s] -- Symlinking: /home/nextup/ros2_ws1/install/my_robot_bringup/share/my_robot_bringup/local_setup.sh
[0.605s] -- Symlinking: /home/nextup/ros2_ws1/install/my_robot_bringup/share/my_robot_bringup/local_setup.zsh
[0.611s] -- Symlinking: /home/nextup/ros2_ws1/install/my_robot_bringup/share/my_robot_bringup/local_setup.dsv
[0.616s] -- Symlinking: /home/nextup/ros2_ws1/install/my_robot_bringup/share/my_robot_bringup/package.dsv
[0.621s] -- Symlinking: /home/nextup/ros2_ws1/install/my_robot_bringup/share/ament_index/resource_index/packages/my_robot_bringup
[0.626s] -- Symlinking: /home/nextup/ros2_ws1/install/my_robot_bringup/share/my_robot_bringup/cmake/my_robot_bringupConfig.cmake
[0.631s] -- Symlinking: /home/nextup/ros2_ws1/install/my_robot_bringup/share/my_robot_bringup/cmake/my_robot_bringupConfig-version.cmake
[0.636s] -- Symlinking: /home/nextup/ros2_ws1/install/my_robot_bringup/share/my_robot_bringup/package.xml
[0.643s] Invoked command in '/home/nextup/ros2_ws1/build/my_robot_bringup' returned '0': CMAKE_PREFIX_PATH=${CMAKE_PREFIX_PATH}:/opt/ros/humble /usr/bin/cmake --install /home/nextup/ros2_ws1/build/my_robot_bringup
