[0.006s] Invoking command in '/home/nextup/ros2_ws1/build/my_robot_bringup': CMAKE_PREFIX_PATH=/home/nextup/ros2_ws1/install/my_robot_description:/home/nextup/ros2_ws1/install/my_robot_bringup:/home/nextup/install/turtlesim_catch_them_all:/opt/ros/humble /usr/bin/cmake /home/nextup/ros2_ws1/src/my_robot_bringup -DAMENT_CMAKE_SYMLINK_INSTALL=1 -DCMAKE_INSTALL_PREFIX=/home/nextup/ros2_ws1/install/my_robot_bringup
[0.016s] -- Found ament_cmake: 1.3.9 (/opt/ros/humble/share/ament_cmake/cmake)
[0.098s] -- Override CMake install command with custom implementation using symlinks instead of copying resources
[0.152s] -- Configuring done
[0.154s] -- Generating done
[0.154s] -- Build files have been written to: /home/nextup/ros2_ws1/build/my_robot_bringup
[0.157s] Invoked command in '/home/nextup/ros2_ws1/build/my_robot_bringup' returned '0': CMAKE_PREFIX_PATH=/home/nextup/ros2_ws1/install/my_robot_description:/home/nextup/ros2_ws1/install/my_robot_bringup:/home/nextup/install/turtlesim_catch_them_all:/opt/ros/humble /usr/bin/cmake /home/nextup/ros2_ws1/src/my_robot_bringup -DAMENT_CMAKE_SYMLINK_INSTALL=1 -DCMAKE_INSTALL_PREFIX=/home/nextup/ros2_ws1/install/my_robot_bringup
[0.158s] Invoking command in '/home/nextup/ros2_ws1/build/my_robot_bringup': CMAKE_PREFIX_PATH=/home/nextup/ros2_ws1/install/my_robot_description:/home/nextup/ros2_ws1/install/my_robot_bringup:/home/nextup/install/turtlesim_catch_them_all:/opt/ros/humble /usr/bin/cmake --build /home/nextup/ros2_ws1/build/my_robot_bringup -- -j16 -l16
[0.184s] Invoked command in '/home/nextup/ros2_ws1/build/my_robot_bringup' returned '0': CMAKE_PREFIX_PATH=/home/nextup/ros2_ws1/install/my_robot_description:/home/nextup/ros2_ws1/install/my_robot_bringup:/home/nextup/install/turtlesim_catch_them_all:/opt/ros/humble /usr/bin/cmake --build /home/nextup/ros2_ws1/build/my_robot_bringup -- -j16 -l16
[0.202s] Invoking command in '/home/nextup/ros2_ws1/build/my_robot_bringup': CMAKE_PREFIX_PATH=/home/nextup/ros2_ws1/install/my_robot_description:/home/nextup/ros2_ws1/install/my_robot_bringup:/home/nextup/install/turtlesim_catch_them_all:/opt/ros/humble /usr/bin/cmake --install /home/nextup/ros2_ws1/build/my_robot_bringup
[0.207s] -- Install configuration: ""
[0.207s] -- Execute custom install script
[0.208s] -- Up-to-date symlink: /home/nextup/ros2_ws1/install/my_robot_bringup/share/my_robot_bringup//launch/my_robot_gazebo.launch.xml
[0.208s] -- Up-to-date symlink: /home/nextup/ros2_ws1/install/my_robot_bringup/share/my_robot_bringup//rviz/urdf_config.rviz
[0.208s] -- Up-to-date symlink: /home/nextup/ros2_ws1/install/my_robot_bringup/share/ament_index/resource_index/package_run_dependencies/my_robot_bringup
[0.209s] -- Up-to-date symlink: /home/nextup/ros2_ws1/install/my_robot_bringup/share/ament_index/resource_index/parent_prefix_path/my_robot_bringup
[0.209s] -- Up-to-date symlink: /home/nextup/ros2_ws1/install/my_robot_bringup/share/my_robot_bringup/environment/ament_prefix_path.sh
[0.209s] -- Up-to-date symlink: /home/nextup/ros2_ws1/install/my_robot_bringup/share/my_robot_bringup/environment/ament_prefix_path.dsv
[0.209s] -- Up-to-date symlink: /home/nextup/ros2_ws1/install/my_robot_bringup/share/my_robot_bringup/environment/path.sh
[0.209s] -- Up-to-date symlink: /home/nextup/ros2_ws1/install/my_robot_bringup/share/my_robot_bringup/environment/path.dsv
[0.209s] -- Up-to-date symlink: /home/nextup/ros2_ws1/install/my_robot_bringup/share/my_robot_bringup/local_setup.bash
[0.209s] -- Up-to-date symlink: /home/nextup/ros2_ws1/install/my_robot_bringup/share/my_robot_bringup/local_setup.sh
[0.210s] -- Up-to-date symlink: /home/nextup/ros2_ws1/install/my_robot_bringup/share/my_robot_bringup/local_setup.zsh
[0.210s] -- Up-to-date symlink: /home/nextup/ros2_ws1/install/my_robot_bringup/share/my_robot_bringup/local_setup.dsv
[0.210s] -- Symlinking: /home/nextup/ros2_ws1/install/my_robot_bringup/share/my_robot_bringup/package.dsv
[0.217s] -- Up-to-date symlink: /home/nextup/ros2_ws1/install/my_robot_bringup/share/ament_index/resource_index/packages/my_robot_bringup
[0.217s] -- Up-to-date symlink: /home/nextup/ros2_ws1/install/my_robot_bringup/share/my_robot_bringup/cmake/my_robot_bringupConfig.cmake
[0.217s] -- Up-to-date symlink: /home/nextup/ros2_ws1/install/my_robot_bringup/share/my_robot_bringup/cmake/my_robot_bringupConfig-version.cmake
[0.218s] -- Up-to-date symlink: /home/nextup/ros2_ws1/install/my_robot_bringup/share/my_robot_bringup/package.xml
[0.219s] Invoked command in '/home/nextup/ros2_ws1/build/my_robot_bringup' returned '0': CMAKE_PREFIX_PATH=/home/nextup/ros2_ws1/install/my_robot_description:/home/nextup/ros2_ws1/install/my_robot_bringup:/home/nextup/install/turtlesim_catch_them_all:/opt/ros/humble /usr/bin/cmake --install /home/nextup/ros2_ws1/build/my_robot_bringup
