[0.013s] Invoking command in '/home/nextup/ros2_ws2/src/build/final_project': CMAKE_PREFIX_PATH=/home/nextup/ros2_ws2/src/install/my_robot_interfaces:/home/nextup/ros2_ws2/install/final_project:/home/nextup/ros2_ws2/install/actions_cpp:/home/nextup/ros2_ws2/install/my_robot_interfaces:/home/nextup/ros2_ws2/install/my_robot_bringup:/home/nextup/ros2_ws2/install/lifecycle_cpp:/home/nextup/ros2_ws2/install/executors_cpp:/home/nextup/ros2_ws2/install/components_cpp:/home/nextup/ros2_ws2/src/install/actions_cpp:/home/nextup/ros2_ws2/src/install/my_robot_bringup:/home/nextup/ros2_ws2/src/install/lifecycle_cpp:/home/nextup/ros2_ws1/install/my_robot_bringup:/home/nextup/ros2_ws1/install/my_robot_description:/home/nextup/ros2_ws2/install/actions_py:/home/nextup/ros2_ws2/install/lifecycle_py:/home/nextup/ros2_ws2/install/executors_py:/home/nextup/ros2_ws2/src/install/actions_py:/home/nextup/ros2_ws2/src/install/lifecycle_py:/opt/ros/humble LD_LIBRARY_PATH=/home/nextup/ros2_ws2/src/install/my_robot_interfaces/lib:/home/nextup/ros2_ws2/install/final_project/lib:/home/nextup/ros2_ws2/install/my_robot_interfaces/lib:/home/nextup/ros2_ws2/install/components_cpp/lib:/usr/lib/x86_64-linux-gnu/gazebo-11/plugins:/opt/ros/humble/opt/rviz_ogre_vendor/lib:/opt/ros/humble/lib/x86_64-linux-gnu:/opt/ros/humble/lib /usr/bin/cmake --build /home/nextup/ros2_ws2/src/build/final_project -- -j16 -l16
[0.051s] [35m[1mConsolidate compiler generated dependencies of target final_project_step3[0m
[0.051s] [35m[1mConsolidate compiler generated dependencies of target turtlebot_control_component[0m
[0.051s] [35m[1mConsolidate compiler generated dependencies of target final_project_component[0m
[0.066s] [100%] Built target turtlebot_control_component
[0.066s] [100%] Built target final_project_step3
[0.066s] [100%] Built target final_project_component
[0.075s] Invoked command in '/home/nextup/ros2_ws2/src/build/final_project' returned '0': CMAKE_PREFIX_PATH=/home/nextup/ros2_ws2/src/install/my_robot_interfaces:/home/nextup/ros2_ws2/install/final_project:/home/nextup/ros2_ws2/install/actions_cpp:/home/nextup/ros2_ws2/install/my_robot_interfaces:/home/nextup/ros2_ws2/install/my_robot_bringup:/home/nextup/ros2_ws2/install/lifecycle_cpp:/home/nextup/ros2_ws2/install/executors_cpp:/home/nextup/ros2_ws2/install/components_cpp:/home/nextup/ros2_ws2/src/install/actions_cpp:/home/nextup/ros2_ws2/src/install/my_robot_bringup:/home/nextup/ros2_ws2/src/install/lifecycle_cpp:/home/nextup/ros2_ws1/install/my_robot_bringup:/home/nextup/ros2_ws1/install/my_robot_description:/home/nextup/ros2_ws2/install/actions_py:/home/nextup/ros2_ws2/install/lifecycle_py:/home/nextup/ros2_ws2/install/executors_py:/home/nextup/ros2_ws2/src/install/actions_py:/home/nextup/ros2_ws2/src/install/lifecycle_py:/opt/ros/humble LD_LIBRARY_PATH=/home/nextup/ros2_ws2/src/install/my_robot_interfaces/lib:/home/nextup/ros2_ws2/install/final_project/lib:/home/nextup/ros2_ws2/install/my_robot_interfaces/lib:/home/nextup/ros2_ws2/install/components_cpp/lib:/usr/lib/x86_64-linux-gnu/gazebo-11/plugins:/opt/ros/humble/opt/rviz_ogre_vendor/lib:/opt/ros/humble/lib/x86_64-linux-gnu:/opt/ros/humble/lib /usr/bin/cmake --build /home/nextup/ros2_ws2/src/build/final_project -- -j16 -l16
[0.102s] Invoking command in '/home/nextup/ros2_ws2/src/build/final_project': CMAKE_PREFIX_PATH=/home/nextup/ros2_ws2/src/install/my_robot_interfaces:/home/nextup/ros2_ws2/install/final_project:/home/nextup/ros2_ws2/install/actions_cpp:/home/nextup/ros2_ws2/install/my_robot_interfaces:/home/nextup/ros2_ws2/install/my_robot_bringup:/home/nextup/ros2_ws2/install/lifecycle_cpp:/home/nextup/ros2_ws2/install/executors_cpp:/home/nextup/ros2_ws2/install/components_cpp:/home/nextup/ros2_ws2/src/install/actions_cpp:/home/nextup/ros2_ws2/src/install/my_robot_bringup:/home/nextup/ros2_ws2/src/install/lifecycle_cpp:/home/nextup/ros2_ws1/install/my_robot_bringup:/home/nextup/ros2_ws1/install/my_robot_description:/home/nextup/ros2_ws2/install/actions_py:/home/nextup/ros2_ws2/install/lifecycle_py:/home/nextup/ros2_ws2/install/executors_py:/home/nextup/ros2_ws2/src/install/actions_py:/home/nextup/ros2_ws2/src/install/lifecycle_py:/opt/ros/humble LD_LIBRARY_PATH=/home/nextup/ros2_ws2/src/install/my_robot_interfaces/lib:/home/nextup/ros2_ws2/install/final_project/lib:/home/nextup/ros2_ws2/install/my_robot_interfaces/lib:/home/nextup/ros2_ws2/install/components_cpp/lib:/usr/lib/x86_64-linux-gnu/gazebo-11/plugins:/opt/ros/humble/opt/rviz_ogre_vendor/lib:/opt/ros/humble/lib/x86_64-linux-gnu:/opt/ros/humble/lib /usr/bin/cmake --install /home/nextup/ros2_ws2/src/build/final_project
[0.107s] -- Install configuration: ""
[0.107s] -- Up-to-date: /home/nextup/ros2_ws2/src/install/final_project/lib/libfinal_project_component.so
[0.108s] -- Up-to-date: /home/nextup/ros2_ws2/src/install/final_project/lib/libturtlebot_control_component.so
[0.108s] -- Up-to-date: /home/nextup/ros2_ws2/src/install/final_project/lib/final_project/final_project_step3
[0.108s] -- Up-to-date: /home/nextup/ros2_ws2/src/install/final_project/share/ament_index/resource_index/package_run_dependencies/final_project
[0.108s] -- Up-to-date: /home/nextup/ros2_ws2/src/install/final_project/share/ament_index/resource_index/parent_prefix_path/final_project
[0.108s] -- Up-to-date: /home/nextup/ros2_ws2/src/install/final_project/share/final_project/environment/ament_prefix_path.sh
[0.108s] -- Up-to-date: /home/nextup/ros2_ws2/src/install/final_project/share/final_project/environment/ament_prefix_path.dsv
[0.108s] -- Up-to-date: /home/nextup/ros2_ws2/src/install/final_project/share/final_project/environment/path.sh
[0.108s] -- Up-to-date: /home/nextup/ros2_ws2/src/install/final_project/share/final_project/environment/path.dsv
[0.108s] -- Up-to-date: /home/nextup/ros2_ws2/src/install/final_project/share/final_project/local_setup.bash
[0.108s] -- Up-to-date: /home/nextup/ros2_ws2/src/install/final_project/share/final_project/local_setup.sh
[0.108s] -- Up-to-date: /home/nextup/ros2_ws2/src/install/final_project/share/final_project/local_setup.zsh
[0.108s] -- Up-to-date: /home/nextup/ros2_ws2/src/install/final_project/share/final_project/local_setup.dsv
[0.109s] -- Installing: /home/nextup/ros2_ws2/src/install/final_project/share/final_project/package.dsv
[0.109s] -- Up-to-date: /home/nextup/ros2_ws2/src/install/final_project/share/ament_index/resource_index/packages/final_project
[0.109s] -- Up-to-date: /home/nextup/ros2_ws2/src/install/final_project/share/ament_index/resource_index/rclcpp_components/final_project
[0.109s] -- Up-to-date: /home/nextup/ros2_ws2/src/install/final_project/share/final_project/cmake/final_projectConfig.cmake
[0.109s] -- Up-to-date: /home/nextup/ros2_ws2/src/install/final_project/share/final_project/cmake/final_projectConfig-version.cmake
[0.109s] -- Up-to-date: /home/nextup/ros2_ws2/src/install/final_project/share/final_project/package.xml
[0.110s] Invoked command in '/home/nextup/ros2_ws2/src/build/final_project' returned '0': CMAKE_PREFIX_PATH=/home/nextup/ros2_ws2/src/install/my_robot_interfaces:/home/nextup/ros2_ws2/install/final_project:/home/nextup/ros2_ws2/install/actions_cpp:/home/nextup/ros2_ws2/install/my_robot_interfaces:/home/nextup/ros2_ws2/install/my_robot_bringup:/home/nextup/ros2_ws2/install/lifecycle_cpp:/home/nextup/ros2_ws2/install/executors_cpp:/home/nextup/ros2_ws2/install/components_cpp:/home/nextup/ros2_ws2/src/install/actions_cpp:/home/nextup/ros2_ws2/src/install/my_robot_bringup:/home/nextup/ros2_ws2/src/install/lifecycle_cpp:/home/nextup/ros2_ws1/install/my_robot_bringup:/home/nextup/ros2_ws1/install/my_robot_description:/home/nextup/ros2_ws2/install/actions_py:/home/nextup/ros2_ws2/install/lifecycle_py:/home/nextup/ros2_ws2/install/executors_py:/home/nextup/ros2_ws2/src/install/actions_py:/home/nextup/ros2_ws2/src/install/lifecycle_py:/opt/ros/humble LD_LIBRARY_PATH=/home/nextup/ros2_ws2/src/install/my_robot_interfaces/lib:/home/nextup/ros2_ws2/install/final_project/lib:/home/nextup/ros2_ws2/install/my_robot_interfaces/lib:/home/nextup/ros2_ws2/install/components_cpp/lib:/usr/lib/x86_64-linux-gnu/gazebo-11/plugins:/opt/ros/humble/opt/rviz_ogre_vendor/lib:/opt/ros/humble/lib/x86_64-linux-gnu:/opt/ros/humble/lib /usr/bin/cmake --install /home/nextup/ros2_ws2/src/build/final_project
