[0.012s] Invoking command in '/home/nextup/ros2_ws2/src/build/actions_cpp': CMAKE_PREFIX_PATH=/home/nextup/ros2_ws2/src/install/my_robot_interfaces:/home/nextup/ros2_ws2/install/actions_cpp:/home/nextup/ros2_ws2/install/my_robot_interfaces:/home/nextup/ros2_ws1/install/my_robot_bringup:/home/nextup/ros2_ws1/install/my_robot_description:/home/nextup/ros2_ws2/install/actions_py:/home/nextup/ros2_ws2/src/install/actions_py:/opt/ros/humble LD_LIBRARY_PATH=/home/nextup/ros2_ws2/src/install/my_robot_interfaces/lib:/home/nextup/ros2_ws2/install/my_robot_interfaces/lib:/usr/lib/x86_64-linux-gnu/gazebo-11/plugins:/opt/ros/humble/opt/rviz_ogre_vendor/lib:/opt/ros/humble/lib/x86_64-linux-gnu:/opt/ros/humble/lib /usr/bin/cmake /home/nextup/ros2_ws2/src/actions_cpp -DCMAKE_INSTALL_PREFIX=/home/nextup/ros2_ws2/src/install/actions_cpp
[0.075s] -- The C compiler identification is GNU 11.4.0
[0.151s] -- The CXX compiler identification is GNU 11.4.0
[0.158s] -- Detecting C compiler ABI info
[0.232s] -- Detecting C compiler ABI info - done
[0.238s] -- Check for working C compiler: /usr/bin/cc - skipped
[0.238s] -- Detecting C compile features
[0.238s] -- Detecting C compile features - done
[0.240s] -- Detecting CXX compiler ABI info
[0.305s] -- Detecting CXX compiler ABI info - done
[0.312s] -- Check for working CXX compiler: /usr/bin/c++ - skipped
[0.313s] -- Detecting CXX compile features
[0.313s] -- Detecting CXX compile features - done
[0.315s] -- Found ament_cmake: 1.3.9 (/opt/ros/humble/share/ament_cmake/cmake)
[0.704s] -- Found Python3: /usr/bin/python3 (found version "3.10.12") found components: Interpreter 
[0.808s] -- Found rclcpp: 16.0.9 (/opt/ros/humble/share/rclcpp/cmake)
[0.852s] -- Found rosidl_generator_c: 3.1.5 (/opt/ros/humble/share/rosidl_generator_c/cmake)
[0.856s] -- Found rosidl_adapter: 3.1.5 (/opt/ros/humble/share/rosidl_adapter/cmake)
[0.862s] -- Found rosidl_generator_cpp: 3.1.5 (/opt/ros/humble/share/rosidl_generator_cpp/cmake)
[0.872s] -- Using all available rosidl_typesupport_c: rosidl_typesupport_fastrtps_c;rosidl_typesupport_introspection_c
[0.887s] -- Using all available rosidl_typesupport_cpp: rosidl_typesupport_fastrtps_cpp;rosidl_typesupport_introspection_cpp
[0.941s] -- Found rmw_implementation_cmake: 6.1.2 (/opt/ros/humble/share/rmw_implementation_cmake/cmake)
[0.943s] -- Found rmw_fastrtps_cpp: 6.2.6 (/opt/ros/humble/share/rmw_fastrtps_cpp/cmake)
[1.023s] -- Found OpenSSL: /usr/lib/x86_64-linux-gnu/libcrypto.so (found version "3.0.2")  
[1.044s] -- Found FastRTPS: /opt/ros/humble/include  
[1.081s] -- Using RMW implementation 'rmw_fastrtps_cpp' as default
[1.088s] -- Looking for pthread.h
[1.157s] -- Looking for pthread.h - found
[1.157s] -- Performing Test CMAKE_HAVE_LIBC_PTHREAD
[1.224s] -- Performing Test CMAKE_HAVE_LIBC_PTHREAD - Success
[1.225s] -- Found Threads: TRUE  
[1.362s] -- Found rclcpp_action: 16.0.9 (/opt/ros/humble/share/rclcpp_action/cmake)
[1.447s] -- Found my_robot_interfaces: 0.0.0 (/home/nextup/ros2_ws2/src/install/my_robot_interfaces/share/my_robot_interfaces/cmake)
[1.493s] -- Found example_interfaces: 0.9.3 (/opt/ros/humble/share/example_interfaces/cmake)
[1.594s] -- Configuring done
[1.610s] -- Generating done
[1.611s] -- Build files have been written to: /home/nextup/ros2_ws2/src/build/actions_cpp
[1.619s] Invoked command in '/home/nextup/ros2_ws2/src/build/actions_cpp' returned '0': CMAKE_PREFIX_PATH=/home/nextup/ros2_ws2/src/install/my_robot_interfaces:/home/nextup/ros2_ws2/install/actions_cpp:/home/nextup/ros2_ws2/install/my_robot_interfaces:/home/nextup/ros2_ws1/install/my_robot_bringup:/home/nextup/ros2_ws1/install/my_robot_description:/home/nextup/ros2_ws2/install/actions_py:/home/nextup/ros2_ws2/src/install/actions_py:/opt/ros/humble LD_LIBRARY_PATH=/home/nextup/ros2_ws2/src/install/my_robot_interfaces/lib:/home/nextup/ros2_ws2/install/my_robot_interfaces/lib:/usr/lib/x86_64-linux-gnu/gazebo-11/plugins:/opt/ros/humble/opt/rviz_ogre_vendor/lib:/opt/ros/humble/lib/x86_64-linux-gnu:/opt/ros/humble/lib /usr/bin/cmake /home/nextup/ros2_ws2/src/actions_cpp -DCMAKE_INSTALL_PREFIX=/home/nextup/ros2_ws2/src/install/actions_cpp
[1.620s] Invoking command in '/home/nextup/ros2_ws2/src/build/actions_cpp': CMAKE_PREFIX_PATH=/home/nextup/ros2_ws2/src/install/my_robot_interfaces:/home/nextup/ros2_ws2/install/actions_cpp:/home/nextup/ros2_ws2/install/my_robot_interfaces:/home/nextup/ros2_ws1/install/my_robot_bringup:/home/nextup/ros2_ws1/install/my_robot_description:/home/nextup/ros2_ws2/install/actions_py:/home/nextup/ros2_ws2/src/install/actions_py:/opt/ros/humble LD_LIBRARY_PATH=/home/nextup/ros2_ws2/src/install/my_robot_interfaces/lib:/home/nextup/ros2_ws2/install/my_robot_interfaces/lib:/usr/lib/x86_64-linux-gnu/gazebo-11/plugins:/opt/ros/humble/opt/rviz_ogre_vendor/lib:/opt/ros/humble/lib/x86_64-linux-gnu:/opt/ros/humble/lib /usr/bin/cmake --build /home/nextup/ros2_ws2/src/build/actions_cpp -- -j16 -l16
[1.668s] [ 10%] [32mBuilding CXX object CMakeFiles/count_until_server.dir/src/count_until_server.cpp.o[0m
[1.675s] [ 50%] [32mBuilding CXX object CMakeFiles/count_until_client.dir/src/count_until_client.cpp.o[0m
[1.675s] [ 50%] [32mBuilding CXX object CMakeFiles/count_until_server_queue_goals.dir/src/count_until_server_queue_goals.cpp.o[0m
[1.675s] [ 50%] [32mBuilding CXX object CMakeFiles/move_robot_client.dir/src/move_robot_client.cpp.o[0m
[1.675s] [ 50%] [32mBuilding CXX object CMakeFiles/move_robot_server.dir/src/move_robot_server.cpp.o[0m
[5.580s] [ 60%] [32m[1mLinking CXX executable count_until_server[0m
[5.601s] [ 70%] [32m[1mLinking CXX executable move_robot_server[0m
[5.785s] [ 80%] [32m[1mLinking CXX executable count_until_server_queue_goals[0m
[5.802s] [ 80%] Built target move_robot_server
[5.819s] [ 80%] Built target count_until_server
[5.950s] [ 80%] Built target count_until_server_queue_goals
[6.217s] [ 90%] [32m[1mLinking CXX executable count_until_client[0m
[6.348s] [ 90%] Built target count_until_client
[9.600s] [100%] [32m[1mLinking CXX executable move_robot_client[0m
[9.893s] [100%] Built target move_robot_client
[9.902s] Invoked command in '/home/nextup/ros2_ws2/src/build/actions_cpp' returned '0': CMAKE_PREFIX_PATH=/home/nextup/ros2_ws2/src/install/my_robot_interfaces:/home/nextup/ros2_ws2/install/actions_cpp:/home/nextup/ros2_ws2/install/my_robot_interfaces:/home/nextup/ros2_ws1/install/my_robot_bringup:/home/nextup/ros2_ws1/install/my_robot_description:/home/nextup/ros2_ws2/install/actions_py:/home/nextup/ros2_ws2/src/install/actions_py:/opt/ros/humble LD_LIBRARY_PATH=/home/nextup/ros2_ws2/src/install/my_robot_interfaces/lib:/home/nextup/ros2_ws2/install/my_robot_interfaces/lib:/usr/lib/x86_64-linux-gnu/gazebo-11/plugins:/opt/ros/humble/opt/rviz_ogre_vendor/lib:/opt/ros/humble/lib/x86_64-linux-gnu:/opt/ros/humble/lib /usr/bin/cmake --build /home/nextup/ros2_ws2/src/build/actions_cpp -- -j16 -l16
[9.926s] Invoking command in '/home/nextup/ros2_ws2/src/build/actions_cpp': CMAKE_PREFIX_PATH=/home/nextup/ros2_ws2/src/install/my_robot_interfaces:/home/nextup/ros2_ws2/install/actions_cpp:/home/nextup/ros2_ws2/install/my_robot_interfaces:/home/nextup/ros2_ws1/install/my_robot_bringup:/home/nextup/ros2_ws1/install/my_robot_description:/home/nextup/ros2_ws2/install/actions_py:/home/nextup/ros2_ws2/src/install/actions_py:/opt/ros/humble LD_LIBRARY_PATH=/home/nextup/ros2_ws2/src/install/my_robot_interfaces/lib:/home/nextup/ros2_ws2/install/my_robot_interfaces/lib:/usr/lib/x86_64-linux-gnu/gazebo-11/plugins:/opt/ros/humble/opt/rviz_ogre_vendor/lib:/opt/ros/humble/lib/x86_64-linux-gnu:/opt/ros/humble/lib /usr/bin/cmake --install /home/nextup/ros2_ws2/src/build/actions_cpp
[9.930s] -- Install configuration: ""
[9.930s] -- Installing: /home/nextup/ros2_ws2/src/install/actions_cpp/lib/actions_cpp/count_until_server
[9.931s] -- Set runtime path of "/home/nextup/ros2_ws2/src/install/actions_cpp/lib/actions_cpp/count_until_server" to ""
[9.931s] -- Installing: /home/nextup/ros2_ws2/src/install/actions_cpp/lib/actions_cpp/count_until_server_queue_goals
[9.932s] -- Set runtime path of "/home/nextup/ros2_ws2/src/install/actions_cpp/lib/actions_cpp/count_until_server_queue_goals" to ""
[9.932s] -- Installing: /home/nextup/ros2_ws2/src/install/actions_cpp/lib/actions_cpp/count_until_client
[9.932s] -- Set runtime path of "/home/nextup/ros2_ws2/src/install/actions_cpp/lib/actions_cpp/count_until_client" to ""
[9.932s] -- Installing: /home/nextup/ros2_ws2/src/install/actions_cpp/lib/actions_cpp/move_robot_server
[9.933s] -- Set runtime path of "/home/nextup/ros2_ws2/src/install/actions_cpp/lib/actions_cpp/move_robot_server" to ""
[9.933s] -- Installing: /home/nextup/ros2_ws2/src/install/actions_cpp/lib/actions_cpp/move_robot_client
[9.936s] -- Set runtime path of "/home/nextup/ros2_ws2/src/install/actions_cpp/lib/actions_cpp/move_robot_client" to ""
[9.936s] -- Installing: /home/nextup/ros2_ws2/src/install/actions_cpp/share/ament_index/resource_index/package_run_dependencies/actions_cpp
[9.936s] -- Installing: /home/nextup/ros2_ws2/src/install/actions_cpp/share/ament_index/resource_index/parent_prefix_path/actions_cpp
[9.936s] -- Installing: /home/nextup/ros2_ws2/src/install/actions_cpp/share/actions_cpp/environment/ament_prefix_path.sh
[9.936s] -- Installing: /home/nextup/ros2_ws2/src/install/actions_cpp/share/actions_cpp/environment/ament_prefix_path.dsv
[9.936s] -- Installing: /home/nextup/ros2_ws2/src/install/actions_cpp/share/actions_cpp/environment/path.sh
[9.936s] -- Installing: /home/nextup/ros2_ws2/src/install/actions_cpp/share/actions_cpp/environment/path.dsv
[9.936s] -- Installing: /home/nextup/ros2_ws2/src/install/actions_cpp/share/actions_cpp/local_setup.bash
[9.936s] -- Installing: /home/nextup/ros2_ws2/src/install/actions_cpp/share/actions_cpp/local_setup.sh
[9.936s] -- Installing: /home/nextup/ros2_ws2/src/install/actions_cpp/share/actions_cpp/local_setup.zsh
[9.937s] -- Installing: /home/nextup/ros2_ws2/src/install/actions_cpp/share/actions_cpp/local_setup.dsv
[9.937s] -- Installing: /home/nextup/ros2_ws2/src/install/actions_cpp/share/actions_cpp/package.dsv
[9.937s] -- Installing: /home/nextup/ros2_ws2/src/install/actions_cpp/share/ament_index/resource_index/packages/actions_cpp
[9.937s] -- Installing: /home/nextup/ros2_ws2/src/install/actions_cpp/share/actions_cpp/cmake/actions_cppConfig.cmake
[9.937s] -- Installing: /home/nextup/ros2_ws2/src/install/actions_cpp/share/actions_cpp/cmake/actions_cppConfig-version.cmake
[9.937s] -- Installing: /home/nextup/ros2_ws2/src/install/actions_cpp/share/actions_cpp/package.xml
[9.938s] Invoked command in '/home/nextup/ros2_ws2/src/build/actions_cpp' returned '0': CMAKE_PREFIX_PATH=/home/nextup/ros2_ws2/src/install/my_robot_interfaces:/home/nextup/ros2_ws2/install/actions_cpp:/home/nextup/ros2_ws2/install/my_robot_interfaces:/home/nextup/ros2_ws1/install/my_robot_bringup:/home/nextup/ros2_ws1/install/my_robot_description:/home/nextup/ros2_ws2/install/actions_py:/home/nextup/ros2_ws2/src/install/actions_py:/opt/ros/humble LD_LIBRARY_PATH=/home/nextup/ros2_ws2/src/install/my_robot_interfaces/lib:/home/nextup/ros2_ws2/install/my_robot_interfaces/lib:/usr/lib/x86_64-linux-gnu/gazebo-11/plugins:/opt/ros/humble/opt/rviz_ogre_vendor/lib:/opt/ros/humble/lib/x86_64-linux-gnu:/opt/ros/humble/lib /usr/bin/cmake --install /home/nextup/ros2_ws2/src/build/actions_cpp
