[0.190s] Invoking command in '/home/nextup/ros2_ws2/src/build/components_cpp': CMAKE_PREFIX_PATH=${CMAKE_PREFIX_PATH}:/home/nextup/ros2_ws2/install/actions_py:/home/nextup/ros2_ws2/install/lifecycle_py:/home/nextup/ros2_ws2/install/executors_py:/home/nextup/ros2_ws2/src/install/actions_py:/home/nextup/ros2_ws2/src/install/lifecycle_py:/opt/ros/humble /usr/bin/cmake /home/nextup/ros2_ws2/src/components_cpp -DCMAKE_INSTALL_PREFIX=/home/nextup/ros2_ws2/src/install/components_cpp
[0.233s] -- The C compiler identification is GNU 11.4.0
[0.276s] -- The CXX compiler identification is GNU 11.4.0
[0.283s] -- Detecting C compiler ABI info
[0.336s] -- Detecting C compiler ABI info - done
[0.342s] -- Check for working C compiler: /usr/bin/cc - skipped
[0.342s] -- Detecting C compile features
[0.342s] -- Detecting C compile features - done
[0.345s] -- Detecting CXX compiler ABI info
[0.410s] -- Detecting CXX compiler ABI info - done
[0.420s] -- Check for working CXX compiler: /usr/bin/c++ - skipped
[0.420s] -- Detecting CXX compile features
[0.420s] -- Detecting CXX compile features - done
[0.424s] -- Found ament_cmake: 1.3.9 (/opt/ros/humble/share/ament_cmake/cmake)
[0.803s] -- Found Python3: /usr/bin/python3 (found version "3.10.12") found components: Interpreter 
[0.932s] -- Found rclcpp: 16.0.9 (/opt/ros/humble/share/rclcpp/cmake)
[0.976s] -- Found rosidl_generator_c: 3.1.5 (/opt/ros/humble/share/rosidl_generator_c/cmake)
[0.982s] -- Found rosidl_adapter: 3.1.5 (/opt/ros/humble/share/rosidl_adapter/cmake)
[0.990s] -- Found rosidl_generator_cpp: 3.1.5 (/opt/ros/humble/share/rosidl_generator_cpp/cmake)
[1.002s] -- Using all available rosidl_typesupport_c: rosidl_typesupport_fastrtps_c;rosidl_typesupport_introspection_c
[1.020s] -- Using all available rosidl_typesupport_cpp: rosidl_typesupport_fastrtps_cpp;rosidl_typesupport_introspection_cpp
[1.083s] -- Found rmw_implementation_cmake: 6.1.2 (/opt/ros/humble/share/rmw_implementation_cmake/cmake)
[1.087s] -- Found rmw_fastrtps_cpp: 6.2.6 (/opt/ros/humble/share/rmw_fastrtps_cpp/cmake)
[1.184s] -- Found OpenSSL: /usr/lib/x86_64-linux-gnu/libcrypto.so (found version "3.0.2")  
[1.211s] -- Found FastRTPS: /opt/ros/humble/include  
[1.257s] -- Using RMW implementation 'rmw_fastrtps_cpp' as default
[1.269s] -- Looking for pthread.h
[1.366s] -- Looking for pthread.h - found
[1.367s] -- Performing Test CMAKE_HAVE_LIBC_PTHREAD
[1.452s] -- Performing Test CMAKE_HAVE_LIBC_PTHREAD - Success
[1.453s] -- Found Threads: TRUE  
[1.707s] -- Found rclcpp_components: 16.0.9 (/opt/ros/humble/share/rclcpp_components/cmake)
[1.811s] -- Found example_interfaces: 0.9.3 (/opt/ros/humble/share/example_interfaces/cmake)
[2.190s] -- Configuring done
[2.211s] -- Generating done
[2.214s] -- Build files have been written to: /home/nextup/ros2_ws2/src/build/components_cpp
[2.241s] Invoked command in '/home/nextup/ros2_ws2/src/build/components_cpp' returned '0': CMAKE_PREFIX_PATH=${CMAKE_PREFIX_PATH}:/home/nextup/ros2_ws2/install/actions_py:/home/nextup/ros2_ws2/install/lifecycle_py:/home/nextup/ros2_ws2/install/executors_py:/home/nextup/ros2_ws2/src/install/actions_py:/home/nextup/ros2_ws2/src/install/lifecycle_py:/opt/ros/humble /usr/bin/cmake /home/nextup/ros2_ws2/src/components_cpp -DCMAKE_INSTALL_PREFIX=/home/nextup/ros2_ws2/src/install/components_cpp
[2.243s] Invoking command in '/home/nextup/ros2_ws2/src/build/components_cpp': CMAKE_PREFIX_PATH=${CMAKE_PREFIX_PATH}:/home/nextup/ros2_ws2/install/actions_py:/home/nextup/ros2_ws2/install/lifecycle_py:/home/nextup/ros2_ws2/install/executors_py:/home/nextup/ros2_ws2/src/install/actions_py:/home/nextup/ros2_ws2/src/install/lifecycle_py:/opt/ros/humble /usr/bin/cmake --build /home/nextup/ros2_ws2/src/build/components_cpp -- -j16 -l16
[2.337s] [ 66%] [32mBuilding CXX object CMakeFiles/manual_composition.dir/src/node1.cpp.o[0m
[2.337s] [ 66%] [32mBuilding CXX object CMakeFiles/number_pub_component.dir/src/number_publisher.cpp.o[0m
[2.337s] [ 66%] [32mBuilding CXX object CMakeFiles/manual_composition.dir/src/manual_composition.cpp.o[0m
[2.337s] [ 66%] [32mBuilding CXX object CMakeFiles/manual_composition.dir/src/node2.cpp.o[0m
[9.450s] [ 83%] [32m[1mLinking CXX executable manual_composition[0m
[9.573s] [ 83%] Built target manual_composition
[10.759s] [100%] [32m[1mLinking CXX shared library libnumber_pub_component.so[0m
[11.206s] [100%] Built target number_pub_component
[11.242s] Invoked command in '/home/nextup/ros2_ws2/src/build/components_cpp' returned '0': CMAKE_PREFIX_PATH=${CMAKE_PREFIX_PATH}:/home/nextup/ros2_ws2/install/actions_py:/home/nextup/ros2_ws2/install/lifecycle_py:/home/nextup/ros2_ws2/install/executors_py:/home/nextup/ros2_ws2/src/install/actions_py:/home/nextup/ros2_ws2/src/install/lifecycle_py:/opt/ros/humble /usr/bin/cmake --build /home/nextup/ros2_ws2/src/build/components_cpp -- -j16 -l16
[11.344s] Invoking command in '/home/nextup/ros2_ws2/src/build/components_cpp': CMAKE_PREFIX_PATH=${CMAKE_PREFIX_PATH}:/home/nextup/ros2_ws2/install/actions_py:/home/nextup/ros2_ws2/install/lifecycle_py:/home/nextup/ros2_ws2/install/executors_py:/home/nextup/ros2_ws2/src/install/actions_py:/home/nextup/ros2_ws2/src/install/lifecycle_py:/opt/ros/humble /usr/bin/cmake --install /home/nextup/ros2_ws2/src/build/components_cpp
[11.360s] -- Install configuration: ""
[11.360s] -- Installing: /home/nextup/ros2_ws2/src/install/components_cpp/lib/libnumber_pub_component.so
[11.363s] -- Set runtime path of "/home/nextup/ros2_ws2/src/install/components_cpp/lib/libnumber_pub_component.so" to ""
[11.363s] -- Installing: /home/nextup/ros2_ws2/src/install/components_cpp/lib/components_cpp/manual_composition
[11.363s] -- Set runtime path of "/home/nextup/ros2_ws2/src/install/components_cpp/lib/components_cpp/manual_composition" to ""
[11.364s] -- Installing: /home/nextup/ros2_ws2/src/install/components_cpp/share/ament_index/resource_index/package_run_dependencies/components_cpp
[11.364s] -- Installing: /home/nextup/ros2_ws2/src/install/components_cpp/share/ament_index/resource_index/parent_prefix_path/components_cpp
[11.364s] -- Installing: /home/nextup/ros2_ws2/src/install/components_cpp/share/components_cpp/environment/ament_prefix_path.sh
[11.364s] -- Installing: /home/nextup/ros2_ws2/src/install/components_cpp/share/components_cpp/environment/ament_prefix_path.dsv
[11.364s] -- Installing: /home/nextup/ros2_ws2/src/install/components_cpp/share/components_cpp/environment/path.sh
[11.365s] -- Installing: /home/nextup/ros2_ws2/src/install/components_cpp/share/components_cpp/environment/path.dsv
[11.365s] -- Installing: /home/nextup/ros2_ws2/src/install/components_cpp/share/components_cpp/local_setup.bash
[11.365s] -- Installing: /home/nextup/ros2_ws2/src/install/components_cpp/share/components_cpp/local_setup.sh
[11.365s] -- Installing: /home/nextup/ros2_ws2/src/install/components_cpp/share/components_cpp/local_setup.zsh
[11.365s] -- Installing: /home/nextup/ros2_ws2/src/install/components_cpp/share/components_cpp/local_setup.dsv
[11.365s] -- Installing: /home/nextup/ros2_ws2/src/install/components_cpp/share/components_cpp/package.dsv
[11.366s] -- Installing: /home/nextup/ros2_ws2/src/install/components_cpp/share/ament_index/resource_index/packages/components_cpp
[11.366s] -- Installing: /home/nextup/ros2_ws2/src/install/components_cpp/share/ament_index/resource_index/rclcpp_components/components_cpp
[11.366s] -- Installing: /home/nextup/ros2_ws2/src/install/components_cpp/share/components_cpp/cmake/components_cppConfig.cmake
[11.366s] -- Installing: /home/nextup/ros2_ws2/src/install/components_cpp/share/components_cpp/cmake/components_cppConfig-version.cmake
[11.366s] -- Installing: /home/nextup/ros2_ws2/src/install/components_cpp/share/components_cpp/package.xml
[11.372s] Invoked command in '/home/nextup/ros2_ws2/src/build/components_cpp' returned '0': CMAKE_PREFIX_PATH=${CMAKE_PREFIX_PATH}:/home/nextup/ros2_ws2/install/actions_py:/home/nextup/ros2_ws2/install/lifecycle_py:/home/nextup/ros2_ws2/install/executors_py:/home/nextup/ros2_ws2/src/install/actions_py:/home/nextup/ros2_ws2/src/install/lifecycle_py:/opt/ros/humble /usr/bin/cmake --install /home/nextup/ros2_ws2/src/build/components_cpp
