[0.928s] Invoking command in '/home/nextup/ros2_ws/build/my_robot_bringup': /usr/bin/cmake /home/nextup/ros2_ws/src/my_robot_bringup -DCMAKE_INSTALL_PREFIX=/home/nextup/ros2_ws/install/my_robot_bringup
[0.986s] -- Found ament_cmake: 1.3.9 (/opt/ros/humble/share/ament_cmake/cmake)
[1.477s] Error parsing '/home/nextup/ros2_ws/src/my_robot_bringup/package.xml':
[1.590s] Traceback (most recent call last):
[1.590s]   File "/opt/ros/humble/share/ament_cmake_core/cmake/core/package_xml_2_cmake.py", line 150, in <module>
[1.590s]     main()
[1.590s]   File "/opt/ros/humble/share/ament_cmake_core/cmake/core/package_xml_2_cmake.py", line 53, in main
[1.590s]     raise e
[1.590s]   File "/opt/ros/humble/share/ament_cmake_core/cmake/core/package_xml_2_cmake.py", line 49, in main
[1.591s]     package = parse_package_string(
[1.591s]   File "/usr/lib/python3/dist-packages/catkin_pkg/package.py", line 786, in parse_package_string
[1.591s]     raise InvalidPackage('Error(s):%s' % (''.join(['\n- %s' % e for e in errors])), filename)
[1.591s] catkin_pkg.package.InvalidPackage: Error(s) in package '/home/nextup/ros2_ws/src/my_robot_bringup/package.xml':
[1.592s] Error(s):
[1.592s] - The generic dependency on 'rclpy' is redundant with: exec_depend
[1.592s] - The generic dependency on 'turtlesim' is redundant with: exec_depend
[1.592s] - The generic dependency on 'geometry_msgs' is redundant with: exec_depend
[1.636s] [31mCMake Error at /opt/ros/humble/share/ament_cmake_core/cmake/core/ament_package_xml.cmake:95 (message):
[1.636s]   execute_process(/usr/bin/python3
[1.636s]   /opt/ros/humble/share/ament_cmake_core/cmake/core/package_xml_2_cmake.py
[1.636s]   /home/nextup/ros2_ws/src/my_robot_bringup/package.xml
[1.636s]   /home/nextup/ros2_ws/build/my_robot_bringup/ament_cmake_core/package.cmake)
[1.636s]   returned error code 1
[1.636s] Call Stack (most recent call first):
[1.636s]   /opt/ros/humble/share/ament_cmake_core/cmake/core/ament_package_xml.cmake:49 (_ament_package_xml)
[1.637s]   /opt/ros/humble/share/ament_cmake_core/cmake/core/ament_package.cmake:63 (ament_package_xml)
[1.637s]   CMakeLists.txt:16 (ament_package)
[1.637s] 
[1.638s] [0m
[1.638s] -- Configuring incomplete, errors occurred!
[1.639s] See also "/home/nextup/ros2_ws/build/my_robot_bringup/CMakeFiles/CMakeOutput.log".
[1.648s] Invoked command in '/home/nextup/ros2_ws/build/my_robot_bringup' returned '1': /usr/bin/cmake /home/nextup/ros2_ws/src/my_robot_bringup -DCMAKE_INSTALL_PREFIX=/home/nextup/ros2_ws/install/my_robot_bringup
