[0.011s] Invoking command in '/home/nextup/ros2_ws1/build/my_robot_description': CMAKE_PREFIX_PATH=${CMAKE_PREFIX_PATH}:/home/nextup/install/turtlesim_catch_them_all:/opt/ros/humble /usr/bin/cmake --build /home/nextup/ros2_ws1/build/my_robot_description -- -j16 -l16
[0.056s] Invoked command in '/home/nextup/ros2_ws1/build/my_robot_description' returned '0': CMAKE_PREFIX_PATH=${CMAKE_PREFIX_PATH}:/home/nextup/install/turtlesim_catch_them_all:/opt/ros/humble /usr/bin/cmake --build /home/nextup/ros2_ws1/build/my_robot_description -- -j16 -l16
[0.092s] Invoking command in '/home/nextup/ros2_ws1/build/my_robot_description': CMAKE_PREFIX_PATH=${CMAKE_PREFIX_PATH}:/home/nextup/install/turtlesim_catch_them_all:/opt/ros/humble /usr/bin/cmake --install /home/nextup/ros2_ws1/build/my_robot_description
[0.100s] -- Install configuration: ""
[0.101s] -- Execute custom install script
[0.101s] -- Up-to-date symlink: /home/nextup/ros2_ws1/install/my_robot_description/share/my_robot_description//urdf/common_properties.xacro
[0.101s] -- Up-to-date symlink: /home/nextup/ros2_ws1/install/my_robot_description/share/my_robot_description//urdf/mobile_base.xacro
[0.102s] -- Up-to-date symlink: /home/nextup/ros2_ws1/install/my_robot_description/share/my_robot_description//urdf/mobile_base_gazebo.xacro
[0.102s] -- Up-to-date symlink: /home/nextup/ros2_ws1/install/my_robot_description/share/my_robot_description//urdf/my_robot.urdf.xacro
[0.102s] -- Up-to-date symlink: /home/nextup/ros2_ws1/install/my_robot_description/share/my_robot_description//launch/display.launch.py
[0.102s] -- Up-to-date symlink: /home/nextup/ros2_ws1/install/my_robot_description/share/my_robot_description//launch/display.launch.xml
[0.102s] -- Up-to-date symlink: /home/nextup/ros2_ws1/install/my_robot_description/share/my_robot_description//rviz/urdf_config.rviz
[0.102s] -- Up-to-date symlink: /home/nextup/ros2_ws1/install/my_robot_description/share/ament_index/resource_index/package_run_dependencies/my_robot_description
[0.102s] -- Up-to-date symlink: /home/nextup/ros2_ws1/install/my_robot_description/share/ament_index/resource_index/parent_prefix_path/my_robot_description
[0.103s] -- Up-to-date symlink: /home/nextup/ros2_ws1/install/my_robot_description/share/my_robot_description/environment/ament_prefix_path.sh
[0.103s] -- Up-to-date symlink: /home/nextup/ros2_ws1/install/my_robot_description/share/my_robot_description/environment/ament_prefix_path.dsv
[0.103s] -- Up-to-date symlink: /home/nextup/ros2_ws1/install/my_robot_description/share/my_robot_description/environment/path.sh
[0.103s] -- Up-to-date symlink: /home/nextup/ros2_ws1/install/my_robot_description/share/my_robot_description/environment/path.dsv
[0.103s] -- Up-to-date symlink: /home/nextup/ros2_ws1/install/my_robot_description/share/my_robot_description/local_setup.bash
[0.103s] -- Up-to-date symlink: /home/nextup/ros2_ws1/install/my_robot_description/share/my_robot_description/local_setup.sh
[0.103s] -- Up-to-date symlink: /home/nextup/ros2_ws1/install/my_robot_description/share/my_robot_description/local_setup.zsh
[0.103s] -- Up-to-date symlink: /home/nextup/ros2_ws1/install/my_robot_description/share/my_robot_description/local_setup.dsv
[0.104s] -- Symlinking: /home/nextup/ros2_ws1/install/my_robot_description/share/my_robot_description/package.dsv
[0.114s] -- Up-to-date symlink: /home/nextup/ros2_ws1/install/my_robot_description/share/ament_index/resource_index/packages/my_robot_description
[0.114s] -- Up-to-date symlink: /home/nextup/ros2_ws1/install/my_robot_description/share/my_robot_description/cmake/my_robot_descriptionConfig.cmake
[0.114s] -- Up-to-date symlink: /home/nextup/ros2_ws1/install/my_robot_description/share/my_robot_description/cmake/my_robot_descriptionConfig-version.cmake
[0.114s] -- Up-to-date symlink: /home/nextup/ros2_ws1/install/my_robot_description/share/my_robot_description/package.xml
[0.116s] Invoked command in '/home/nextup/ros2_ws1/build/my_robot_description' returned '0': CMAKE_PREFIX_PATH=${CMAKE_PREFIX_PATH}:/home/nextup/install/turtlesim_catch_them_all:/opt/ros/humble /usr/bin/cmake --install /home/nextup/ros2_ws1/build/my_robot_description
