[0.293s] Invoking command in '/home/anjali/arduinoboot_ws/build/arduniobot_bringup': CMAKE_PREFIX_PATH=${CMAKE_PREFIX_PATH}:/home/anjali/arduinoboot_ws/install/arduinoboot_py_examples:/opt/ros/humble /usr/bin/cmake --build /home/anjali/arduinoboot_ws/build/arduniobot_bringup -- -j16 -l16
[0.328s] Invoked command in '/home/anjali/arduinoboot_ws/build/arduniobot_bringup' returned '0': CMAKE_PREFIX_PATH=${CMAKE_PREFIX_PATH}:/home/anjali/arduinoboot_ws/install/arduinoboot_py_examples:/opt/ros/humble /usr/bin/cmake --build /home/anjali/arduinoboot_ws/build/arduniobot_bringup -- -j16 -l16
[0.371s] Invoking command in '/home/anjali/arduinoboot_ws/build/arduniobot_bringup': CMAKE_PREFIX_PATH=${CMAKE_PREFIX_PATH}:/home/anjali/arduinoboot_ws/install/arduinoboot_py_examples:/opt/ros/humble /usr/bin/cmake --install /home/anjali/arduinoboot_ws/build/arduniobot_bringup
[0.382s] -- Install configuration: ""
[0.382s] -- Up-to-date: /home/anjali/arduinoboot_ws/install/arduniobot_bringup/share/arduniobot_bringup/launch
[0.382s] -- Up-to-date: /home/anjali/arduinoboot_ws/install/arduniobot_bringup/share/arduniobot_bringup/launch/simulated_robot.launch.py
[0.382s] -- Up-to-date: /home/anjali/arduinoboot_ws/install/arduniobot_bringup/share/ament_index/resource_index/package_run_dependencies/arduniobot_bringup
[0.383s] -- Up-to-date: /home/anjali/arduinoboot_ws/install/arduniobot_bringup/share/ament_index/resource_index/parent_prefix_path/arduniobot_bringup
[0.383s] -- Up-to-date: /home/anjali/arduinoboot_ws/install/arduniobot_bringup/share/arduniobot_bringup/environment/ament_prefix_path.sh
[0.383s] -- Up-to-date: /home/anjali/arduinoboot_ws/install/arduniobot_bringup/share/arduniobot_bringup/environment/ament_prefix_path.dsv
[0.383s] -- Up-to-date: /home/anjali/arduinoboot_ws/install/arduniobot_bringup/share/arduniobot_bringup/environment/path.sh
[0.383s] -- Up-to-date: /home/anjali/arduinoboot_ws/install/arduniobot_bringup/share/arduniobot_bringup/environment/path.dsv
[0.383s] -- Up-to-date: /home/anjali/arduinoboot_ws/install/arduniobot_bringup/share/arduniobot_bringup/local_setup.bash
[0.383s] -- Up-to-date: /home/anjali/arduinoboot_ws/install/arduniobot_bringup/share/arduniobot_bringup/local_setup.sh
[0.383s] -- Up-to-date: /home/anjali/arduinoboot_ws/install/arduniobot_bringup/share/arduniobot_bringup/local_setup.zsh
[0.383s] -- Up-to-date: /home/anjali/arduinoboot_ws/install/arduniobot_bringup/share/arduniobot_bringup/local_setup.dsv
[0.383s] -- Up-to-date: /home/anjali/arduinoboot_ws/install/arduniobot_bringup/share/arduniobot_bringup/package.dsv
[0.383s] -- Up-to-date: /home/anjali/arduinoboot_ws/install/arduniobot_bringup/share/ament_index/resource_index/packages/arduniobot_bringup
[0.383s] -- Up-to-date: /home/anjali/arduinoboot_ws/install/arduniobot_bringup/share/arduniobot_bringup/cmake/arduniobot_bringupConfig.cmake
[0.383s] -- Up-to-date: /home/anjali/arduinoboot_ws/install/arduniobot_bringup/share/arduniobot_bringup/cmake/arduniobot_bringupConfig-version.cmake
[0.383s] -- Up-to-date: /home/anjali/arduinoboot_ws/install/arduniobot_bringup/share/arduniobot_bringup/package.xml
[0.386s] Invoked command in '/home/anjali/arduinoboot_ws/build/arduniobot_bringup' returned '0': CMAKE_PREFIX_PATH=${CMAKE_PREFIX_PATH}:/home/anjali/arduinoboot_ws/install/arduinoboot_py_examples:/opt/ros/humble /usr/bin/cmake --install /home/anjali/arduinoboot_ws/build/arduniobot_bringup
