[0.243s] Invoking command in '/home/anjali/arduinoboot_ws/src/build/arduniobot_controller': CMAKE_PREFIX_PATH=${CMAKE_PREFIX_PATH}:/home/anjali/arduinoboot_ws/install/arduinoboot_py_examples:/opt/ros/humble /usr/bin/cmake /home/anjali/arduinoboot_ws/src/arduniobot_controller -DCMAKE_INSTALL_PREFIX=/home/anjali/arduinoboot_ws/src/install/arduniobot_controller
[0.287s] -- The C compiler identification is GNU 11.4.0
[0.338s] -- The CXX compiler identification is GNU 11.4.0
[0.345s] -- Detecting C compiler ABI info
[0.405s] -- Detecting C compiler ABI info - done
[0.413s] -- Check for working C compiler: /usr/bin/cc - skipped
[0.413s] -- Detecting C compile features
[0.413s] -- Detecting C compile features - done
[0.416s] -- Detecting CXX compiler ABI info
[0.489s] -- Detecting CXX compiler ABI info - done
[0.497s] -- Check for working CXX compiler: /usr/bin/c++ - skipped
[0.497s] -- Detecting CXX compile features
[0.497s] -- Detecting CXX compile features - done
[0.499s] -- Found ament_cmake: 1.3.9 (/opt/ros/humble/share/ament_cmake/cmake)
[1.220s] -- Found Python3: /usr/bin/python3 (found version "3.10.12") found components: Interpreter 
[1.311s] -- Found ament_lint_auto: 0.12.11 (/opt/ros/humble/share/ament_lint_auto/cmake)
[1.382s] -- Added test 'flake8' to check Python code syntax and style conventions
[1.383s] -- Added test 'lint_cmake' to check CMake code style
[1.383s] -- Added test 'pep257' to check Python code against some of the docstring style conventions in PEP 257
[1.384s] -- Added test 'xmllint' to check XML markup files
[1.385s] -- Configuring done
[1.388s] -- Generating done
[1.389s] -- Build files have been written to: /home/anjali/arduinoboot_ws/src/build/arduniobot_controller
[1.392s] Invoked command in '/home/anjali/arduinoboot_ws/src/build/arduniobot_controller' returned '0': CMAKE_PREFIX_PATH=${CMAKE_PREFIX_PATH}:/home/anjali/arduinoboot_ws/install/arduinoboot_py_examples:/opt/ros/humble /usr/bin/cmake /home/anjali/arduinoboot_ws/src/arduniobot_controller -DCMAKE_INSTALL_PREFIX=/home/anjali/arduinoboot_ws/src/install/arduniobot_controller
[1.394s] Invoking command in '/home/anjali/arduinoboot_ws/src/build/arduniobot_controller': CMAKE_PREFIX_PATH=${CMAKE_PREFIX_PATH}:/home/anjali/arduinoboot_ws/install/arduinoboot_py_examples:/opt/ros/humble /usr/bin/cmake --build /home/anjali/arduinoboot_ws/src/build/arduniobot_controller -- -j16 -l16
[1.424s] Invoked command in '/home/anjali/arduinoboot_ws/src/build/arduniobot_controller' returned '0': CMAKE_PREFIX_PATH=${CMAKE_PREFIX_PATH}:/home/anjali/arduinoboot_ws/install/arduinoboot_py_examples:/opt/ros/humble /usr/bin/cmake --build /home/anjali/arduinoboot_ws/src/build/arduniobot_controller -- -j16 -l16
[1.440s] Invoking command in '/home/anjali/arduinoboot_ws/src/build/arduniobot_controller': CMAKE_PREFIX_PATH=${CMAKE_PREFIX_PATH}:/home/anjali/arduinoboot_ws/install/arduinoboot_py_examples:/opt/ros/humble /usr/bin/cmake --install /home/anjali/arduinoboot_ws/src/build/arduniobot_controller
[1.446s] -- Install configuration: ""
[1.446s] -- Installing: /home/anjali/arduinoboot_ws/src/install/arduniobot_controller/share/arduniobot_controller/config
[1.446s] -- Installing: /home/anjali/arduinoboot_ws/src/install/arduniobot_controller/share/arduniobot_controller/config/arduniobot_controller.yaml
[1.446s] -- Installing: /home/anjali/arduinoboot_ws/src/install/arduniobot_controller/share/arduniobot_controller/launch
[1.447s] -- Installing: /home/anjali/arduinoboot_ws/src/install/arduniobot_controller/share/arduniobot_controller/launch/controller.launch.py
[1.447s] -- Installing: /home/anjali/arduinoboot_ws/src/install/arduniobot_controller/share/ament_index/resource_index/package_run_dependencies/arduniobot_controller
[1.447s] -- Installing: /home/anjali/arduinoboot_ws/src/install/arduniobot_controller/share/ament_index/resource_index/parent_prefix_path/arduniobot_controller
[1.447s] -- Installing: /home/anjali/arduinoboot_ws/src/install/arduniobot_controller/share/arduniobot_controller/environment/ament_prefix_path.sh
[1.447s] -- Installing: /home/anjali/arduinoboot_ws/src/install/arduniobot_controller/share/arduniobot_controller/environment/ament_prefix_path.dsv
[1.447s] -- Installing: /home/anjali/arduinoboot_ws/src/install/arduniobot_controller/share/arduniobot_controller/environment/path.sh
[1.448s] -- Installing: /home/anjali/arduinoboot_ws/src/install/arduniobot_controller/share/arduniobot_controller/environment/path.dsv
[1.448s] -- Installing: /home/anjali/arduinoboot_ws/src/install/arduniobot_controller/share/arduniobot_controller/local_setup.bash
[1.448s] -- Installing: /home/anjali/arduinoboot_ws/src/install/arduniobot_controller/share/arduniobot_controller/local_setup.sh
[1.448s] -- Installing: /home/anjali/arduinoboot_ws/src/install/arduniobot_controller/share/arduniobot_controller/local_setup.zsh
[1.448s] -- Installing: /home/anjali/arduinoboot_ws/src/install/arduniobot_controller/share/arduniobot_controller/local_setup.dsv
[1.448s] -- Installing: /home/anjali/arduinoboot_ws/src/install/arduniobot_controller/share/arduniobot_controller/package.dsv
[1.448s] -- Installing: /home/anjali/arduinoboot_ws/src/install/arduniobot_controller/share/ament_index/resource_index/packages/arduniobot_controller
[1.448s] -- Installing: /home/anjali/arduinoboot_ws/src/install/arduniobot_controller/share/arduniobot_controller/cmake/arduniobot_controllerConfig.cmake
[1.448s] -- Installing: /home/anjali/arduinoboot_ws/src/install/arduniobot_controller/share/arduniobot_controller/cmake/arduniobot_controllerConfig-version.cmake
[1.448s] -- Installing: /home/anjali/arduinoboot_ws/src/install/arduniobot_controller/share/arduniobot_controller/package.xml
[1.449s] Invoked command in '/home/anjali/arduinoboot_ws/src/build/arduniobot_controller' returned '0': CMAKE_PREFIX_PATH=${CMAKE_PREFIX_PATH}:/home/anjali/arduinoboot_ws/install/arduinoboot_py_examples:/opt/ros/humble /usr/bin/cmake --install /home/anjali/arduinoboot_ws/src/build/arduniobot_controller
