[0.014s] Invoking command in '/home/nextup/ros2_ws2/build/final_project': AMENT_PREFIX_PATH=/home/nextup/ros2_ws2/install/my_robot_interfaces:${AMENT_PREFIX_PATH} CMAKE_PREFIX_PATH=/home/nextup/ros2_ws2/install/my_robot_interfaces:/home/nextup/ros2_ws2/install/my_robot_bringup:/home/nextup/ros2_ws2/install/final_project:/home/nextup/ros2_ws2/src/install/final_project:/home/nextup/ros2_ws2/src/install/actions_cpp:/home/nextup/ros2_ws2/src/install/my_robot_interfaces:/home/nextup/ros2_ws2/src/install/my_robot_bringup:/home/nextup/ros2_ws2/src/install/lifecycle_cpp:/home/nextup/ros2_ws2/src/install/executors_cpp:/home/nextup/ros2_ws2/src/install/components_cpp:/home/nextup/ros2_ws1/install/my_robot_bringup:/home/nextup/ros2_ws1/install/my_robot_description:/home/nextup/ros2_ws2/src/install/actions_py:/home/nextup/ros2_ws2/src/install/lifecycle_py:/home/nextup/ros2_ws2/src/install/executors_py:/opt/ros/humble LD_LIBRARY_PATH=/home/nextup/ros2_ws2/install/my_robot_interfaces/lib:${LD_LIBRARY_PATH} PYTHONPATH=/home/nextup/ros2_ws2/install/my_robot_interfaces/local/lib/python3.10/dist-packages:${PYTHONPATH} /usr/bin/cmake --build /home/nextup/ros2_ws2/build/final_project -- -j16 -l16
[0.058s] [ 83%] Built target final_project_step3
[0.058s] [ 83%] Built target turtlebot_control_component
[0.058s] [100%] Built target final_project_component
[0.066s] Invoked command in '/home/nextup/ros2_ws2/build/final_project' returned '0': AMENT_PREFIX_PATH=/home/nextup/ros2_ws2/install/my_robot_interfaces:${AMENT_PREFIX_PATH} CMAKE_PREFIX_PATH=/home/nextup/ros2_ws2/install/my_robot_interfaces:/home/nextup/ros2_ws2/install/my_robot_bringup:/home/nextup/ros2_ws2/install/final_project:/home/nextup/ros2_ws2/src/install/final_project:/home/nextup/ros2_ws2/src/install/actions_cpp:/home/nextup/ros2_ws2/src/install/my_robot_interfaces:/home/nextup/ros2_ws2/src/install/my_robot_bringup:/home/nextup/ros2_ws2/src/install/lifecycle_cpp:/home/nextup/ros2_ws2/src/install/executors_cpp:/home/nextup/ros2_ws2/src/install/components_cpp:/home/nextup/ros2_ws1/install/my_robot_bringup:/home/nextup/ros2_ws1/install/my_robot_description:/home/nextup/ros2_ws2/src/install/actions_py:/home/nextup/ros2_ws2/src/install/lifecycle_py:/home/nextup/ros2_ws2/src/install/executors_py:/opt/ros/humble LD_LIBRARY_PATH=/home/nextup/ros2_ws2/install/my_robot_interfaces/lib:${LD_LIBRARY_PATH} PYTHONPATH=/home/nextup/ros2_ws2/install/my_robot_interfaces/local/lib/python3.10/dist-packages:${PYTHONPATH} /usr/bin/cmake --build /home/nextup/ros2_ws2/build/final_project -- -j16 -l16
[0.094s] Invoking command in '/home/nextup/ros2_ws2/build/final_project': AMENT_PREFIX_PATH=/home/nextup/ros2_ws2/install/my_robot_interfaces:${AMENT_PREFIX_PATH} CMAKE_PREFIX_PATH=/home/nextup/ros2_ws2/install/my_robot_interfaces:/home/nextup/ros2_ws2/install/my_robot_bringup:/home/nextup/ros2_ws2/install/final_project:/home/nextup/ros2_ws2/src/install/final_project:/home/nextup/ros2_ws2/src/install/actions_cpp:/home/nextup/ros2_ws2/src/install/my_robot_interfaces:/home/nextup/ros2_ws2/src/install/my_robot_bringup:/home/nextup/ros2_ws2/src/install/lifecycle_cpp:/home/nextup/ros2_ws2/src/install/executors_cpp:/home/nextup/ros2_ws2/src/install/components_cpp:/home/nextup/ros2_ws1/install/my_robot_bringup:/home/nextup/ros2_ws1/install/my_robot_description:/home/nextup/ros2_ws2/src/install/actions_py:/home/nextup/ros2_ws2/src/install/lifecycle_py:/home/nextup/ros2_ws2/src/install/executors_py:/opt/ros/humble LD_LIBRARY_PATH=/home/nextup/ros2_ws2/install/my_robot_interfaces/lib:${LD_LIBRARY_PATH} PYTHONPATH=/home/nextup/ros2_ws2/install/my_robot_interfaces/local/lib/python3.10/dist-packages:${PYTHONPATH} /usr/bin/cmake --install /home/nextup/ros2_ws2/build/final_project
[0.100s] -- Install configuration: ""
[0.101s] -- Up-to-date: /home/nextup/ros2_ws2/install/final_project/lib/libfinal_project_component.so
[0.101s] -- Up-to-date: /home/nextup/ros2_ws2/install/final_project/lib/libturtlebot_control_component.so
[0.101s] -- Up-to-date: /home/nextup/ros2_ws2/install/final_project/lib/final_project/final_project_step3
[0.101s] -- Up-to-date: /home/nextup/ros2_ws2/install/final_project/share/ament_index/resource_index/package_run_dependencies/final_project
[0.101s] -- Up-to-date: /home/nextup/ros2_ws2/install/final_project/share/ament_index/resource_index/parent_prefix_path/final_project
[0.101s] -- Up-to-date: /home/nextup/ros2_ws2/install/final_project/share/final_project/environment/ament_prefix_path.sh
[0.101s] -- Up-to-date: /home/nextup/ros2_ws2/install/final_project/share/final_project/environment/ament_prefix_path.dsv
[0.101s] -- Up-to-date: /home/nextup/ros2_ws2/install/final_project/share/final_project/environment/path.sh
[0.101s] -- Up-to-date: /home/nextup/ros2_ws2/install/final_project/share/final_project/environment/path.dsv
[0.101s] -- Up-to-date: /home/nextup/ros2_ws2/install/final_project/share/final_project/local_setup.bash
[0.101s] -- Up-to-date: /home/nextup/ros2_ws2/install/final_project/share/final_project/local_setup.sh
[0.101s] -- Up-to-date: /home/nextup/ros2_ws2/install/final_project/share/final_project/local_setup.zsh
[0.101s] -- Up-to-date: /home/nextup/ros2_ws2/install/final_project/share/final_project/local_setup.dsv
[0.102s] -- Installing: /home/nextup/ros2_ws2/install/final_project/share/final_project/package.dsv
[0.102s] -- Up-to-date: /home/nextup/ros2_ws2/install/final_project/share/ament_index/resource_index/packages/final_project
[0.102s] -- Up-to-date: /home/nextup/ros2_ws2/install/final_project/share/ament_index/resource_index/rclcpp_components/final_project
[0.102s] -- Up-to-date: /home/nextup/ros2_ws2/install/final_project/share/final_project/cmake/final_projectConfig.cmake
[0.102s] -- Up-to-date: /home/nextup/ros2_ws2/install/final_project/share/final_project/cmake/final_projectConfig-version.cmake
[0.102s] -- Up-to-date: /home/nextup/ros2_ws2/install/final_project/share/final_project/package.xml
[0.103s] Invoked command in '/home/nextup/ros2_ws2/build/final_project' returned '0': AMENT_PREFIX_PATH=/home/nextup/ros2_ws2/install/my_robot_interfaces:${AMENT_PREFIX_PATH} CMAKE_PREFIX_PATH=/home/nextup/ros2_ws2/install/my_robot_interfaces:/home/nextup/ros2_ws2/install/my_robot_bringup:/home/nextup/ros2_ws2/install/final_project:/home/nextup/ros2_ws2/src/install/final_project:/home/nextup/ros2_ws2/src/install/actions_cpp:/home/nextup/ros2_ws2/src/install/my_robot_interfaces:/home/nextup/ros2_ws2/src/install/my_robot_bringup:/home/nextup/ros2_ws2/src/install/lifecycle_cpp:/home/nextup/ros2_ws2/src/install/executors_cpp:/home/nextup/ros2_ws2/src/install/components_cpp:/home/nextup/ros2_ws1/install/my_robot_bringup:/home/nextup/ros2_ws1/install/my_robot_description:/home/nextup/ros2_ws2/src/install/actions_py:/home/nextup/ros2_ws2/src/install/lifecycle_py:/home/nextup/ros2_ws2/src/install/executors_py:/opt/ros/humble LD_LIBRARY_PATH=/home/nextup/ros2_ws2/install/my_robot_interfaces/lib:${LD_LIBRARY_PATH} PYTHONPATH=/home/nextup/ros2_ws2/install/my_robot_interfaces/local/lib/python3.10/dist-packages:${PYTHONPATH} /usr/bin/cmake --install /home/nextup/ros2_ws2/build/final_project
