[0.028s] Invoking command in '/home/nextup/ros2_ws2/src/build/my_robot_interfaces': CMAKE_PREFIX_PATH=${CMAKE_PREFIX_PATH}:/home/nextup/ros2_ws2/install/actions_py:/home/nextup/ros2_ws2/install/lifecycle_py:/home/nextup/ros2_ws2/install/executors_py:/home/nextup/ros2_ws2/src/install/actions_py:/home/nextup/ros2_ws2/src/install/lifecycle_py:/opt/ros/humble /usr/bin/cmake --build /home/nextup/ros2_ws2/src/build/my_robot_interfaces -- -j16 -l16
[0.206s] -- Found ament_cmake: 1.3.9 (/opt/ros/humble/share/ament_cmake/cmake)
[0.206s] -- Found rosidl_default_generators: 1.2.0 (/opt/ros/humble/share/rosidl_default_generators/cmake)
[0.206s] -- Using all available rosidl_typesupport_c: rosidl_typesupport_fastrtps_c;rosidl_typesupport_introspection_c
[0.208s] -- Found rosidl_adapter: 3.1.5 (/opt/ros/humble/share/rosidl_adapter/cmake)
[0.209s] -- Using all available rosidl_typesupport_cpp: rosidl_typesupport_fastrtps_cpp;rosidl_typesupport_introspection_cpp
[0.550s] -- Found ament_cmake_ros: 0.10.0 (/opt/ros/humble/share/ament_cmake_ros/cmake)
[0.817s] -- Using all available rosidl_typesupport_c: rosidl_typesupport_fastrtps_c;rosidl_typesupport_introspection_c
[1.134s] -- Using all available rosidl_typesupport_cpp: rosidl_typesupport_fastrtps_cpp;rosidl_typesupport_introspection_cpp
[1.168s] -- Found python_cmake_module: 0.10.0 (/opt/ros/humble/share/python_cmake_module/cmake)
[1.202s] -- Using PYTHON_EXECUTABLE: /usr/bin/python3
[1.203s] -- Using PYTHON_INCLUDE_DIRS: /usr/include/python3.10
[1.203s] -- Using PYTHON_LIBRARIES: /usr/lib/x86_64-linux-gnu/libpython3.10.so
[1.249s] -- Configuring done
[1.304s] -- Generating done
[1.306s] -- Build files have been written to: /home/nextup/ros2_ws2/src/build/my_robot_interfaces
[1.344s] [  2%] [34m[1mGenerating C code for ROS interfaces[0m
[1.352s] [  4%] [34m[1mGenerating C++ code for ROS interfaces[0m
[1.375s] [  4%] Built target ament_cmake_python_copy_my_robot_interfaces
[1.571s] running egg_info
[1.582s] writing my_robot_interfaces.egg-info/PKG-INFO
[1.582s] writing dependency_links to my_robot_interfaces.egg-info/dependency_links.txt
[1.582s] writing top-level names to my_robot_interfaces.egg-info/top_level.txt
[1.612s] reading manifest file 'my_robot_interfaces.egg-info/SOURCES.txt'
[1.613s] writing manifest file 'my_robot_interfaces.egg-info/SOURCES.txt'
[1.652s] [  4%] Built target ament_cmake_python_build_my_robot_interfaces_egg
[2.101s] [  4%] Built target my_robot_interfaces__cpp
[2.112s] [  6%] [34m[1mGenerating C++ type support dispatch for ROS interfaces[0m
[2.115s] [ 10%] [34m[1mGenerating C++ type support for eProsima Fast-RTPS[0m
[2.115s] [ 10%] [34m[1mGenerating C++ introspection for ROS interfaces[0m
[2.363s] [35m[1mConsolidate compiler generated dependencies of target my_robot_interfaces__rosidl_generator_c[0m
[2.382s] [ 12%] [32mBuilding C object CMakeFiles/my_robot_interfaces__rosidl_generator_c.dir/rosidl_generator_c/my_robot_interfaces/action/detail/move_turtle__functions.c.o[0m
[2.389s] [ 14%] [32mBuilding C object CMakeFiles/my_robot_interfaces__rosidl_generator_c.dir/rosidl_generator_c/my_robot_interfaces/action/detail/count_until__functions.c.o[0m
[2.400s] [ 17%] [32mBuilding C object CMakeFiles/my_robot_interfaces__rosidl_generator_c.dir/rosidl_generator_c/my_robot_interfaces/action/detail/move_robot__functions.c.o[0m
[2.659s] [ 19%] [32m[1mLinking C shared library libmy_robot_interfaces__rosidl_generator_c.so[0m
[2.751s] [ 19%] Built target my_robot_interfaces__rosidl_generator_c
[2.777s] [ 21%] [34m[1mGenerating C type support for eProsima Fast-RTPS[0m
[2.782s] [ 23%] [34m[1mGenerating C introspection for ROS interfaces[0m
[2.792s] [ 25%] [34m[1mGenerating C type support dispatch for ROS interfaces[0m
[2.844s] [35m[1mConsolidate compiler generated dependencies of target my_robot_interfaces__rosidl_typesupport_cpp[0m
[2.878s] [ 27%] [32mBuilding CXX object CMakeFiles/my_robot_interfaces__rosidl_typesupport_cpp.dir/rosidl_typesupport_cpp/my_robot_interfaces/action/move_robot__type_support.cpp.o[0m
[2.902s] [ 29%] [32mBuilding CXX object CMakeFiles/my_robot_interfaces__rosidl_typesupport_cpp.dir/rosidl_typesupport_cpp/my_robot_interfaces/action/count_until__type_support.cpp.o[0m
[2.925s] [ 31%] [32mBuilding CXX object CMakeFiles/my_robot_interfaces__rosidl_typesupport_cpp.dir/rosidl_typesupport_cpp/my_robot_interfaces/action/move_turtle__type_support.cpp.o[0m
[3.276s] [35m[1mConsolidate compiler generated dependencies of target my_robot_interfaces__rosidl_typesupport_introspection_cpp[0m
[3.372s] [ 34%] [32mBuilding CXX object CMakeFiles/my_robot_interfaces__rosidl_typesupport_introspection_cpp.dir/rosidl_typesupport_introspection_cpp/my_robot_interfaces/action/detail/count_until__type_support.cpp.o[0m
[3.419s] [ 36%] [32mBuilding CXX object CMakeFiles/my_robot_interfaces__rosidl_typesupport_introspection_cpp.dir/rosidl_typesupport_introspection_cpp/my_robot_interfaces/action/detail/move_turtle__type_support.cpp.o[0m
[3.421s] [ 38%] [32mBuilding CXX object CMakeFiles/my_robot_interfaces__rosidl_typesupport_introspection_cpp.dir/rosidl_typesupport_introspection_cpp/my_robot_interfaces/action/detail/move_robot__type_support.cpp.o[0m
[3.760s] [35m[1mConsolidate compiler generated dependencies of target my_robot_interfaces__rosidl_typesupport_fastrtps_cpp[0m
[3.839s] [ 40%] [32mBuilding CXX object CMakeFiles/my_robot_interfaces__rosidl_typesupport_fastrtps_cpp.dir/rosidl_typesupport_fastrtps_cpp/my_robot_interfaces/action/detail/dds_fastrtps/count_until__type_support.cpp.o[0m
[3.859s] [ 42%] [32mBuilding CXX object CMakeFiles/my_robot_interfaces__rosidl_typesupport_fastrtps_cpp.dir/rosidl_typesupport_fastrtps_cpp/my_robot_interfaces/action/detail/dds_fastrtps/move_robot__type_support.cpp.o[0m
[3.867s] [ 44%] [32mBuilding CXX object CMakeFiles/my_robot_interfaces__rosidl_typesupport_fastrtps_cpp.dir/rosidl_typesupport_fastrtps_cpp/my_robot_interfaces/action/detail/dds_fastrtps/move_turtle__type_support.cpp.o[0m
[3.971s] [35m[1mConsolidate compiler generated dependencies of target my_robot_interfaces__rosidl_typesupport_c[0m
[4.008s] [ 46%] [32mBuilding CXX object CMakeFiles/my_robot_interfaces__rosidl_typesupport_c.dir/rosidl_typesupport_c/my_robot_interfaces/action/count_until__type_support.cpp.o[0m
[4.039s] [ 48%] [32mBuilding CXX object CMakeFiles/my_robot_interfaces__rosidl_typesupport_c.dir/rosidl_typesupport_c/my_robot_interfaces/action/move_robot__type_support.cpp.o[0m
[4.047s] [ 51%] [32mBuilding CXX object CMakeFiles/my_robot_interfaces__rosidl_typesupport_c.dir/rosidl_typesupport_c/my_robot_interfaces/action/move_turtle__type_support.cpp.o[0m
[4.271s] [ 53%] [32m[1mLinking CXX shared library libmy_robot_interfaces__rosidl_typesupport_c.so[0m
[4.315s] [35m[1mConsolidate compiler generated dependencies of target my_robot_interfaces__rosidl_typesupport_introspection_c[0m
[4.410s] [ 55%] [32mBuilding C object CMakeFiles/my_robot_interfaces__rosidl_typesupport_introspection_c.dir/rosidl_typesupport_introspection_c/my_robot_interfaces/action/detail/count_until__type_support.c.o[0m
[4.418s] [ 57%] [32mBuilding C object CMakeFiles/my_robot_interfaces__rosidl_typesupport_introspection_c.dir/rosidl_typesupport_introspection_c/my_robot_interfaces/action/detail/move_robot__type_support.c.o[0m
[4.439s] [ 59%] [32mBuilding C object CMakeFiles/my_robot_interfaces__rosidl_typesupport_introspection_c.dir/rosidl_typesupport_introspection_c/my_robot_interfaces/action/detail/move_turtle__type_support.c.o[0m
[4.516s] [ 59%] Built target my_robot_interfaces__rosidl_typesupport_c
[4.695s] [ 61%] [32m[1mLinking C shared library libmy_robot_interfaces__rosidl_typesupport_introspection_c.so[0m
[4.746s] [35m[1mConsolidate compiler generated dependencies of target my_robot_interfaces__rosidl_typesupport_fastrtps_c[0m
[4.781s] [ 63%] [32m[1mLinking CXX shared library libmy_robot_interfaces__rosidl_typesupport_cpp.so[0m
[4.805s] [ 65%] [32mBuilding CXX object CMakeFiles/my_robot_interfaces__rosidl_typesupport_fastrtps_c.dir/rosidl_typesupport_fastrtps_c/my_robot_interfaces/action/detail/move_robot__type_support_c.cpp.o[0m
[4.813s] [ 68%] [32mBuilding CXX object CMakeFiles/my_robot_interfaces__rosidl_typesupport_fastrtps_c.dir/rosidl_typesupport_fastrtps_c/my_robot_interfaces/action/detail/count_until__type_support_c.cpp.o[0m
[4.817s] [ 70%] [32mBuilding CXX object CMakeFiles/my_robot_interfaces__rosidl_typesupport_fastrtps_c.dir/rosidl_typesupport_fastrtps_c/my_robot_interfaces/action/detail/move_turtle__type_support_c.cpp.o[0m
[4.844s] [ 70%] Built target my_robot_interfaces__rosidl_typesupport_introspection_c
[4.931s] [ 70%] Built target my_robot_interfaces__rosidl_typesupport_cpp
[5.265s] [ 72%] [32m[1mLinking CXX shared library libmy_robot_interfaces__rosidl_typesupport_introspection_cpp.so[0m
[5.521s] [ 72%] Built target my_robot_interfaces__rosidl_typesupport_introspection_cpp
[5.565s] [ 74%] [32m[1mLinking CXX shared library libmy_robot_interfaces__rosidl_typesupport_fastrtps_cpp.so[0m
[5.776s] [ 74%] Built target my_robot_interfaces__rosidl_typesupport_fastrtps_cpp
[5.864s] [ 76%] [32m[1mLinking CXX shared library libmy_robot_interfaces__rosidl_typesupport_fastrtps_c.so[0m
[6.065s] [ 76%] Built target my_robot_interfaces__rosidl_typesupport_fastrtps_c
[6.107s] [ 76%] Built target my_robot_interfaces
[6.148s] [ 78%] [34m[1mGenerating Python code for ROS interfaces[0m
[7.757s] [ 78%] Built target my_robot_interfaces__py
[7.774s] [35m[1mConsolidate compiler generated dependencies of target my_robot_interfaces__rosidl_generator_py[0m
[7.796s] [ 80%] [32mBuilding C object CMakeFiles/my_robot_interfaces__rosidl_generator_py.dir/rosidl_generator_py/my_robot_interfaces/action/_count_until_s.c.o[0m
[7.798s] [ 82%] [32mBuilding C object CMakeFiles/my_robot_interfaces__rosidl_generator_py.dir/rosidl_generator_py/my_robot_interfaces/action/_move_robot_s.c.o[0m
[7.801s] [ 85%] [32mBuilding C object CMakeFiles/my_robot_interfaces__rosidl_generator_py.dir/rosidl_generator_py/my_robot_interfaces/action/_move_turtle_s.c.o[0m
[8.064s] [ 87%] [32m[1mLinking C shared library rosidl_generator_py/my_robot_interfaces/libmy_robot_interfaces__rosidl_generator_py.so[0m
[8.116s] [ 87%] Built target my_robot_interfaces__rosidl_generator_py
[8.130s] [35m[1mConsolidate compiler generated dependencies of target my_robot_interfaces__rosidl_typesupport_fastrtps_c__pyext[0m
[8.134s] [35m[1mConsolidate compiler generated dependencies of target my_robot_interfaces__rosidl_typesupport_introspection_c__pyext[0m
[8.135s] [35m[1mConsolidate compiler generated dependencies of target my_robot_interfaces__rosidl_typesupport_c__pyext[0m
[8.154s] [ 89%] [32mBuilding C object CMakeFiles/my_robot_interfaces__rosidl_typesupport_fastrtps_c__pyext.dir/rosidl_generator_py/my_robot_interfaces/_my_robot_interfaces_s.ep.rosidl_typesupport_fastrtps_c.c.o[0m
[8.154s] [ 93%] [32mBuilding C object CMakeFiles/my_robot_interfaces__rosidl_typesupport_introspection_c__pyext.dir/rosidl_generator_py/my_robot_interfaces/_my_robot_interfaces_s.ep.rosidl_typesupport_introspection_c.c.o[0m
[8.154s] [ 93%] [32mBuilding C object CMakeFiles/my_robot_interfaces__rosidl_typesupport_c__pyext.dir/rosidl_generator_py/my_robot_interfaces/_my_robot_interfaces_s.ep.rosidl_typesupport_c.c.o[0m
[8.463s] [ 95%] [32m[1mLinking C shared library rosidl_generator_py/my_robot_interfaces/my_robot_interfaces_s__rosidl_typesupport_introspection_c.cpython-310-x86_64-linux-gnu.so[0m
[8.526s] [ 97%] [32m[1mLinking C shared library rosidl_generator_py/my_robot_interfaces/my_robot_interfaces_s__rosidl_typesupport_c.cpython-310-x86_64-linux-gnu.so[0m
[8.547s] [100%] [32m[1mLinking C shared library rosidl_generator_py/my_robot_interfaces/my_robot_interfaces_s__rosidl_typesupport_fastrtps_c.cpython-310-x86_64-linux-gnu.so[0m
[8.601s] [100%] Built target my_robot_interfaces__rosidl_typesupport_introspection_c__pyext
[8.641s] [100%] Built target my_robot_interfaces__rosidl_typesupport_c__pyext
[8.656s] [100%] Built target my_robot_interfaces__rosidl_typesupport_fastrtps_c__pyext
[8.683s] Invoked command in '/home/nextup/ros2_ws2/src/build/my_robot_interfaces' returned '0': CMAKE_PREFIX_PATH=${CMAKE_PREFIX_PATH}:/home/nextup/ros2_ws2/install/actions_py:/home/nextup/ros2_ws2/install/lifecycle_py:/home/nextup/ros2_ws2/install/executors_py:/home/nextup/ros2_ws2/src/install/actions_py:/home/nextup/ros2_ws2/src/install/lifecycle_py:/opt/ros/humble /usr/bin/cmake --build /home/nextup/ros2_ws2/src/build/my_robot_interfaces -- -j16 -l16
[8.854s] Invoking command in '/home/nextup/ros2_ws2/src/build/my_robot_interfaces': CMAKE_PREFIX_PATH=${CMAKE_PREFIX_PATH}:/home/nextup/ros2_ws2/install/actions_py:/home/nextup/ros2_ws2/install/lifecycle_py:/home/nextup/ros2_ws2/install/executors_py:/home/nextup/ros2_ws2/src/install/actions_py:/home/nextup/ros2_ws2/src/install/lifecycle_py:/opt/ros/humble /usr/bin/cmake --install /home/nextup/ros2_ws2/src/build/my_robot_interfaces
[8.869s] -- Install configuration: ""
[8.870s] -- Installing: /home/nextup/ros2_ws2/src/install/my_robot_interfaces/share/ament_index/resource_index/rosidl_interfaces/my_robot_interfaces
[8.870s] -- Up-to-date: /home/nextup/ros2_ws2/src/install/my_robot_interfaces/include/my_robot_interfaces/my_robot_interfaces
[8.870s] -- Up-to-date: /home/nextup/ros2_ws2/src/install/my_robot_interfaces/include/my_robot_interfaces/my_robot_interfaces/action
[8.870s] -- Installing: /home/nextup/ros2_ws2/src/install/my_robot_interfaces/include/my_robot_interfaces/my_robot_interfaces/action/move_robot.h
[8.870s] -- Installing: /home/nextup/ros2_ws2/src/install/my_robot_interfaces/include/my_robot_interfaces/my_robot_interfaces/action/move_turtle.h
[8.870s] -- Up-to-date: /home/nextup/ros2_ws2/src/install/my_robot_interfaces/include/my_robot_interfaces/my_robot_interfaces/action/detail
[8.870s] -- Installing: /home/nextup/ros2_ws2/src/install/my_robot_interfaces/include/my_robot_interfaces/my_robot_interfaces/action/detail/count_until__type_support.h
[8.870s] -- Installing: /home/nextup/ros2_ws2/src/install/my_robot_interfaces/include/my_robot_interfaces/my_robot_interfaces/action/detail/move_turtle__functions.h
[8.871s] -- Installing: /home/nextup/ros2_ws2/src/install/my_robot_interfaces/include/my_robot_interfaces/my_robot_interfaces/action/detail/move_robot__functions.h
[8.871s] -- Installing: /home/nextup/ros2_ws2/src/install/my_robot_interfaces/include/my_robot_interfaces/my_robot_interfaces/action/detail/move_robot__functions.c
[8.872s] -- Installing: /home/nextup/ros2_ws2/src/install/my_robot_interfaces/include/my_robot_interfaces/my_robot_interfaces/action/detail/count_until__functions.c
[8.872s] -- Installing: /home/nextup/ros2_ws2/src/install/my_robot_interfaces/include/my_robot_interfaces/my_robot_interfaces/action/detail/move_robot__type_support.h
[8.872s] -- Installing: /home/nextup/ros2_ws2/src/install/my_robot_interfaces/include/my_robot_interfaces/my_robot_interfaces/action/detail/move_turtle__type_support.h
[8.872s] -- Installing: /home/nextup/ros2_ws2/src/install/my_robot_interfaces/include/my_robot_interfaces/my_robot_interfaces/action/detail/count_until__functions.h
[8.873s] -- Installing: /home/nextup/ros2_ws2/src/install/my_robot_interfaces/include/my_robot_interfaces/my_robot_interfaces/action/detail/move_turtle__functions.c
[8.873s] -- Installing: /home/nextup/ros2_ws2/src/install/my_robot_interfaces/include/my_robot_interfaces/my_robot_interfaces/action/detail/count_until__struct.h
[8.873s] -- Installing: /home/nextup/ros2_ws2/src/install/my_robot_interfaces/include/my_robot_interfaces/my_robot_interfaces/action/detail/move_robot__struct.h
[8.873s] -- Installing: /home/nextup/ros2_ws2/src/install/my_robot_interfaces/include/my_robot_interfaces/my_robot_interfaces/action/detail/move_turtle__struct.h
[8.873s] -- Installing: /home/nextup/ros2_ws2/src/install/my_robot_interfaces/include/my_robot_interfaces/my_robot_interfaces/action/count_until.h
[8.874s] -- Up-to-date: /home/nextup/ros2_ws2/src/install/my_robot_interfaces/include/my_robot_interfaces/my_robot_interfaces/msg
[8.874s] -- Up-to-date: /home/nextup/ros2_ws2/src/install/my_robot_interfaces/include/my_robot_interfaces/my_robot_interfaces/msg/rosidl_generator_c__visibility_control.h
[8.874s] -- Up-to-date: /home/nextup/ros2_ws2/src/install/my_robot_interfaces/share/my_robot_interfaces/environment/library_path.sh
[8.874s] -- Installing: /home/nextup/ros2_ws2/src/install/my_robot_interfaces/share/my_robot_interfaces/environment/library_path.dsv
[8.875s] -- Installing: /home/nextup/ros2_ws2/src/install/my_robot_interfaces/lib/libmy_robot_interfaces__rosidl_generator_c.so
[8.876s] -- Set runtime path of "/home/nextup/ros2_ws2/src/install/my_robot_interfaces/lib/libmy_robot_interfaces__rosidl_generator_c.so" to ""
[8.876s] -- Up-to-date: /home/nextup/ros2_ws2/src/install/my_robot_interfaces/include/my_robot_interfaces/my_robot_interfaces
[8.877s] -- Up-to-date: /home/nextup/ros2_ws2/src/install/my_robot_interfaces/include/my_robot_interfaces/my_robot_interfaces/action
[8.877s] -- Up-to-date: /home/nextup/ros2_ws2/src/install/my_robot_interfaces/include/my_robot_interfaces/my_robot_interfaces/action/detail
[8.877s] -- Installing: /home/nextup/ros2_ws2/src/install/my_robot_interfaces/include/my_robot_interfaces/my_robot_interfaces/action/detail/move_robot__rosidl_typesupport_fastrtps_c.h
[8.877s] -- Installing: /home/nextup/ros2_ws2/src/install/my_robot_interfaces/include/my_robot_interfaces/my_robot_interfaces/action/detail/move_turtle__rosidl_typesupport_fastrtps_c.h
[8.878s] -- Installing: /home/nextup/ros2_ws2/src/install/my_robot_interfaces/include/my_robot_interfaces/my_robot_interfaces/action/detail/count_until__rosidl_typesupport_fastrtps_c.h
[8.878s] -- Up-to-date: /home/nextup/ros2_ws2/src/install/my_robot_interfaces/include/my_robot_interfaces/my_robot_interfaces/msg
[8.878s] -- Up-to-date: /home/nextup/ros2_ws2/src/install/my_robot_interfaces/include/my_robot_interfaces/my_robot_interfaces/msg/rosidl_typesupport_fastrtps_c__visibility_control.h
[8.878s] -- Installing: /home/nextup/ros2_ws2/src/install/my_robot_interfaces/lib/libmy_robot_interfaces__rosidl_typesupport_fastrtps_c.so
[8.879s] -- Set runtime path of "/home/nextup/ros2_ws2/src/install/my_robot_interfaces/lib/libmy_robot_interfaces__rosidl_typesupport_fastrtps_c.so" to ""
[8.879s] -- Up-to-date: /home/nextup/ros2_ws2/src/install/my_robot_interfaces/include/my_robot_interfaces/my_robot_interfaces
[8.879s] -- Up-to-date: /home/nextup/ros2_ws2/src/install/my_robot_interfaces/include/my_robot_interfaces/my_robot_interfaces/action
[8.879s] -- Up-to-date: /home/nextup/ros2_ws2/src/install/my_robot_interfaces/include/my_robot_interfaces/my_robot_interfaces/action/detail
[8.880s] -- Installing: /home/nextup/ros2_ws2/src/install/my_robot_interfaces/include/my_robot_interfaces/my_robot_interfaces/action/detail/move_robot__rosidl_typesupport_introspection_c.h
[8.880s] -- Installing: /home/nextup/ros2_ws2/src/install/my_robot_interfaces/include/my_robot_interfaces/my_robot_interfaces/action/detail/count_until__type_support.c
[8.880s] -- Installing: /home/nextup/ros2_ws2/src/install/my_robot_interfaces/include/my_robot_interfaces/my_robot_interfaces/action/detail/count_until__rosidl_typesupport_introspection_c.h
[8.880s] -- Installing: /home/nextup/ros2_ws2/src/install/my_robot_interfaces/include/my_robot_interfaces/my_robot_interfaces/action/detail/move_robot__type_support.c
[8.880s] -- Installing: /home/nextup/ros2_ws2/src/install/my_robot_interfaces/include/my_robot_interfaces/my_robot_interfaces/action/detail/move_turtle__type_support.c
[8.881s] -- Installing: /home/nextup/ros2_ws2/src/install/my_robot_interfaces/include/my_robot_interfaces/my_robot_interfaces/action/detail/move_turtle__rosidl_typesupport_introspection_c.h
[8.881s] -- Up-to-date: /home/nextup/ros2_ws2/src/install/my_robot_interfaces/include/my_robot_interfaces/my_robot_interfaces/msg
[8.881s] -- Up-to-date: /home/nextup/ros2_ws2/src/install/my_robot_interfaces/include/my_robot_interfaces/my_robot_interfaces/msg/rosidl_typesupport_introspection_c__visibility_control.h
[8.882s] -- Installing: /home/nextup/ros2_ws2/src/install/my_robot_interfaces/lib/libmy_robot_interfaces__rosidl_typesupport_introspection_c.so
[8.882s] -- Set runtime path of "/home/nextup/ros2_ws2/src/install/my_robot_interfaces/lib/libmy_robot_interfaces__rosidl_typesupport_introspection_c.so" to ""
[8.883s] -- Installing: /home/nextup/ros2_ws2/src/install/my_robot_interfaces/lib/libmy_robot_interfaces__rosidl_typesupport_c.so
[8.884s] -- Set runtime path of "/home/nextup/ros2_ws2/src/install/my_robot_interfaces/lib/libmy_robot_interfaces__rosidl_typesupport_c.so" to ""
[8.884s] -- Up-to-date: /home/nextup/ros2_ws2/src/install/my_robot_interfaces/include/my_robot_interfaces/my_robot_interfaces
[8.884s] -- Up-to-date: /home/nextup/ros2_ws2/src/install/my_robot_interfaces/include/my_robot_interfaces/my_robot_interfaces/action
[8.885s] -- Installing: /home/nextup/ros2_ws2/src/install/my_robot_interfaces/include/my_robot_interfaces/my_robot_interfaces/action/move_turtle.hpp
[8.885s] -- Installing: /home/nextup/ros2_ws2/src/install/my_robot_interfaces/include/my_robot_interfaces/my_robot_interfaces/action/count_until.hpp
[8.885s] -- Up-to-date: /home/nextup/ros2_ws2/src/install/my_robot_interfaces/include/my_robot_interfaces/my_robot_interfaces/action/detail
[8.885s] -- Installing: /home/nextup/ros2_ws2/src/install/my_robot_interfaces/include/my_robot_interfaces/my_robot_interfaces/action/detail/move_turtle__builder.hpp
[8.885s] -- Installing: /home/nextup/ros2_ws2/src/install/my_robot_interfaces/include/my_robot_interfaces/my_robot_interfaces/action/detail/move_turtle__struct.hpp
[8.885s] -- Installing: /home/nextup/ros2_ws2/src/install/my_robot_interfaces/include/my_robot_interfaces/my_robot_interfaces/action/detail/count_until__struct.hpp
[8.885s] -- Installing: /home/nextup/ros2_ws2/src/install/my_robot_interfaces/include/my_robot_interfaces/my_robot_interfaces/action/detail/move_robot__builder.hpp
[8.886s] -- Installing: /home/nextup/ros2_ws2/src/install/my_robot_interfaces/include/my_robot_interfaces/my_robot_interfaces/action/detail/move_turtle__traits.hpp
[8.888s] -- Installing: /home/nextup/ros2_ws2/src/install/my_robot_interfaces/include/my_robot_interfaces/my_robot_interfaces/action/detail/count_until__traits.hpp
[8.888s] -- Installing: /home/nextup/ros2_ws2/src/install/my_robot_interfaces/include/my_robot_interfaces/my_robot_interfaces/action/detail/move_robot__struct.hpp
[8.888s] -- Installing: /home/nextup/ros2_ws2/src/install/my_robot_interfaces/include/my_robot_interfaces/my_robot_interfaces/action/detail/move_robot__traits.hpp
[8.889s] -- Installing: /home/nextup/ros2_ws2/src/install/my_robot_interfaces/include/my_robot_interfaces/my_robot_interfaces/action/detail/count_until__builder.hpp
[8.889s] -- Installing: /home/nextup/ros2_ws2/src/install/my_robot_interfaces/include/my_robot_interfaces/my_robot_interfaces/action/move_robot.hpp
[8.889s] -- Up-to-date: /home/nextup/ros2_ws2/src/install/my_robot_interfaces/include/my_robot_interfaces/my_robot_interfaces
[8.889s] -- Up-to-date: /home/nextup/ros2_ws2/src/install/my_robot_interfaces/include/my_robot_interfaces/my_robot_interfaces/action
[8.889s] -- Up-to-date: /home/nextup/ros2_ws2/src/install/my_robot_interfaces/include/my_robot_interfaces/my_robot_interfaces/action/detail
[8.889s] -- Installing: /home/nextup/ros2_ws2/src/install/my_robot_interfaces/include/my_robot_interfaces/my_robot_interfaces/action/detail/move_turtle__rosidl_typesupport_fastrtps_cpp.hpp
[8.889s] -- Installing: /home/nextup/ros2_ws2/src/install/my_robot_interfaces/include/my_robot_interfaces/my_robot_interfaces/action/detail/move_robot__rosidl_typesupport_fastrtps_cpp.hpp
[8.889s] -- Up-to-date: /home/nextup/ros2_ws2/src/install/my_robot_interfaces/include/my_robot_interfaces/my_robot_interfaces/action/detail/dds_fastrtps
[8.889s] -- Installing: /home/nextup/ros2_ws2/src/install/my_robot_interfaces/include/my_robot_interfaces/my_robot_interfaces/action/detail/count_until__rosidl_typesupport_fastrtps_cpp.hpp
[8.890s] -- Up-to-date: /home/nextup/ros2_ws2/src/install/my_robot_interfaces/include/my_robot_interfaces/my_robot_interfaces/msg
[8.890s] -- Up-to-date: /home/nextup/ros2_ws2/src/install/my_robot_interfaces/include/my_robot_interfaces/my_robot_interfaces/msg/rosidl_typesupport_fastrtps_cpp__visibility_control.h
[8.891s] -- Installing: /home/nextup/ros2_ws2/src/install/my_robot_interfaces/lib/libmy_robot_interfaces__rosidl_typesupport_fastrtps_cpp.so
[8.891s] -- Set runtime path of "/home/nextup/ros2_ws2/src/install/my_robot_interfaces/lib/libmy_robot_interfaces__rosidl_typesupport_fastrtps_cpp.so" to ""
[8.891s] -- Up-to-date: /home/nextup/ros2_ws2/src/install/my_robot_interfaces/include/my_robot_interfaces/my_robot_interfaces
[8.892s] -- Up-to-date: /home/nextup/ros2_ws2/src/install/my_robot_interfaces/include/my_robot_interfaces/my_robot_interfaces/action
[8.892s] -- Up-to-date: /home/nextup/ros2_ws2/src/install/my_robot_interfaces/include/my_robot_interfaces/my_robot_interfaces/action/detail
[8.892s] -- Installing: /home/nextup/ros2_ws2/src/install/my_robot_interfaces/include/my_robot_interfaces/my_robot_interfaces/action/detail/count_until__type_support.cpp
[8.892s] -- Installing: /home/nextup/ros2_ws2/src/install/my_robot_interfaces/include/my_robot_interfaces/my_robot_interfaces/action/detail/move_turtle__rosidl_typesupport_introspection_cpp.hpp
[8.892s] -- Installing: /home/nextup/ros2_ws2/src/install/my_robot_interfaces/include/my_robot_interfaces/my_robot_interfaces/action/detail/move_robot__type_support.cpp
[8.892s] -- Installing: /home/nextup/ros2_ws2/src/install/my_robot_interfaces/include/my_robot_interfaces/my_robot_interfaces/action/detail/count_until__rosidl_typesupport_introspection_cpp.hpp
[8.892s] -- Installing: /home/nextup/ros2_ws2/src/install/my_robot_interfaces/include/my_robot_interfaces/my_robot_interfaces/action/detail/move_robot__rosidl_typesupport_introspection_cpp.hpp
[8.892s] -- Installing: /home/nextup/ros2_ws2/src/install/my_robot_interfaces/include/my_robot_interfaces/my_robot_interfaces/action/detail/move_turtle__type_support.cpp
[8.894s] -- Installing: /home/nextup/ros2_ws2/src/install/my_robot_interfaces/lib/libmy_robot_interfaces__rosidl_typesupport_introspection_cpp.so
[8.897s] -- Set runtime path of "/home/nextup/ros2_ws2/src/install/my_robot_interfaces/lib/libmy_robot_interfaces__rosidl_typesupport_introspection_cpp.so" to ""
[8.897s] -- Installing: /home/nextup/ros2_ws2/src/install/my_robot_interfaces/lib/libmy_robot_interfaces__rosidl_typesupport_cpp.so
[8.897s] -- Set runtime path of "/home/nextup/ros2_ws2/src/install/my_robot_interfaces/lib/libmy_robot_interfaces__rosidl_typesupport_cpp.so" to ""
[8.897s] -- Up-to-date: /home/nextup/ros2_ws2/src/install/my_robot_interfaces/share/my_robot_interfaces/environment/pythonpath.sh
[8.897s] -- Installing: /home/nextup/ros2_ws2/src/install/my_robot_interfaces/share/my_robot_interfaces/environment/pythonpath.dsv
[8.906s] -- Up-to-date: /home/nextup/ros2_ws2/src/install/my_robot_interfaces/local/lib/python3.10/dist-packages/my_robot_interfaces-0.0.0-py3.10.egg-info
[8.907s] -- Installing: /home/nextup/ros2_ws2/src/install/my_robot_interfaces/local/lib/python3.10/dist-packages/my_robot_interfaces-0.0.0-py3.10.egg-info/PKG-INFO
[8.907s] -- Installing: /home/nextup/ros2_ws2/src/install/my_robot_interfaces/local/lib/python3.10/dist-packages/my_robot_interfaces-0.0.0-py3.10.egg-info/top_level.txt
[8.907s] -- Installing: /home/nextup/ros2_ws2/src/install/my_robot_interfaces/local/lib/python3.10/dist-packages/my_robot_interfaces-0.0.0-py3.10.egg-info/dependency_links.txt
[8.907s] -- Installing: /home/nextup/ros2_ws2/src/install/my_robot_interfaces/local/lib/python3.10/dist-packages/my_robot_interfaces-0.0.0-py3.10.egg-info/SOURCES.txt
[8.907s] -- Up-to-date: /home/nextup/ros2_ws2/src/install/my_robot_interfaces/local/lib/python3.10/dist-packages/my_robot_interfaces
[8.907s] -- Installing: /home/nextup/ros2_ws2/src/install/my_robot_interfaces/local/lib/python3.10/dist-packages/my_robot_interfaces/_my_robot_interfaces_s.ep.rosidl_typesupport_fastrtps_c.c
[8.907s] -- Installing: /home/nextup/ros2_ws2/src/install/my_robot_interfaces/local/lib/python3.10/dist-packages/my_robot_interfaces/my_robot_interfaces_s__rosidl_typesupport_introspection_c.cpython-310-x86_64-linux-gnu.so
[8.908s] -- Installing: /home/nextup/ros2_ws2/src/install/my_robot_interfaces/local/lib/python3.10/dist-packages/my_robot_interfaces/_my_robot_interfaces_s.ep.rosidl_typesupport_c.c
[8.908s] -- Up-to-date: /home/nextup/ros2_ws2/src/install/my_robot_interfaces/local/lib/python3.10/dist-packages/my_robot_interfaces/action
[8.908s] -- Installing: /home/nextup/ros2_ws2/src/install/my_robot_interfaces/local/lib/python3.10/dist-packages/my_robot_interfaces/action/_move_turtle_s.c
[8.908s] -- Installing: /home/nextup/ros2_ws2/src/install/my_robot_interfaces/local/lib/python3.10/dist-packages/my_robot_interfaces/action/_move_robot.py
[8.908s] -- Installing: /home/nextup/ros2_ws2/src/install/my_robot_interfaces/local/lib/python3.10/dist-packages/my_robot_interfaces/action/_count_until.py
[8.908s] -- Installing: /home/nextup/ros2_ws2/src/install/my_robot_interfaces/local/lib/python3.10/dist-packages/my_robot_interfaces/action/_count_until_s.c
[8.908s] -- Installing: /home/nextup/ros2_ws2/src/install/my_robot_interfaces/local/lib/python3.10/dist-packages/my_robot_interfaces/action/__init__.py
[8.908s] -- Installing: /home/nextup/ros2_ws2/src/install/my_robot_interfaces/local/lib/python3.10/dist-packages/my_robot_interfaces/action/_move_turtle.py
[8.908s] -- Installing: /home/nextup/ros2_ws2/src/install/my_robot_interfaces/local/lib/python3.10/dist-packages/my_robot_interfaces/action/_move_robot_s.c
[8.909s] -- Installing: /home/nextup/ros2_ws2/src/install/my_robot_interfaces/local/lib/python3.10/dist-packages/my_robot_interfaces/libmy_robot_interfaces__rosidl_generator_py.so
[8.909s] -- Installing: /home/nextup/ros2_ws2/src/install/my_robot_interfaces/local/lib/python3.10/dist-packages/my_robot_interfaces/__init__.py
[8.909s] -- Installing: /home/nextup/ros2_ws2/src/install/my_robot_interfaces/local/lib/python3.10/dist-packages/my_robot_interfaces/_my_robot_interfaces_s.ep.rosidl_typesupport_introspection_c.c
[8.909s] -- Installing: /home/nextup/ros2_ws2/src/install/my_robot_interfaces/local/lib/python3.10/dist-packages/my_robot_interfaces/my_robot_interfaces_s__rosidl_typesupport_c.cpython-310-x86_64-linux-gnu.so
[8.909s] -- Installing: /home/nextup/ros2_ws2/src/install/my_robot_interfaces/local/lib/python3.10/dist-packages/my_robot_interfaces/my_robot_interfaces_s__rosidl_typesupport_fastrtps_c.cpython-310-x86_64-linux-gnu.so
[9.055s] Listing '/home/nextup/ros2_ws2/src/install/my_robot_interfaces/local/lib/python3.10/dist-packages/my_robot_interfaces'...
[9.055s] Compiling '/home/nextup/ros2_ws2/src/install/my_robot_interfaces/local/lib/python3.10/dist-packages/my_robot_interfaces/__init__.py'...
[9.056s] Listing '/home/nextup/ros2_ws2/src/install/my_robot_interfaces/local/lib/python3.10/dist-packages/my_robot_interfaces/action'...
[9.056s] Compiling '/home/nextup/ros2_ws2/src/install/my_robot_interfaces/local/lib/python3.10/dist-packages/my_robot_interfaces/action/__init__.py'...
[9.056s] Compiling '/home/nextup/ros2_ws2/src/install/my_robot_interfaces/local/lib/python3.10/dist-packages/my_robot_interfaces/action/_count_until.py'...
[9.056s] Compiling '/home/nextup/ros2_ws2/src/install/my_robot_interfaces/local/lib/python3.10/dist-packages/my_robot_interfaces/action/_move_robot.py'...
[9.056s] Compiling '/home/nextup/ros2_ws2/src/install/my_robot_interfaces/local/lib/python3.10/dist-packages/my_robot_interfaces/action/_move_turtle.py'...
[9.068s] -- Installing: /home/nextup/ros2_ws2/src/install/my_robot_interfaces/local/lib/python3.10/dist-packages/my_robot_interfaces/my_robot_interfaces_s__rosidl_typesupport_fastrtps_c.cpython-310-x86_64-linux-gnu.so
[9.069s] -- Set runtime path of "/home/nextup/ros2_ws2/src/install/my_robot_interfaces/local/lib/python3.10/dist-packages/my_robot_interfaces/my_robot_interfaces_s__rosidl_typesupport_fastrtps_c.cpython-310-x86_64-linux-gnu.so" to ""
[9.069s] -- Installing: /home/nextup/ros2_ws2/src/install/my_robot_interfaces/local/lib/python3.10/dist-packages/my_robot_interfaces/my_robot_interfaces_s__rosidl_typesupport_introspection_c.cpython-310-x86_64-linux-gnu.so
[9.069s] -- Set runtime path of "/home/nextup/ros2_ws2/src/install/my_robot_interfaces/local/lib/python3.10/dist-packages/my_robot_interfaces/my_robot_interfaces_s__rosidl_typesupport_introspection_c.cpython-310-x86_64-linux-gnu.so" to ""
[9.069s] -- Installing: /home/nextup/ros2_ws2/src/install/my_robot_interfaces/local/lib/python3.10/dist-packages/my_robot_interfaces/my_robot_interfaces_s__rosidl_typesupport_c.cpython-310-x86_64-linux-gnu.so
[9.070s] -- Set runtime path of "/home/nextup/ros2_ws2/src/install/my_robot_interfaces/local/lib/python3.10/dist-packages/my_robot_interfaces/my_robot_interfaces_s__rosidl_typesupport_c.cpython-310-x86_64-linux-gnu.so" to ""
[9.071s] -- Installing: /home/nextup/ros2_ws2/src/install/my_robot_interfaces/lib/libmy_robot_interfaces__rosidl_generator_py.so
[9.072s] -- Set runtime path of "/home/nextup/ros2_ws2/src/install/my_robot_interfaces/lib/libmy_robot_interfaces__rosidl_generator_py.so" to ""
[9.072s] -- Up-to-date: /home/nextup/ros2_ws2/src/install/my_robot_interfaces/share/my_robot_interfaces/action/CountUntil.idl
[9.072s] -- Up-to-date: /home/nextup/ros2_ws2/src/install/my_robot_interfaces/share/my_robot_interfaces/action/MoveRobot.idl
[9.072s] -- Installing: /home/nextup/ros2_ws2/src/install/my_robot_interfaces/share/my_robot_interfaces/action/MoveTurtle.idl
[9.072s] -- Up-to-date: /home/nextup/ros2_ws2/src/install/my_robot_interfaces/share/my_robot_interfaces/action/CountUntil.action
[9.073s] -- Up-to-date: /home/nextup/ros2_ws2/src/install/my_robot_interfaces/share/my_robot_interfaces/action/MoveRobot.action
[9.073s] -- Installing: /home/nextup/ros2_ws2/src/install/my_robot_interfaces/share/my_robot_interfaces/action/MoveTurtle.action
[9.073s] -- Up-to-date: /home/nextup/ros2_ws2/src/install/my_robot_interfaces/share/ament_index/resource_index/package_run_dependencies/my_robot_interfaces
[9.073s] -- Installing: /home/nextup/ros2_ws2/src/install/my_robot_interfaces/share/ament_index/resource_index/parent_prefix_path/my_robot_interfaces
[9.073s] -- Up-to-date: /home/nextup/ros2_ws2/src/install/my_robot_interfaces/share/my_robot_interfaces/environment/ament_prefix_path.sh
[9.073s] -- Installing: /home/nextup/ros2_ws2/src/install/my_robot_interfaces/share/my_robot_interfaces/environment/ament_prefix_path.dsv
[9.073s] -- Up-to-date: /home/nextup/ros2_ws2/src/install/my_robot_interfaces/share/my_robot_interfaces/environment/path.sh
[9.074s] -- Installing: /home/nextup/ros2_ws2/src/install/my_robot_interfaces/share/my_robot_interfaces/environment/path.dsv
[9.074s] -- Up-to-date: /home/nextup/ros2_ws2/src/install/my_robot_interfaces/share/my_robot_interfaces/local_setup.bash
[9.074s] -- Up-to-date: /home/nextup/ros2_ws2/src/install/my_robot_interfaces/share/my_robot_interfaces/local_setup.sh
[9.074s] -- Up-to-date: /home/nextup/ros2_ws2/src/install/my_robot_interfaces/share/my_robot_interfaces/local_setup.zsh
[9.074s] -- Installing: /home/nextup/ros2_ws2/src/install/my_robot_interfaces/share/my_robot_interfaces/local_setup.dsv
[9.074s] -- Installing: /home/nextup/ros2_ws2/src/install/my_robot_interfaces/share/my_robot_interfaces/package.dsv
[9.075s] -- Up-to-date: /home/nextup/ros2_ws2/src/install/my_robot_interfaces/share/ament_index/resource_index/packages/my_robot_interfaces
[9.075s] -- Up-to-date: /home/nextup/ros2_ws2/src/install/my_robot_interfaces/share/my_robot_interfaces/cmake/export_my_robot_interfaces__rosidl_generator_cExport.cmake
[9.075s] -- Up-to-date: /home/nextup/ros2_ws2/src/install/my_robot_interfaces/share/my_robot_interfaces/cmake/export_my_robot_interfaces__rosidl_generator_cExport-noconfig.cmake
[9.075s] -- Up-to-date: /home/nextup/ros2_ws2/src/install/my_robot_interfaces/share/my_robot_interfaces/cmake/export_my_robot_interfaces__rosidl_typesupport_fastrtps_cExport.cmake
[9.075s] -- Up-to-date: /home/nextup/ros2_ws2/src/install/my_robot_interfaces/share/my_robot_interfaces/cmake/export_my_robot_interfaces__rosidl_typesupport_fastrtps_cExport-noconfig.cmake
[9.075s] -- Up-to-date: /home/nextup/ros2_ws2/src/install/my_robot_interfaces/share/my_robot_interfaces/cmake/my_robot_interfaces__rosidl_typesupport_introspection_cExport.cmake
[9.075s] -- Up-to-date: /home/nextup/ros2_ws2/src/install/my_robot_interfaces/share/my_robot_interfaces/cmake/my_robot_interfaces__rosidl_typesupport_introspection_cExport-noconfig.cmake
[9.076s] -- Up-to-date: /home/nextup/ros2_ws2/src/install/my_robot_interfaces/share/my_robot_interfaces/cmake/my_robot_interfaces__rosidl_typesupport_cExport.cmake
[9.076s] -- Up-to-date: /home/nextup/ros2_ws2/src/install/my_robot_interfaces/share/my_robot_interfaces/cmake/my_robot_interfaces__rosidl_typesupport_cExport-noconfig.cmake
[9.076s] -- Up-to-date: /home/nextup/ros2_ws2/src/install/my_robot_interfaces/share/my_robot_interfaces/cmake/export_my_robot_interfaces__rosidl_generator_cppExport.cmake
[9.076s] -- Up-to-date: /home/nextup/ros2_ws2/src/install/my_robot_interfaces/share/my_robot_interfaces/cmake/export_my_robot_interfaces__rosidl_typesupport_fastrtps_cppExport.cmake
[9.076s] -- Up-to-date: /home/nextup/ros2_ws2/src/install/my_robot_interfaces/share/my_robot_interfaces/cmake/export_my_robot_interfaces__rosidl_typesupport_fastrtps_cppExport-noconfig.cmake
[9.076s] -- Up-to-date: /home/nextup/ros2_ws2/src/install/my_robot_interfaces/share/my_robot_interfaces/cmake/my_robot_interfaces__rosidl_typesupport_introspection_cppExport.cmake
[9.076s] -- Up-to-date: /home/nextup/ros2_ws2/src/install/my_robot_interfaces/share/my_robot_interfaces/cmake/my_robot_interfaces__rosidl_typesupport_introspection_cppExport-noconfig.cmake
[9.076s] -- Up-to-date: /home/nextup/ros2_ws2/src/install/my_robot_interfaces/share/my_robot_interfaces/cmake/my_robot_interfaces__rosidl_typesupport_cppExport.cmake
[9.077s] -- Up-to-date: /home/nextup/ros2_ws2/src/install/my_robot_interfaces/share/my_robot_interfaces/cmake/my_robot_interfaces__rosidl_typesupport_cppExport-noconfig.cmake
[9.077s] -- Up-to-date: /home/nextup/ros2_ws2/src/install/my_robot_interfaces/share/my_robot_interfaces/cmake/export_my_robot_interfaces__rosidl_generator_pyExport.cmake
[9.077s] -- Up-to-date: /home/nextup/ros2_ws2/src/install/my_robot_interfaces/share/my_robot_interfaces/cmake/export_my_robot_interfaces__rosidl_generator_pyExport-noconfig.cmake
[9.077s] -- Installing: /home/nextup/ros2_ws2/src/install/my_robot_interfaces/share/my_robot_interfaces/cmake/rosidl_cmake-extras.cmake
[9.077s] -- Up-to-date: /home/nextup/ros2_ws2/src/install/my_robot_interfaces/share/my_robot_interfaces/cmake/ament_cmake_export_dependencies-extras.cmake
[9.077s] -- Up-to-date: /home/nextup/ros2_ws2/src/install/my_robot_interfaces/share/my_robot_interfaces/cmake/ament_cmake_export_include_directories-extras.cmake
[9.077s] -- Up-to-date: /home/nextup/ros2_ws2/src/install/my_robot_interfaces/share/my_robot_interfaces/cmake/ament_cmake_export_libraries-extras.cmake
[9.077s] -- Up-to-date: /home/nextup/ros2_ws2/src/install/my_robot_interfaces/share/my_robot_interfaces/cmake/ament_cmake_export_targets-extras.cmake
[9.077s] -- Up-to-date: /home/nextup/ros2_ws2/src/install/my_robot_interfaces/share/my_robot_interfaces/cmake/rosidl_cmake_export_typesupport_targets-extras.cmake
[9.078s] -- Up-to-date: /home/nextup/ros2_ws2/src/install/my_robot_interfaces/share/my_robot_interfaces/cmake/rosidl_cmake_export_typesupport_libraries-extras.cmake
[9.078s] -- Up-to-date: /home/nextup/ros2_ws2/src/install/my_robot_interfaces/share/my_robot_interfaces/cmake/my_robot_interfacesConfig.cmake
[9.078s] -- Up-to-date: /home/nextup/ros2_ws2/src/install/my_robot_interfaces/share/my_robot_interfaces/cmake/my_robot_interfacesConfig-version.cmake
[9.078s] -- Up-to-date: /home/nextup/ros2_ws2/src/install/my_robot_interfaces/share/my_robot_interfaces/package.xml
[9.082s] Invoked command in '/home/nextup/ros2_ws2/src/build/my_robot_interfaces' returned '0': CMAKE_PREFIX_PATH=${CMAKE_PREFIX_PATH}:/home/nextup/ros2_ws2/install/actions_py:/home/nextup/ros2_ws2/install/lifecycle_py:/home/nextup/ros2_ws2/install/executors_py:/home/nextup/ros2_ws2/src/install/actions_py:/home/nextup/ros2_ws2/src/install/lifecycle_py:/opt/ros/humble /usr/bin/cmake --install /home/nextup/ros2_ws2/src/build/my_robot_interfaces
