running develop
Removing /home/nextup/ros2_ws2/src/install/lifecycle_py/lib/python3.10/site-packages/lifecycle-py.egg-link (link to .)
running egg_info
writing ../build/lifecycle_py/lifecycle_py.egg-info/PKG-INFO
writing dependency_links to ../build/lifecycle_py/lifecycle_py.egg-info/dependency_links.txt
writing entry points to ../build/lifecycle_py/lifecycle_py.egg-info/entry_points.txt
writing requirements to ../build/lifecycle_py/lifecycle_py.egg-info/requires.txt
writing top-level names to ../build/lifecycle_py/lifecycle_py.egg-info/top_level.txt
reading manifest file '../build/lifecycle_py/lifecycle_py.egg-info/SOURCES.txt'
writing manifest file '../build/lifecycle_py/lifecycle_py.egg-info/SOURCES.txt'
running build
running build_py
copying lifecycle_py/move_robot_startup.py -> /home/nextup/ros2_ws2/src/build/lifecycle_py/build/lib/lifecycle_py
copying lifecycle_py/move_robot_server.py -> /home/nextup/ros2_ws2/src/build/lifecycle_py/build/lib/lifecycle_py
running install
running install_lib
creating /home/nextup/ros2_ws2/src/install/lifecycle_py/lib/python3.10/site-packages/lifecycle_py
copying /home/nextup/ros2_ws2/src/build/lifecycle_py/build/lib/lifecycle_py/move_robot_startup.py -> /home/nextup/ros2_ws2/src/install/lifecycle_py/lib/python3.10/site-packages/lifecycle_py
copying /home/nextup/ros2_ws2/src/build/lifecycle_py/build/lib/lifecycle_py/lifecycle_node_manager.py -> /home/nextup/ros2_ws2/src/install/lifecycle_py/lib/python3.10/site-packages/lifecycle_py
copying /home/nextup/ros2_ws2/src/build/lifecycle_py/build/lib/lifecycle_py/__init__.py -> /home/nextup/ros2_ws2/src/install/lifecycle_py/lib/python3.10/site-packages/lifecycle_py
copying /home/nextup/ros2_ws2/src/build/lifecycle_py/build/lib/lifecycle_py/number_publisher.py -> /home/nextup/ros2_ws2/src/install/lifecycle_py/lib/python3.10/site-packages/lifecycle_py
copying /home/nextup/ros2_ws2/src/build/lifecycle_py/build/lib/lifecycle_py/move_robot_server.py -> /home/nextup/ros2_ws2/src/install/lifecycle_py/lib/python3.10/site-packages/lifecycle_py
byte-compiling /home/nextup/ros2_ws2/src/install/lifecycle_py/lib/python3.10/site-packages/lifecycle_py/move_robot_startup.py to move_robot_startup.cpython-310.pyc
byte-compiling /home/nextup/ros2_ws2/src/install/lifecycle_py/lib/python3.10/site-packages/lifecycle_py/lifecycle_node_manager.py to lifecycle_node_manager.cpython-310.pyc
byte-compiling /home/nextup/ros2_ws2/src/install/lifecycle_py/lib/python3.10/site-packages/lifecycle_py/__init__.py to __init__.cpython-310.pyc
byte-compiling /home/nextup/ros2_ws2/src/install/lifecycle_py/lib/python3.10/site-packages/lifecycle_py/number_publisher.py to number_publisher.cpython-310.pyc
byte-compiling /home/nextup/ros2_ws2/src/install/lifecycle_py/lib/python3.10/site-packages/lifecycle_py/move_robot_server.py to move_robot_server.cpython-310.pyc
running install_data
copying resource/lifecycle_py -> /home/nextup/ros2_ws2/src/install/lifecycle_py/share/ament_index/resource_index/packages
copying package.xml -> /home/nextup/ros2_ws2/src/install/lifecycle_py/share/lifecycle_py
running install_egg_info
Copying ../build/lifecycle_py/lifecycle_py.egg-info to /home/nextup/ros2_ws2/src/install/lifecycle_py/lib/python3.10/site-packages/lifecycle_py-0.0.0-py3.10.egg-info
running install_scripts
Installing lifecycle_node_manager script to /home/nextup/ros2_ws2/src/install/lifecycle_py/lib/lifecycle_py
Installing move_robot_server script to /home/nextup/ros2_ws2/src/install/lifecycle_py/lib/lifecycle_py
Installing number_publisher script to /home/nextup/ros2_ws2/src/install/lifecycle_py/lib/lifecycle_py
writing list of installed files to '/home/nextup/ros2_ws2/src/build/lifecycle_py/install.log'
