[0.809s] Invoking command in '/home/nextup/ros2_ws2/src/build/lifecycle_py': PYTHONPATH=/home/nextup/ros2_ws2/src/build/lifecycle_py/prefix_override:/home/nextup/ros2_ws2/src/install/lifecycle_py/lib/python3.10/site-packages:${PYTHONPATH} /usr/bin/python3 -W ignore:setup.py install is deprecated setup.py develop --uninstall --editable --build-directory /home/nextup/ros2_ws2/src/build/lifecycle_py/build
[1.053s] running develop
[1.054s] /home/nextup/.local/lib/python3.10/site-packages/setuptools/command/develop.py:42: EasyInstallDeprecationWarning: easy_install command is deprecated.
[1.054s] !!
[1.054s] 
[1.054s]         ********************************************************************************
[1.054s]         Please avoid running ``setup.py`` and ``easy_install``.
[1.054s]         Instead, use pypa/build, pypa/installer or other
[1.054s]         standards-based tools.
[1.054s] 
[1.054s]         See https://github.com/pypa/setuptools/issues/917 for details.
[1.054s]         ********************************************************************************
[1.054s] 
[1.055s] !!
[1.055s]   easy_install.initialize_options(self)
[1.202s] Removing /home/nextup/ros2_ws2/src/install/lifecycle_py/lib/python3.10/site-packages/lifecycle-py.egg-link (link to .)
[1.246s] Invoked command in '/home/nextup/ros2_ws2/src/build/lifecycle_py' returned '0': PYTHONPATH=/home/nextup/ros2_ws2/src/build/lifecycle_py/prefix_override:/home/nextup/ros2_ws2/src/install/lifecycle_py/lib/python3.10/site-packages:${PYTHONPATH} /usr/bin/python3 -W ignore:setup.py install is deprecated setup.py develop --uninstall --editable --build-directory /home/nextup/ros2_ws2/src/build/lifecycle_py/build
[1.246s] Invoking command in '/home/nextup/ros2_ws2/src/lifecycle_py': PYTHONPATH=/home/nextup/ros2_ws2/src/build/lifecycle_py/prefix_override:/home/nextup/ros2_ws2/src/install/lifecycle_py/lib/python3.10/site-packages:${PYTHONPATH} /usr/bin/python3 -W ignore:setup.py install is deprecated setup.py egg_info --egg-base ../build/lifecycle_py build --build-base /home/nextup/ros2_ws2/src/build/lifecycle_py/build install --record /home/nextup/ros2_ws2/src/build/lifecycle_py/install.log --single-version-externally-managed install_data --force
[1.619s] running egg_info
[1.644s] writing ../build/lifecycle_py/lifecycle_py.egg-info/PKG-INFO
[1.645s] writing dependency_links to ../build/lifecycle_py/lifecycle_py.egg-info/dependency_links.txt
[1.645s] writing entry points to ../build/lifecycle_py/lifecycle_py.egg-info/entry_points.txt
[1.645s] writing requirements to ../build/lifecycle_py/lifecycle_py.egg-info/requires.txt
[1.646s] writing top-level names to ../build/lifecycle_py/lifecycle_py.egg-info/top_level.txt
[1.695s] reading manifest file '../build/lifecycle_py/lifecycle_py.egg-info/SOURCES.txt'
[1.696s] writing manifest file '../build/lifecycle_py/lifecycle_py.egg-info/SOURCES.txt'
[1.696s] running build
[1.697s] running build_py
[1.697s] copying lifecycle_py/move_robot_startup.py -> /home/nextup/ros2_ws2/src/build/lifecycle_py/build/lib/lifecycle_py
[1.697s] copying lifecycle_py/move_robot_server.py -> /home/nextup/ros2_ws2/src/build/lifecycle_py/build/lib/lifecycle_py
[1.698s] running install
[1.704s] running install_lib
[1.730s] creating /home/nextup/ros2_ws2/src/install/lifecycle_py/lib/python3.10/site-packages/lifecycle_py
[1.730s] copying /home/nextup/ros2_ws2/src/build/lifecycle_py/build/lib/lifecycle_py/move_robot_startup.py -> /home/nextup/ros2_ws2/src/install/lifecycle_py/lib/python3.10/site-packages/lifecycle_py
[1.731s] copying /home/nextup/ros2_ws2/src/build/lifecycle_py/build/lib/lifecycle_py/lifecycle_node_manager.py -> /home/nextup/ros2_ws2/src/install/lifecycle_py/lib/python3.10/site-packages/lifecycle_py
[1.731s] copying /home/nextup/ros2_ws2/src/build/lifecycle_py/build/lib/lifecycle_py/__init__.py -> /home/nextup/ros2_ws2/src/install/lifecycle_py/lib/python3.10/site-packages/lifecycle_py
[1.731s] copying /home/nextup/ros2_ws2/src/build/lifecycle_py/build/lib/lifecycle_py/number_publisher.py -> /home/nextup/ros2_ws2/src/install/lifecycle_py/lib/python3.10/site-packages/lifecycle_py
[1.731s] copying /home/nextup/ros2_ws2/src/build/lifecycle_py/build/lib/lifecycle_py/move_robot_server.py -> /home/nextup/ros2_ws2/src/install/lifecycle_py/lib/python3.10/site-packages/lifecycle_py
[1.731s] byte-compiling /home/nextup/ros2_ws2/src/install/lifecycle_py/lib/python3.10/site-packages/lifecycle_py/move_robot_startup.py to move_robot_startup.cpython-310.pyc
[1.732s] byte-compiling /home/nextup/ros2_ws2/src/install/lifecycle_py/lib/python3.10/site-packages/lifecycle_py/lifecycle_node_manager.py to lifecycle_node_manager.cpython-310.pyc
[1.732s] byte-compiling /home/nextup/ros2_ws2/src/install/lifecycle_py/lib/python3.10/site-packages/lifecycle_py/__init__.py to __init__.cpython-310.pyc
[1.732s] byte-compiling /home/nextup/ros2_ws2/src/install/lifecycle_py/lib/python3.10/site-packages/lifecycle_py/number_publisher.py to number_publisher.cpython-310.pyc
[1.733s] byte-compiling /home/nextup/ros2_ws2/src/install/lifecycle_py/lib/python3.10/site-packages/lifecycle_py/move_robot_server.py to move_robot_server.cpython-310.pyc
[1.734s] running install_data
[1.734s] copying resource/lifecycle_py -> /home/nextup/ros2_ws2/src/install/lifecycle_py/share/ament_index/resource_index/packages
[1.734s] copying package.xml -> /home/nextup/ros2_ws2/src/install/lifecycle_py/share/lifecycle_py
[1.734s] running install_egg_info
[1.746s] Copying ../build/lifecycle_py/lifecycle_py.egg-info to /home/nextup/ros2_ws2/src/install/lifecycle_py/lib/python3.10/site-packages/lifecycle_py-0.0.0-py3.10.egg-info
[1.747s] running install_scripts
[1.857s] Installing lifecycle_node_manager script to /home/nextup/ros2_ws2/src/install/lifecycle_py/lib/lifecycle_py
[1.859s] Installing move_robot_server script to /home/nextup/ros2_ws2/src/install/lifecycle_py/lib/lifecycle_py
[1.859s] Installing number_publisher script to /home/nextup/ros2_ws2/src/install/lifecycle_py/lib/lifecycle_py
[1.860s] writing list of installed files to '/home/nextup/ros2_ws2/src/build/lifecycle_py/install.log'
[1.915s] Invoked command in '/home/nextup/ros2_ws2/src/lifecycle_py' returned '0': PYTHONPATH=/home/nextup/ros2_ws2/src/build/lifecycle_py/prefix_override:/home/nextup/ros2_ws2/src/install/lifecycle_py/lib/python3.10/site-packages:${PYTHONPATH} /usr/bin/python3 -W ignore:setup.py install is deprecated setup.py egg_info --egg-base ../build/lifecycle_py build --build-base /home/nextup/ros2_ws2/src/build/lifecycle_py/build install --record /home/nextup/ros2_ws2/src/build/lifecycle_py/install.log --single-version-externally-managed install_data --force
