[0.238s] Invoking command in '/home/anjali/arduinoboot_ws/src/build/arduniobot_movelt': CMAKE_PREFIX_PATH=${CMAKE_PREFIX_PATH}:/home/anjali/arduinoboot_ws/install/arduinoboot_py_examples:/opt/ros/humble /usr/bin/cmake --build /home/anjali/arduinoboot_ws/src/build/arduniobot_movelt -- -j16 -l16
[0.290s] Invoked command in '/home/anjali/arduinoboot_ws/src/build/arduniobot_movelt' returned '0': CMAKE_PREFIX_PATH=${CMAKE_PREFIX_PATH}:/home/anjali/arduinoboot_ws/install/arduinoboot_py_examples:/opt/ros/humble /usr/bin/cmake --build /home/anjali/arduinoboot_ws/src/build/arduniobot_movelt -- -j16 -l16
[0.330s] Invoking command in '/home/anjali/arduinoboot_ws/src/build/arduniobot_movelt': CMAKE_PREFIX_PATH=${CMAKE_PREFIX_PATH}:/home/anjali/arduinoboot_ws/install/arduinoboot_py_examples:/opt/ros/humble /usr/bin/cmake --install /home/anjali/arduinoboot_ws/src/build/arduniobot_movelt
[0.339s] -- Install configuration: ""
[0.339s] -- Up-to-date: /home/anjali/arduinoboot_ws/src/install/arduniobot_movelt/share/arduniobot_movelt/launch
[0.339s] -- Up-to-date: /home/anjali/arduinoboot_ws/src/install/arduniobot_movelt/share/arduniobot_movelt/launch/moveit.launch.py
[0.339s] -- Up-to-date: /home/anjali/arduinoboot_ws/src/install/arduniobot_movelt/share/arduniobot_movelt/config
[0.339s] -- Up-to-date: /home/anjali/arduinoboot_ws/src/install/arduniobot_movelt/share/arduniobot_movelt/config/kinematic.yaml
[0.339s] -- Up-to-date: /home/anjali/arduinoboot_ws/src/install/arduniobot_movelt/share/arduniobot_movelt/config/initial_positions.yaml
[0.339s] -- Up-to-date: /home/anjali/arduinoboot_ws/src/install/arduniobot_movelt/share/arduniobot_movelt/config/joint_limits.yaml
[0.340s] -- Up-to-date: /home/anjali/arduinoboot_ws/src/install/arduniobot_movelt/share/arduniobot_movelt/config/moveit_controller.yaml
[0.340s] -- Up-to-date: /home/anjali/arduinoboot_ws/src/install/arduniobot_movelt/share/arduniobot_movelt/config/arduniobot_movelt
[0.340s] -- Up-to-date: /home/anjali/arduinoboot_ws/src/install/arduniobot_movelt/share/arduniobot_movelt/config/pliz_cartesian_limits.yaml
[0.340s] -- Up-to-date: /home/anjali/arduinoboot_ws/src/install/arduniobot_movelt/share/arduniobot_movelt/config/arduniobot.srdf
[0.340s] -- Up-to-date: /home/anjali/arduinoboot_ws/src/install/arduniobot_movelt/share/ament_index/resource_index/package_run_dependencies/arduniobot_movelt
[0.340s] -- Up-to-date: /home/anjali/arduinoboot_ws/src/install/arduniobot_movelt/share/ament_index/resource_index/parent_prefix_path/arduniobot_movelt
[0.341s] -- Up-to-date: /home/anjali/arduinoboot_ws/src/install/arduniobot_movelt/share/arduniobot_movelt/environment/ament_prefix_path.sh
[0.341s] -- Up-to-date: /home/anjali/arduinoboot_ws/src/install/arduniobot_movelt/share/arduniobot_movelt/environment/ament_prefix_path.dsv
[0.341s] -- Up-to-date: /home/anjali/arduinoboot_ws/src/install/arduniobot_movelt/share/arduniobot_movelt/environment/path.sh
[0.341s] -- Up-to-date: /home/anjali/arduinoboot_ws/src/install/arduniobot_movelt/share/arduniobot_movelt/environment/path.dsv
[0.342s] -- Up-to-date: /home/anjali/arduinoboot_ws/src/install/arduniobot_movelt/share/arduniobot_movelt/local_setup.bash
[0.343s] -- Up-to-date: /home/anjali/arduinoboot_ws/src/install/arduniobot_movelt/share/arduniobot_movelt/local_setup.sh
[0.343s] -- Up-to-date: /home/anjali/arduinoboot_ws/src/install/arduniobot_movelt/share/arduniobot_movelt/local_setup.zsh
[0.343s] -- Up-to-date: /home/anjali/arduinoboot_ws/src/install/arduniobot_movelt/share/arduniobot_movelt/local_setup.dsv
[0.343s] -- Up-to-date: /home/anjali/arduinoboot_ws/src/install/arduniobot_movelt/share/arduniobot_movelt/package.dsv
[0.343s] -- Up-to-date: /home/anjali/arduinoboot_ws/src/install/arduniobot_movelt/share/ament_index/resource_index/packages/arduniobot_movelt
[0.343s] -- Up-to-date: /home/anjali/arduinoboot_ws/src/install/arduniobot_movelt/share/arduniobot_movelt/cmake/ament_cmake_export_dependencies-extras.cmake
[0.343s] -- Up-to-date: /home/anjali/arduinoboot_ws/src/install/arduniobot_movelt/share/arduniobot_movelt/cmake/arduniobot_moveltConfig.cmake
[0.343s] -- Up-to-date: /home/anjali/arduinoboot_ws/src/install/arduniobot_movelt/share/arduniobot_movelt/cmake/arduniobot_moveltConfig-version.cmake
[0.343s] -- Up-to-date: /home/anjali/arduinoboot_ws/src/install/arduniobot_movelt/share/arduniobot_movelt/package.xml
[0.344s] Invoked command in '/home/anjali/arduinoboot_ws/src/build/arduniobot_movelt' returned '0': CMAKE_PREFIX_PATH=${CMAKE_PREFIX_PATH}:/home/anjali/arduinoboot_ws/install/arduinoboot_py_examples:/opt/ros/humble /usr/bin/cmake --install /home/anjali/arduinoboot_ws/src/build/arduniobot_movelt
