-- The C compiler identification is GNU 11.4.0
-- The CXX compiler identification is GNU 11.4.0
-- Detecting C compiler ABI info
-- Detecting C compiler ABI info - done
-- Check for working C compiler: /usr/bin/cc - skipped
-- Detecting C compile features
-- Detecting C compile features - done
-- Detecting CXX compiler ABI info
-- Detecting CXX compiler ABI info - done
-- Check for working CXX compiler: /usr/bin/c++ - skipped
-- Detecting CXX compile features
-- Detecting CXX compile features - done
-- Found ament_cmake: 1.3.9 (/opt/ros/humble/share/ament_cmake/cmake)
-- Found Python3: /usr/bin/python3 (found version "3.10.12") found components: Interpreter 
-- Found ament_lint_auto: 0.12.11 (/opt/ros/humble/share/ament_lint_auto/cmake)
-- Added test 'lint_cmake' to check CMake code style
-- Added test 'xmllint' to check XML markup files
-- Configuring done
-- Generating done
-- Build files have been written to: /home/nextup/ros2_ws/src/build/turtle_catch
-- Install configuration: ""
-- Installing: /home/nextup/ros2_ws/src/install/turtle_catch/share/ament_index/resource_index/package_run_dependencies/turtle_catch
-- Installing: /home/nextup/ros2_ws/src/install/turtle_catch/share/ament_index/resource_index/parent_prefix_path/turtle_catch
-- Installing: /home/nextup/ros2_ws/src/install/turtle_catch/share/turtle_catch/environment/ament_prefix_path.sh
-- Installing: /home/nextup/ros2_ws/src/install/turtle_catch/share/turtle_catch/environment/ament_prefix_path.dsv
-- Installing: /home/nextup/ros2_ws/src/install/turtle_catch/share/turtle_catch/environment/path.sh
-- Installing: /home/nextup/ros2_ws/src/install/turtle_catch/share/turtle_catch/environment/path.dsv
-- Installing: /home/nextup/ros2_ws/src/install/turtle_catch/share/turtle_catch/local_setup.bash
-- Installing: /home/nextup/ros2_ws/src/install/turtle_catch/share/turtle_catch/local_setup.sh
-- Installing: /home/nextup/ros2_ws/src/install/turtle_catch/share/turtle_catch/local_setup.zsh
-- Installing: /home/nextup/ros2_ws/src/install/turtle_catch/share/turtle_catch/local_setup.dsv
-- Installing: /home/nextup/ros2_ws/src/install/turtle_catch/share/turtle_catch/package.dsv
-- Installing: /home/nextup/ros2_ws/src/install/turtle_catch/share/ament_index/resource_index/packages/turtle_catch
-- Installing: /home/nextup/ros2_ws/src/install/turtle_catch/share/turtle_catch/cmake/turtle_catchConfig.cmake
-- Installing: /home/nextup/ros2_ws/src/install/turtle_catch/share/turtle_catch/cmake/turtle_catchConfig-version.cmake
-- Installing: /home/nextup/ros2_ws/src/install/turtle_catch/share/turtle_catch/package.xml
