[0.008s] Invoking command in '/home/nextup/ros2_ws/src/build/turtle_catch': CMAKE_PREFIX_PATH=${CMAKE_PREFIX_PATH}:/home/nextup/ros2_ws/install/my_py_pkg:/opt/ros/humble /usr/bin/cmake /home/nextup/ros2_ws/src/turtle_catch -DCMAKE_INSTALL_PREFIX=/home/nextup/ros2_ws/src/install/turtle_catch
[0.059s] -- The C compiler identification is GNU 11.4.0
[0.097s] -- The CXX compiler identification is GNU 11.4.0
[0.103s] -- Detecting C compiler ABI info
[0.152s] -- Detecting C compiler ABI info - done
[0.156s] -- Check for working C compiler: /usr/bin/cc - skipped
[0.156s] -- Detecting C compile features
[0.157s] -- Detecting C compile features - done
[0.159s] -- Detecting CXX compiler ABI info
[0.210s] -- Detecting CXX compiler ABI info - done
[0.215s] -- Check for working CXX compiler: /usr/bin/c++ - skipped
[0.215s] -- Detecting CXX compile features
[0.215s] -- Detecting CXX compile features - done
[0.218s] -- Found ament_cmake: 1.3.9 (/opt/ros/humble/share/ament_cmake/cmake)
[0.315s] -- Found Python3: /usr/bin/python3 (found version "3.10.12") found components: Interpreter 
[0.370s] -- Found ament_lint_auto: 0.12.11 (/opt/ros/humble/share/ament_lint_auto/cmake)
[0.421s] -- Added test 'lint_cmake' to check CMake code style
[0.422s] -- Added test 'xmllint' to check XML markup files
[0.423s] -- Configuring done
[0.425s] -- Generating done
[0.425s] -- Build files have been written to: /home/nextup/ros2_ws/src/build/turtle_catch
[0.429s] Invoked command in '/home/nextup/ros2_ws/src/build/turtle_catch' returned '0': CMAKE_PREFIX_PATH=${CMAKE_PREFIX_PATH}:/home/nextup/ros2_ws/install/my_py_pkg:/opt/ros/humble /usr/bin/cmake /home/nextup/ros2_ws/src/turtle_catch -DCMAKE_INSTALL_PREFIX=/home/nextup/ros2_ws/src/install/turtle_catch
[0.431s] Invoking command in '/home/nextup/ros2_ws/src/build/turtle_catch': CMAKE_PREFIX_PATH=${CMAKE_PREFIX_PATH}:/home/nextup/ros2_ws/install/my_py_pkg:/opt/ros/humble /usr/bin/cmake --build /home/nextup/ros2_ws/src/build/turtle_catch -- -j16 -l16
[0.460s] Invoked command in '/home/nextup/ros2_ws/src/build/turtle_catch' returned '0': CMAKE_PREFIX_PATH=${CMAKE_PREFIX_PATH}:/home/nextup/ros2_ws/install/my_py_pkg:/opt/ros/humble /usr/bin/cmake --build /home/nextup/ros2_ws/src/build/turtle_catch -- -j16 -l16
[0.483s] Invoking command in '/home/nextup/ros2_ws/src/build/turtle_catch': CMAKE_PREFIX_PATH=${CMAKE_PREFIX_PATH}:/home/nextup/ros2_ws/install/my_py_pkg:/opt/ros/humble /usr/bin/cmake --install /home/nextup/ros2_ws/src/build/turtle_catch
[0.488s] -- Install configuration: ""
[0.488s] -- Installing: /home/nextup/ros2_ws/src/install/turtle_catch/share/ament_index/resource_index/package_run_dependencies/turtle_catch
[0.488s] -- Installing: /home/nextup/ros2_ws/src/install/turtle_catch/share/ament_index/resource_index/parent_prefix_path/turtle_catch
[0.488s] -- Installing: /home/nextup/ros2_ws/src/install/turtle_catch/share/turtle_catch/environment/ament_prefix_path.sh
[0.488s] -- Installing: /home/nextup/ros2_ws/src/install/turtle_catch/share/turtle_catch/environment/ament_prefix_path.dsv
[0.488s] -- Installing: /home/nextup/ros2_ws/src/install/turtle_catch/share/turtle_catch/environment/path.sh
[0.488s] -- Installing: /home/nextup/ros2_ws/src/install/turtle_catch/share/turtle_catch/environment/path.dsv
[0.488s] -- Installing: /home/nextup/ros2_ws/src/install/turtle_catch/share/turtle_catch/local_setup.bash
[0.489s] -- Installing: /home/nextup/ros2_ws/src/install/turtle_catch/share/turtle_catch/local_setup.sh
[0.489s] -- Installing: /home/nextup/ros2_ws/src/install/turtle_catch/share/turtle_catch/local_setup.zsh
[0.489s] -- Installing: /home/nextup/ros2_ws/src/install/turtle_catch/share/turtle_catch/local_setup.dsv
[0.489s] -- Installing: /home/nextup/ros2_ws/src/install/turtle_catch/share/turtle_catch/package.dsv
[0.489s] -- Installing: /home/nextup/ros2_ws/src/install/turtle_catch/share/ament_index/resource_index/packages/turtle_catch
[0.489s] -- Installing: /home/nextup/ros2_ws/src/install/turtle_catch/share/turtle_catch/cmake/turtle_catchConfig.cmake
[0.489s] -- Installing: /home/nextup/ros2_ws/src/install/turtle_catch/share/turtle_catch/cmake/turtle_catchConfig-version.cmake
[0.489s] -- Installing: /home/nextup/ros2_ws/src/install/turtle_catch/share/turtle_catch/package.xml
[0.490s] Invoked command in '/home/nextup/ros2_ws/src/build/turtle_catch' returned '0': CMAKE_PREFIX_PATH=${CMAKE_PREFIX_PATH}:/home/nextup/ros2_ws/install/my_py_pkg:/opt/ros/humble /usr/bin/cmake --install /home/nextup/ros2_ws/src/build/turtle_catch
