[0.007s] Invoking command in '/home/nextup/ros2_ws2/src/build/my_robot_interfaces': /usr/bin/cmake /home/nextup/ros2_ws2/src/my_robot_interfaces -DCMAKE_INSTALL_PREFIX=/home/nextup/ros2_ws2/src/install/my_robot_interfaces
[0.017s] -- Found ament_cmake: 1.3.9 (/opt/ros/humble/share/ament_cmake/cmake)
[0.102s] -- Found rclcpp: 16.0.9 (/opt/ros/humble/share/rclcpp/cmake)
[0.118s] -- Found rosidl_generator_c: 3.1.5 (/opt/ros/humble/share/rosidl_generator_c/cmake)
[0.120s] -- Found rosidl_adapter: 3.1.5 (/opt/ros/humble/share/rosidl_adapter/cmake)
[0.123s] -- Found rosidl_generator_cpp: 3.1.5 (/opt/ros/humble/share/rosidl_generator_cpp/cmake)
[0.131s] -- Using all available rosidl_typesupport_c: rosidl_typesupport_fastrtps_c;rosidl_typesupport_introspection_c
[0.140s] -- Using all available rosidl_typesupport_cpp: rosidl_typesupport_fastrtps_cpp;rosidl_typesupport_introspection_cpp
[0.174s] -- Found rmw_implementation_cmake: 6.1.2 (/opt/ros/humble/share/rmw_implementation_cmake/cmake)
[0.174s] -- Found rmw_fastrtps_cpp: 6.2.6 (/opt/ros/humble/share/rmw_fastrtps_cpp/cmake)
[0.248s] -- Using RMW implementation 'rmw_fastrtps_cpp' as default
[0.338s] -- Found rosidl_default_generators: 1.2.0 (/opt/ros/humble/share/rosidl_default_generators/cmake)
[0.492s] Error parsing '/home/nextup/ros2_ws2/src/my_robot_interfaces/package.xml':
[0.519s] Traceback (most recent call last):
[0.519s]   File "/usr/lib/python3/dist-packages/catkin_pkg/package.py", line 610, in parse_package_string
[0.519s]     root = dom.parseString(data)
[0.519s]   File "/usr/lib/python3.10/xml/dom/minidom.py", line 2000, in parseString
[0.519s]     return expatbuilder.parseString(string)
[0.520s]   File "/usr/lib/python3.10/xml/dom/expatbuilder.py", line 925, in parseString
[0.520s]     return builder.parseString(string)
[0.520s]   File "/usr/lib/python3.10/xml/dom/expatbuilder.py", line 223, in parseString
[0.520s]     parser.Parse(string, True)
[0.520s] xml.parsers.expat.ExpatError: not well-formed (invalid token): line 2, column 102
[0.520s] 
[0.520s] During handling of the above exception, another exception occurred:
[0.520s] 
[0.520s] Traceback (most recent call last):
[0.520s]   File "/opt/ros/humble/share/ament_cmake_core/cmake/core/package_xml_2_cmake.py", line 150, in <module>
[0.520s]     main()
[0.520s]   File "/opt/ros/humble/share/ament_cmake_core/cmake/core/package_xml_2_cmake.py", line 53, in main
[0.520s]     raise e
[0.520s]   File "/opt/ros/humble/share/ament_cmake_core/cmake/core/package_xml_2_cmake.py", line 49, in main
[0.520s]     package = parse_package_string(
[0.520s]   File "/usr/lib/python3/dist-packages/catkin_pkg/package.py", line 612, in parse_package_string
[0.521s]     raise InvalidPackage('The manifest contains invalid XML:\n%s' % ex, filename)
[0.521s] catkin_pkg.package.InvalidPackage: Error(s) in package '/home/nextup/ros2_ws2/src/my_robot_interfaces/package.xml':
[0.521s] The manifest contains invalid XML:
[0.521s] not well-formed (invalid token): line 2, column 102
[0.533s] [31mCMake Error at /opt/ros/humble/share/ament_cmake_core/cmake/core/ament_package_xml.cmake:95 (message):
[0.534s]   execute_process(/usr/bin/python3
[0.534s]   /opt/ros/humble/share/ament_cmake_core/cmake/core/package_xml_2_cmake.py
[0.534s]   /home/nextup/ros2_ws2/src/my_robot_interfaces/package.xml
[0.534s]   /home/nextup/ros2_ws2/src/build/my_robot_interfaces/ament_cmake_core/package.cmake)
[0.534s]   returned error code 1
[0.534s] Call Stack (most recent call first):
[0.534s]   /opt/ros/humble/share/ament_cmake_core/cmake/core/ament_package_xml.cmake:49 (_ament_package_xml)
[0.534s]   /opt/ros/humble/share/rosidl_cmake/cmake/rosidl_generate_interfaces.cmake:226 (ament_package_xml)
[0.534s]   CMakeLists.txt:14 (rosidl_generate_interfaces)
[0.534s] 
[0.535s] [0m
[0.535s] -- Configuring incomplete, errors occurred!
[0.535s] See also "/home/nextup/ros2_ws2/src/build/my_robot_interfaces/CMakeFiles/CMakeOutput.log".
[0.539s] Invoked command in '/home/nextup/ros2_ws2/src/build/my_robot_interfaces' returned '1': /usr/bin/cmake /home/nextup/ros2_ws2/src/my_robot_interfaces -DCMAKE_INSTALL_PREFIX=/home/nextup/ros2_ws2/src/install/my_robot_interfaces
