-- Install configuration: ""
-- Up-to-date: /home/anjali/arduinoboot_ws/src/install/arduniobot_description/share/arduniobot_description/launch
-- Up-to-date: /home/anjali/arduinoboot_ws/src/install/arduniobot_description/share/arduniobot_description/launch/display.launch.py
-- Up-to-date: /home/anjali/arduinoboot_ws/src/install/arduniobot_description/share/arduniobot_description/meshes
-- Up-to-date: /home/anjali/arduinoboot_ws/src/install/arduniobot_description/share/arduniobot_description/meshes/install
-- Up-to-date: /home/anjali/arduinoboot_ws/src/install/arduniobot_description/share/arduniobot_description/meshes/install/COLCON_IGNORE
-- Up-to-date: /home/anjali/arduinoboot_ws/src/install/arduniobot_description/share/arduniobot_description/meshes/install/setup.ps1
-- Up-to-date: /home/anjali/arduinoboot_ws/src/install/arduniobot_description/share/arduniobot_description/meshes/install/_local_setup_util_ps1.py
-- Up-to-date: /home/anjali/arduinoboot_ws/src/install/arduniobot_description/share/arduniobot_description/meshes/install/local_setup.bash
-- Up-to-date: /home/anjali/arduinoboot_ws/src/install/arduniobot_description/share/arduniobot_description/meshes/install/.colcon_install_layout
-- Up-to-date: /home/anjali/arduinoboot_ws/src/install/arduniobot_description/share/arduniobot_description/meshes/install/local_setup.ps1
-- Up-to-date: /home/anjali/arduinoboot_ws/src/install/arduniobot_description/share/arduniobot_description/meshes/install/_local_setup_util_sh.py
-- Up-to-date: /home/anjali/arduinoboot_ws/src/install/arduniobot_description/share/arduniobot_description/meshes/install/setup.bash
-- Up-to-date: /home/anjali/arduinoboot_ws/src/install/arduniobot_description/share/arduniobot_description/meshes/install/setup.sh
-- Up-to-date: /home/anjali/arduinoboot_ws/src/install/arduniobot_description/share/arduniobot_description/meshes/install/local_setup.sh
-- Up-to-date: /home/anjali/arduinoboot_ws/src/install/arduniobot_description/share/arduniobot_description/meshes/install/local_setup.zsh
-- Up-to-date: /home/anjali/arduinoboot_ws/src/install/arduniobot_description/share/arduniobot_description/meshes/install/setup.zsh
-- Up-to-date: /home/anjali/arduinoboot_ws/src/install/arduniobot_description/share/arduniobot_description/meshes/base_plate.STL
-- Up-to-date: /home/anjali/arduinoboot_ws/src/install/arduniobot_description/share/arduniobot_description/meshes/triangular_link.STL
-- Up-to-date: /home/anjali/arduinoboot_ws/src/install/arduniobot_description/share/arduniobot_description/meshes/horizontal_arm.STL
-- Up-to-date: /home/anjali/arduinoboot_ws/src/install/arduniobot_description/share/arduniobot_description/meshes/link.STL
-- Up-to-date: /home/anjali/arduinoboot_ws/src/install/arduniobot_description/share/arduniobot_description/meshes/log
-- Up-to-date: /home/anjali/arduinoboot_ws/src/install/arduniobot_description/share/arduniobot_description/meshes/log/COLCON_IGNORE
-- Up-to-date: /home/anjali/arduinoboot_ws/src/install/arduniobot_description/share/arduniobot_description/meshes/log/latest
-- Up-to-date: /home/anjali/arduinoboot_ws/src/install/arduniobot_description/share/arduniobot_description/meshes/log/build_2024-07-20_15-14-42
-- Up-to-date: /home/anjali/arduinoboot_ws/src/install/arduniobot_description/share/arduniobot_description/meshes/log/build_2024-07-20_15-14-42/events.log
-- Up-to-date: /home/anjali/arduinoboot_ws/src/install/arduniobot_description/share/arduniobot_description/meshes/log/build_2024-07-20_15-14-42/logger_all.log
-- Up-to-date: /home/anjali/arduinoboot_ws/src/install/arduniobot_description/share/arduniobot_description/meshes/log/latest_build
-- Up-to-date: /home/anjali/arduinoboot_ws/src/install/arduniobot_description/share/arduniobot_description/meshes/log/build_2024-07-24_00-46-40
-- Up-to-date: /home/anjali/arduinoboot_ws/src/install/arduniobot_description/share/arduniobot_description/meshes/log/build_2024-07-24_00-46-40/events.log
-- Up-to-date: /home/anjali/arduinoboot_ws/src/install/arduniobot_description/share/arduniobot_description/meshes/log/build_2024-07-24_00-46-40/logger_all.log
-- Up-to-date: /home/anjali/arduinoboot_ws/src/install/arduniobot_description/share/arduniobot_description/meshes/plate.STL
-- Up-to-date: /home/anjali/arduinoboot_ws/src/install/arduniobot_description/share/arduniobot_description/meshes/basement.STL
-- Up-to-date: /home/anjali/arduinoboot_ws/src/install/arduniobot_description/share/arduniobot_description/meshes/right_finger.STL
-- Up-to-date: /home/anjali/arduinoboot_ws/src/install/arduniobot_description/share/arduniobot_description/meshes/forward_drive_arm.STL
-- Up-to-date: /home/anjali/arduinoboot_ws/src/install/arduniobot_description/share/arduniobot_description/meshes/round_plate.STL
-- Up-to-date: /home/anjali/arduinoboot_ws/src/install/arduniobot_description/share/arduniobot_description/meshes/claw_support.STL
-- Up-to-date: /home/anjali/arduinoboot_ws/src/install/arduniobot_description/share/arduniobot_description/meshes/vertical_drive_arm.STL
-- Up-to-date: /home/anjali/arduinoboot_ws/src/install/arduniobot_description/share/arduniobot_description/meshes/left_finger.STL
-- Up-to-date: /home/anjali/arduinoboot_ws/src/install/arduniobot_description/share/arduniobot_description/meshes/build
-- Up-to-date: /home/anjali/arduinoboot_ws/src/install/arduniobot_description/share/arduniobot_description/meshes/build/COLCON_IGNORE
-- Up-to-date: /home/anjali/arduinoboot_ws/src/install/arduniobot_description/share/arduniobot_description/meshes/build/.built_by
-- Up-to-date: /home/anjali/arduinoboot_ws/src/install/arduniobot_description/share/arduniobot_description/meshes/servo_plate.STL
-- Up-to-date: /home/anjali/arduinoboot_ws/src/install/arduniobot_description/share/arduniobot_description/models
-- Up-to-date: /home/anjali/arduinoboot_ws/src/install/arduniobot_description/share/arduniobot_description/models/ground_plane
-- Up-to-date: /home/anjali/arduinoboot_ws/src/install/arduniobot_description/share/arduniobot_description/models/ground_plane/model-1_3.sdf
-- Up-to-date: /home/anjali/arduinoboot_ws/src/install/arduniobot_description/share/arduniobot_description/models/ground_plane/model.config
-- Up-to-date: /home/anjali/arduinoboot_ws/src/install/arduniobot_description/share/arduniobot_description/models/ground_plane/model-1_2.sdf
-- Up-to-date: /home/anjali/arduinoboot_ws/src/install/arduniobot_description/share/arduniobot_description/models/ground_plane/model-1_4.sdf
-- Up-to-date: /home/anjali/arduinoboot_ws/src/install/arduniobot_description/share/arduniobot_description/models/ground_plane/model.sdf
-- Up-to-date: /home/anjali/arduinoboot_ws/src/install/arduniobot_description/share/arduniobot_description/models/sun
-- Up-to-date: /home/anjali/arduinoboot_ws/src/install/arduniobot_description/share/arduniobot_description/models/sun/model-1_3.sdf
-- Up-to-date: /home/anjali/arduinoboot_ws/src/install/arduniobot_description/share/arduniobot_description/models/sun/model.config
-- Up-to-date: /home/anjali/arduinoboot_ws/src/install/arduniobot_description/share/arduniobot_description/models/sun/model-1_2.sdf
-- Up-to-date: /home/anjali/arduinoboot_ws/src/install/arduniobot_description/share/arduniobot_description/models/sun/model-1_4.sdf
-- Up-to-date: /home/anjali/arduinoboot_ws/src/install/arduniobot_description/share/arduniobot_description/models/sun/model.sdf
-- Up-to-date: /home/anjali/arduinoboot_ws/src/install/arduniobot_description/share/arduniobot_description/urdf
-- Up-to-date: /home/anjali/arduinoboot_ws/src/install/arduniobot_description/share/arduniobot_description/urdf/arduniobot_ros2_control.xacro
-- Up-to-date: /home/anjali/arduinoboot_ws/src/install/arduniobot_description/share/arduniobot_description/urdf/arduniobot_gazebo.xacro
-- Up-to-date: /home/anjali/arduinoboot_ws/src/install/arduniobot_description/share/arduniobot_description/urdf/install
-- Up-to-date: /home/anjali/arduinoboot_ws/src/install/arduniobot_description/share/arduniobot_description/urdf/install/COLCON_IGNORE
-- Up-to-date: /home/anjali/arduinoboot_ws/src/install/arduniobot_description/share/arduniobot_description/urdf/install/setup.ps1
-- Up-to-date: /home/anjali/arduinoboot_ws/src/install/arduniobot_description/share/arduniobot_description/urdf/install/_local_setup_util_ps1.py
-- Up-to-date: /home/anjali/arduinoboot_ws/src/install/arduniobot_description/share/arduniobot_description/urdf/install/local_setup.bash
-- Up-to-date: /home/anjali/arduinoboot_ws/src/install/arduniobot_description/share/arduniobot_description/urdf/install/.colcon_install_layout
-- Up-to-date: /home/anjali/arduinoboot_ws/src/install/arduniobot_description/share/arduniobot_description/urdf/install/local_setup.ps1
-- Up-to-date: /home/anjali/arduinoboot_ws/src/install/arduniobot_description/share/arduniobot_description/urdf/install/_local_setup_util_sh.py
-- Up-to-date: /home/anjali/arduinoboot_ws/src/install/arduniobot_description/share/arduniobot_description/urdf/install/setup.bash
-- Up-to-date: /home/anjali/arduinoboot_ws/src/install/arduniobot_description/share/arduniobot_description/urdf/install/setup.sh
-- Up-to-date: /home/anjali/arduinoboot_ws/src/install/arduniobot_description/share/arduniobot_description/urdf/install/local_setup.sh
-- Up-to-date: /home/anjali/arduinoboot_ws/src/install/arduniobot_description/share/arduniobot_description/urdf/install/local_setup.zsh
-- Up-to-date: /home/anjali/arduinoboot_ws/src/install/arduniobot_description/share/arduniobot_description/urdf/install/setup.zsh
-- Up-to-date: /home/anjali/arduinoboot_ws/src/install/arduniobot_description/share/arduniobot_description/urdf/log
-- Up-to-date: /home/anjali/arduinoboot_ws/src/install/arduniobot_description/share/arduniobot_description/urdf/log/COLCON_IGNORE
-- Up-to-date: /home/anjali/arduinoboot_ws/src/install/arduniobot_description/share/arduniobot_description/urdf/log/latest
-- Up-to-date: /home/anjali/arduinoboot_ws/src/install/arduniobot_description/share/arduniobot_description/urdf/log/build_2024-07-22_13-47-13
-- Up-to-date: /home/anjali/arduinoboot_ws/src/install/arduniobot_description/share/arduniobot_description/urdf/log/build_2024-07-22_13-47-13/events.log
-- Up-to-date: /home/anjali/arduinoboot_ws/src/install/arduniobot_description/share/arduniobot_description/urdf/log/build_2024-07-22_13-47-13/logger_all.log
-- Up-to-date: /home/anjali/arduinoboot_ws/src/install/arduniobot_description/share/arduniobot_description/urdf/log/build_2024-07-22_13-09-10
-- Up-to-date: /home/anjali/arduinoboot_ws/src/install/arduniobot_description/share/arduniobot_description/urdf/log/build_2024-07-22_13-09-10/events.log
-- Up-to-date: /home/anjali/arduinoboot_ws/src/install/arduniobot_description/share/arduniobot_description/urdf/log/build_2024-07-22_13-09-10/logger_all.log
-- Up-to-date: /home/anjali/arduinoboot_ws/src/install/arduniobot_description/share/arduniobot_description/urdf/log/build_2024-07-22_13-33-12
-- Up-to-date: /home/anjali/arduinoboot_ws/src/install/arduniobot_description/share/arduniobot_description/urdf/log/build_2024-07-22_13-33-12/events.log
-- Up-to-date: /home/anjali/arduinoboot_ws/src/install/arduniobot_description/share/arduniobot_description/urdf/log/build_2024-07-22_13-33-12/logger_all.log
-- Up-to-date: /home/anjali/arduinoboot_ws/src/install/arduniobot_description/share/arduniobot_description/urdf/log/latest_build
-- Up-to-date: /home/anjali/arduinoboot_ws/src/install/arduniobot_description/share/arduniobot_description/urdf/log/build_2024-07-22_22-49-53
-- Up-to-date: /home/anjali/arduinoboot_ws/src/install/arduniobot_description/share/arduniobot_description/urdf/log/build_2024-07-22_22-49-53/events.log
-- Up-to-date: /home/anjali/arduinoboot_ws/src/install/arduniobot_description/share/arduniobot_description/urdf/log/build_2024-07-22_22-49-53/logger_all.log
-- Up-to-date: /home/anjali/arduinoboot_ws/src/install/arduniobot_description/share/arduniobot_description/urdf/arduniobot.urdf
-- Up-to-date: /home/anjali/arduinoboot_ws/src/install/arduniobot_description/share/arduniobot_description/urdf/build
-- Up-to-date: /home/anjali/arduinoboot_ws/src/install/arduniobot_description/share/arduniobot_description/urdf/build/COLCON_IGNORE
-- Up-to-date: /home/anjali/arduinoboot_ws/src/install/arduniobot_description/share/arduniobot_description/urdf/build/.built_by
-- Up-to-date: /home/anjali/arduinoboot_ws/src/install/arduniobot_description/share/arduniobot_description/urdf/arduniobot.urdf.xacro
-- Up-to-date: /home/anjali/arduinoboot_ws/src/install/arduniobot_description/share/ament_index/resource_index/package_run_dependencies/arduniobot_description
-- Up-to-date: /home/anjali/arduinoboot_ws/src/install/arduniobot_description/share/ament_index/resource_index/parent_prefix_path/arduniobot_description
-- Up-to-date: /home/anjali/arduinoboot_ws/src/install/arduniobot_description/share/arduniobot_description/environment/ament_prefix_path.sh
-- Up-to-date: /home/anjali/arduinoboot_ws/src/install/arduniobot_description/share/arduniobot_description/environment/ament_prefix_path.dsv
-- Up-to-date: /home/anjali/arduinoboot_ws/src/install/arduniobot_description/share/arduniobot_description/environment/path.sh
-- Up-to-date: /home/anjali/arduinoboot_ws/src/install/arduniobot_description/share/arduniobot_description/environment/path.dsv
-- Up-to-date: /home/anjali/arduinoboot_ws/src/install/arduniobot_description/share/arduniobot_description/local_setup.bash
-- Up-to-date: /home/anjali/arduinoboot_ws/src/install/arduniobot_description/share/arduniobot_description/local_setup.sh
-- Up-to-date: /home/anjali/arduinoboot_ws/src/install/arduniobot_description/share/arduniobot_description/local_setup.zsh
-- Up-to-date: /home/anjali/arduinoboot_ws/src/install/arduniobot_description/share/arduniobot_description/local_setup.dsv
-- Installing: /home/anjali/arduinoboot_ws/src/install/arduniobot_description/share/arduniobot_description/package.dsv
-- Up-to-date: /home/anjali/arduinoboot_ws/src/install/arduniobot_description/share/ament_index/resource_index/packages/arduniobot_description
-- Up-to-date: /home/anjali/arduinoboot_ws/src/install/arduniobot_description/share/arduniobot_description/cmake/arduniobot_descriptionConfig.cmake
-- Up-to-date: /home/anjali/arduinoboot_ws/src/install/arduniobot_description/share/arduniobot_description/cmake/arduniobot_descriptionConfig-version.cmake
-- Up-to-date: /home/anjali/arduinoboot_ws/src/install/arduniobot_description/share/arduniobot_description/package.xml
