[0.023s] Invoking command in '/home/nextup/ros2_ws2/build/lifecycle_cpp': CMAKE_PREFIX_PATH=${CMAKE_PREFIX_PATH}:/home/nextup/ros2_ws2/src/install/actions_py:/home/nextup/ros2_ws2/src/install/lifecycle_py:/home/nextup/ros2_ws2/src/install/executors_py:/opt/ros/humble /usr/bin/cmake /home/nextup/ros2_ws2/src/lifecycle_cpp -DCMAKE_INSTALL_PREFIX=/home/nextup/ros2_ws2/install/lifecycle_cpp
[0.184s] -- The C compiler identification is GNU 11.4.0
[0.184s] -- The CXX compiler identification is GNU 11.4.0
[0.185s] -- Detecting C compiler ABI info
[0.185s] -- Detecting C compiler ABI info - done
[0.191s] -- Check for working C compiler: /usr/bin/cc - skipped
[0.191s] -- Detecting C compile features
[0.191s] -- Detecting C compile features - done
[0.194s] -- Detecting CXX compiler ABI info
[0.264s] -- Detecting CXX compiler ABI info - done
[0.272s] -- Check for working CXX compiler: /usr/bin/c++ - skipped
[0.272s] -- Detecting CXX compile features
[0.273s] -- Detecting CXX compile features - done
[0.276s] -- Found ament_cmake: 1.3.9 (/opt/ros/humble/share/ament_cmake/cmake)
[0.663s] -- Found Python3: /usr/bin/python3 (found version "3.10.12") found components: Interpreter 
[0.786s] -- Found rclcpp: 16.0.9 (/opt/ros/humble/share/rclcpp/cmake)
[0.840s] -- Found rosidl_generator_c: 3.1.5 (/opt/ros/humble/share/rosidl_generator_c/cmake)
[0.847s] -- Found rosidl_adapter: 3.1.5 (/opt/ros/humble/share/rosidl_adapter/cmake)
[0.857s] -- Found rosidl_generator_cpp: 3.1.5 (/opt/ros/humble/share/rosidl_generator_cpp/cmake)
[0.873s] -- Using all available rosidl_typesupport_c: rosidl_typesupport_fastrtps_c;rosidl_typesupport_introspection_c
[0.896s] -- Using all available rosidl_typesupport_cpp: rosidl_typesupport_fastrtps_cpp;rosidl_typesupport_introspection_cpp
[0.978s] -- Found rmw_implementation_cmake: 6.1.2 (/opt/ros/humble/share/rmw_implementation_cmake/cmake)
[0.982s] -- Found rmw_fastrtps_cpp: 6.2.6 (/opt/ros/humble/share/rmw_fastrtps_cpp/cmake)
[1.086s] -- Found OpenSSL: /usr/lib/x86_64-linux-gnu/libcrypto.so (found version "3.0.2")  
[1.113s] -- Found FastRTPS: /opt/ros/humble/include  
[1.164s] -- Using RMW implementation 'rmw_fastrtps_cpp' as default
[1.179s] -- Looking for pthread.h
[1.239s] -- Looking for pthread.h - found
[1.240s] -- Performing Test CMAKE_HAVE_LIBC_PTHREAD
[1.294s] -- Performing Test CMAKE_HAVE_LIBC_PTHREAD - Success
[1.295s] -- Found Threads: TRUE  
[1.419s] -- Found rclcpp_lifecycle: 16.0.9 (/opt/ros/humble/share/rclcpp_lifecycle/cmake)
[1.451s] -- Found example_interfaces: 0.9.3 (/opt/ros/humble/share/example_interfaces/cmake)
[1.561s] -- Found rclcpp_action: 16.0.9 (/opt/ros/humble/share/rclcpp_action/cmake)
[1.587s] -- Found my_robot_interfaces: 0.0.0 (/home/nextup/ros2_ws2/src/install/my_robot_interfaces/share/my_robot_interfaces/cmake)
[1.686s] -- Configuring done
[1.696s] -- Generating done
[1.698s] -- Build files have been written to: /home/nextup/ros2_ws2/build/lifecycle_cpp
[1.711s] Invoked command in '/home/nextup/ros2_ws2/build/lifecycle_cpp' returned '0': CMAKE_PREFIX_PATH=${CMAKE_PREFIX_PATH}:/home/nextup/ros2_ws2/src/install/actions_py:/home/nextup/ros2_ws2/src/install/lifecycle_py:/home/nextup/ros2_ws2/src/install/executors_py:/opt/ros/humble /usr/bin/cmake /home/nextup/ros2_ws2/src/lifecycle_cpp -DCMAKE_INSTALL_PREFIX=/home/nextup/ros2_ws2/install/lifecycle_cpp
[1.713s] Invoking command in '/home/nextup/ros2_ws2/build/lifecycle_cpp': CMAKE_PREFIX_PATH=${CMAKE_PREFIX_PATH}:/home/nextup/ros2_ws2/src/install/actions_py:/home/nextup/ros2_ws2/src/install/lifecycle_py:/home/nextup/ros2_ws2/src/install/executors_py:/opt/ros/humble /usr/bin/cmake --build /home/nextup/ros2_ws2/build/lifecycle_cpp -- -j16 -l16
[1.773s] [ 50%] [32mBuilding CXX object CMakeFiles/number_publisher.dir/src/number_publisher.cpp.o[0m
[1.773s] [ 50%] [32mBuilding CXX object CMakeFiles/move_robot_server.dir/src/move_robot_server.cpp.o[0m
[8.067s] [ 75%] [32m[1mLinking CXX executable move_robot_server[0m
[8.215s] [ 75%] Built target move_robot_server
[8.397s] [100%] [32m[1mLinking CXX executable number_publisher[0m
[8.566s] [100%] Built target number_publisher
[8.606s] Invoked command in '/home/nextup/ros2_ws2/build/lifecycle_cpp' returned '0': CMAKE_PREFIX_PATH=${CMAKE_PREFIX_PATH}:/home/nextup/ros2_ws2/src/install/actions_py:/home/nextup/ros2_ws2/src/install/lifecycle_py:/home/nextup/ros2_ws2/src/install/executors_py:/opt/ros/humble /usr/bin/cmake --build /home/nextup/ros2_ws2/build/lifecycle_cpp -- -j16 -l16
[8.626s] Invoking command in '/home/nextup/ros2_ws2/build/lifecycle_cpp': CMAKE_PREFIX_PATH=${CMAKE_PREFIX_PATH}:/home/nextup/ros2_ws2/src/install/actions_py:/home/nextup/ros2_ws2/src/install/lifecycle_py:/home/nextup/ros2_ws2/src/install/executors_py:/opt/ros/humble /usr/bin/cmake --install /home/nextup/ros2_ws2/build/lifecycle_cpp
[8.633s] -- Install configuration: ""
[8.633s] -- Installing: /home/nextup/ros2_ws2/install/lifecycle_cpp/lib/lifecycle_cpp/number_publisher
[8.634s] -- Set runtime path of "/home/nextup/ros2_ws2/install/lifecycle_cpp/lib/lifecycle_cpp/number_publisher" to ""
[8.634s] -- Installing: /home/nextup/ros2_ws2/install/lifecycle_cpp/lib/lifecycle_cpp/move_robot_server
[8.635s] -- Set runtime path of "/home/nextup/ros2_ws2/install/lifecycle_cpp/lib/lifecycle_cpp/move_robot_server" to ""
[8.635s] -- Installing: /home/nextup/ros2_ws2/install/lifecycle_cpp/share/ament_index/resource_index/package_run_dependencies/lifecycle_cpp
[8.635s] -- Installing: /home/nextup/ros2_ws2/install/lifecycle_cpp/share/ament_index/resource_index/parent_prefix_path/lifecycle_cpp
[8.636s] -- Installing: /home/nextup/ros2_ws2/install/lifecycle_cpp/share/lifecycle_cpp/environment/ament_prefix_path.sh
[8.636s] -- Installing: /home/nextup/ros2_ws2/install/lifecycle_cpp/share/lifecycle_cpp/environment/ament_prefix_path.dsv
[8.636s] -- Installing: /home/nextup/ros2_ws2/install/lifecycle_cpp/share/lifecycle_cpp/environment/path.sh
[8.636s] -- Installing: /home/nextup/ros2_ws2/install/lifecycle_cpp/share/lifecycle_cpp/environment/path.dsv
[8.636s] -- Installing: /home/nextup/ros2_ws2/install/lifecycle_cpp/share/lifecycle_cpp/local_setup.bash
[8.636s] -- Installing: /home/nextup/ros2_ws2/install/lifecycle_cpp/share/lifecycle_cpp/local_setup.sh
[8.637s] -- Installing: /home/nextup/ros2_ws2/install/lifecycle_cpp/share/lifecycle_cpp/local_setup.zsh
[8.637s] -- Installing: /home/nextup/ros2_ws2/install/lifecycle_cpp/share/lifecycle_cpp/local_setup.dsv
[8.637s] -- Installing: /home/nextup/ros2_ws2/install/lifecycle_cpp/share/lifecycle_cpp/package.dsv
[8.637s] -- Installing: /home/nextup/ros2_ws2/install/lifecycle_cpp/share/ament_index/resource_index/packages/lifecycle_cpp
[8.638s] -- Installing: /home/nextup/ros2_ws2/install/lifecycle_cpp/share/lifecycle_cpp/cmake/lifecycle_cppConfig.cmake
[8.638s] -- Installing: /home/nextup/ros2_ws2/install/lifecycle_cpp/share/lifecycle_cpp/cmake/lifecycle_cppConfig-version.cmake
[8.638s] -- Installing: /home/nextup/ros2_ws2/install/lifecycle_cpp/share/lifecycle_cpp/package.xml
[8.642s] Invoked command in '/home/nextup/ros2_ws2/build/lifecycle_cpp' returned '0': CMAKE_PREFIX_PATH=${CMAKE_PREFIX_PATH}:/home/nextup/ros2_ws2/src/install/actions_py:/home/nextup/ros2_ws2/src/install/lifecycle_py:/home/nextup/ros2_ws2/src/install/executors_py:/opt/ros/humble /usr/bin/cmake --install /home/nextup/ros2_ws2/build/lifecycle_cpp
