[0.243s] Invoking command in '/home/anjali/arduinoboot_ws/build/ardunio_cpp_examples': CMAKE_PREFIX_PATH=${CMAKE_PREFIX_PATH}:/home/anjali/arduinoboot_ws/install/arduinoboot_py_examples:/opt/ros/humble /usr/bin/cmake /home/anjali/arduinoboot_ws/src/ardunio_cpp_examples -DCMAKE_INSTALL_PREFIX=/home/anjali/arduinoboot_ws/install/ardunio_cpp_examples
[0.290s] -- The C compiler identification is GNU 11.4.0
[0.346s] -- The CXX compiler identification is GNU 11.4.0
[0.358s] -- Detecting C compiler ABI info
[0.428s] -- Detecting C compiler ABI info - done
[0.438s] -- Check for working C compiler: /usr/bin/cc - skipped
[0.439s] -- Detecting C compile features
[0.439s] -- Detecting C compile features - done
[0.443s] -- Detecting CXX compiler ABI info
[0.533s] -- Detecting CXX compiler ABI info - done
[0.542s] -- Check for working CXX compiler: /usr/bin/c++ - skipped
[0.542s] -- Detecting CXX compile features
[0.543s] -- Detecting CXX compile features - done
[0.545s] -- Found ament_cmake: 1.3.9 (/opt/ros/humble/share/ament_cmake/cmake)
[1.368s] -- Found Python3: /usr/bin/python3 (found version "3.10.12") found components: Interpreter 
[1.487s] -- Found rclcpp: 16.0.9 (/opt/ros/humble/share/rclcpp/cmake)
[1.538s] -- Found rosidl_generator_c: 3.1.5 (/opt/ros/humble/share/rosidl_generator_c/cmake)
[1.545s] -- Found rosidl_adapter: 3.1.5 (/opt/ros/humble/share/rosidl_adapter/cmake)
[1.556s] -- Found rosidl_generator_cpp: 3.1.5 (/opt/ros/humble/share/rosidl_generator_cpp/cmake)
[1.573s] -- Using all available rosidl_typesupport_c: rosidl_typesupport_fastrtps_c;rosidl_typesupport_introspection_c
[1.597s] -- Using all available rosidl_typesupport_cpp: rosidl_typesupport_fastrtps_cpp;rosidl_typesupport_introspection_cpp
[1.683s] -- Found rmw_implementation_cmake: 6.1.2 (/opt/ros/humble/share/rmw_implementation_cmake/cmake)
[1.687s] -- Found rmw_fastrtps_cpp: 6.2.6 (/opt/ros/humble/share/rmw_fastrtps_cpp/cmake)
[1.773s] -- Found OpenSSL: /usr/lib/x86_64-linux-gnu/libcrypto.so (found version "3.0.2")  
[1.794s] -- Found FastRTPS: /opt/ros/humble/include  
[1.832s] -- Using RMW implementation 'rmw_fastrtps_cpp' as default
[1.840s] -- Looking for pthread.h
[1.892s] -- Looking for pthread.h - found
[1.892s] -- Performing Test CMAKE_HAVE_LIBC_PTHREAD
[1.948s] -- Performing Test CMAKE_HAVE_LIBC_PTHREAD - Success
[1.949s] -- Found Threads: TRUE  
[2.077s] [31mCMake Error at CMakeLists.txt:11 (find_package):
[2.077s]   By not providing "Findarduniobot_msgs.cmake" in CMAKE_MODULE_PATH this
[2.077s]   project has asked CMake to find a package configuration file provided by
[2.077s]   "arduniobot_msgs", but CMake did not find one.
[2.077s] 
[2.077s]   Could not find a package configuration file provided by "arduniobot_msgs"
[2.077s]   with any of the following names:
[2.077s] 
[2.077s]     arduniobot_msgsConfig.cmake
[2.077s]     arduniobot_msgs-config.cmake
[2.077s] 
[2.077s]   Add the installation prefix of "arduniobot_msgs" to CMAKE_PREFIX_PATH or
[2.077s]   set "arduniobot_msgs_DIR" to a directory containing one of the above files.
[2.077s]   If "arduniobot_msgs" provides a separate development package or SDK, be
[2.078s]   sure it has been installed.
[2.078s] 
[2.078s] [0m
[2.078s] -- Configuring incomplete, errors occurred!
[2.078s] See also "/home/anjali/arduinoboot_ws/build/ardunio_cpp_examples/CMakeFiles/CMakeOutput.log".
[2.084s] Invoked command in '/home/anjali/arduinoboot_ws/build/ardunio_cpp_examples' returned '1': CMAKE_PREFIX_PATH=${CMAKE_PREFIX_PATH}:/home/anjali/arduinoboot_ws/install/arduinoboot_py_examples:/opt/ros/humble /usr/bin/cmake /home/anjali/arduinoboot_ws/src/ardunio_cpp_examples -DCMAKE_INSTALL_PREFIX=/home/anjali/arduinoboot_ws/install/ardunio_cpp_examples
