[0.009s] Invoking command in '/home/nextup/ros2_ws2/src/build/my_robot_bringup': AMENT_PREFIX_PATH=/home/nextup/ros2_ws2/src/install/lifecycle_py:/home/nextup/ros2_ws2/src/install/lifecycle_cpp:${AMENT_PREFIX_PATH} CMAKE_PREFIX_PATH=/home/nextup/ros2_ws2/src/install/lifecycle_cpp:/home/nextup/ros2_ws2/install/actions_cpp:/home/nextup/ros2_ws2/install/my_robot_interfaces:/home/nextup/ros2_ws1/install/my_robot_bringup:/home/nextup/ros2_ws1/install/my_robot_description:/home/nextup/ros2_ws2/src/install/my_robot_interfaces:/home/nextup/ros2_ws2/install/actions_py:/home/nextup/ros2_ws2/src/install/actions_py:/opt/ros/humble PYTHONPATH=/home/nextup/ros2_ws2/src/install/lifecycle_py/lib/python3.10/site-packages:${PYTHONPATH} /usr/bin/cmake /home/nextup/ros2_ws2/src/my_robot_bringup -DCMAKE_INSTALL_PREFIX=/home/nextup/ros2_ws2/src/install/my_robot_bringup
[0.045s] -- The C compiler identification is GNU 11.4.0
[0.080s] -- The CXX compiler identification is GNU 11.4.0
[0.085s] -- Detecting C compiler ABI info
[0.132s] -- Detecting C compiler ABI info - done
[0.138s] -- Check for working C compiler: /usr/bin/cc - skipped
[0.138s] -- Detecting C compile features
[0.138s] -- Detecting C compile features - done
[0.140s] -- Detecting CXX compiler ABI info
[0.193s] -- Detecting CXX compiler ABI info - done
[0.198s] -- Check for working CXX compiler: /usr/bin/c++ - skipped
[0.199s] -- Detecting CXX compile features
[0.199s] -- Detecting CXX compile features - done
[0.202s] -- Found ament_cmake: 1.3.9 (/opt/ros/humble/share/ament_cmake/cmake)
[0.469s] -- Found Python3: /usr/bin/python3 (found version "3.10.12") found components: Interpreter 
[0.574s] -- Configuring done
[0.576s] -- Generating done
[0.577s] -- Build files have been written to: /home/nextup/ros2_ws2/src/build/my_robot_bringup
[0.581s] Invoked command in '/home/nextup/ros2_ws2/src/build/my_robot_bringup' returned '0': AMENT_PREFIX_PATH=/home/nextup/ros2_ws2/src/install/lifecycle_py:/home/nextup/ros2_ws2/src/install/lifecycle_cpp:${AMENT_PREFIX_PATH} CMAKE_PREFIX_PATH=/home/nextup/ros2_ws2/src/install/lifecycle_cpp:/home/nextup/ros2_ws2/install/actions_cpp:/home/nextup/ros2_ws2/install/my_robot_interfaces:/home/nextup/ros2_ws1/install/my_robot_bringup:/home/nextup/ros2_ws1/install/my_robot_description:/home/nextup/ros2_ws2/src/install/my_robot_interfaces:/home/nextup/ros2_ws2/install/actions_py:/home/nextup/ros2_ws2/src/install/actions_py:/opt/ros/humble PYTHONPATH=/home/nextup/ros2_ws2/src/install/lifecycle_py/lib/python3.10/site-packages:${PYTHONPATH} /usr/bin/cmake /home/nextup/ros2_ws2/src/my_robot_bringup -DCMAKE_INSTALL_PREFIX=/home/nextup/ros2_ws2/src/install/my_robot_bringup
[0.582s] Invoking command in '/home/nextup/ros2_ws2/src/build/my_robot_bringup': AMENT_PREFIX_PATH=/home/nextup/ros2_ws2/src/install/lifecycle_py:/home/nextup/ros2_ws2/src/install/lifecycle_cpp:${AMENT_PREFIX_PATH} CMAKE_PREFIX_PATH=/home/nextup/ros2_ws2/src/install/lifecycle_cpp:/home/nextup/ros2_ws2/install/actions_cpp:/home/nextup/ros2_ws2/install/my_robot_interfaces:/home/nextup/ros2_ws1/install/my_robot_bringup:/home/nextup/ros2_ws1/install/my_robot_description:/home/nextup/ros2_ws2/src/install/my_robot_interfaces:/home/nextup/ros2_ws2/install/actions_py:/home/nextup/ros2_ws2/src/install/actions_py:/opt/ros/humble PYTHONPATH=/home/nextup/ros2_ws2/src/install/lifecycle_py/lib/python3.10/site-packages:${PYTHONPATH} /usr/bin/cmake --build /home/nextup/ros2_ws2/src/build/my_robot_bringup -- -j16 -l16
[0.609s] Invoked command in '/home/nextup/ros2_ws2/src/build/my_robot_bringup' returned '0': AMENT_PREFIX_PATH=/home/nextup/ros2_ws2/src/install/lifecycle_py:/home/nextup/ros2_ws2/src/install/lifecycle_cpp:${AMENT_PREFIX_PATH} CMAKE_PREFIX_PATH=/home/nextup/ros2_ws2/src/install/lifecycle_cpp:/home/nextup/ros2_ws2/install/actions_cpp:/home/nextup/ros2_ws2/install/my_robot_interfaces:/home/nextup/ros2_ws1/install/my_robot_bringup:/home/nextup/ros2_ws1/install/my_robot_description:/home/nextup/ros2_ws2/src/install/my_robot_interfaces:/home/nextup/ros2_ws2/install/actions_py:/home/nextup/ros2_ws2/src/install/actions_py:/opt/ros/humble PYTHONPATH=/home/nextup/ros2_ws2/src/install/lifecycle_py/lib/python3.10/site-packages:${PYTHONPATH} /usr/bin/cmake --build /home/nextup/ros2_ws2/src/build/my_robot_bringup -- -j16 -l16
[0.625s] Invoking command in '/home/nextup/ros2_ws2/src/build/my_robot_bringup': AMENT_PREFIX_PATH=/home/nextup/ros2_ws2/src/install/lifecycle_py:/home/nextup/ros2_ws2/src/install/lifecycle_cpp:${AMENT_PREFIX_PATH} CMAKE_PREFIX_PATH=/home/nextup/ros2_ws2/src/install/lifecycle_cpp:/home/nextup/ros2_ws2/install/actions_cpp:/home/nextup/ros2_ws2/install/my_robot_interfaces:/home/nextup/ros2_ws1/install/my_robot_bringup:/home/nextup/ros2_ws1/install/my_robot_description:/home/nextup/ros2_ws2/src/install/my_robot_interfaces:/home/nextup/ros2_ws2/install/actions_py:/home/nextup/ros2_ws2/src/install/actions_py:/opt/ros/humble PYTHONPATH=/home/nextup/ros2_ws2/src/install/lifecycle_py/lib/python3.10/site-packages:${PYTHONPATH} /usr/bin/cmake --install /home/nextup/ros2_ws2/src/build/my_robot_bringup
[0.631s] -- Install configuration: ""
[0.632s] -- Installing: /home/nextup/ros2_ws2/src/install/my_robot_bringup/share/my_robot_bringup//launch
[0.632s] -- Installing: /home/nextup/ros2_ws2/src/install/my_robot_bringup/share/my_robot_bringup//launch/lifecycle_test.launch.xml
[0.632s] -- Installing: /home/nextup/ros2_ws2/src/install/my_robot_bringup/share/my_robot_bringup//launch/lifecycle_test.launch.py
[0.632s] -- Installing: /home/nextup/ros2_ws2/src/install/my_robot_bringup/share/ament_index/resource_index/package_run_dependencies/my_robot_bringup
[0.632s] -- Installing: /home/nextup/ros2_ws2/src/install/my_robot_bringup/share/ament_index/resource_index/parent_prefix_path/my_robot_bringup
[0.632s] -- Installing: /home/nextup/ros2_ws2/src/install/my_robot_bringup/share/my_robot_bringup/environment/ament_prefix_path.sh
[0.632s] -- Installing: /home/nextup/ros2_ws2/src/install/my_robot_bringup/share/my_robot_bringup/environment/ament_prefix_path.dsv
[0.632s] -- Installing: /home/nextup/ros2_ws2/src/install/my_robot_bringup/share/my_robot_bringup/environment/path.sh
[0.632s] -- Installing: /home/nextup/ros2_ws2/src/install/my_robot_bringup/share/my_robot_bringup/environment/path.dsv
[0.632s] -- Installing: /home/nextup/ros2_ws2/src/install/my_robot_bringup/share/my_robot_bringup/local_setup.bash
[0.632s] -- Installing: /home/nextup/ros2_ws2/src/install/my_robot_bringup/share/my_robot_bringup/local_setup.sh
[0.633s] -- Installing: /home/nextup/ros2_ws2/src/install/my_robot_bringup/share/my_robot_bringup/local_setup.zsh
[0.633s] -- Installing: /home/nextup/ros2_ws2/src/install/my_robot_bringup/share/my_robot_bringup/local_setup.dsv
[0.633s] -- Installing: /home/nextup/ros2_ws2/src/install/my_robot_bringup/share/my_robot_bringup/package.dsv
[0.633s] -- Installing: /home/nextup/ros2_ws2/src/install/my_robot_bringup/share/ament_index/resource_index/packages/my_robot_bringup
[0.633s] -- Installing: /home/nextup/ros2_ws2/src/install/my_robot_bringup/share/my_robot_bringup/cmake/my_robot_bringupConfig.cmake
[0.633s] -- Installing: /home/nextup/ros2_ws2/src/install/my_robot_bringup/share/my_robot_bringup/cmake/my_robot_bringupConfig-version.cmake
[0.633s] -- Installing: /home/nextup/ros2_ws2/src/install/my_robot_bringup/share/my_robot_bringup/package.xml
[0.634s] Invoked command in '/home/nextup/ros2_ws2/src/build/my_robot_bringup' returned '0': AMENT_PREFIX_PATH=/home/nextup/ros2_ws2/src/install/lifecycle_py:/home/nextup/ros2_ws2/src/install/lifecycle_cpp:${AMENT_PREFIX_PATH} CMAKE_PREFIX_PATH=/home/nextup/ros2_ws2/src/install/lifecycle_cpp:/home/nextup/ros2_ws2/install/actions_cpp:/home/nextup/ros2_ws2/install/my_robot_interfaces:/home/nextup/ros2_ws1/install/my_robot_bringup:/home/nextup/ros2_ws1/install/my_robot_description:/home/nextup/ros2_ws2/src/install/my_robot_interfaces:/home/nextup/ros2_ws2/install/actions_py:/home/nextup/ros2_ws2/src/install/actions_py:/opt/ros/humble PYTHONPATH=/home/nextup/ros2_ws2/src/install/lifecycle_py/lib/python3.10/site-packages:${PYTHONPATH} /usr/bin/cmake --install /home/nextup/ros2_ws2/src/build/my_robot_bringup
