[0.721s] Invoking command in '/home/nextup/ros2_ws2/src/lifecycle_py': PYTHONPATH=/home/nextup/ros2_ws2/src/build/lifecycle_py/prefix_override:/home/nextup/ros2_ws2/src/install/lifecycle_py/lib/python3.10/site-packages:${PYTHONPATH} /usr/bin/python3 -W ignore:setup.py install is deprecated setup.py egg_info --egg-base ../build/lifecycle_py build --build-base /home/nextup/ros2_ws2/src/build/lifecycle_py/build install --record /home/nextup/ros2_ws2/src/build/lifecycle_py/install.log --single-version-externally-managed install_data
[0.903s] running egg_info
[0.903s] creating ../build/lifecycle_py/lifecycle_py.egg-info
[0.912s] writing ../build/lifecycle_py/lifecycle_py.egg-info/PKG-INFO
[0.912s] writing dependency_links to ../build/lifecycle_py/lifecycle_py.egg-info/dependency_links.txt
[0.912s] writing entry points to ../build/lifecycle_py/lifecycle_py.egg-info/entry_points.txt
[0.912s] writing requirements to ../build/lifecycle_py/lifecycle_py.egg-info/requires.txt
[0.912s] writing top-level names to ../build/lifecycle_py/lifecycle_py.egg-info/top_level.txt
[0.913s] writing manifest file '../build/lifecycle_py/lifecycle_py.egg-info/SOURCES.txt'
[0.933s] reading manifest file '../build/lifecycle_py/lifecycle_py.egg-info/SOURCES.txt'
[0.933s] writing manifest file '../build/lifecycle_py/lifecycle_py.egg-info/SOURCES.txt'
[0.934s] running build
[0.934s] running build_py
[0.934s] creating /home/nextup/ros2_ws2/src/build/lifecycle_py/build
[0.934s] creating /home/nextup/ros2_ws2/src/build/lifecycle_py/build/lib
[0.934s] creating /home/nextup/ros2_ws2/src/build/lifecycle_py/build/lib/lifecycle_py
[0.934s] copying lifecycle_py/lifecycle_node_manager.py -> /home/nextup/ros2_ws2/src/build/lifecycle_py/build/lib/lifecycle_py
[0.934s] copying lifecycle_py/__init__.py -> /home/nextup/ros2_ws2/src/build/lifecycle_py/build/lib/lifecycle_py
[0.934s] copying lifecycle_py/number_publisher.py -> /home/nextup/ros2_ws2/src/build/lifecycle_py/build/lib/lifecycle_py
[0.934s] running install
[0.937s] running install_lib
[0.947s] creating /home/nextup/ros2_ws2/src/install/lifecycle_py/lib/python3.10/site-packages/lifecycle_py
[0.947s] copying /home/nextup/ros2_ws2/src/build/lifecycle_py/build/lib/lifecycle_py/lifecycle_node_manager.py -> /home/nextup/ros2_ws2/src/install/lifecycle_py/lib/python3.10/site-packages/lifecycle_py
[0.947s] copying /home/nextup/ros2_ws2/src/build/lifecycle_py/build/lib/lifecycle_py/__init__.py -> /home/nextup/ros2_ws2/src/install/lifecycle_py/lib/python3.10/site-packages/lifecycle_py
[0.947s] copying /home/nextup/ros2_ws2/src/build/lifecycle_py/build/lib/lifecycle_py/number_publisher.py -> /home/nextup/ros2_ws2/src/install/lifecycle_py/lib/python3.10/site-packages/lifecycle_py
[0.947s] byte-compiling /home/nextup/ros2_ws2/src/install/lifecycle_py/lib/python3.10/site-packages/lifecycle_py/lifecycle_node_manager.py to lifecycle_node_manager.cpython-310.pyc
[0.948s] byte-compiling /home/nextup/ros2_ws2/src/install/lifecycle_py/lib/python3.10/site-packages/lifecycle_py/__init__.py to __init__.cpython-310.pyc
[0.948s] byte-compiling /home/nextup/ros2_ws2/src/install/lifecycle_py/lib/python3.10/site-packages/lifecycle_py/number_publisher.py to number_publisher.cpython-310.pyc
[0.949s] running install_data
[0.949s] creating /home/nextup/ros2_ws2/src/install/lifecycle_py/share/ament_index
[0.949s] creating /home/nextup/ros2_ws2/src/install/lifecycle_py/share/ament_index/resource_index
[0.949s] creating /home/nextup/ros2_ws2/src/install/lifecycle_py/share/ament_index/resource_index/packages
[0.949s] copying resource/lifecycle_py -> /home/nextup/ros2_ws2/src/install/lifecycle_py/share/ament_index/resource_index/packages
[0.949s] copying package.xml -> /home/nextup/ros2_ws2/src/install/lifecycle_py/share/lifecycle_py
[0.949s] running install_egg_info
[0.959s] Copying ../build/lifecycle_py/lifecycle_py.egg-info to /home/nextup/ros2_ws2/src/install/lifecycle_py/lib/python3.10/site-packages/lifecycle_py-0.0.0-py3.10.egg-info
[0.960s] running install_scripts
[1.055s] Installing lifecycle_node_manager script to /home/nextup/ros2_ws2/src/install/lifecycle_py/lib/lifecycle_py
[1.055s] Installing number_publisher script to /home/nextup/ros2_ws2/src/install/lifecycle_py/lib/lifecycle_py
[1.055s] writing list of installed files to '/home/nextup/ros2_ws2/src/build/lifecycle_py/install.log'
[1.117s] Invoked command in '/home/nextup/ros2_ws2/src/lifecycle_py' returned '0': PYTHONPATH=/home/nextup/ros2_ws2/src/build/lifecycle_py/prefix_override:/home/nextup/ros2_ws2/src/install/lifecycle_py/lib/python3.10/site-packages:${PYTHONPATH} /usr/bin/python3 -W ignore:setup.py install is deprecated setup.py egg_info --egg-base ../build/lifecycle_py build --build-base /home/nextup/ros2_ws2/src/build/lifecycle_py/build install --record /home/nextup/ros2_ws2/src/build/lifecycle_py/install.log --single-version-externally-managed install_data
