[0.006s] Invoking command in '/home/nextup/ros2_ws1/src/build/my_robot_bringup': AMENT_PREFIX_PATH=/home/nextup/ros2_ws1/src/install/my_robot_description:${AMENT_PREFIX_PATH} CMAKE_PREFIX_PATH=/home/nextup/ros2_ws1/src/install/my_robot_description:/home/nextup/ros2_ws1/install/my_robot_bringup:/home/nextup/ros2_ws1/install/my_robot_description:/opt/ros/humble /usr/bin/cmake --build /home/nextup/ros2_ws1/src/build/my_robot_bringup -- -j16 -l16
[0.030s] Invoked command in '/home/nextup/ros2_ws1/src/build/my_robot_bringup' returned '0': AMENT_PREFIX_PATH=/home/nextup/ros2_ws1/src/install/my_robot_description:${AMENT_PREFIX_PATH} CMAKE_PREFIX_PATH=/home/nextup/ros2_ws1/src/install/my_robot_description:/home/nextup/ros2_ws1/install/my_robot_bringup:/home/nextup/ros2_ws1/install/my_robot_description:/opt/ros/humble /usr/bin/cmake --build /home/nextup/ros2_ws1/src/build/my_robot_bringup -- -j16 -l16
[0.043s] Invoking command in '/home/nextup/ros2_ws1/src/build/my_robot_bringup': AMENT_PREFIX_PATH=/home/nextup/ros2_ws1/src/install/my_robot_description:${AMENT_PREFIX_PATH} CMAKE_PREFIX_PATH=/home/nextup/ros2_ws1/src/install/my_robot_description:/home/nextup/ros2_ws1/install/my_robot_bringup:/home/nextup/ros2_ws1/install/my_robot_description:/opt/ros/humble /usr/bin/cmake --install /home/nextup/ros2_ws1/src/build/my_robot_bringup
[0.048s] -- Install configuration: ""
[0.049s] -- Up-to-date: /home/nextup/ros2_ws1/src/install/my_robot_bringup/share/my_robot_bringup//launch
[0.049s] -- Up-to-date: /home/nextup/ros2_ws1/src/install/my_robot_bringup/share/my_robot_bringup//launch/my_robot_gazebo.launch.xml
[0.049s] -- Up-to-date: /home/nextup/ros2_ws1/src/install/my_robot_bringup/share/my_robot_bringup//rviz
[0.049s] -- Up-to-date: /home/nextup/ros2_ws1/src/install/my_robot_bringup/share/my_robot_bringup//rviz/urdf_config.rviz
[0.049s] -- Up-to-date: /home/nextup/ros2_ws1/src/install/my_robot_bringup/share/ament_index/resource_index/package_run_dependencies/my_robot_bringup
[0.049s] -- Up-to-date: /home/nextup/ros2_ws1/src/install/my_robot_bringup/share/ament_index/resource_index/parent_prefix_path/my_robot_bringup
[0.049s] -- Up-to-date: /home/nextup/ros2_ws1/src/install/my_robot_bringup/share/my_robot_bringup/environment/ament_prefix_path.sh
[0.049s] -- Up-to-date: /home/nextup/ros2_ws1/src/install/my_robot_bringup/share/my_robot_bringup/environment/ament_prefix_path.dsv
[0.049s] -- Up-to-date: /home/nextup/ros2_ws1/src/install/my_robot_bringup/share/my_robot_bringup/environment/path.sh
[0.049s] -- Up-to-date: /home/nextup/ros2_ws1/src/install/my_robot_bringup/share/my_robot_bringup/environment/path.dsv
[0.049s] -- Up-to-date: /home/nextup/ros2_ws1/src/install/my_robot_bringup/share/my_robot_bringup/local_setup.bash
[0.049s] -- Up-to-date: /home/nextup/ros2_ws1/src/install/my_robot_bringup/share/my_robot_bringup/local_setup.sh
[0.049s] -- Up-to-date: /home/nextup/ros2_ws1/src/install/my_robot_bringup/share/my_robot_bringup/local_setup.zsh
[0.049s] -- Up-to-date: /home/nextup/ros2_ws1/src/install/my_robot_bringup/share/my_robot_bringup/local_setup.dsv
[0.049s] -- Up-to-date: /home/nextup/ros2_ws1/src/install/my_robot_bringup/share/my_robot_bringup/package.dsv
[0.049s] -- Up-to-date: /home/nextup/ros2_ws1/src/install/my_robot_bringup/share/ament_index/resource_index/packages/my_robot_bringup
[0.049s] -- Up-to-date: /home/nextup/ros2_ws1/src/install/my_robot_bringup/share/my_robot_bringup/cmake/my_robot_bringupConfig.cmake
[0.049s] -- Up-to-date: /home/nextup/ros2_ws1/src/install/my_robot_bringup/share/my_robot_bringup/cmake/my_robot_bringupConfig-version.cmake
[0.049s] -- Up-to-date: /home/nextup/ros2_ws1/src/install/my_robot_bringup/share/my_robot_bringup/package.xml
[0.050s] Invoked command in '/home/nextup/ros2_ws1/src/build/my_robot_bringup' returned '0': AMENT_PREFIX_PATH=/home/nextup/ros2_ws1/src/install/my_robot_description:${AMENT_PREFIX_PATH} CMAKE_PREFIX_PATH=/home/nextup/ros2_ws1/src/install/my_robot_description:/home/nextup/ros2_ws1/install/my_robot_bringup:/home/nextup/ros2_ws1/install/my_robot_description:/opt/ros/humble /usr/bin/cmake --install /home/nextup/ros2_ws1/src/build/my_robot_bringup
